2026-03-11 15:48:56.330 [background-preinit] INFO  o.h.validator.internal.util.Version - HV000001: Hibernate Validator 8.0.3.Final
2026-03-11 15:48:56.369 [main] INFO  com.sau.BlogSystemApplication - Starting BlogSystemApplication using Java 17.0.13 with PID 21492 (D:\develop\code\java\blog-project\blog-system\target\classes started by 77639 in D:\develop\code\java\blog-project)
2026-03-11 15:48:56.369 [main] INFO  com.sau.BlogSystemApplication - The following 1 profile is active: "dev"
2026-03-11 15:48:57.026 [main] INFO  o.s.d.r.c.RepositoryConfigurationDelegate - Multiple Spring Data modules found, entering strict repository configuration mode
2026-03-11 15:48:57.032 [main] INFO  o.s.d.r.c.RepositoryConfigurationDelegate - Bootstrapping Spring Data Redis repositories in DEFAULT mode.
2026-03-11 15:48:57.055 [main] INFO  o.s.d.r.c.RepositoryConfigurationDelegate - Finished Spring Data repository scanning in 13 ms. Found 0 Redis repository interfaces.
2026-03-11 15:48:57.675 [main] INFO  o.s.b.w.e.tomcat.TomcatWebServer - Tomcat initialized with port 8080 (http)
2026-03-11 15:48:57.687 [main] INFO  o.a.coyote.http11.Http11NioProtocol - Initializing ProtocolHandler ["http-nio-8080"]
2026-03-11 15:48:57.688 [main] INFO  o.a.catalina.core.StandardService - Starting service [Tomcat]
2026-03-11 15:48:57.688 [main] INFO  o.a.catalina.core.StandardEngine - Starting Servlet engine: [Apache Tomcat/10.1.48]
2026-03-11 15:48:57.754 [main] INFO  o.a.c.c.C.[Tomcat].[localhost].[/] - Initializing Spring embedded WebApplicationContext
2026-03-11 15:48:57.754 [main] INFO  o.s.b.w.s.c.ServletWebServerApplicationContext - Root WebApplicationContext: initialization completed in 1353 ms
2026-03-11 15:48:58.988 [main] INFO  o.a.coyote.http11.Http11NioProtocol - Starting ProtocolHandler ["http-nio-8080"]
2026-03-11 15:48:59.000 [main] INFO  o.s.b.w.e.tomcat.TomcatWebServer - Tomcat started on port 8080 (http) with context path '/'
2026-03-11 15:48:59.006 [main] INFO  com.sau.BlogSystemApplication - Started BlogSystemApplication in 2.967 seconds (process running for 3.733)
2026-03-11 15:49:05.926 [http-nio-8080-exec-5] INFO  o.a.c.c.C.[Tomcat].[localhost].[/] - Initializing Spring DispatcherServlet 'dispatcherServlet'
2026-03-11 15:49:05.927 [http-nio-8080-exec-5] INFO  o.s.web.servlet.DispatcherServlet - Initializing Servlet 'dispatcherServlet'
2026-03-11 15:49:05.928 [http-nio-8080-exec-5] INFO  o.s.web.servlet.DispatcherServlet - Completed initialization in 1 ms
2026-03-11 15:49:06.338 [http-nio-8080-exec-3] INFO  c.sau.controller.CategoryController - 查询全部分类
2026-03-11 15:49:06.354 [http-nio-8080-exec-3] INFO  com.zaxxer.hikari.HikariDataSource - HikariPool-1 - Starting...
2026-03-11 15:49:06.651 [http-nio-8080-exec-3] INFO  com.zaxxer.hikari.pool.HikariPool - HikariPool-1 - Added connection com.mysql.cj.jdbc.ConnectionImpl@3bc3c46f
2026-03-11 15:49:06.652 [http-nio-8080-exec-3] INFO  com.zaxxer.hikari.HikariDataSource - HikariPool-1 - Start completed.
2026-03-11 15:49:06.657 [http-nio-8080-exec-3] DEBUG com.sau.mapper.CategoryMapper.list - ==>  Preparing: select id, name, create_time, update_time from category
2026-03-11 15:49:06.672 [http-nio-8080-exec-3] DEBUG com.sau.mapper.CategoryMapper.list - ==> Parameters: 
2026-03-11 15:49:06.744 [http-nio-8080-exec-3] DEBUG com.sau.mapper.CategoryMapper.list - <==      Total: 4
2026-03-11 15:50:12.258 [SpringApplicationShutdownHook] INFO  o.s.b.w.e.tomcat.GracefulShutdown - Commencing graceful shutdown. Waiting for active requests to complete
2026-03-11 15:50:12.324 [tomcat-shutdown] INFO  o.s.b.w.e.tomcat.GracefulShutdown - Graceful shutdown complete
2026-03-11 15:50:12.334 [SpringApplicationShutdownHook] INFO  com.zaxxer.hikari.HikariDataSource - HikariPool-1 - Shutdown initiated...
2026-03-11 15:50:12.336 [SpringApplicationShutdownHook] INFO  com.zaxxer.hikari.HikariDataSource - HikariPool-1 - Shutdown completed.
2026-03-11 16:14:28.645 [background-preinit] INFO  o.h.validator.internal.util.Version - HV000001: Hibernate Validator 8.0.3.Final
2026-03-11 16:14:28.677 [main] INFO  com.sau.BlogSystemApplication - Starting BlogSystemApplication using Java 17.0.13 with PID 21420 (D:\develop\code\java\blog-project\blog-system\target\classes started by 77639 in D:\develop\code\java\blog-project)
2026-03-11 16:14:28.677 [main] INFO  com.sau.BlogSystemApplication - The following 1 profile is active: "dev"
2026-03-11 16:14:29.210 [main] INFO  o.s.d.r.c.RepositoryConfigurationDelegate - Multiple Spring Data modules found, entering strict repository configuration mode
2026-03-11 16:14:29.210 [main] INFO  o.s.d.r.c.RepositoryConfigurationDelegate - Bootstrapping Spring Data Redis repositories in DEFAULT mode.
2026-03-11 16:14:29.245 [main] INFO  o.s.d.r.c.RepositoryConfigurationDelegate - Finished Spring Data repository scanning in 19 ms. Found 0 Redis repository interfaces.
2026-03-11 16:14:29.806 [main] INFO  o.s.b.w.e.tomcat.TomcatWebServer - Tomcat initialized with port 8080 (http)
2026-03-11 16:14:29.815 [main] INFO  o.a.coyote.http11.Http11NioProtocol - Initializing ProtocolHandler ["http-nio-8080"]
2026-03-11 16:14:29.815 [main] INFO  o.a.catalina.core.StandardService - Starting service [Tomcat]
2026-03-11 16:14:29.815 [main] INFO  o.a.catalina.core.StandardEngine - Starting Servlet engine: [Apache Tomcat/10.1.48]
2026-03-11 16:14:29.875 [main] INFO  o.a.c.c.C.[Tomcat].[localhost].[/] - Initializing Spring embedded WebApplicationContext
2026-03-11 16:14:29.876 [main] INFO  o.s.b.w.s.c.ServletWebServerApplicationContext - Root WebApplicationContext: initialization completed in 1175 ms
2026-03-11 16:14:30.978 [main] INFO  o.a.coyote.http11.Http11NioProtocol - Starting ProtocolHandler ["http-nio-8080"]
2026-03-11 16:14:30.992 [main] INFO  o.s.b.w.e.tomcat.TomcatWebServer - Tomcat started on port 8080 (http) with context path '/'
2026-03-11 16:14:30.998 [main] INFO  com.sau.BlogSystemApplication - Started BlogSystemApplication in 2.588 seconds (process running for 3.185)
2026-03-11 16:14:36.092 [http-nio-8080-exec-5] INFO  o.a.c.c.C.[Tomcat].[localhost].[/] - Initializing Spring DispatcherServlet 'dispatcherServlet'
2026-03-11 16:14:36.092 [http-nio-8080-exec-5] INFO  o.s.web.servlet.DispatcherServlet - Initializing Servlet 'dispatcherServlet'
2026-03-11 16:14:36.093 [http-nio-8080-exec-5] INFO  o.s.web.servlet.DispatcherServlet - Completed initialization in 1 ms
2026-03-11 18:10:08.697 [SpringApplicationShutdownHook] INFO  o.s.b.w.e.tomcat.GracefulShutdown - Commencing graceful shutdown. Waiting for active requests to complete
2026-03-11 18:10:08.972 [tomcat-shutdown] INFO  o.s.b.w.e.tomcat.GracefulShutdown - Graceful shutdown complete
2026-03-11 18:17:34.822 [background-preinit] INFO  o.h.validator.internal.util.Version - HV000001: Hibernate Validator 8.0.3.Final
2026-03-11 18:17:34.870 [main] INFO  com.sau.BlogSystemApplication - Starting BlogSystemApplication using Java 17.0.13 with PID 12608 (D:\develop\code\java\blog-project\blog-system\target\classes started by 77639 in D:\develop\code\java\blog-project)
2026-03-11 18:17:34.870 [main] INFO  com.sau.BlogSystemApplication - The following 1 profile is active: "dev"
2026-03-11 18:17:35.508 [main] INFO  o.s.d.r.c.RepositoryConfigurationDelegate - Multiple Spring Data modules found, entering strict repository configuration mode
2026-03-11 18:17:35.513 [main] INFO  o.s.d.r.c.RepositoryConfigurationDelegate - Bootstrapping Spring Data Redis repositories in DEFAULT mode.
2026-03-11 18:17:35.538 [main] INFO  o.s.d.r.c.RepositoryConfigurationDelegate - Finished Spring Data repository scanning in 12 ms. Found 0 Redis repository interfaces.
2026-03-11 18:17:36.219 [main] INFO  o.s.b.w.e.tomcat.TomcatWebServer - Tomcat initialized with port 8080 (http)
2026-03-11 18:17:36.228 [main] INFO  o.a.coyote.http11.Http11NioProtocol - Initializing ProtocolHandler ["http-nio-8080"]
2026-03-11 18:17:36.228 [main] INFO  o.a.catalina.core.StandardService - Starting service [Tomcat]
2026-03-11 18:17:36.228 [main] INFO  o.a.catalina.core.StandardEngine - Starting Servlet engine: [Apache Tomcat/10.1.48]
2026-03-11 18:17:36.297 [main] INFO  o.a.c.c.C.[Tomcat].[localhost].[/] - Initializing Spring embedded WebApplicationContext
2026-03-11 18:17:36.297 [main] INFO  o.s.b.w.s.c.ServletWebServerApplicationContext - Root WebApplicationContext: initialization completed in 1405 ms
2026-03-11 18:17:37.554 [main] INFO  o.a.coyote.http11.Http11NioProtocol - Starting ProtocolHandler ["http-nio-8080"]
2026-03-11 18:17:37.566 [main] INFO  o.s.b.w.e.tomcat.TomcatWebServer - Tomcat started on port 8080 (http) with context path '/'
2026-03-11 18:17:37.572 [main] INFO  com.sau.BlogSystemApplication - Started BlogSystemApplication in 3.049 seconds (process running for 3.768)
2026-03-11 18:17:40.905 [http-nio-8080-exec-4] INFO  o.a.c.c.C.[Tomcat].[localhost].[/] - Initializing Spring DispatcherServlet 'dispatcherServlet'
2026-03-11 18:17:40.905 [http-nio-8080-exec-4] INFO  o.s.web.servlet.DispatcherServlet - Initializing Servlet 'dispatcherServlet'
2026-03-11 18:17:40.906 [http-nio-8080-exec-4] INFO  o.s.web.servlet.DispatcherServlet - Completed initialization in 1 ms
2026-03-11 23:38:15.894 [SpringApplicationShutdownHook] INFO  o.s.b.w.e.tomcat.GracefulShutdown - Commencing graceful shutdown. Waiting for active requests to complete
2026-03-11 23:38:15.972 [tomcat-shutdown] INFO  o.s.b.w.e.tomcat.GracefulShutdown - Graceful shutdown complete
