2025-11-22 12:49:26.428 [background-preinit] INFO  o.h.validator.internal.util.Version - HV000001: Hibernate Validator 8.0.3.Final
2025-11-22 12:49:26.472 [main] INFO  com.sau.BlogSystemApplication - Starting BlogSystemApplication using Java 17.0.13 with PID 32852 (D:\Java\blog-project\blog-system\target\classes started by 77639 in D:\Java\blog-project)
2025-11-22 12:49:26.473 [main] INFO  com.sau.BlogSystemApplication - No active profile set, falling back to 1 default profile: "default"
2025-11-22 12:49:27.109 [main] INFO  o.s.d.r.c.RepositoryConfigurationDelegate - Multiple Spring Data modules found, entering strict repository configuration mode
2025-11-22 12:49:27.111 [main] INFO  o.s.d.r.c.RepositoryConfigurationDelegate - Bootstrapping Spring Data Redis repositories in DEFAULT mode.
2025-11-22 12:49:27.136 [main] INFO  o.s.d.r.c.RepositoryConfigurationDelegate - Finished Spring Data repository scanning in 11 ms. Found 0 Redis repository interfaces.
2025-11-22 12:49:27.749 [main] INFO  o.s.b.w.e.tomcat.TomcatWebServer - Tomcat initialized with port 8080 (http)
2025-11-22 12:49:27.758 [main] INFO  o.a.coyote.http11.Http11NioProtocol - Initializing ProtocolHandler ["http-nio-8080"]
2025-11-22 12:49:27.759 [main] INFO  o.a.catalina.core.StandardService - Starting service [Tomcat]
2025-11-22 12:49:27.759 [main] INFO  o.a.catalina.core.StandardEngine - Starting Servlet engine: [Apache Tomcat/10.1.48]
2025-11-22 12:49:27.832 [main] INFO  o.a.c.c.C.[Tomcat].[localhost].[/] - Initializing Spring embedded WebApplicationContext
2025-11-22 12:49:27.832 [main] INFO  o.s.b.w.s.c.ServletWebServerApplicationContext - Root WebApplicationContext: initialization completed in 1318 ms
2025-11-22 12:49:28.951 [main] INFO  o.a.coyote.http11.Http11NioProtocol - Starting ProtocolHandler ["http-nio-8080"]
2025-11-22 12:49:28.962 [main] INFO  o.s.b.w.e.tomcat.TomcatWebServer - Tomcat started on port 8080 (http) with context path '/'
2025-11-22 12:49:28.969 [main] INFO  com.sau.BlogSystemApplication - Started BlogSystemApplication in 2.811 seconds (process running for 3.445)
2025-11-22 12:49:40.222 [http-nio-8080-exec-5] INFO  o.a.c.c.C.[Tomcat].[localhost].[/] - Initializing Spring DispatcherServlet 'dispatcherServlet'
2025-11-22 12:49:40.223 [http-nio-8080-exec-5] INFO  o.s.web.servlet.DispatcherServlet - Initializing Servlet 'dispatcherServlet'
2025-11-22 12:49:40.224 [http-nio-8080-exec-5] INFO  o.s.web.servlet.DispatcherServlet - Completed initialization in 0 ms
2025-11-22 12:49:40.253 [http-nio-8080-exec-1] INFO  com.sau.filter.JwtTokenFilter - JWT认证过滤器开始执行
2025-11-22 12:49:40.253 [http-nio-8080-exec-2] INFO  com.sau.filter.JwtTokenFilter - JWT认证过滤器开始执行
2025-11-22 12:49:40.253 [http-nio-8080-exec-3] INFO  com.sau.filter.JwtTokenFilter - JWT认证过滤器开始执行
2025-11-22 12:49:40.253 [http-nio-8080-exec-5] INFO  com.sau.filter.JwtTokenFilter - JWT认证过滤器开始执行
2025-11-22 12:49:40.253 [http-nio-8080-exec-4] INFO  com.sau.filter.JwtTokenFilter - JWT认证过滤器开始执行
2025-11-22 12:49:40.253 [http-nio-8080-exec-1] INFO  com.sau.filter.JwtTokenFilter - 请求路径：/categories
2025-11-22 12:49:40.253 [http-nio-8080-exec-4] INFO  com.sau.filter.JwtTokenFilter - 请求路径：/articles/mostLike
2025-11-22 12:49:40.253 [http-nio-8080-exec-2] INFO  com.sau.filter.JwtTokenFilter - 请求路径：/articles
2025-11-22 12:49:40.253 [http-nio-8080-exec-3] INFO  com.sau.filter.JwtTokenFilter - 请求路径：/articles/hot
2025-11-22 12:49:40.253 [http-nio-8080-exec-5] INFO  com.sau.filter.JwtTokenFilter - 请求路径：/tags
2025-11-22 12:49:40.276 [http-nio-8080-exec-5] INFO  com.sau.controller.TagController - 查询所有标签
2025-11-22 12:49:40.276 [http-nio-8080-exec-1] INFO  c.sau.controller.CategoryController - 查询所有分类
2025-11-22 12:49:40.276 [http-nio-8080-exec-3] INFO  c.sau.controller.ArticleController - 查询浏览量高的文章信息
2025-11-22 12:49:40.276 [http-nio-8080-exec-4] INFO  c.sau.controller.ArticleController - 查询点赞量高的文章信息
2025-11-22 12:49:40.289 [http-nio-8080-exec-2] INFO  c.sau.controller.ArticleController - 分页查询,参数:ArticleQueryDTO(page=1, pageSize=10, type=null, categoryId=null, tagId=null, authorName=null, title=null, begin=null, end=null, categoryIdSize=null, tagIdSize=null)
2025-11-22 12:49:40.298 [http-nio-8080-exec-1] INFO  com.zaxxer.hikari.HikariDataSource - HikariPool-1 - Starting...
2025-11-22 12:49:40.658 [http-nio-8080-exec-1] INFO  com.zaxxer.hikari.pool.HikariPool - HikariPool-1 - Added connection com.mysql.cj.jdbc.ConnectionImpl@627c62bc
2025-11-22 12:49:40.660 [http-nio-8080-exec-1] INFO  com.zaxxer.hikari.HikariDataSource - HikariPool-1 - Start completed.
2025-11-22 13:07:11.060 [http-nio-8080-exec-6] INFO  com.sau.filter.JwtTokenFilter - JWT认证过滤器开始执行
2025-11-22 13:07:11.060 [http-nio-8080-exec-6] INFO  com.sau.filter.JwtTokenFilter - 请求路径：/articles/mostStar
2025-11-22 13:07:11.061 [http-nio-8080-exec-6] INFO  c.sau.controller.ArticleController - 查询收藏量高的文章信息
2025-11-22 13:07:11.083 [http-nio-8080-exec-7] INFO  com.sau.filter.JwtTokenFilter - JWT认证过滤器开始执行
2025-11-22 13:07:11.083 [http-nio-8080-exec-7] INFO  com.sau.filter.JwtTokenFilter - 请求路径：/articles/mostShare
2025-11-22 13:07:11.084 [http-nio-8080-exec-7] INFO  c.sau.controller.ArticleController - 查询转发量高的文章信息
2025-11-22 13:07:15.166 [http-nio-8080-exec-1] INFO  com.sau.filter.JwtTokenFilter - JWT认证过滤器开始执行
2025-11-22 13:07:15.166 [http-nio-8080-exec-3] INFO  com.sau.filter.JwtTokenFilter - JWT认证过滤器开始执行
2025-11-22 13:07:15.166 [http-nio-8080-exec-1] INFO  com.sau.filter.JwtTokenFilter - 请求路径：/articles/mostLike
2025-11-22 13:07:15.166 [http-nio-8080-exec-8] INFO  com.sau.filter.JwtTokenFilter - JWT认证过滤器开始执行
2025-11-22 13:07:15.166 [http-nio-8080-exec-10] INFO  com.sau.filter.JwtTokenFilter - JWT认证过滤器开始执行
2025-11-22 13:07:15.167 [http-nio-8080-exec-10] INFO  com.sau.filter.JwtTokenFilter - 请求路径：/tags
2025-11-22 13:07:15.166 [http-nio-8080-exec-9] INFO  com.sau.filter.JwtTokenFilter - JWT认证过滤器开始执行
2025-11-22 13:07:15.166 [http-nio-8080-exec-3] INFO  com.sau.filter.JwtTokenFilter - 请求路径：/articles/mostStar
2025-11-22 13:07:15.167 [http-nio-8080-exec-1] INFO  c.sau.controller.ArticleController - 查询点赞量高的文章信息
2025-11-22 13:07:15.167 [http-nio-8080-exec-8] INFO  com.sau.filter.JwtTokenFilter - 请求路径：/articles
2025-11-22 13:07:15.167 [http-nio-8080-exec-9] INFO  com.sau.filter.JwtTokenFilter - 请求路径：/articles/hot
2025-11-22 13:07:15.167 [http-nio-8080-exec-5] INFO  com.sau.filter.JwtTokenFilter - JWT认证过滤器开始执行
2025-11-22 13:07:15.167 [http-nio-8080-exec-5] INFO  com.sau.filter.JwtTokenFilter - 请求路径：/categories
2025-11-22 13:07:15.167 [http-nio-8080-exec-3] INFO  c.sau.controller.ArticleController - 查询收藏量高的文章信息
2025-11-22 13:07:15.167 [http-nio-8080-exec-10] INFO  com.sau.controller.TagController - 查询所有标签
2025-11-22 13:07:15.167 [http-nio-8080-exec-9] INFO  c.sau.controller.ArticleController - 查询浏览量高的文章信息
2025-11-22 13:07:15.167 [http-nio-8080-exec-5] INFO  c.sau.controller.CategoryController - 查询所有分类
2025-11-22 13:07:15.168 [http-nio-8080-exec-8] INFO  c.sau.controller.ArticleController - 分页查询,参数:ArticleQueryDTO(page=1, pageSize=10, type=null, categoryId=null, tagId=null, authorName=null, title=null, begin=null, end=null, categoryIdSize=null, tagIdSize=null)
2025-11-22 13:07:15.190 [http-nio-8080-exec-4] INFO  com.sau.filter.JwtTokenFilter - JWT认证过滤器开始执行
2025-11-22 13:07:15.190 [http-nio-8080-exec-4] INFO  com.sau.filter.JwtTokenFilter - 请求路径：/articles/mostShare
2025-11-22 13:07:15.191 [http-nio-8080-exec-4] INFO  c.sau.controller.ArticleController - 查询转发量高的文章信息
2025-11-22 13:07:56.671 [http-nio-8080-exec-2] INFO  com.sau.filter.JwtTokenFilter - JWT认证过滤器开始执行
2025-11-22 13:07:56.672 [http-nio-8080-exec-2] INFO  com.sau.filter.JwtTokenFilter - 请求路径：/articles
2025-11-22 13:07:56.672 [http-nio-8080-exec-6] INFO  com.sau.filter.JwtTokenFilter - JWT认证过滤器开始执行
2025-11-22 13:07:56.673 [http-nio-8080-exec-6] INFO  com.sau.filter.JwtTokenFilter - 请求路径：/articles/hot
2025-11-22 13:07:56.673 [http-nio-8080-exec-2] INFO  c.sau.controller.ArticleController - 分页查询,参数:ArticleQueryDTO(page=1, pageSize=10, type=null, categoryId=null, tagId=null, authorName=null, title=null, begin=null, end=null, categoryIdSize=null, tagIdSize=null)
2025-11-22 13:07:56.673 [http-nio-8080-exec-6] INFO  c.sau.controller.ArticleController - 查询浏览量高的文章信息
2025-11-22 13:07:56.673 [http-nio-8080-exec-7] INFO  com.sau.filter.JwtTokenFilter - JWT认证过滤器开始执行
2025-11-22 13:07:56.673 [http-nio-8080-exec-7] INFO  com.sau.filter.JwtTokenFilter - 请求路径：/tags
2025-11-22 13:07:56.674 [http-nio-8080-exec-5] INFO  com.sau.filter.JwtTokenFilter - JWT认证过滤器开始执行
2025-11-22 13:07:56.674 [http-nio-8080-exec-5] INFO  com.sau.filter.JwtTokenFilter - 请求路径：/categories
2025-11-22 13:07:56.674 [http-nio-8080-exec-7] INFO  com.sau.controller.TagController - 查询所有标签
2025-11-22 13:07:56.674 [http-nio-8080-exec-3] INFO  com.sau.filter.JwtTokenFilter - JWT认证过滤器开始执行
2025-11-22 13:07:56.674 [http-nio-8080-exec-10] INFO  com.sau.filter.JwtTokenFilter - JWT认证过滤器开始执行
2025-11-22 13:07:56.674 [http-nio-8080-exec-3] INFO  com.sau.filter.JwtTokenFilter - 请求路径：/articles/mostStar
2025-11-22 13:07:56.674 [http-nio-8080-exec-10] INFO  com.sau.filter.JwtTokenFilter - 请求路径：/articles/mostLike
2025-11-22 13:07:56.674 [http-nio-8080-exec-5] INFO  c.sau.controller.CategoryController - 查询所有分类
2025-11-22 13:07:56.674 [http-nio-8080-exec-3] INFO  c.sau.controller.ArticleController - 查询收藏量高的文章信息
2025-11-22 13:07:56.674 [http-nio-8080-exec-10] INFO  c.sau.controller.ArticleController - 查询点赞量高的文章信息
2025-11-22 13:07:56.719 [http-nio-8080-exec-1] INFO  com.sau.filter.JwtTokenFilter - JWT认证过滤器开始执行
2025-11-22 13:07:56.719 [http-nio-8080-exec-1] INFO  com.sau.filter.JwtTokenFilter - 请求路径：/articles/mostShare
2025-11-22 13:07:56.720 [http-nio-8080-exec-1] INFO  c.sau.controller.ArticleController - 查询转发量高的文章信息
2025-11-22 13:11:42.897 [http-nio-8080-exec-3] INFO  com.sau.filter.JwtTokenFilter - JWT认证过滤器开始执行
2025-11-22 13:11:42.897 [http-nio-8080-exec-4] INFO  com.sau.filter.JwtTokenFilter - JWT认证过滤器开始执行
2025-11-22 13:11:42.897 [http-nio-8080-exec-8] INFO  com.sau.filter.JwtTokenFilter - JWT认证过滤器开始执行
2025-11-22 13:11:42.898 [http-nio-8080-exec-3] INFO  com.sau.filter.JwtTokenFilter - 请求路径：/articles/mostStar
2025-11-22 13:11:42.897 [http-nio-8080-exec-5] INFO  com.sau.filter.JwtTokenFilter - JWT认证过滤器开始执行
2025-11-22 13:11:42.898 [http-nio-8080-exec-8] INFO  com.sau.filter.JwtTokenFilter - 请求路径：/articles/hot
2025-11-22 13:11:42.898 [http-nio-8080-exec-4] INFO  com.sau.filter.JwtTokenFilter - 请求路径：/tags
2025-11-22 13:11:42.897 [http-nio-8080-exec-9] INFO  com.sau.filter.JwtTokenFilter - JWT认证过滤器开始执行
2025-11-22 13:11:42.897 [http-nio-8080-exec-7] INFO  com.sau.filter.JwtTokenFilter - JWT认证过滤器开始执行
2025-11-22 13:11:42.898 [http-nio-8080-exec-5] INFO  com.sau.filter.JwtTokenFilter - 请求路径：/categories
2025-11-22 13:11:42.898 [http-nio-8080-exec-7] INFO  com.sau.filter.JwtTokenFilter - 请求路径：/articles/mostLike
2025-11-22 13:11:42.898 [http-nio-8080-exec-9] INFO  com.sau.filter.JwtTokenFilter - 请求路径：/articles
2025-11-22 13:11:42.898 [http-nio-8080-exec-8] INFO  c.sau.controller.ArticleController - 查询浏览量高的文章信息
2025-11-22 13:11:42.898 [http-nio-8080-exec-5] INFO  c.sau.controller.CategoryController - 查询所有分类
2025-11-22 13:11:42.898 [http-nio-8080-exec-3] INFO  c.sau.controller.ArticleController - 查询收藏量高的文章信息
2025-11-22 13:11:42.898 [http-nio-8080-exec-4] INFO  com.sau.controller.TagController - 查询所有标签
2025-11-22 13:11:42.898 [http-nio-8080-exec-7] INFO  c.sau.controller.ArticleController - 查询点赞量高的文章信息
2025-11-22 13:11:42.899 [http-nio-8080-exec-9] INFO  c.sau.controller.ArticleController - 分页查询,参数:ArticleQueryDTO(page=1, pageSize=10, type=null, categoryId=null, tagId=null, authorName=null, title=null, begin=null, end=null, categoryIdSize=null, tagIdSize=null)
2025-11-22 13:11:42.951 [http-nio-8080-exec-10] INFO  com.sau.filter.JwtTokenFilter - JWT认证过滤器开始执行
2025-11-22 13:11:42.951 [http-nio-8080-exec-10] INFO  com.sau.filter.JwtTokenFilter - 请求路径：/articles/mostShare
2025-11-22 13:11:42.952 [http-nio-8080-exec-10] INFO  c.sau.controller.ArticleController - 查询转发量高的文章信息
2025-11-22 13:15:06.338 [http-nio-8080-exec-6] INFO  com.sau.filter.JwtTokenFilter - JWT认证过滤器开始执行
2025-11-22 13:15:06.338 [http-nio-8080-exec-6] INFO  com.sau.filter.JwtTokenFilter - 请求路径：/articles/mostStar
2025-11-22 13:15:06.338 [http-nio-8080-exec-6] INFO  c.sau.controller.ArticleController - 查询收藏量高的文章信息
2025-11-22 13:15:06.349 [http-nio-8080-exec-2] INFO  com.sau.filter.JwtTokenFilter - JWT认证过滤器开始执行
2025-11-22 13:15:06.349 [http-nio-8080-exec-2] INFO  com.sau.filter.JwtTokenFilter - 请求路径：/articles/mostShare
2025-11-22 13:15:06.349 [http-nio-8080-exec-2] INFO  c.sau.controller.ArticleController - 查询转发量高的文章信息
2025-11-22 13:15:39.297 [http-nio-8080-exec-1] INFO  com.sau.filter.JwtTokenFilter - JWT认证过滤器开始执行
2025-11-22 13:15:39.297 [http-nio-8080-exec-1] INFO  com.sau.filter.JwtTokenFilter - 请求路径：/articles/mostStar
2025-11-22 13:15:39.297 [http-nio-8080-exec-1] INFO  c.sau.controller.ArticleController - 查询收藏量高的文章信息
2025-11-22 13:15:39.311 [http-nio-8080-exec-5] INFO  com.sau.filter.JwtTokenFilter - JWT认证过滤器开始执行
2025-11-22 13:15:39.312 [http-nio-8080-exec-5] INFO  com.sau.filter.JwtTokenFilter - 请求路径：/articles/mostShare
2025-11-22 13:15:39.312 [http-nio-8080-exec-5] INFO  c.sau.controller.ArticleController - 查询转发量高的文章信息
2025-11-22 13:21:20.818 [http-nio-8080-exec-8] INFO  com.sau.filter.JwtTokenFilter - JWT认证过滤器开始执行
2025-11-22 13:21:20.818 [http-nio-8080-exec-3] INFO  com.sau.filter.JwtTokenFilter - JWT认证过滤器开始执行
2025-11-22 13:21:20.818 [http-nio-8080-exec-8] INFO  com.sau.filter.JwtTokenFilter - 请求路径：/categories
2025-11-22 13:21:20.818 [http-nio-8080-exec-7] INFO  com.sau.filter.JwtTokenFilter - JWT认证过滤器开始执行
2025-11-22 13:21:20.818 [http-nio-8080-exec-4] INFO  com.sau.filter.JwtTokenFilter - JWT认证过滤器开始执行
2025-11-22 13:21:20.818 [http-nio-8080-exec-9] INFO  com.sau.filter.JwtTokenFilter - JWT认证过滤器开始执行
2025-11-22 13:21:20.818 [http-nio-8080-exec-10] INFO  com.sau.filter.JwtTokenFilter - JWT认证过滤器开始执行
2025-11-22 13:21:20.818 [http-nio-8080-exec-3] INFO  com.sau.filter.JwtTokenFilter - 请求路径：/articles/hot
2025-11-22 13:21:20.818 [http-nio-8080-exec-7] INFO  com.sau.filter.JwtTokenFilter - 请求路径：/tags
2025-11-22 13:21:20.818 [http-nio-8080-exec-4] INFO  com.sau.filter.JwtTokenFilter - 请求路径：/articles
2025-11-22 13:21:20.818 [http-nio-8080-exec-9] INFO  com.sau.filter.JwtTokenFilter - 请求路径：/articles/mostLike
2025-11-22 13:21:20.818 [http-nio-8080-exec-10] INFO  com.sau.filter.JwtTokenFilter - 请求路径：/articles/mostStar
2025-11-22 13:21:20.819 [http-nio-8080-exec-8] INFO  c.sau.controller.CategoryController - 查询所有分类
2025-11-22 13:21:20.819 [http-nio-8080-exec-10] INFO  c.sau.controller.ArticleController - 查询收藏量高的文章信息
2025-11-22 13:21:20.819 [http-nio-8080-exec-9] INFO  c.sau.controller.ArticleController - 查询点赞量高的文章信息
2025-11-22 13:21:20.819 [http-nio-8080-exec-7] INFO  com.sau.controller.TagController - 查询所有标签
2025-11-22 13:21:20.819 [http-nio-8080-exec-3] INFO  c.sau.controller.ArticleController - 查询浏览量高的文章信息
2025-11-22 13:21:20.819 [http-nio-8080-exec-4] INFO  c.sau.controller.ArticleController - 分页查询,参数:ArticleQueryDTO(page=1, pageSize=10, type=null, categoryId=null, tagId=null, authorName=null, title=null, begin=null, end=null, categoryIdSize=null, tagIdSize=null)
2025-11-22 13:21:20.867 [http-nio-8080-exec-6] INFO  com.sau.filter.JwtTokenFilter - JWT认证过滤器开始执行
2025-11-22 13:21:20.867 [http-nio-8080-exec-6] INFO  com.sau.filter.JwtTokenFilter - 请求路径：/articles/mostShare
2025-11-22 13:21:20.868 [http-nio-8080-exec-6] INFO  c.sau.controller.ArticleController - 查询转发量高的文章信息
2025-11-22 13:23:50.647 [http-nio-8080-exec-1] INFO  com.sau.filter.JwtTokenFilter - JWT认证过滤器开始执行
2025-11-22 13:23:50.647 [http-nio-8080-exec-5] INFO  com.sau.filter.JwtTokenFilter - JWT认证过滤器开始执行
2025-11-22 13:23:50.647 [http-nio-8080-exec-1] INFO  com.sau.filter.JwtTokenFilter - 请求路径：/articles/hot
2025-11-22 13:23:50.647 [http-nio-8080-exec-7] INFO  com.sau.filter.JwtTokenFilter - JWT认证过滤器开始执行
2025-11-22 13:23:50.647 [http-nio-8080-exec-2] INFO  com.sau.filter.JwtTokenFilter - JWT认证过滤器开始执行
2025-11-22 13:23:50.647 [http-nio-8080-exec-8] INFO  com.sau.filter.JwtTokenFilter - JWT认证过滤器开始执行
2025-11-22 13:23:50.647 [http-nio-8080-exec-9] INFO  com.sau.filter.JwtTokenFilter - JWT认证过滤器开始执行
2025-11-22 13:23:50.647 [http-nio-8080-exec-2] INFO  com.sau.filter.JwtTokenFilter - 请求路径：/articles
2025-11-22 13:23:50.647 [http-nio-8080-exec-5] INFO  com.sau.filter.JwtTokenFilter - 请求路径：/tags
2025-11-22 13:23:50.647 [http-nio-8080-exec-8] INFO  com.sau.filter.JwtTokenFilter - 请求路径：/articles/mostLike
2025-11-22 13:23:50.647 [http-nio-8080-exec-7] INFO  com.sau.filter.JwtTokenFilter - 请求路径：/categories
2025-11-22 13:23:50.647 [http-nio-8080-exec-9] INFO  com.sau.filter.JwtTokenFilter - 请求路径：/articles/mostStar
2025-11-22 13:23:50.648 [http-nio-8080-exec-9] INFO  c.sau.controller.ArticleController - 查询收藏量高的文章信息
2025-11-22 13:23:50.648 [http-nio-8080-exec-5] INFO  com.sau.controller.TagController - 查询所有标签
2025-11-22 13:23:50.648 [http-nio-8080-exec-8] INFO  c.sau.controller.ArticleController - 查询点赞量高的文章信息
2025-11-22 13:23:50.648 [http-nio-8080-exec-7] INFO  c.sau.controller.CategoryController - 查询所有分类
2025-11-22 13:23:50.648 [http-nio-8080-exec-1] INFO  c.sau.controller.ArticleController - 查询浏览量高的文章信息
2025-11-22 13:23:50.648 [http-nio-8080-exec-2] INFO  c.sau.controller.ArticleController - 分页查询,参数:ArticleQueryDTO(page=1, pageSize=10, type=null, categoryId=null, tagId=null, authorName=null, title=null, begin=null, end=null, categoryIdSize=null, tagIdSize=null)
2025-11-22 13:23:50.669 [http-nio-8080-exec-10] INFO  com.sau.filter.JwtTokenFilter - JWT认证过滤器开始执行
2025-11-22 13:23:50.671 [http-nio-8080-exec-10] INFO  com.sau.filter.JwtTokenFilter - 请求路径：/articles/mostShare
2025-11-22 13:23:50.672 [http-nio-8080-exec-10] INFO  c.sau.controller.ArticleController - 查询转发量高的文章信息
2025-11-22 13:24:14.731 [http-nio-8080-exec-4] INFO  com.sau.filter.JwtTokenFilter - JWT认证过滤器开始执行
2025-11-22 13:24:14.731 [http-nio-8080-exec-5] INFO  com.sau.filter.JwtTokenFilter - JWT认证过滤器开始执行
2025-11-22 13:24:14.731 [http-nio-8080-exec-7] INFO  com.sau.filter.JwtTokenFilter - JWT认证过滤器开始执行
2025-11-22 13:24:14.731 [http-nio-8080-exec-9] INFO  com.sau.filter.JwtTokenFilter - JWT认证过滤器开始执行
2025-11-22 13:24:14.731 [http-nio-8080-exec-3] INFO  com.sau.filter.JwtTokenFilter - JWT认证过滤器开始执行
2025-11-22 13:24:14.731 [http-nio-8080-exec-9] INFO  com.sau.filter.JwtTokenFilter - 请求路径：/articles/mostStar
2025-11-22 13:24:14.731 [http-nio-8080-exec-6] INFO  com.sau.filter.JwtTokenFilter - JWT认证过滤器开始执行
2025-11-22 13:24:14.731 [http-nio-8080-exec-4] INFO  com.sau.filter.JwtTokenFilter - 请求路径：/articles/hot
2025-11-22 13:24:14.731 [http-nio-8080-exec-5] INFO  com.sau.filter.JwtTokenFilter - 请求路径：/categories
2025-11-22 13:24:14.731 [http-nio-8080-exec-7] INFO  com.sau.filter.JwtTokenFilter - 请求路径：/articles/mostLike
2025-11-22 13:24:14.731 [http-nio-8080-exec-3] INFO  com.sau.filter.JwtTokenFilter - 请求路径：/articles
2025-11-22 13:24:14.731 [http-nio-8080-exec-6] INFO  com.sau.filter.JwtTokenFilter - 请求路径：/tags
2025-11-22 13:24:14.731 [http-nio-8080-exec-5] INFO  c.sau.controller.CategoryController - 查询所有分类
2025-11-22 13:24:14.731 [http-nio-8080-exec-9] INFO  c.sau.controller.ArticleController - 查询收藏量高的文章信息
2025-11-22 13:24:14.731 [http-nio-8080-exec-4] INFO  c.sau.controller.ArticleController - 查询浏览量高的文章信息
2025-11-22 13:24:14.731 [http-nio-8080-exec-7] INFO  c.sau.controller.ArticleController - 查询点赞量高的文章信息
2025-11-22 13:24:14.731 [http-nio-8080-exec-6] INFO  com.sau.controller.TagController - 查询所有标签
2025-11-22 13:24:14.732 [http-nio-8080-exec-3] INFO  c.sau.controller.ArticleController - 分页查询,参数:ArticleQueryDTO(page=1, pageSize=10, type=null, categoryId=null, tagId=null, authorName=null, title=null, begin=null, end=null, categoryIdSize=null, tagIdSize=null)
2025-11-22 13:24:14.748 [http-nio-8080-exec-1] INFO  com.sau.filter.JwtTokenFilter - JWT认证过滤器开始执行
2025-11-22 13:24:14.748 [http-nio-8080-exec-1] INFO  com.sau.filter.JwtTokenFilter - 请求路径：/articles/mostShare
2025-11-22 13:24:14.749 [http-nio-8080-exec-1] INFO  c.sau.controller.ArticleController - 查询转发量高的文章信息
2025-11-22 13:35:00.065 [http-nio-8080-exec-2] INFO  com.sau.filter.JwtTokenFilter - JWT认证过滤器开始执行
2025-11-22 13:35:00.065 [http-nio-8080-exec-6] INFO  com.sau.filter.JwtTokenFilter - JWT认证过滤器开始执行
2025-11-22 13:35:00.065 [http-nio-8080-exec-5] INFO  com.sau.filter.JwtTokenFilter - JWT认证过滤器开始执行
2025-11-22 13:35:00.065 [http-nio-8080-exec-10] INFO  com.sau.filter.JwtTokenFilter - JWT认证过滤器开始执行
2025-11-22 13:35:00.065 [http-nio-8080-exec-9] INFO  com.sau.filter.JwtTokenFilter - JWT认证过滤器开始执行
2025-11-22 13:35:00.065 [http-nio-8080-exec-8] INFO  com.sau.filter.JwtTokenFilter - JWT认证过滤器开始执行
2025-11-22 13:35:00.066 [http-nio-8080-exec-9] INFO  com.sau.filter.JwtTokenFilter - 请求路径：/articles/mostStar
2025-11-22 13:35:00.066 [http-nio-8080-exec-8] INFO  com.sau.filter.JwtTokenFilter - 请求路径：/articles
2025-11-22 13:35:00.066 [http-nio-8080-exec-6] INFO  com.sau.filter.JwtTokenFilter - 请求路径：/categories
2025-11-22 13:35:00.066 [http-nio-8080-exec-2] INFO  com.sau.filter.JwtTokenFilter - 请求路径：/articles/hot
2025-11-22 13:35:00.066 [http-nio-8080-exec-5] INFO  com.sau.filter.JwtTokenFilter - 请求路径：/articles/mostLike
2025-11-22 13:35:00.066 [http-nio-8080-exec-10] INFO  com.sau.filter.JwtTokenFilter - 请求路径：/tags
2025-11-22 13:35:00.067 [http-nio-8080-exec-9] INFO  c.sau.controller.ArticleController - 查询收藏量高的文章信息
2025-11-22 13:35:00.067 [http-nio-8080-exec-10] INFO  com.sau.controller.TagController - 查询所有标签
2025-11-22 13:35:00.067 [http-nio-8080-exec-2] INFO  c.sau.controller.ArticleController - 查询浏览量高的文章信息
2025-11-22 13:35:00.067 [http-nio-8080-exec-5] INFO  c.sau.controller.ArticleController - 查询点赞量高的文章信息
2025-11-22 13:35:00.067 [http-nio-8080-exec-6] INFO  c.sau.controller.CategoryController - 查询所有分类
2025-11-22 13:35:00.067 [http-nio-8080-exec-8] INFO  c.sau.controller.ArticleController - 分页查询,参数:ArticleQueryDTO(page=1, pageSize=10, type=null, categoryId=null, tagId=null, authorName=null, title=null, begin=null, end=null, categoryIdSize=null, tagIdSize=null)
2025-11-22 13:35:00.108 [http-nio-8080-exec-4] INFO  com.sau.filter.JwtTokenFilter - JWT认证过滤器开始执行
2025-11-22 13:35:00.108 [http-nio-8080-exec-4] INFO  com.sau.filter.JwtTokenFilter - 请求路径：/articles/mostShare
2025-11-22 13:35:00.109 [http-nio-8080-exec-4] INFO  c.sau.controller.ArticleController - 查询转发量高的文章信息
2025-11-22 13:35:38.358 [http-nio-8080-exec-7] INFO  com.sau.filter.JwtTokenFilter - JWT认证过滤器开始执行
2025-11-22 13:35:38.358 [http-nio-8080-exec-6] INFO  com.sau.filter.JwtTokenFilter - JWT认证过滤器开始执行
2025-11-22 13:35:38.358 [http-nio-8080-exec-7] INFO  com.sau.filter.JwtTokenFilter - 请求路径：/articles
2025-11-22 13:35:38.358 [http-nio-8080-exec-10] INFO  com.sau.filter.JwtTokenFilter - JWT认证过滤器开始执行
2025-11-22 13:35:38.358 [http-nio-8080-exec-9] INFO  com.sau.filter.JwtTokenFilter - JWT认证过滤器开始执行
2025-11-22 13:35:38.358 [http-nio-8080-exec-1] INFO  com.sau.filter.JwtTokenFilter - JWT认证过滤器开始执行
2025-11-22 13:35:38.358 [http-nio-8080-exec-9] INFO  com.sau.filter.JwtTokenFilter - 请求路径：/articles/mostStar
2025-11-22 13:35:38.358 [http-nio-8080-exec-3] INFO  com.sau.filter.JwtTokenFilter - JWT认证过滤器开始执行
2025-11-22 13:35:38.358 [http-nio-8080-exec-6] INFO  com.sau.filter.JwtTokenFilter - 请求路径：/categories
2025-11-22 13:35:38.358 [http-nio-8080-exec-3] INFO  com.sau.filter.JwtTokenFilter - 请求路径：/articles/hot
2025-11-22 13:35:38.358 [http-nio-8080-exec-10] INFO  com.sau.filter.JwtTokenFilter - 请求路径：/articles/mostLike
2025-11-22 13:35:38.358 [http-nio-8080-exec-1] INFO  com.sau.filter.JwtTokenFilter - 请求路径：/tags
2025-11-22 13:35:38.358 [http-nio-8080-exec-3] INFO  c.sau.controller.ArticleController - 查询浏览量高的文章信息
2025-11-22 13:35:38.358 [http-nio-8080-exec-6] INFO  c.sau.controller.CategoryController - 查询所有分类
2025-11-22 13:35:38.358 [http-nio-8080-exec-9] INFO  c.sau.controller.ArticleController - 查询收藏量高的文章信息
2025-11-22 13:35:38.358 [http-nio-8080-exec-10] INFO  c.sau.controller.ArticleController - 查询点赞量高的文章信息
2025-11-22 13:35:38.358 [http-nio-8080-exec-1] INFO  com.sau.controller.TagController - 查询所有标签
2025-11-22 13:35:38.358 [http-nio-8080-exec-7] INFO  c.sau.controller.ArticleController - 分页查询,参数:ArticleQueryDTO(page=1, pageSize=10, type=null, categoryId=null, tagId=null, authorName=null, title=null, begin=null, end=null, categoryIdSize=null, tagIdSize=null)
2025-11-22 13:35:38.383 [http-nio-8080-exec-2] INFO  com.sau.filter.JwtTokenFilter - JWT认证过滤器开始执行
2025-11-22 13:35:38.384 [http-nio-8080-exec-2] INFO  com.sau.filter.JwtTokenFilter - 请求路径：/articles/mostShare
2025-11-22 13:35:38.384 [http-nio-8080-exec-2] INFO  c.sau.controller.ArticleController - 查询转发量高的文章信息
2025-11-22 13:36:05.479 [http-nio-8080-exec-8] INFO  com.sau.filter.JwtTokenFilter - JWT认证过滤器开始执行
2025-11-22 13:36:05.479 [http-nio-8080-exec-4] INFO  com.sau.filter.JwtTokenFilter - JWT认证过滤器开始执行
2025-11-22 13:36:05.479 [http-nio-8080-exec-1] INFO  com.sau.filter.JwtTokenFilter - JWT认证过滤器开始执行
2025-11-22 13:36:05.479 [http-nio-8080-exec-4] INFO  com.sau.filter.JwtTokenFilter - 请求路径：/tags
2025-11-22 13:36:05.479 [http-nio-8080-exec-1] INFO  com.sau.filter.JwtTokenFilter - 请求路径：/articles/mostLike
2025-11-22 13:36:05.479 [http-nio-8080-exec-5] INFO  com.sau.filter.JwtTokenFilter - JWT认证过滤器开始执行
2025-11-22 13:36:05.479 [http-nio-8080-exec-6] INFO  com.sau.filter.JwtTokenFilter - JWT认证过滤器开始执行
2025-11-22 13:36:05.479 [http-nio-8080-exec-9] INFO  com.sau.filter.JwtTokenFilter - JWT认证过滤器开始执行
2025-11-22 13:36:05.479 [http-nio-8080-exec-6] INFO  com.sau.filter.JwtTokenFilter - 请求路径：/categories
2025-11-22 13:36:05.479 [http-nio-8080-exec-9] INFO  com.sau.filter.JwtTokenFilter - 请求路径：/articles/mostStar
2025-11-22 13:36:05.479 [http-nio-8080-exec-8] INFO  com.sau.filter.JwtTokenFilter - 请求路径：/articles/hot
2025-11-22 13:36:05.479 [http-nio-8080-exec-5] INFO  com.sau.filter.JwtTokenFilter - 请求路径：/articles
2025-11-22 13:36:05.479 [http-nio-8080-exec-4] INFO  com.sau.controller.TagController - 查询所有标签
2025-11-22 13:36:05.479 [http-nio-8080-exec-1] INFO  c.sau.controller.ArticleController - 查询点赞量高的文章信息
2025-11-22 13:36:05.479 [http-nio-8080-exec-6] INFO  c.sau.controller.CategoryController - 查询所有分类
2025-11-22 13:36:05.479 [http-nio-8080-exec-9] INFO  c.sau.controller.ArticleController - 查询收藏量高的文章信息
2025-11-22 13:36:05.479 [http-nio-8080-exec-8] INFO  c.sau.controller.ArticleController - 查询浏览量高的文章信息
2025-11-22 13:36:05.480 [http-nio-8080-exec-5] INFO  c.sau.controller.ArticleController - 分页查询,参数:ArticleQueryDTO(page=1, pageSize=10, type=null, categoryId=null, tagId=null, authorName=null, title=null, begin=null, end=null, categoryIdSize=null, tagIdSize=null)
2025-11-22 13:36:05.496 [http-nio-8080-exec-3] INFO  com.sau.filter.JwtTokenFilter - JWT认证过滤器开始执行
2025-11-22 13:36:05.496 [http-nio-8080-exec-3] INFO  com.sau.filter.JwtTokenFilter - 请求路径：/articles/mostShare
2025-11-22 13:36:05.496 [http-nio-8080-exec-3] INFO  c.sau.controller.ArticleController - 查询转发量高的文章信息
2025-11-22 14:09:35.058 [http-nio-8080-exec-6] INFO  com.sau.filter.JwtTokenFilter - JWT认证过滤器开始执行
2025-11-22 14:09:35.058 [http-nio-8080-exec-9] INFO  com.sau.filter.JwtTokenFilter - JWT认证过滤器开始执行
2025-11-22 14:09:35.058 [http-nio-8080-exec-7] INFO  com.sau.filter.JwtTokenFilter - JWT认证过滤器开始执行
2025-11-22 14:09:35.058 [http-nio-8080-exec-4] INFO  com.sau.filter.JwtTokenFilter - JWT认证过滤器开始执行
2025-11-22 14:09:35.058 [http-nio-8080-exec-10] INFO  com.sau.filter.JwtTokenFilter - JWT认证过滤器开始执行
2025-11-22 14:09:35.058 [http-nio-8080-exec-2] INFO  com.sau.filter.JwtTokenFilter - JWT认证过滤器开始执行
2025-11-22 14:09:35.058 [http-nio-8080-exec-6] INFO  com.sau.filter.JwtTokenFilter - 请求路径：/categories
2025-11-22 14:09:35.058 [http-nio-8080-exec-9] INFO  com.sau.filter.JwtTokenFilter - 请求路径：/articles/mostStar
2025-11-22 14:09:35.058 [http-nio-8080-exec-4] INFO  com.sau.filter.JwtTokenFilter - 请求路径：/articles/mostLike
2025-11-22 14:09:35.058 [http-nio-8080-exec-7] INFO  com.sau.filter.JwtTokenFilter - 请求路径：/articles/hot
2025-11-22 14:09:35.058 [http-nio-8080-exec-10] INFO  com.sau.filter.JwtTokenFilter - 请求路径：/articles
2025-11-22 14:09:35.058 [http-nio-8080-exec-2] INFO  com.sau.filter.JwtTokenFilter - 请求路径：/tags
2025-11-22 14:09:35.058 [http-nio-8080-exec-2] INFO  com.sau.controller.TagController - 查询所有标签
2025-11-22 14:09:35.058 [http-nio-8080-exec-9] INFO  c.sau.controller.ArticleController - 查询收藏量高的文章信息
2025-11-22 14:09:35.058 [http-nio-8080-exec-4] INFO  c.sau.controller.ArticleController - 查询点赞量高的文章信息
2025-11-22 14:09:35.058 [http-nio-8080-exec-6] INFO  c.sau.controller.CategoryController - 查询所有分类
2025-11-22 14:09:35.058 [http-nio-8080-exec-7] INFO  c.sau.controller.ArticleController - 查询浏览量高的文章信息
2025-11-22 14:09:35.059 [http-nio-8080-exec-10] INFO  c.sau.controller.ArticleController - 分页查询,参数:ArticleQueryDTO(page=1, pageSize=10, type=null, categoryId=null, tagId=null, authorName=null, title=null, begin=null, end=null, categoryIdSize=null, tagIdSize=null)
2025-11-22 14:09:35.112 [http-nio-8080-exec-1] INFO  com.sau.filter.JwtTokenFilter - JWT认证过滤器开始执行
2025-11-22 14:09:35.112 [http-nio-8080-exec-1] INFO  com.sau.filter.JwtTokenFilter - 请求路径：/articles/mostShare
2025-11-22 14:09:35.112 [http-nio-8080-exec-1] INFO  c.sau.controller.ArticleController - 查询转发量高的文章信息
2025-11-22 14:12:28.366 [http-nio-8080-exec-8] INFO  com.sau.filter.JwtTokenFilter - JWT认证过滤器开始执行
2025-11-22 14:12:28.367 [http-nio-8080-exec-8] INFO  com.sau.filter.JwtTokenFilter - 请求路径：/articles/mostStar
2025-11-22 14:12:28.367 [http-nio-8080-exec-8] INFO  c.sau.controller.ArticleController - 查询收藏量高的文章信息
2025-11-22 14:12:28.384 [http-nio-8080-exec-5] INFO  com.sau.filter.JwtTokenFilter - JWT认证过滤器开始执行
2025-11-22 14:12:28.384 [http-nio-8080-exec-5] INFO  com.sau.filter.JwtTokenFilter - 请求路径：/articles/mostShare
2025-11-22 14:12:28.385 [http-nio-8080-exec-5] INFO  c.sau.controller.ArticleController - 查询转发量高的文章信息
2025-11-22 14:38:22.096 [http-nio-8080-exec-3] INFO  com.sau.filter.JwtTokenFilter - JWT认证过滤器开始执行
2025-11-22 14:38:22.098 [http-nio-8080-exec-3] INFO  com.sau.filter.JwtTokenFilter - 请求路径：/articles
2025-11-22 14:38:22.098 [http-nio-8080-exec-3] INFO  c.sau.controller.ArticleController - 分页查询,参数:ArticleQueryDTO(page=2, pageSize=10, type=null, categoryId=null, tagId=null, authorName=null, title=null, begin=null, end=null, categoryIdSize=null, tagIdSize=null)
2025-11-22 14:38:30.033 [http-nio-8080-exec-9] INFO  com.sau.filter.JwtTokenFilter - JWT认证过滤器开始执行
2025-11-22 14:38:30.033 [http-nio-8080-exec-9] INFO  com.sau.filter.JwtTokenFilter - 请求路径：/articles
2025-11-22 14:38:30.034 [http-nio-8080-exec-9] INFO  c.sau.controller.ArticleController - 分页查询,参数:ArticleQueryDTO(page=1, pageSize=10, type=null, categoryId=null, tagId=null, authorName=null, title=null, begin=null, end=null, categoryIdSize=null, tagIdSize=null)
2025-11-22 14:38:34.673 [http-nio-8080-exec-2] INFO  com.sau.filter.JwtTokenFilter - JWT认证过滤器开始执行
2025-11-22 14:38:34.673 [http-nio-8080-exec-2] INFO  com.sau.filter.JwtTokenFilter - 请求路径：/articles
2025-11-22 14:38:34.674 [http-nio-8080-exec-2] INFO  c.sau.controller.ArticleController - 分页查询,参数:ArticleQueryDTO(page=2, pageSize=10, type=null, categoryId=null, tagId=null, authorName=null, title=null, begin=null, end=null, categoryIdSize=null, tagIdSize=null)
2025-11-22 14:40:30.113 [http-nio-8080-exec-6] INFO  com.sau.filter.JwtTokenFilter - JWT认证过滤器开始执行
2025-11-22 14:40:30.113 [http-nio-8080-exec-6] INFO  com.sau.filter.JwtTokenFilter - 请求路径：/articles
2025-11-22 14:40:30.114 [http-nio-8080-exec-6] INFO  c.sau.controller.ArticleController - 分页查询,参数:ArticleQueryDTO(page=1, pageSize=10, type=null, categoryId=null, tagId=null, authorName=null, title=null, begin=null, end=null, categoryIdSize=null, tagIdSize=null)
2025-11-22 14:42:55.331 [http-nio-8080-exec-4] INFO  com.sau.filter.JwtTokenFilter - JWT认证过滤器开始执行
2025-11-22 14:42:55.331 [http-nio-8080-exec-4] INFO  com.sau.filter.JwtTokenFilter - 请求路径：/articles
2025-11-22 14:42:55.334 [http-nio-8080-exec-4] INFO  c.sau.controller.ArticleController - 分页查询,参数:ArticleQueryDTO(page=1, pageSize=10, type=null, categoryId=null, tagId=null, authorName=null, title=null, begin=null, end=null, categoryIdSize=null, tagIdSize=null)
2025-11-22 14:42:59.511 [http-nio-8080-exec-10] INFO  com.sau.filter.JwtTokenFilter - JWT认证过滤器开始执行
2025-11-22 14:42:59.511 [http-nio-8080-exec-8] INFO  com.sau.filter.JwtTokenFilter - JWT认证过滤器开始执行
2025-11-22 14:42:59.511 [http-nio-8080-exec-5] INFO  com.sau.filter.JwtTokenFilter - JWT认证过滤器开始执行
2025-11-22 14:42:59.511 [http-nio-8080-exec-1] INFO  com.sau.filter.JwtTokenFilter - JWT认证过滤器开始执行
2025-11-22 14:42:59.511 [http-nio-8080-exec-7] INFO  com.sau.filter.JwtTokenFilter - JWT认证过滤器开始执行
2025-11-22 14:42:59.511 [http-nio-8080-exec-10] INFO  com.sau.filter.JwtTokenFilter - 请求路径：/articles/hot
2025-11-22 14:42:59.511 [http-nio-8080-exec-8] INFO  com.sau.filter.JwtTokenFilter - 请求路径：/categories
2025-11-22 14:42:59.511 [http-nio-8080-exec-5] INFO  com.sau.filter.JwtTokenFilter - 请求路径：/articles/mostLike
2025-11-22 14:42:59.511 [http-nio-8080-exec-3] INFO  com.sau.filter.JwtTokenFilter - JWT认证过滤器开始执行
2025-11-22 14:42:59.511 [http-nio-8080-exec-3] INFO  com.sau.filter.JwtTokenFilter - 请求路径：/articles/mostStar
2025-11-22 14:42:59.511 [http-nio-8080-exec-1] INFO  com.sau.filter.JwtTokenFilter - 请求路径：/tags
2025-11-22 14:42:59.511 [http-nio-8080-exec-7] INFO  com.sau.filter.JwtTokenFilter - 请求路径：/articles
2025-11-22 14:42:59.511 [http-nio-8080-exec-3] INFO  c.sau.controller.ArticleController - 查询收藏量高的文章信息
2025-11-22 14:42:59.511 [http-nio-8080-exec-5] INFO  c.sau.controller.ArticleController - 查询点赞量高的文章信息
2025-11-22 14:42:59.511 [http-nio-8080-exec-8] INFO  c.sau.controller.CategoryController - 查询所有分类
2025-11-22 14:42:59.511 [http-nio-8080-exec-10] INFO  c.sau.controller.ArticleController - 查询浏览量高的文章信息
2025-11-22 14:42:59.512 [http-nio-8080-exec-1] INFO  com.sau.controller.TagController - 查询所有标签
2025-11-22 14:42:59.512 [http-nio-8080-exec-7] INFO  c.sau.controller.ArticleController - 分页查询,参数:ArticleQueryDTO(page=1, pageSize=10, type=null, categoryId=null, tagId=null, authorName=null, title=null, begin=null, end=null, categoryIdSize=null, tagIdSize=null)
2025-11-22 14:42:59.535 [http-nio-8080-exec-9] INFO  com.sau.filter.JwtTokenFilter - JWT认证过滤器开始执行
2025-11-22 14:42:59.536 [http-nio-8080-exec-9] INFO  com.sau.filter.JwtTokenFilter - 请求路径：/articles/mostShare
2025-11-22 14:42:59.536 [http-nio-8080-exec-9] INFO  c.sau.controller.ArticleController - 查询转发量高的文章信息
2025-11-22 14:43:02.191 [http-nio-8080-exec-2] INFO  com.sau.filter.JwtTokenFilter - JWT认证过滤器开始执行
2025-11-22 14:43:02.191 [http-nio-8080-exec-2] INFO  com.sau.filter.JwtTokenFilter - 请求路径：/articles
2025-11-22 14:43:02.191 [http-nio-8080-exec-2] INFO  c.sau.controller.ArticleController - 分页查询,参数:ArticleQueryDTO(page=2, pageSize=10, type=null, categoryId=null, tagId=null, authorName=null, title=null, begin=null, end=null, categoryIdSize=null, tagIdSize=null)
2025-11-22 14:43:06.429 [http-nio-8080-exec-6] INFO  com.sau.filter.JwtTokenFilter - JWT认证过滤器开始执行
2025-11-22 14:43:06.429 [http-nio-8080-exec-6] INFO  com.sau.filter.JwtTokenFilter - 请求路径：/articles
2025-11-22 14:43:06.430 [http-nio-8080-exec-6] INFO  c.sau.controller.ArticleController - 分页查询,参数:ArticleQueryDTO(page=1, pageSize=10, type=null, categoryId=null, tagId=null, authorName=null, title=null, begin=null, end=null, categoryIdSize=null, tagIdSize=null)
2025-11-22 14:43:10.139 [http-nio-8080-exec-4] INFO  com.sau.filter.JwtTokenFilter - JWT认证过滤器开始执行
2025-11-22 14:43:10.139 [http-nio-8080-exec-4] INFO  com.sau.filter.JwtTokenFilter - 请求路径：/articles
2025-11-22 14:43:10.140 [http-nio-8080-exec-4] INFO  c.sau.controller.ArticleController - 分页查询,参数:ArticleQueryDTO(page=2, pageSize=10, type=null, categoryId=null, tagId=null, authorName=null, title=null, begin=null, end=null, categoryIdSize=null, tagIdSize=null)
2025-11-22 14:43:15.324 [http-nio-8080-exec-8] INFO  com.sau.filter.JwtTokenFilter - JWT认证过滤器开始执行
2025-11-22 14:43:15.324 [http-nio-8080-exec-8] INFO  com.sau.filter.JwtTokenFilter - 请求路径：/articles
2025-11-22 14:43:15.325 [http-nio-8080-exec-8] INFO  c.sau.controller.ArticleController - 分页查询,参数:ArticleQueryDTO(page=1, pageSize=10, type=null, categoryId=null, tagId=null, authorName=null, title=null, begin=null, end=null, categoryIdSize=null, tagIdSize=null)
2025-11-22 14:43:19.572 [http-nio-8080-exec-1] INFO  com.sau.filter.JwtTokenFilter - JWT认证过滤器开始执行
2025-11-22 14:43:19.573 [http-nio-8080-exec-1] INFO  com.sau.filter.JwtTokenFilter - 请求路径：/articles
2025-11-22 14:43:19.573 [http-nio-8080-exec-1] INFO  c.sau.controller.ArticleController - 分页查询,参数:ArticleQueryDTO(page=2, pageSize=10, type=null, categoryId=null, tagId=null, authorName=null, title=null, begin=null, end=null, categoryIdSize=null, tagIdSize=null)
2025-11-22 14:43:23.529 [http-nio-8080-exec-3] INFO  com.sau.filter.JwtTokenFilter - JWT认证过滤器开始执行
2025-11-22 14:43:23.531 [http-nio-8080-exec-3] INFO  com.sau.filter.JwtTokenFilter - 请求路径：/articles
2025-11-22 14:43:23.531 [http-nio-8080-exec-3] INFO  c.sau.controller.ArticleController - 分页查询,参数:ArticleQueryDTO(page=1, pageSize=10, type=null, categoryId=null, tagId=null, authorName=null, title=null, begin=null, end=null, categoryIdSize=null, tagIdSize=null)
2025-11-22 14:43:27.567 [http-nio-8080-exec-10] INFO  com.sau.filter.JwtTokenFilter - JWT认证过滤器开始执行
2025-11-22 14:43:27.568 [http-nio-8080-exec-10] INFO  com.sau.filter.JwtTokenFilter - 请求路径：/articles
2025-11-22 14:43:27.568 [http-nio-8080-exec-10] INFO  c.sau.controller.ArticleController - 分页查询,参数:ArticleQueryDTO(page=2, pageSize=10, type=null, categoryId=null, tagId=null, authorName=null, title=null, begin=null, end=null, categoryIdSize=null, tagIdSize=null)
2025-11-22 14:44:06.898 [http-nio-8080-exec-5] INFO  com.sau.filter.JwtTokenFilter - JWT认证过滤器开始执行
2025-11-22 14:44:06.898 [http-nio-8080-exec-5] INFO  com.sau.filter.JwtTokenFilter - 请求路径：/articles
2025-11-22 14:44:06.899 [http-nio-8080-exec-5] INFO  c.sau.controller.ArticleController - 分页查询,参数:ArticleQueryDTO(page=1, pageSize=10, type=null, categoryId=null, tagId=null, authorName=null, title=null, begin=null, end=null, categoryIdSize=null, tagIdSize=null)
2025-11-22 14:44:11.209 [http-nio-8080-exec-7] INFO  com.sau.filter.JwtTokenFilter - JWT认证过滤器开始执行
2025-11-22 14:44:11.210 [http-nio-8080-exec-7] INFO  com.sau.filter.JwtTokenFilter - 请求路径：/articles
2025-11-22 14:44:11.210 [http-nio-8080-exec-7] INFO  c.sau.controller.ArticleController - 分页查询,参数:ArticleQueryDTO(page=2, pageSize=10, type=null, categoryId=null, tagId=null, authorName=null, title=null, begin=null, end=null, categoryIdSize=null, tagIdSize=null)
2025-11-22 14:44:13.994 [http-nio-8080-exec-9] INFO  com.sau.filter.JwtTokenFilter - JWT认证过滤器开始执行
2025-11-22 14:44:13.994 [http-nio-8080-exec-9] INFO  com.sau.filter.JwtTokenFilter - 请求路径：/articles
2025-11-22 14:44:13.995 [http-nio-8080-exec-9] INFO  c.sau.controller.ArticleController - 分页查询,参数:ArticleQueryDTO(page=1, pageSize=10, type=null, categoryId=null, tagId=null, authorName=null, title=null, begin=null, end=null, categoryIdSize=null, tagIdSize=null)
2025-11-22 14:44:26.045 [http-nio-8080-exec-2] INFO  com.sau.filter.JwtTokenFilter - JWT认证过滤器开始执行
2025-11-22 14:44:26.045 [http-nio-8080-exec-2] INFO  com.sau.filter.JwtTokenFilter - 请求路径：/articles
2025-11-22 14:44:26.045 [http-nio-8080-exec-2] INFO  c.sau.controller.ArticleController - 分页查询,参数:ArticleQueryDTO(page=2, pageSize=10, type=null, categoryId=null, tagId=null, authorName=null, title=null, begin=null, end=null, categoryIdSize=null, tagIdSize=null)
2025-11-22 14:44:43.128 [http-nio-8080-exec-6] INFO  com.sau.filter.JwtTokenFilter - JWT认证过滤器开始执行
2025-11-22 14:44:43.128 [http-nio-8080-exec-6] INFO  com.sau.filter.JwtTokenFilter - 请求路径：/articles
2025-11-22 14:44:43.129 [http-nio-8080-exec-6] INFO  c.sau.controller.ArticleController - 分页查询,参数:ArticleQueryDTO(page=1, pageSize=10, type=null, categoryId=null, tagId=null, authorName=null, title=null, begin=null, end=null, categoryIdSize=null, tagIdSize=null)
2025-11-22 16:10:19.535 [http-nio-8080-exec-8] INFO  com.sau.filter.JwtTokenFilter - JWT认证过滤器开始执行
2025-11-22 16:10:19.535 [http-nio-8080-exec-4] INFO  com.sau.filter.JwtTokenFilter - JWT认证过滤器开始执行
2025-11-22 16:10:19.535 [http-nio-8080-exec-8] INFO  com.sau.filter.JwtTokenFilter - 请求路径：/articles/hot
2025-11-22 16:10:19.535 [http-nio-8080-exec-4] INFO  com.sau.filter.JwtTokenFilter - 请求路径：/articles
2025-11-22 16:10:19.535 [http-nio-8080-exec-5] INFO  com.sau.filter.JwtTokenFilter - JWT认证过滤器开始执行
2025-11-22 16:10:19.535 [http-nio-8080-exec-5] INFO  com.sau.filter.JwtTokenFilter - 请求路径：/articles/mostStar
2025-11-22 16:10:19.535 [http-nio-8080-exec-10] INFO  com.sau.filter.JwtTokenFilter - JWT认证过滤器开始执行
2025-11-22 16:10:19.535 [http-nio-8080-exec-3] INFO  com.sau.filter.JwtTokenFilter - JWT认证过滤器开始执行
2025-11-22 16:10:19.535 [http-nio-8080-exec-10] INFO  com.sau.filter.JwtTokenFilter - 请求路径：/articles/mostLike
2025-11-22 16:10:19.535 [http-nio-8080-exec-1] INFO  com.sau.filter.JwtTokenFilter - JWT认证过滤器开始执行
2025-11-22 16:10:19.535 [http-nio-8080-exec-3] INFO  com.sau.filter.JwtTokenFilter - 请求路径：/categories
2025-11-22 16:10:19.535 [http-nio-8080-exec-1] INFO  com.sau.filter.JwtTokenFilter - 请求路径：/tags
2025-11-22 16:10:19.535 [http-nio-8080-exec-3] INFO  c.sau.controller.CategoryController - 查询所有分类
2025-11-22 16:10:19.535 [http-nio-8080-exec-8] INFO  c.sau.controller.ArticleController - 查询浏览量高的文章信息
2025-11-22 16:10:19.537 [http-nio-8080-exec-10] INFO  c.sau.controller.ArticleController - 查询点赞量高的文章信息
2025-11-22 16:10:19.535 [http-nio-8080-exec-1] INFO  com.sau.controller.TagController - 查询所有标签
2025-11-22 16:10:19.537 [http-nio-8080-exec-5] INFO  c.sau.controller.ArticleController - 查询收藏量高的文章信息
2025-11-22 16:10:19.537 [http-nio-8080-exec-4] INFO  c.sau.controller.ArticleController - 分页查询,参数:ArticleQueryDTO(page=1, pageSize=10, type=null, categoryId=null, tagId=null, authorName=null, title=null, begin=null, end=null, categoryIdSize=null, tagIdSize=null)
2025-11-22 16:10:19.558 [http-nio-8080-exec-7] INFO  com.sau.filter.JwtTokenFilter - JWT认证过滤器开始执行
2025-11-22 16:10:19.558 [http-nio-8080-exec-7] INFO  com.sau.filter.JwtTokenFilter - 请求路径：/articles/mostShare
2025-11-22 16:10:19.559 [http-nio-8080-exec-7] INFO  c.sau.controller.ArticleController - 查询转发量高的文章信息
2025-11-22 16:15:59.073 [http-nio-8080-exec-9] INFO  com.sau.filter.JwtTokenFilter - JWT认证过滤器开始执行
2025-11-22 16:15:59.074 [http-nio-8080-exec-9] INFO  com.sau.filter.JwtTokenFilter - 请求路径：/articles
2025-11-22 16:15:59.073 [http-nio-8080-exec-5] INFO  com.sau.filter.JwtTokenFilter - JWT认证过滤器开始执行
2025-11-22 16:15:59.073 [http-nio-8080-exec-2] INFO  com.sau.filter.JwtTokenFilter - JWT认证过滤器开始执行
2025-11-22 16:15:59.073 [http-nio-8080-exec-6] INFO  com.sau.filter.JwtTokenFilter - JWT认证过滤器开始执行
2025-11-22 16:15:59.073 [http-nio-8080-exec-1] INFO  com.sau.filter.JwtTokenFilter - JWT认证过滤器开始执行
2025-11-22 16:15:59.074 [http-nio-8080-exec-1] INFO  com.sau.filter.JwtTokenFilter - 请求路径：/categories
2025-11-22 16:15:59.074 [http-nio-8080-exec-5] INFO  com.sau.filter.JwtTokenFilter - 请求路径：/articles/mostStar
2025-11-22 16:15:59.073 [http-nio-8080-exec-3] INFO  com.sau.filter.JwtTokenFilter - JWT认证过滤器开始执行
2025-11-22 16:15:59.074 [http-nio-8080-exec-6] INFO  com.sau.filter.JwtTokenFilter - 请求路径：/tags
2025-11-22 16:15:59.074 [http-nio-8080-exec-2] INFO  com.sau.filter.JwtTokenFilter - 请求路径：/articles/hot
2025-11-22 16:15:59.074 [http-nio-8080-exec-3] INFO  com.sau.filter.JwtTokenFilter - 请求路径：/articles/mostLike
2025-11-22 16:15:59.075 [http-nio-8080-exec-6] INFO  com.sau.controller.TagController - 查询所有标签
2025-11-22 16:15:59.075 [http-nio-8080-exec-1] INFO  c.sau.controller.CategoryController - 查询所有分类
2025-11-22 16:15:59.075 [http-nio-8080-exec-2] INFO  c.sau.controller.ArticleController - 查询浏览量高的文章信息
2025-11-22 16:15:59.075 [http-nio-8080-exec-5] INFO  c.sau.controller.ArticleController - 查询收藏量高的文章信息
2025-11-22 16:15:59.075 [http-nio-8080-exec-3] INFO  c.sau.controller.ArticleController - 查询点赞量高的文章信息
2025-11-22 16:15:59.076 [http-nio-8080-exec-9] INFO  c.sau.controller.ArticleController - 分页查询,参数:ArticleQueryDTO(page=1, pageSize=10, type=null, categoryId=null, tagId=null, authorName=null, title=null, begin=null, end=null, categoryIdSize=null, tagIdSize=null)
2025-11-22 16:15:59.114 [http-nio-8080-exec-10] INFO  com.sau.filter.JwtTokenFilter - JWT认证过滤器开始执行
2025-11-22 16:15:59.114 [http-nio-8080-exec-10] INFO  com.sau.filter.JwtTokenFilter - 请求路径：/articles/mostShare
2025-11-22 16:15:59.114 [http-nio-8080-exec-10] INFO  c.sau.controller.ArticleController - 查询转发量高的文章信息
2025-11-22 17:21:29.196 [http-nio-8080-exec-2] INFO  com.sau.filter.JwtTokenFilter - JWT认证过滤器开始执行
2025-11-22 17:21:29.196 [http-nio-8080-exec-4] INFO  com.sau.filter.JwtTokenFilter - JWT认证过滤器开始执行
2025-11-22 17:21:29.196 [http-nio-8080-exec-8] INFO  com.sau.filter.JwtTokenFilter - JWT认证过滤器开始执行
2025-11-22 17:21:29.196 [http-nio-8080-exec-6] INFO  com.sau.filter.JwtTokenFilter - JWT认证过滤器开始执行
2025-11-22 17:21:29.196 [http-nio-8080-exec-7] INFO  com.sau.filter.JwtTokenFilter - JWT认证过滤器开始执行
2025-11-22 17:21:29.197 [http-nio-8080-exec-2] INFO  com.sau.filter.JwtTokenFilter - 请求路径：/articles/mostStar
2025-11-22 17:21:29.196 [http-nio-8080-exec-1] INFO  com.sau.filter.JwtTokenFilter - JWT认证过滤器开始执行
2025-11-22 17:21:29.197 [http-nio-8080-exec-6] INFO  com.sau.filter.JwtTokenFilter - 请求路径：/articles/mostLike
2025-11-22 17:21:29.197 [http-nio-8080-exec-4] INFO  com.sau.filter.JwtTokenFilter - 请求路径：/articles/hot
2025-11-22 17:21:29.197 [http-nio-8080-exec-7] INFO  com.sau.filter.JwtTokenFilter - 请求路径：/tags
2025-11-22 17:21:29.197 [http-nio-8080-exec-8] INFO  com.sau.filter.JwtTokenFilter - 请求路径：/articles
2025-11-22 17:21:29.197 [http-nio-8080-exec-1] INFO  com.sau.filter.JwtTokenFilter - 请求路径：/categories
2025-11-22 17:21:29.201 [http-nio-8080-exec-2] INFO  c.sau.controller.ArticleController - 查询收藏量高的文章信息
2025-11-22 17:21:29.201 [http-nio-8080-exec-4] INFO  c.sau.controller.ArticleController - 查询浏览量高的文章信息
2025-11-22 17:21:29.201 [http-nio-8080-exec-6] INFO  c.sau.controller.ArticleController - 查询点赞量高的文章信息
2025-11-22 17:21:29.201 [http-nio-8080-exec-7] INFO  com.sau.controller.TagController - 查询所有标签
2025-11-22 17:21:29.201 [http-nio-8080-exec-1] INFO  c.sau.controller.CategoryController - 查询所有分类
2025-11-22 17:21:29.204 [http-nio-8080-exec-8] INFO  c.sau.controller.ArticleController - 分页查询,参数:ArticleQueryDTO(page=1, pageSize=10, type=null, categoryId=null, tagId=null, authorName=null, title=null, begin=null, end=null, categoryIdSize=null, tagIdSize=null)
2025-11-22 17:21:29.243 [http-nio-8080-exec-5] INFO  com.sau.filter.JwtTokenFilter - JWT认证过滤器开始执行
2025-11-22 17:21:29.244 [http-nio-8080-exec-5] INFO  com.sau.filter.JwtTokenFilter - 请求路径：/articles/mostShare
2025-11-22 17:21:29.244 [http-nio-8080-exec-5] INFO  c.sau.controller.ArticleController - 查询转发量高的文章信息
2025-11-22 17:26:41.629 [http-nio-8080-exec-10] INFO  com.sau.filter.JwtTokenFilter - JWT认证过滤器开始执行
2025-11-22 17:26:41.629 [http-nio-8080-exec-1] INFO  com.sau.filter.JwtTokenFilter - JWT认证过滤器开始执行
2025-11-22 17:26:41.629 [http-nio-8080-exec-2] INFO  com.sau.filter.JwtTokenFilter - JWT认证过滤器开始执行
2025-11-22 17:26:41.629 [http-nio-8080-exec-9] INFO  com.sau.filter.JwtTokenFilter - JWT认证过滤器开始执行
2025-11-22 17:26:41.629 [http-nio-8080-exec-3] INFO  com.sau.filter.JwtTokenFilter - JWT认证过滤器开始执行
2025-11-22 17:26:41.629 [http-nio-8080-exec-6] INFO  com.sau.filter.JwtTokenFilter - JWT认证过滤器开始执行
2025-11-22 17:26:41.629 [http-nio-8080-exec-3] INFO  com.sau.filter.JwtTokenFilter - 请求路径：/tags
2025-11-22 17:26:41.629 [http-nio-8080-exec-10] INFO  com.sau.filter.JwtTokenFilter - 请求路径：/articles/hot
2025-11-22 17:26:41.629 [http-nio-8080-exec-1] INFO  com.sau.filter.JwtTokenFilter - 请求路径：/articles/mostStar
2025-11-22 17:26:41.629 [http-nio-8080-exec-2] INFO  com.sau.filter.JwtTokenFilter - 请求路径：/categories
2025-11-22 17:26:41.629 [http-nio-8080-exec-9] INFO  com.sau.filter.JwtTokenFilter - 请求路径：/articles/mostLike
2025-11-22 17:26:41.629 [http-nio-8080-exec-6] INFO  com.sau.filter.JwtTokenFilter - 请求路径：/articles
2025-11-22 17:26:41.630 [http-nio-8080-exec-1] INFO  c.sau.controller.ArticleController - 查询收藏量高的文章信息
2025-11-22 17:26:41.630 [http-nio-8080-exec-6] INFO  c.sau.controller.ArticleController - 分页查询,参数:ArticleQueryDTO(page=1, pageSize=10, type=null, categoryId=null, tagId=null, authorName=null, title=null, begin=null, end=null, categoryIdSize=null, tagIdSize=null)
2025-11-22 17:26:41.637 [http-nio-8080-exec-10] INFO  c.sau.controller.ArticleController - 查询浏览量高的文章信息
2025-11-22 17:26:41.637 [http-nio-8080-exec-2] INFO  c.sau.controller.CategoryController - 查询所有分类
2025-11-22 17:26:41.637 [http-nio-8080-exec-3] INFO  com.sau.controller.TagController - 查询所有标签
2025-11-22 17:26:41.637 [http-nio-8080-exec-9] INFO  c.sau.controller.ArticleController - 查询点赞量高的文章信息
2025-11-22 17:26:41.658 [http-nio-8080-exec-7] INFO  com.sau.filter.JwtTokenFilter - JWT认证过滤器开始执行
2025-11-22 17:26:41.658 [http-nio-8080-exec-7] INFO  com.sau.filter.JwtTokenFilter - 请求路径：/articles/mostShare
2025-11-22 17:26:41.659 [http-nio-8080-exec-7] INFO  c.sau.controller.ArticleController - 查询转发量高的文章信息
2025-11-22 17:27:36.544 [http-nio-8080-exec-8] INFO  com.sau.filter.JwtTokenFilter - JWT认证过滤器开始执行
2025-11-22 17:27:36.544 [http-nio-8080-exec-1] INFO  com.sau.filter.JwtTokenFilter - JWT认证过滤器开始执行
2025-11-22 17:27:36.544 [http-nio-8080-exec-8] INFO  com.sau.filter.JwtTokenFilter - 请求路径：/articles/hot
2025-11-22 17:27:36.544 [http-nio-8080-exec-5] INFO  com.sau.filter.JwtTokenFilter - JWT认证过滤器开始执行
2025-11-22 17:27:36.544 [http-nio-8080-exec-3] INFO  com.sau.filter.JwtTokenFilter - JWT认证过滤器开始执行
2025-11-22 17:27:36.544 [http-nio-8080-exec-5] INFO  com.sau.filter.JwtTokenFilter - 请求路径：/tags
2025-11-22 17:27:36.544 [http-nio-8080-exec-3] INFO  com.sau.filter.JwtTokenFilter - 请求路径：/articles/mostLike
2025-11-22 17:27:36.544 [http-nio-8080-exec-4] INFO  com.sau.filter.JwtTokenFilter - JWT认证过滤器开始执行
2025-11-22 17:27:36.544 [http-nio-8080-exec-1] INFO  com.sau.filter.JwtTokenFilter - 请求路径：/categories
2025-11-22 17:27:36.544 [http-nio-8080-exec-4] INFO  com.sau.filter.JwtTokenFilter - 请求路径：/articles
2025-11-22 17:27:36.544 [http-nio-8080-exec-5] INFO  com.sau.controller.TagController - 查询所有标签
2025-11-22 17:27:36.544 [http-nio-8080-exec-1] INFO  c.sau.controller.CategoryController - 查询所有分类
2025-11-22 17:27:36.544 [http-nio-8080-exec-8] INFO  c.sau.controller.ArticleController - 查询浏览量高的文章信息
2025-11-22 17:27:36.544 [http-nio-8080-exec-3] INFO  c.sau.controller.ArticleController - 查询点赞量高的文章信息
2025-11-22 17:27:36.544 [http-nio-8080-exec-4] INFO  c.sau.controller.ArticleController - 分页查询,参数:ArticleQueryDTO(page=1, pageSize=10, type=null, categoryId=null, tagId=null, authorName=null, title=null, begin=null, end=null, categoryIdSize=null, tagIdSize=null)
2025-11-22 17:27:36.545 [http-nio-8080-exec-2] INFO  com.sau.filter.JwtTokenFilter - JWT认证过滤器开始执行
2025-11-22 17:27:36.545 [http-nio-8080-exec-2] INFO  com.sau.filter.JwtTokenFilter - 请求路径：/articles/mostStar
2025-11-22 17:27:36.545 [http-nio-8080-exec-2] INFO  c.sau.controller.ArticleController - 查询收藏量高的文章信息
2025-11-22 17:27:36.665 [http-nio-8080-exec-10] INFO  com.sau.filter.JwtTokenFilter - JWT认证过滤器开始执行
2025-11-22 17:27:36.665 [http-nio-8080-exec-10] INFO  com.sau.filter.JwtTokenFilter - 请求路径：/articles/mostShare
2025-11-22 17:27:36.666 [http-nio-8080-exec-10] INFO  c.sau.controller.ArticleController - 查询转发量高的文章信息
2025-11-22 17:28:09.626 [http-nio-8080-exec-9] INFO  com.sau.filter.JwtTokenFilter - JWT认证过滤器开始执行
2025-11-22 17:28:09.626 [http-nio-8080-exec-9] INFO  com.sau.filter.JwtTokenFilter - 请求路径：/articles
2025-11-22 17:28:09.627 [http-nio-8080-exec-9] INFO  c.sau.controller.ArticleController - 分页查询,参数:ArticleQueryDTO(page=1, pageSize=10, type=null, categoryId=null, tagId=null, authorName=null, title=null, begin=null, end=null, categoryIdSize=null, tagIdSize=null)
2025-11-22 17:28:09.635 [http-nio-8080-exec-5] INFO  com.sau.filter.JwtTokenFilter - JWT认证过滤器开始执行
2025-11-22 17:28:09.635 [http-nio-8080-exec-6] INFO  com.sau.filter.JwtTokenFilter - JWT认证过滤器开始执行
2025-11-22 17:28:09.635 [http-nio-8080-exec-1] INFO  com.sau.filter.JwtTokenFilter - JWT认证过滤器开始执行
2025-11-22 17:28:09.635 [http-nio-8080-exec-7] INFO  com.sau.filter.JwtTokenFilter - JWT认证过滤器开始执行
2025-11-22 17:28:09.635 [http-nio-8080-exec-2] INFO  com.sau.filter.JwtTokenFilter - JWT认证过滤器开始执行
2025-11-22 17:28:09.635 [http-nio-8080-exec-2] INFO  com.sau.filter.JwtTokenFilter - 请求路径：/articles/mostStar
2025-11-22 17:28:09.635 [http-nio-8080-exec-5] INFO  com.sau.filter.JwtTokenFilter - 请求路径：/articles/mostLike
2025-11-22 17:28:09.635 [http-nio-8080-exec-6] INFO  com.sau.filter.JwtTokenFilter - 请求路径：/articles/hot
2025-11-22 17:28:09.635 [http-nio-8080-exec-1] INFO  com.sau.filter.JwtTokenFilter - 请求路径：/tags
2025-11-22 17:28:09.635 [http-nio-8080-exec-7] INFO  com.sau.filter.JwtTokenFilter - 请求路径：/categories
2025-11-22 17:28:09.636 [http-nio-8080-exec-5] INFO  c.sau.controller.ArticleController - 查询点赞量高的文章信息
2025-11-22 17:28:09.636 [http-nio-8080-exec-2] INFO  c.sau.controller.ArticleController - 查询收藏量高的文章信息
2025-11-22 17:28:09.636 [http-nio-8080-exec-6] INFO  c.sau.controller.ArticleController - 查询浏览量高的文章信息
2025-11-22 17:28:09.636 [http-nio-8080-exec-1] INFO  com.sau.controller.TagController - 查询所有标签
2025-11-22 17:28:09.636 [http-nio-8080-exec-7] INFO  c.sau.controller.CategoryController - 查询所有分类
2025-11-22 17:28:09.678 [http-nio-8080-exec-3] INFO  com.sau.filter.JwtTokenFilter - JWT认证过滤器开始执行
2025-11-22 17:28:09.678 [http-nio-8080-exec-3] INFO  com.sau.filter.JwtTokenFilter - 请求路径：/articles/mostShare
2025-11-22 17:28:09.678 [http-nio-8080-exec-3] INFO  c.sau.controller.ArticleController - 查询转发量高的文章信息
2025-11-22 17:35:39.599 [http-nio-8080-exec-7] INFO  com.sau.filter.JwtTokenFilter - JWT认证过滤器开始执行
2025-11-22 17:35:39.599 [http-nio-8080-exec-2] INFO  com.sau.filter.JwtTokenFilter - JWT认证过滤器开始执行
2025-11-22 17:35:39.599 [http-nio-8080-exec-8] INFO  com.sau.filter.JwtTokenFilter - JWT认证过滤器开始执行
2025-11-22 17:35:39.599 [http-nio-8080-exec-10] INFO  com.sau.filter.JwtTokenFilter - JWT认证过滤器开始执行
2025-11-22 17:35:39.599 [http-nio-8080-exec-1] INFO  com.sau.filter.JwtTokenFilter - JWT认证过滤器开始执行
2025-11-22 17:35:39.599 [http-nio-8080-exec-4] INFO  com.sau.filter.JwtTokenFilter - JWT认证过滤器开始执行
2025-11-22 17:35:39.599 [http-nio-8080-exec-7] INFO  com.sau.filter.JwtTokenFilter - 请求路径：/articles/mostLike
2025-11-22 17:35:39.599 [http-nio-8080-exec-2] INFO  com.sau.filter.JwtTokenFilter - 请求路径：/articles/mostStar
2025-11-22 17:35:39.599 [http-nio-8080-exec-8] INFO  com.sau.filter.JwtTokenFilter - 请求路径：/articles
2025-11-22 17:35:39.599 [http-nio-8080-exec-10] INFO  com.sau.filter.JwtTokenFilter - 请求路径：/tags
2025-11-22 17:35:39.599 [http-nio-8080-exec-1] INFO  com.sau.filter.JwtTokenFilter - 请求路径：/categories
2025-11-22 17:35:39.599 [http-nio-8080-exec-4] INFO  com.sau.filter.JwtTokenFilter - 请求路径：/articles/hot
2025-11-22 17:35:39.600 [http-nio-8080-exec-7] INFO  c.sau.controller.ArticleController - 查询点赞量高的文章信息
2025-11-22 17:35:39.600 [http-nio-8080-exec-10] INFO  com.sau.controller.TagController - 查询所有标签
2025-11-22 17:35:39.600 [http-nio-8080-exec-1] INFO  c.sau.controller.CategoryController - 查询所有分类
2025-11-22 17:35:39.600 [http-nio-8080-exec-4] INFO  c.sau.controller.ArticleController - 查询浏览量高的文章信息
2025-11-22 17:35:39.600 [http-nio-8080-exec-2] INFO  c.sau.controller.ArticleController - 查询收藏量高的文章信息
2025-11-22 17:35:39.600 [http-nio-8080-exec-8] INFO  c.sau.controller.ArticleController - 分页查询,参数:ArticleQueryDTO(page=1, pageSize=10, type=null, categoryId=null, tagId=null, authorName=null, title=null, begin=null, end=null, categoryIdSize=null, tagIdSize=null)
2025-11-22 17:35:39.645 [http-nio-8080-exec-6] INFO  com.sau.filter.JwtTokenFilter - JWT认证过滤器开始执行
2025-11-22 17:35:39.645 [http-nio-8080-exec-6] INFO  com.sau.filter.JwtTokenFilter - 请求路径：/articles/mostShare
2025-11-22 17:35:39.645 [http-nio-8080-exec-6] INFO  c.sau.controller.ArticleController - 查询转发量高的文章信息
2025-11-22 18:11:54.032 [http-nio-8080-exec-9] INFO  com.sau.filter.JwtTokenFilter - JWT认证过滤器开始执行
2025-11-22 18:11:54.032 [http-nio-8080-exec-3] INFO  com.sau.filter.JwtTokenFilter - JWT认证过滤器开始执行
2025-11-22 18:11:54.032 [http-nio-8080-exec-9] INFO  com.sau.filter.JwtTokenFilter - 请求路径：/articles/hot
2025-11-22 18:11:54.032 [http-nio-8080-exec-2] INFO  com.sau.filter.JwtTokenFilter - JWT认证过滤器开始执行
2025-11-22 18:11:54.032 [http-nio-8080-exec-5] INFO  com.sau.filter.JwtTokenFilter - JWT认证过滤器开始执行
2025-11-22 18:11:54.032 [http-nio-8080-exec-1] INFO  com.sau.filter.JwtTokenFilter - JWT认证过滤器开始执行
2025-11-22 18:11:54.032 [http-nio-8080-exec-10] INFO  com.sau.filter.JwtTokenFilter - JWT认证过滤器开始执行
2025-11-22 18:11:54.032 [http-nio-8080-exec-1] INFO  com.sau.filter.JwtTokenFilter - 请求路径：/articles/mostLike
2025-11-22 18:11:54.032 [http-nio-8080-exec-10] INFO  com.sau.filter.JwtTokenFilter - 请求路径：/categories
2025-11-22 18:11:54.032 [http-nio-8080-exec-3] INFO  com.sau.filter.JwtTokenFilter - 请求路径：/tags
2025-11-22 18:11:54.032 [http-nio-8080-exec-2] INFO  com.sau.filter.JwtTokenFilter - 请求路径：/articles/mostStar
2025-11-22 18:11:54.032 [http-nio-8080-exec-5] INFO  com.sau.filter.JwtTokenFilter - 请求路径：/articles
2025-11-22 18:11:54.033 [http-nio-8080-exec-1] INFO  c.sau.controller.ArticleController - 查询点赞量高的文章信息
2025-11-22 18:11:54.033 [http-nio-8080-exec-3] INFO  com.sau.controller.TagController - 查询所有标签
2025-11-22 18:11:54.033 [http-nio-8080-exec-9] INFO  c.sau.controller.ArticleController - 查询浏览量高的文章信息
2025-11-22 18:11:54.033 [http-nio-8080-exec-2] INFO  c.sau.controller.ArticleController - 查询收藏量高的文章信息
2025-11-22 18:11:54.033 [http-nio-8080-exec-10] INFO  c.sau.controller.CategoryController - 查询所有分类
2025-11-22 18:11:54.033 [http-nio-8080-exec-5] INFO  c.sau.controller.ArticleController - 分页查询,参数:ArticleQueryDTO(page=1, pageSize=10, type=null, categoryId=null, tagId=null, authorName=null, title=null, begin=null, end=null, categoryIdSize=null, tagIdSize=null)
2025-11-22 18:11:54.058 [http-nio-8080-exec-7] INFO  com.sau.filter.JwtTokenFilter - JWT认证过滤器开始执行
2025-11-22 18:11:54.058 [http-nio-8080-exec-7] INFO  com.sau.filter.JwtTokenFilter - 请求路径：/articles/mostShare
2025-11-22 18:11:54.059 [http-nio-8080-exec-7] INFO  c.sau.controller.ArticleController - 查询转发量高的文章信息
2025-11-22 18:17:04.307 [http-nio-8080-exec-2] INFO  com.sau.filter.JwtTokenFilter - JWT认证过滤器开始执行
2025-11-22 18:17:04.306 [http-nio-8080-exec-6] INFO  com.sau.filter.JwtTokenFilter - JWT认证过滤器开始执行
2025-11-22 18:17:04.306 [http-nio-8080-exec-8] INFO  com.sau.filter.JwtTokenFilter - JWT认证过滤器开始执行
2025-11-22 18:17:04.306 [http-nio-8080-exec-10] INFO  com.sau.filter.JwtTokenFilter - JWT认证过滤器开始执行
2025-11-22 18:17:04.306 [http-nio-8080-exec-3] INFO  com.sau.filter.JwtTokenFilter - JWT认证过滤器开始执行
2025-11-22 18:17:04.307 [http-nio-8080-exec-2] INFO  com.sau.filter.JwtTokenFilter - 请求路径：/articles/mostStar
2025-11-22 18:17:04.307 [http-nio-8080-exec-3] INFO  com.sau.filter.JwtTokenFilter - 请求路径：/categories
2025-11-22 18:17:04.307 [http-nio-8080-exec-8] INFO  com.sau.filter.JwtTokenFilter - 请求路径：/articles/hot
2025-11-22 18:17:04.306 [http-nio-8080-exec-4] INFO  com.sau.filter.JwtTokenFilter - JWT认证过滤器开始执行
2025-11-22 18:17:04.307 [http-nio-8080-exec-10] INFO  com.sau.filter.JwtTokenFilter - 请求路径：/articles/mostLike
2025-11-22 18:17:04.307 [http-nio-8080-exec-6] INFO  com.sau.filter.JwtTokenFilter - 请求路径：/tags
2025-11-22 18:17:04.307 [http-nio-8080-exec-4] INFO  com.sau.filter.JwtTokenFilter - 请求路径：/articles
2025-11-22 18:17:04.307 [http-nio-8080-exec-6] INFO  com.sau.controller.TagController - 查询所有标签
2025-11-22 18:17:04.307 [http-nio-8080-exec-10] INFO  c.sau.controller.ArticleController - 查询点赞量高的文章信息
2025-11-22 18:17:04.307 [http-nio-8080-exec-8] INFO  c.sau.controller.ArticleController - 查询浏览量高的文章信息
2025-11-22 18:17:04.307 [http-nio-8080-exec-2] INFO  c.sau.controller.ArticleController - 查询收藏量高的文章信息
2025-11-22 18:17:04.307 [http-nio-8080-exec-3] INFO  c.sau.controller.CategoryController - 查询所有分类
2025-11-22 18:17:04.308 [http-nio-8080-exec-4] INFO  c.sau.controller.ArticleController - 分页查询,参数:ArticleQueryDTO(page=1, pageSize=10, type=null, categoryId=null, tagId=null, authorName=null, title=null, begin=null, end=null, categoryIdSize=null, tagIdSize=null)
2025-11-22 18:17:04.361 [http-nio-8080-exec-1] INFO  com.sau.filter.JwtTokenFilter - JWT认证过滤器开始执行
2025-11-22 18:17:04.361 [http-nio-8080-exec-1] INFO  com.sau.filter.JwtTokenFilter - 请求路径：/articles/mostShare
2025-11-22 18:17:04.361 [http-nio-8080-exec-1] INFO  c.sau.controller.ArticleController - 查询转发量高的文章信息
2025-11-22 18:20:44.816 [http-nio-8080-exec-9] INFO  com.sau.filter.JwtTokenFilter - JWT认证过滤器开始执行
2025-11-22 18:20:44.816 [http-nio-8080-exec-7] INFO  com.sau.filter.JwtTokenFilter - JWT认证过滤器开始执行
2025-11-22 18:20:44.816 [http-nio-8080-exec-7] INFO  com.sau.filter.JwtTokenFilter - 请求路径：/tags
2025-11-22 18:20:44.816 [http-nio-8080-exec-5] INFO  com.sau.filter.JwtTokenFilter - JWT认证过滤器开始执行
2025-11-22 18:20:44.816 [http-nio-8080-exec-5] INFO  com.sau.filter.JwtTokenFilter - 请求路径：/articles/hot
2025-11-22 18:20:44.816 [http-nio-8080-exec-9] INFO  com.sau.filter.JwtTokenFilter - 请求路径：/articles
2025-11-22 18:20:44.817 [http-nio-8080-exec-7] INFO  com.sau.controller.TagController - 查询所有标签
2025-11-22 18:20:44.817 [http-nio-8080-exec-5] INFO  c.sau.controller.ArticleController - 查询浏览量高的文章信息
2025-11-22 18:20:44.818 [http-nio-8080-exec-6] INFO  com.sau.filter.JwtTokenFilter - JWT认证过滤器开始执行
2025-11-22 18:20:44.818 [http-nio-8080-exec-3] INFO  com.sau.filter.JwtTokenFilter - JWT认证过滤器开始执行
2025-11-22 18:20:44.818 [http-nio-8080-exec-6] INFO  com.sau.filter.JwtTokenFilter - 请求路径：/categories
2025-11-22 18:20:44.818 [http-nio-8080-exec-3] INFO  com.sau.filter.JwtTokenFilter - 请求路径：/articles/mostLike
2025-11-22 18:20:44.818 [http-nio-8080-exec-2] INFO  com.sau.filter.JwtTokenFilter - JWT认证过滤器开始执行
2025-11-22 18:20:44.818 [http-nio-8080-exec-2] INFO  com.sau.filter.JwtTokenFilter - 请求路径：/articles/mostStar
2025-11-22 18:20:44.819 [http-nio-8080-exec-3] INFO  c.sau.controller.ArticleController - 查询点赞量高的文章信息
2025-11-22 18:20:44.819 [http-nio-8080-exec-6] INFO  c.sau.controller.CategoryController - 查询所有分类
2025-11-22 18:20:44.819 [http-nio-8080-exec-2] INFO  c.sau.controller.ArticleController - 查询收藏量高的文章信息
2025-11-22 18:20:44.824 [http-nio-8080-exec-9] INFO  c.sau.controller.ArticleController - 分页查询,参数:ArticleQueryDTO(page=1, pageSize=10, type=null, categoryId=null, tagId=null, authorName=null, title=null, begin=null, end=null, categoryIdSize=null, tagIdSize=null)
2025-11-22 18:20:44.831 [http-nio-8080-exec-10] INFO  com.sau.filter.JwtTokenFilter - JWT认证过滤器开始执行
2025-11-22 18:20:44.831 [http-nio-8080-exec-10] INFO  com.sau.filter.JwtTokenFilter - 请求路径：/articles/mostShare
2025-11-22 18:20:44.831 [http-nio-8080-exec-10] INFO  c.sau.controller.ArticleController - 查询转发量高的文章信息
2025-11-22 18:22:28.934 [http-nio-8080-exec-4] INFO  com.sau.filter.JwtTokenFilter - JWT认证过滤器开始执行
2025-11-22 18:22:28.934 [http-nio-8080-exec-8] INFO  com.sau.filter.JwtTokenFilter - JWT认证过滤器开始执行
2025-11-22 18:22:28.934 [http-nio-8080-exec-4] INFO  com.sau.filter.JwtTokenFilter - 请求路径：/articles
2025-11-22 18:22:28.934 [http-nio-8080-exec-8] INFO  com.sau.filter.JwtTokenFilter - 请求路径：/articles/hot
2025-11-22 18:22:28.934 [http-nio-8080-exec-8] INFO  c.sau.controller.ArticleController - 查询浏览量高的文章信息
2025-11-22 18:22:28.934 [http-nio-8080-exec-4] INFO  c.sau.controller.ArticleController - 分页查询,参数:ArticleQueryDTO(page=1, pageSize=10, type=null, categoryId=null, tagId=null, authorName=null, title=null, begin=null, end=null, categoryIdSize=null, tagIdSize=null)
2025-11-22 18:22:28.935 [http-nio-8080-exec-1] INFO  com.sau.filter.JwtTokenFilter - JWT认证过滤器开始执行
2025-11-22 18:22:28.935 [http-nio-8080-exec-1] INFO  com.sau.filter.JwtTokenFilter - 请求路径：/tags
2025-11-22 18:22:28.935 [http-nio-8080-exec-7] INFO  com.sau.filter.JwtTokenFilter - JWT认证过滤器开始执行
2025-11-22 18:22:28.935 [http-nio-8080-exec-7] INFO  com.sau.filter.JwtTokenFilter - 请求路径：/categories
2025-11-22 18:22:28.935 [http-nio-8080-exec-7] INFO  c.sau.controller.CategoryController - 查询所有分类
2025-11-22 18:22:28.935 [http-nio-8080-exec-1] INFO  com.sau.controller.TagController - 查询所有标签
2025-11-22 18:22:28.935 [http-nio-8080-exec-5] INFO  com.sau.filter.JwtTokenFilter - JWT认证过滤器开始执行
2025-11-22 18:22:28.936 [http-nio-8080-exec-5] INFO  com.sau.filter.JwtTokenFilter - 请求路径：/articles/mostLike
2025-11-22 18:22:28.936 [http-nio-8080-exec-5] INFO  c.sau.controller.ArticleController - 查询点赞量高的文章信息
2025-11-22 18:22:28.936 [http-nio-8080-exec-2] INFO  com.sau.filter.JwtTokenFilter - JWT认证过滤器开始执行
2025-11-22 18:22:28.936 [http-nio-8080-exec-2] INFO  com.sau.filter.JwtTokenFilter - 请求路径：/articles/mostStar
2025-11-22 18:22:28.936 [http-nio-8080-exec-2] INFO  c.sau.controller.ArticleController - 查询收藏量高的文章信息
2025-11-22 18:22:28.954 [http-nio-8080-exec-3] INFO  com.sau.filter.JwtTokenFilter - JWT认证过滤器开始执行
2025-11-22 18:22:28.954 [http-nio-8080-exec-3] INFO  com.sau.filter.JwtTokenFilter - 请求路径：/articles/mostShare
2025-11-22 18:22:28.954 [http-nio-8080-exec-3] INFO  c.sau.controller.ArticleController - 查询转发量高的文章信息
2025-11-22 18:22:34.158 [http-nio-8080-exec-9] INFO  com.sau.filter.JwtTokenFilter - JWT认证过滤器开始执行
2025-11-22 18:22:34.158 [http-nio-8080-exec-6] INFO  com.sau.filter.JwtTokenFilter - JWT认证过滤器开始执行
2025-11-22 18:22:34.158 [http-nio-8080-exec-9] INFO  com.sau.filter.JwtTokenFilter - 请求路径：/tags
2025-11-22 18:22:34.158 [http-nio-8080-exec-6] INFO  com.sau.filter.JwtTokenFilter - 请求路径：/articles
2025-11-22 18:22:34.158 [http-nio-8080-exec-10] INFO  com.sau.filter.JwtTokenFilter - JWT认证过滤器开始执行
2025-11-22 18:22:34.158 [http-nio-8080-exec-8] INFO  com.sau.filter.JwtTokenFilter - JWT认证过滤器开始执行
2025-11-22 18:22:34.158 [http-nio-8080-exec-8] INFO  com.sau.filter.JwtTokenFilter - 请求路径：/articles/mostStar
2025-11-22 18:22:34.158 [http-nio-8080-exec-7] INFO  com.sau.filter.JwtTokenFilter - JWT认证过滤器开始执行
2025-11-22 18:22:34.159 [http-nio-8080-exec-7] INFO  com.sau.filter.JwtTokenFilter - 请求路径：/categories
2025-11-22 18:22:34.159 [http-nio-8080-exec-9] INFO  com.sau.controller.TagController - 查询所有标签
2025-11-22 18:22:34.158 [http-nio-8080-exec-1] INFO  com.sau.filter.JwtTokenFilter - JWT认证过滤器开始执行
2025-11-22 18:22:34.158 [http-nio-8080-exec-10] INFO  com.sau.filter.JwtTokenFilter - 请求路径：/articles/hot
2025-11-22 18:22:34.159 [http-nio-8080-exec-1] INFO  com.sau.filter.JwtTokenFilter - 请求路径：/articles/mostLike
2025-11-22 18:22:34.159 [http-nio-8080-exec-8] INFO  c.sau.controller.ArticleController - 查询收藏量高的文章信息
2025-11-22 18:22:34.159 [http-nio-8080-exec-7] INFO  c.sau.controller.CategoryController - 查询所有分类
2025-11-22 18:22:34.159 [http-nio-8080-exec-10] INFO  c.sau.controller.ArticleController - 查询浏览量高的文章信息
2025-11-22 18:22:34.159 [http-nio-8080-exec-6] INFO  c.sau.controller.ArticleController - 分页查询,参数:ArticleQueryDTO(page=1, pageSize=10, type=null, categoryId=null, tagId=null, authorName=null, title=null, begin=null, end=null, categoryIdSize=null, tagIdSize=null)
2025-11-22 18:22:34.159 [http-nio-8080-exec-1] INFO  c.sau.controller.ArticleController - 查询点赞量高的文章信息
2025-11-22 18:22:34.178 [http-nio-8080-exec-2] INFO  com.sau.filter.JwtTokenFilter - JWT认证过滤器开始执行
2025-11-22 18:22:34.178 [http-nio-8080-exec-2] INFO  com.sau.filter.JwtTokenFilter - 请求路径：/articles/mostShare
2025-11-22 18:22:34.178 [http-nio-8080-exec-2] INFO  c.sau.controller.ArticleController - 查询转发量高的文章信息
2025-11-22 18:26:51.627 [http-nio-8080-exec-8] INFO  com.sau.filter.JwtTokenFilter - JWT认证过滤器开始执行
2025-11-22 18:26:51.627 [http-nio-8080-exec-4] INFO  com.sau.filter.JwtTokenFilter - JWT认证过滤器开始执行
2025-11-22 18:26:51.627 [http-nio-8080-exec-8] INFO  com.sau.filter.JwtTokenFilter - 请求路径：/articles/mostStar
2025-11-22 18:26:51.627 [http-nio-8080-exec-3] INFO  com.sau.filter.JwtTokenFilter - JWT认证过滤器开始执行
2025-11-22 18:26:51.627 [http-nio-8080-exec-5] INFO  com.sau.filter.JwtTokenFilter - JWT认证过滤器开始执行
2025-11-22 18:26:51.627 [http-nio-8080-exec-3] INFO  com.sau.filter.JwtTokenFilter - 请求路径：/categories
2025-11-22 18:26:51.627 [http-nio-8080-exec-5] INFO  com.sau.filter.JwtTokenFilter - 请求路径：/articles
2025-11-22 18:26:51.627 [http-nio-8080-exec-7] INFO  com.sau.filter.JwtTokenFilter - JWT认证过滤器开始执行
2025-11-22 18:26:51.627 [http-nio-8080-exec-9] INFO  com.sau.filter.JwtTokenFilter - JWT认证过滤器开始执行
2025-11-22 18:26:51.627 [http-nio-8080-exec-4] INFO  com.sau.filter.JwtTokenFilter - 请求路径：/articles/hot
2025-11-22 18:26:51.627 [http-nio-8080-exec-9] INFO  com.sau.filter.JwtTokenFilter - 请求路径：/articles/mostLike
2025-11-22 18:26:51.627 [http-nio-8080-exec-7] INFO  com.sau.filter.JwtTokenFilter - 请求路径：/tags
2025-11-22 18:26:51.627 [http-nio-8080-exec-7] INFO  com.sau.controller.TagController - 查询所有标签
2025-11-22 18:26:51.627 [http-nio-8080-exec-3] INFO  c.sau.controller.CategoryController - 查询所有分类
2025-11-22 18:26:51.627 [http-nio-8080-exec-8] INFO  c.sau.controller.ArticleController - 查询收藏量高的文章信息
2025-11-22 18:26:51.627 [http-nio-8080-exec-4] INFO  c.sau.controller.ArticleController - 查询浏览量高的文章信息
2025-11-22 18:26:51.627 [http-nio-8080-exec-9] INFO  c.sau.controller.ArticleController - 查询点赞量高的文章信息
2025-11-22 18:26:51.628 [http-nio-8080-exec-5] INFO  c.sau.controller.ArticleController - 分页查询,参数:ArticleQueryDTO(page=1, pageSize=10, type=null, categoryId=null, tagId=null, authorName=null, title=null, begin=null, end=null, categoryIdSize=null, tagIdSize=null)
2025-11-22 18:26:51.644 [http-nio-8080-exec-10] INFO  com.sau.filter.JwtTokenFilter - JWT认证过滤器开始执行
2025-11-22 18:26:51.644 [http-nio-8080-exec-10] INFO  com.sau.filter.JwtTokenFilter - 请求路径：/articles/mostShare
2025-11-22 18:26:51.644 [http-nio-8080-exec-10] INFO  c.sau.controller.ArticleController - 查询转发量高的文章信息
2025-11-22 18:26:53.990 [http-nio-8080-exec-1] INFO  com.sau.filter.JwtTokenFilter - JWT认证过滤器开始执行
2025-11-22 18:26:53.990 [http-nio-8080-exec-6] INFO  com.sau.filter.JwtTokenFilter - JWT认证过滤器开始执行
2025-11-22 18:26:53.991 [http-nio-8080-exec-1] INFO  com.sau.filter.JwtTokenFilter - 请求路径：/articles
2025-11-22 18:26:53.991 [http-nio-8080-exec-6] INFO  com.sau.filter.JwtTokenFilter - 请求路径：/articles/hot
2025-11-22 18:26:53.991 [http-nio-8080-exec-2] INFO  com.sau.filter.JwtTokenFilter - JWT认证过滤器开始执行
2025-11-22 18:26:53.991 [http-nio-8080-exec-2] INFO  com.sau.filter.JwtTokenFilter - 请求路径：/tags
2025-11-22 18:26:53.991 [http-nio-8080-exec-3] INFO  com.sau.filter.JwtTokenFilter - JWT认证过滤器开始执行
2025-11-22 18:26:53.991 [http-nio-8080-exec-3] INFO  com.sau.filter.JwtTokenFilter - 请求路径：/categories
2025-11-22 18:26:53.991 [http-nio-8080-exec-2] INFO  com.sau.controller.TagController - 查询所有标签
2025-11-22 18:26:53.991 [http-nio-8080-exec-6] INFO  c.sau.controller.ArticleController - 查询浏览量高的文章信息
2025-11-22 18:26:53.991 [http-nio-8080-exec-3] INFO  c.sau.controller.CategoryController - 查询所有分类
2025-11-22 18:26:53.991 [http-nio-8080-exec-1] INFO  c.sau.controller.ArticleController - 分页查询,参数:ArticleQueryDTO(page=1, pageSize=10, type=null, categoryId=null, tagId=null, authorName=null, title=null, begin=null, end=null, categoryIdSize=null, tagIdSize=null)
2025-11-22 18:26:53.992 [http-nio-8080-exec-7] INFO  com.sau.filter.JwtTokenFilter - JWT认证过滤器开始执行
2025-11-22 18:26:53.992 [http-nio-8080-exec-7] INFO  com.sau.filter.JwtTokenFilter - 请求路径：/articles/mostLike
2025-11-22 18:26:53.992 [http-nio-8080-exec-8] INFO  com.sau.filter.JwtTokenFilter - JWT认证过滤器开始执行
2025-11-22 18:26:53.992 [http-nio-8080-exec-7] INFO  c.sau.controller.ArticleController - 查询点赞量高的文章信息
2025-11-22 18:26:53.992 [http-nio-8080-exec-8] INFO  com.sau.filter.JwtTokenFilter - 请求路径：/articles/mostStar
2025-11-22 18:26:53.992 [http-nio-8080-exec-8] INFO  c.sau.controller.ArticleController - 查询收藏量高的文章信息
2025-11-22 18:26:54.022 [http-nio-8080-exec-4] INFO  com.sau.filter.JwtTokenFilter - JWT认证过滤器开始执行
2025-11-22 18:26:54.022 [http-nio-8080-exec-4] INFO  com.sau.filter.JwtTokenFilter - 请求路径：/articles/mostShare
2025-11-22 18:26:54.022 [http-nio-8080-exec-4] INFO  c.sau.controller.ArticleController - 查询转发量高的文章信息
2025-11-22 18:50:13.962 [http-nio-8080-exec-9] INFO  com.sau.filter.JwtTokenFilter - JWT认证过滤器开始执行
2025-11-22 18:50:13.962 [http-nio-8080-exec-10] INFO  com.sau.filter.JwtTokenFilter - JWT认证过滤器开始执行
2025-11-22 18:50:13.962 [http-nio-8080-exec-10] INFO  com.sau.filter.JwtTokenFilter - 请求路径：/categories
2025-11-22 18:50:13.962 [http-nio-8080-exec-5] INFO  com.sau.filter.JwtTokenFilter - JWT认证过滤器开始执行
2025-11-22 18:50:13.962 [http-nio-8080-exec-9] INFO  com.sau.filter.JwtTokenFilter - 请求路径：/articles
2025-11-22 18:50:13.962 [http-nio-8080-exec-5] INFO  com.sau.filter.JwtTokenFilter - 请求路径：/articles/hot
2025-11-22 18:50:13.962 [http-nio-8080-exec-10] INFO  c.sau.controller.CategoryController - 查询所有分类
2025-11-22 18:50:13.962 [http-nio-8080-exec-3] INFO  com.sau.filter.JwtTokenFilter - JWT认证过滤器开始执行
2025-11-22 18:50:13.962 [http-nio-8080-exec-5] INFO  c.sau.controller.ArticleController - 查询浏览量高的文章信息
2025-11-22 18:50:13.963 [http-nio-8080-exec-3] INFO  com.sau.filter.JwtTokenFilter - 请求路径：/tags
2025-11-22 18:50:13.963 [http-nio-8080-exec-2] INFO  com.sau.filter.JwtTokenFilter - JWT认证过滤器开始执行
2025-11-22 18:50:13.963 [http-nio-8080-exec-2] INFO  com.sau.filter.JwtTokenFilter - 请求路径：/articles/mostLike
2025-11-22 18:50:13.963 [http-nio-8080-exec-9] INFO  c.sau.controller.ArticleController - 分页查询,参数:ArticleQueryDTO(page=1, pageSize=10, type=null, categoryId=null, tagId=null, authorName=null, title=null, begin=null, end=null, categoryIdSize=null, tagIdSize=null)
2025-11-22 18:50:13.963 [http-nio-8080-exec-8] INFO  com.sau.filter.JwtTokenFilter - JWT认证过滤器开始执行
2025-11-22 18:50:13.963 [http-nio-8080-exec-8] INFO  com.sau.filter.JwtTokenFilter - 请求路径：/articles/mostStar
2025-11-22 18:50:13.963 [http-nio-8080-exec-8] INFO  c.sau.controller.ArticleController - 查询收藏量高的文章信息
2025-11-22 18:50:13.963 [http-nio-8080-exec-3] INFO  com.sau.controller.TagController - 查询所有标签
2025-11-22 18:50:13.963 [http-nio-8080-exec-2] INFO  c.sau.controller.ArticleController - 查询点赞量高的文章信息
2025-11-22 18:50:13.982 [http-nio-8080-exec-6] INFO  com.sau.filter.JwtTokenFilter - JWT认证过滤器开始执行
2025-11-22 18:50:13.982 [http-nio-8080-exec-6] INFO  com.sau.filter.JwtTokenFilter - 请求路径：/articles/mostShare
2025-11-22 18:50:13.983 [http-nio-8080-exec-6] INFO  c.sau.controller.ArticleController - 查询转发量高的文章信息
2025-11-22 18:50:14.891 [http-nio-8080-exec-7] INFO  com.sau.filter.JwtTokenFilter - JWT认证过滤器开始执行
2025-11-22 18:50:14.891 [http-nio-8080-exec-7] INFO  com.sau.filter.JwtTokenFilter - 请求路径：/articles
2025-11-22 18:50:14.891 [http-nio-8080-exec-1] INFO  com.sau.filter.JwtTokenFilter - JWT认证过滤器开始执行
2025-11-22 18:50:14.891 [http-nio-8080-exec-1] INFO  com.sau.filter.JwtTokenFilter - 请求路径：/articles/hot
2025-11-22 18:50:14.892 [http-nio-8080-exec-7] INFO  c.sau.controller.ArticleController - 分页查询,参数:ArticleQueryDTO(page=1, pageSize=10, type=null, categoryId=null, tagId=null, authorName=null, title=null, begin=null, end=null, categoryIdSize=null, tagIdSize=null)
2025-11-22 18:50:14.892 [http-nio-8080-exec-1] INFO  c.sau.controller.ArticleController - 查询浏览量高的文章信息
2025-11-22 18:50:14.892 [http-nio-8080-exec-4] INFO  com.sau.filter.JwtTokenFilter - JWT认证过滤器开始执行
2025-11-22 18:50:14.892 [http-nio-8080-exec-4] INFO  com.sau.filter.JwtTokenFilter - 请求路径：/tags
2025-11-22 18:50:14.892 [http-nio-8080-exec-10] INFO  com.sau.filter.JwtTokenFilter - JWT认证过滤器开始执行
2025-11-22 18:50:14.892 [http-nio-8080-exec-3] INFO  com.sau.filter.JwtTokenFilter - JWT认证过滤器开始执行
2025-11-22 18:50:14.892 [http-nio-8080-exec-10] INFO  com.sau.filter.JwtTokenFilter - 请求路径：/articles/mostLike
2025-11-22 18:50:14.892 [http-nio-8080-exec-3] INFO  com.sau.filter.JwtTokenFilter - 请求路径：/categories
2025-11-22 18:50:14.892 [http-nio-8080-exec-8] INFO  com.sau.filter.JwtTokenFilter - JWT认证过滤器开始执行
2025-11-22 18:50:14.892 [http-nio-8080-exec-8] INFO  com.sau.filter.JwtTokenFilter - 请求路径：/articles/mostStar
2025-11-22 18:50:14.892 [http-nio-8080-exec-4] INFO  com.sau.controller.TagController - 查询所有标签
2025-11-22 18:50:14.892 [http-nio-8080-exec-10] INFO  c.sau.controller.ArticleController - 查询点赞量高的文章信息
2025-11-22 18:50:14.892 [http-nio-8080-exec-8] INFO  c.sau.controller.ArticleController - 查询收藏量高的文章信息
2025-11-22 18:50:14.892 [http-nio-8080-exec-3] INFO  c.sau.controller.CategoryController - 查询所有分类
2025-11-22 18:50:14.915 [http-nio-8080-exec-5] INFO  com.sau.filter.JwtTokenFilter - JWT认证过滤器开始执行
2025-11-22 18:50:14.915 [http-nio-8080-exec-5] INFO  com.sau.filter.JwtTokenFilter - 请求路径：/articles/mostShare
2025-11-22 18:50:14.915 [http-nio-8080-exec-5] INFO  c.sau.controller.ArticleController - 查询转发量高的文章信息
2025-11-22 19:03:24.509 [http-nio-8080-exec-6] INFO  com.sau.filter.JwtTokenFilter - JWT认证过滤器开始执行
2025-11-22 19:03:24.509 [http-nio-8080-exec-4] INFO  com.sau.filter.JwtTokenFilter - JWT认证过滤器开始执行
2025-11-22 19:03:24.509 [http-nio-8080-exec-9] INFO  com.sau.filter.JwtTokenFilter - JWT认证过滤器开始执行
2025-11-22 19:03:24.509 [http-nio-8080-exec-9] INFO  com.sau.filter.JwtTokenFilter - 请求路径：/articles/hot
2025-11-22 19:03:24.509 [http-nio-8080-exec-2] INFO  com.sau.filter.JwtTokenFilter - JWT认证过滤器开始执行
2025-11-22 19:03:24.509 [http-nio-8080-exec-4] INFO  com.sau.filter.JwtTokenFilter - 请求路径：/tags
2025-11-22 19:03:24.509 [http-nio-8080-exec-2] INFO  com.sau.filter.JwtTokenFilter - 请求路径：/articles
2025-11-22 19:03:24.509 [http-nio-8080-exec-6] INFO  com.sau.filter.JwtTokenFilter - 请求路径：/categories
2025-11-22 19:03:24.509 [http-nio-8080-exec-4] INFO  com.sau.controller.TagController - 查询所有标签
2025-11-22 19:03:24.509 [http-nio-8080-exec-6] INFO  c.sau.controller.CategoryController - 查询所有分类
2025-11-22 19:03:24.509 [http-nio-8080-exec-9] INFO  c.sau.controller.ArticleController - 查询浏览量高的文章信息
2025-11-22 19:03:24.509 [http-nio-8080-exec-8] INFO  com.sau.filter.JwtTokenFilter - JWT认证过滤器开始执行
2025-11-22 19:03:24.509 [http-nio-8080-exec-8] INFO  com.sau.filter.JwtTokenFilter - 请求路径：/articles/mostStar
2025-11-22 19:03:24.509 [http-nio-8080-exec-3] INFO  com.sau.filter.JwtTokenFilter - JWT认证过滤器开始执行
2025-11-22 19:03:24.509 [http-nio-8080-exec-3] INFO  com.sau.filter.JwtTokenFilter - 请求路径：/articles/mostLike
2025-11-22 19:03:24.509 [http-nio-8080-exec-8] INFO  c.sau.controller.ArticleController - 查询收藏量高的文章信息
2025-11-22 19:03:24.510 [http-nio-8080-exec-3] INFO  c.sau.controller.ArticleController - 查询点赞量高的文章信息
2025-11-22 19:03:24.510 [http-nio-8080-exec-2] INFO  c.sau.controller.ArticleController - 分页查询,参数:ArticleQueryDTO(page=1, pageSize=10, type=null, categoryId=null, tagId=null, authorName=null, title=null, begin=null, end=null, categoryIdSize=null, tagIdSize=null)
2025-11-22 19:03:24.521 [http-nio-8080-exec-10] INFO  com.sau.filter.JwtTokenFilter - JWT认证过滤器开始执行
2025-11-22 19:03:24.521 [http-nio-8080-exec-10] INFO  com.sau.filter.JwtTokenFilter - 请求路径：/articles/mostShare
2025-11-22 19:03:24.521 [http-nio-8080-exec-10] INFO  c.sau.controller.ArticleController - 查询转发量高的文章信息
2025-11-22 19:10:15.871 [http-nio-8080-exec-7] INFO  com.sau.filter.JwtTokenFilter - JWT认证过滤器开始执行
2025-11-22 19:10:15.871 [http-nio-8080-exec-6] INFO  com.sau.filter.JwtTokenFilter - JWT认证过滤器开始执行
2025-11-22 19:10:15.871 [http-nio-8080-exec-4] INFO  com.sau.filter.JwtTokenFilter - JWT认证过滤器开始执行
2025-11-22 19:10:15.871 [http-nio-8080-exec-9] INFO  com.sau.filter.JwtTokenFilter - JWT认证过滤器开始执行
2025-11-22 19:10:15.871 [http-nio-8080-exec-1] INFO  com.sau.filter.JwtTokenFilter - JWT认证过滤器开始执行
2025-11-22 19:10:15.871 [http-nio-8080-exec-5] INFO  com.sau.filter.JwtTokenFilter - JWT认证过滤器开始执行
2025-11-22 19:10:15.871 [http-nio-8080-exec-1] INFO  com.sau.filter.JwtTokenFilter - 请求路径：/articles
2025-11-22 19:10:15.871 [http-nio-8080-exec-5] INFO  com.sau.filter.JwtTokenFilter - 请求路径：/tags
2025-11-22 19:10:15.871 [http-nio-8080-exec-7] INFO  com.sau.filter.JwtTokenFilter - 请求路径：/articles/hot
2025-11-22 19:10:15.871 [http-nio-8080-exec-9] INFO  com.sau.filter.JwtTokenFilter - 请求路径：/articles/mostStar
2025-11-22 19:10:15.871 [http-nio-8080-exec-6] INFO  com.sau.filter.JwtTokenFilter - 请求路径：/categories
2025-11-22 19:10:15.871 [http-nio-8080-exec-4] INFO  com.sau.filter.JwtTokenFilter - 请求路径：/articles/mostLike
2025-11-22 19:10:15.872 [http-nio-8080-exec-9] INFO  c.sau.controller.ArticleController - 查询收藏量高的文章信息
2025-11-22 19:10:15.872 [http-nio-8080-exec-7] INFO  c.sau.controller.ArticleController - 查询浏览量高的文章信息
2025-11-22 19:10:15.872 [http-nio-8080-exec-4] INFO  c.sau.controller.ArticleController - 查询点赞量高的文章信息
2025-11-22 19:10:15.872 [http-nio-8080-exec-5] INFO  com.sau.controller.TagController - 查询所有标签
2025-11-22 19:10:15.872 [http-nio-8080-exec-6] INFO  c.sau.controller.CategoryController - 查询所有分类
2025-11-22 19:10:15.872 [http-nio-8080-exec-1] INFO  c.sau.controller.ArticleController - 分页查询,参数:ArticleQueryDTO(page=1, pageSize=10, type=null, categoryId=null, tagId=null, authorName=null, title=null, begin=null, end=null, categoryIdSize=null, tagIdSize=null)
2025-11-22 19:10:15.924 [http-nio-8080-exec-8] INFO  com.sau.filter.JwtTokenFilter - JWT认证过滤器开始执行
2025-11-22 19:10:15.924 [http-nio-8080-exec-8] INFO  com.sau.filter.JwtTokenFilter - 请求路径：/articles/mostShare
2025-11-22 19:10:15.924 [http-nio-8080-exec-8] INFO  c.sau.controller.ArticleController - 查询转发量高的文章信息
2025-11-22 19:16:50.533 [http-nio-8080-exec-2] INFO  com.sau.filter.JwtTokenFilter - JWT认证过滤器开始执行
2025-11-22 19:16:50.533 [http-nio-8080-exec-5] INFO  com.sau.filter.JwtTokenFilter - JWT认证过滤器开始执行
2025-11-22 19:16:50.533 [http-nio-8080-exec-2] INFO  com.sau.filter.JwtTokenFilter - 请求路径：/articles/hot
2025-11-22 19:16:50.533 [http-nio-8080-exec-9] INFO  com.sau.filter.JwtTokenFilter - JWT认证过滤器开始执行
2025-11-22 19:16:50.533 [http-nio-8080-exec-10] INFO  com.sau.filter.JwtTokenFilter - JWT认证过滤器开始执行
2025-11-22 19:16:50.533 [http-nio-8080-exec-9] INFO  com.sau.filter.JwtTokenFilter - 请求路径：/articles/mostStar
2025-11-22 19:16:50.533 [http-nio-8080-exec-10] INFO  com.sau.filter.JwtTokenFilter - 请求路径：/tags
2025-11-22 19:16:50.533 [http-nio-8080-exec-3] INFO  com.sau.filter.JwtTokenFilter - JWT认证过滤器开始执行
2025-11-22 19:16:50.533 [http-nio-8080-exec-6] INFO  com.sau.filter.JwtTokenFilter - JWT认证过滤器开始执行
2025-11-22 19:16:50.533 [http-nio-8080-exec-5] INFO  com.sau.filter.JwtTokenFilter - 请求路径：/categories
2025-11-22 19:16:50.533 [http-nio-8080-exec-6] INFO  com.sau.filter.JwtTokenFilter - 请求路径：/articles/mostLike
2025-11-22 19:16:50.533 [http-nio-8080-exec-3] INFO  com.sau.filter.JwtTokenFilter - 请求路径：/articles
2025-11-22 19:16:50.533 [http-nio-8080-exec-5] INFO  c.sau.controller.CategoryController - 查询所有分类
2025-11-22 19:16:50.533 [http-nio-8080-exec-10] INFO  com.sau.controller.TagController - 查询所有标签
2025-11-22 19:16:50.533 [http-nio-8080-exec-2] INFO  c.sau.controller.ArticleController - 查询浏览量高的文章信息
2025-11-22 19:16:50.533 [http-nio-8080-exec-9] INFO  c.sau.controller.ArticleController - 查询收藏量高的文章信息
2025-11-22 19:16:50.533 [http-nio-8080-exec-6] INFO  c.sau.controller.ArticleController - 查询点赞量高的文章信息
2025-11-22 19:16:50.534 [http-nio-8080-exec-3] INFO  c.sau.controller.ArticleController - 分页查询,参数:ArticleQueryDTO(page=1, pageSize=10, type=null, categoryId=null, tagId=null, authorName=null, title=null, begin=null, end=null, categoryIdSize=null, tagIdSize=null)
2025-11-22 19:16:50.584 [http-nio-8080-exec-4] INFO  com.sau.filter.JwtTokenFilter - JWT认证过滤器开始执行
2025-11-22 19:16:50.584 [http-nio-8080-exec-4] INFO  com.sau.filter.JwtTokenFilter - 请求路径：/articles/mostShare
2025-11-22 19:16:50.584 [http-nio-8080-exec-4] INFO  c.sau.controller.ArticleController - 查询转发量高的文章信息
2025-11-22 19:23:10.274 [http-nio-8080-exec-8] INFO  com.sau.filter.JwtTokenFilter - JWT认证过滤器开始执行
2025-11-22 19:23:10.274 [http-nio-8080-exec-1] INFO  com.sau.filter.JwtTokenFilter - JWT认证过滤器开始执行
2025-11-22 19:23:10.274 [http-nio-8080-exec-7] INFO  com.sau.filter.JwtTokenFilter - JWT认证过滤器开始执行
2025-11-22 19:23:10.274 [http-nio-8080-exec-5] INFO  com.sau.filter.JwtTokenFilter - JWT认证过滤器开始执行
2025-11-22 19:23:10.274 [http-nio-8080-exec-10] INFO  com.sau.filter.JwtTokenFilter - JWT认证过滤器开始执行
2025-11-22 19:23:10.274 [http-nio-8080-exec-9] INFO  com.sau.filter.JwtTokenFilter - JWT认证过滤器开始执行
2025-11-22 19:23:10.274 [http-nio-8080-exec-8] INFO  com.sau.filter.JwtTokenFilter - 请求路径：/tags
2025-11-22 19:23:10.274 [http-nio-8080-exec-1] INFO  com.sau.filter.JwtTokenFilter - 请求路径：/articles/hot
2025-11-22 19:23:10.274 [http-nio-8080-exec-7] INFO  com.sau.filter.JwtTokenFilter - 请求路径：/articles
2025-11-22 19:23:10.274 [http-nio-8080-exec-5] INFO  com.sau.filter.JwtTokenFilter - 请求路径：/categories
2025-11-22 19:23:10.274 [http-nio-8080-exec-10] INFO  com.sau.filter.JwtTokenFilter - 请求路径：/articles/mostStar
2025-11-22 19:23:10.274 [http-nio-8080-exec-9] INFO  com.sau.filter.JwtTokenFilter - 请求路径：/articles/mostLike
2025-11-22 19:23:10.274 [http-nio-8080-exec-8] INFO  com.sau.controller.TagController - 查询所有标签
2025-11-22 19:23:10.274 [http-nio-8080-exec-5] INFO  c.sau.controller.CategoryController - 查询所有分类
2025-11-22 19:23:10.274 [http-nio-8080-exec-10] INFO  c.sau.controller.ArticleController - 查询收藏量高的文章信息
2025-11-22 19:23:10.274 [http-nio-8080-exec-1] INFO  c.sau.controller.ArticleController - 查询浏览量高的文章信息
2025-11-22 19:23:10.274 [http-nio-8080-exec-9] INFO  c.sau.controller.ArticleController - 查询点赞量高的文章信息
2025-11-22 19:23:10.275 [http-nio-8080-exec-7] INFO  c.sau.controller.ArticleController - 分页查询,参数:ArticleQueryDTO(page=1, pageSize=10, type=null, categoryId=null, tagId=null, authorName=null, title=null, begin=null, end=null, categoryIdSize=null, tagIdSize=null)
2025-11-22 19:23:10.295 [http-nio-8080-exec-2] INFO  com.sau.filter.JwtTokenFilter - JWT认证过滤器开始执行
2025-11-22 19:23:10.295 [http-nio-8080-exec-2] INFO  com.sau.filter.JwtTokenFilter - 请求路径：/articles/mostShare
2025-11-22 19:23:10.296 [http-nio-8080-exec-2] INFO  c.sau.controller.ArticleController - 查询转发量高的文章信息
2025-11-22 19:23:11.868 [http-nio-8080-exec-6] INFO  com.sau.filter.JwtTokenFilter - JWT认证过滤器开始执行
2025-11-22 19:23:11.868 [http-nio-8080-exec-4] INFO  com.sau.filter.JwtTokenFilter - JWT认证过滤器开始执行
2025-11-22 19:23:11.868 [http-nio-8080-exec-3] INFO  com.sau.filter.JwtTokenFilter - JWT认证过滤器开始执行
2025-11-22 19:23:11.868 [http-nio-8080-exec-4] INFO  com.sau.filter.JwtTokenFilter - 请求路径：/tags
2025-11-22 19:23:11.868 [http-nio-8080-exec-6] INFO  com.sau.filter.JwtTokenFilter - 请求路径：/articles
2025-11-22 19:23:11.868 [http-nio-8080-exec-5] INFO  com.sau.filter.JwtTokenFilter - JWT认证过滤器开始执行
2025-11-22 19:23:11.868 [http-nio-8080-exec-5] INFO  com.sau.filter.JwtTokenFilter - 请求路径：/categories
2025-11-22 19:23:11.868 [http-nio-8080-exec-3] INFO  com.sau.filter.JwtTokenFilter - 请求路径：/articles/hot
2025-11-22 19:23:11.868 [http-nio-8080-exec-8] INFO  com.sau.filter.JwtTokenFilter - JWT认证过滤器开始执行
2025-11-22 19:23:11.868 [http-nio-8080-exec-8] INFO  com.sau.filter.JwtTokenFilter - 请求路径：/articles/mostLike
2025-11-22 19:23:11.868 [http-nio-8080-exec-5] INFO  c.sau.controller.CategoryController - 查询所有分类
2025-11-22 19:23:11.868 [http-nio-8080-exec-10] INFO  com.sau.filter.JwtTokenFilter - JWT认证过滤器开始执行
2025-11-22 19:23:11.868 [http-nio-8080-exec-4] INFO  com.sau.controller.TagController - 查询所有标签
2025-11-22 19:23:11.868 [http-nio-8080-exec-10] INFO  com.sau.filter.JwtTokenFilter - 请求路径：/articles/mostStar
2025-11-22 19:23:11.868 [http-nio-8080-exec-3] INFO  c.sau.controller.ArticleController - 查询浏览量高的文章信息
2025-11-22 19:23:11.868 [http-nio-8080-exec-8] INFO  c.sau.controller.ArticleController - 查询点赞量高的文章信息
2025-11-22 19:23:11.868 [http-nio-8080-exec-10] INFO  c.sau.controller.ArticleController - 查询收藏量高的文章信息
2025-11-22 19:23:11.868 [http-nio-8080-exec-6] INFO  c.sau.controller.ArticleController - 分页查询,参数:ArticleQueryDTO(page=1, pageSize=10, type=null, categoryId=null, tagId=null, authorName=null, title=null, begin=null, end=null, categoryIdSize=null, tagIdSize=null)
2025-11-22 19:23:11.939 [http-nio-8080-exec-1] INFO  com.sau.filter.JwtTokenFilter - JWT认证过滤器开始执行
2025-11-22 19:23:11.939 [http-nio-8080-exec-1] INFO  com.sau.filter.JwtTokenFilter - 请求路径：/articles/mostShare
2025-11-22 19:23:11.939 [http-nio-8080-exec-1] INFO  c.sau.controller.ArticleController - 查询转发量高的文章信息
2025-11-22 19:24:12.400 [http-nio-8080-exec-9] INFO  com.sau.filter.JwtTokenFilter - JWT认证过滤器开始执行
2025-11-22 19:24:12.400 [http-nio-8080-exec-7] INFO  com.sau.filter.JwtTokenFilter - JWT认证过滤器开始执行
2025-11-22 19:24:12.400 [http-nio-8080-exec-9] INFO  com.sau.filter.JwtTokenFilter - 请求路径：/articles
2025-11-22 19:24:12.400 [http-nio-8080-exec-7] INFO  com.sau.filter.JwtTokenFilter - 请求路径：/articles/hot
2025-11-22 19:24:12.401 [http-nio-8080-exec-7] INFO  c.sau.controller.ArticleController - 查询浏览量高的文章信息
2025-11-22 19:24:12.401 [http-nio-8080-exec-9] INFO  c.sau.controller.ArticleController - 分页查询,参数:ArticleQueryDTO(page=1, pageSize=10, type=null, categoryId=null, tagId=null, authorName=null, title=null, begin=null, end=null, categoryIdSize=null, tagIdSize=null)
2025-11-22 19:24:12.401 [http-nio-8080-exec-2] INFO  com.sau.filter.JwtTokenFilter - JWT认证过滤器开始执行
2025-11-22 19:24:12.401 [http-nio-8080-exec-2] INFO  com.sau.filter.JwtTokenFilter - 请求路径：/tags
2025-11-22 19:24:12.401 [http-nio-8080-exec-5] INFO  com.sau.filter.JwtTokenFilter - JWT认证过滤器开始执行
2025-11-22 19:24:12.402 [http-nio-8080-exec-5] INFO  com.sau.filter.JwtTokenFilter - 请求路径：/categories
2025-11-22 19:24:12.402 [http-nio-8080-exec-4] INFO  com.sau.filter.JwtTokenFilter - JWT认证过滤器开始执行
2025-11-22 19:24:12.402 [http-nio-8080-exec-2] INFO  com.sau.controller.TagController - 查询所有标签
2025-11-22 19:24:12.402 [http-nio-8080-exec-10] INFO  com.sau.filter.JwtTokenFilter - JWT认证过滤器开始执行
2025-11-22 19:24:12.402 [http-nio-8080-exec-10] INFO  com.sau.filter.JwtTokenFilter - 请求路径：/articles/mostStar
2025-11-22 19:24:12.402 [http-nio-8080-exec-4] INFO  com.sau.filter.JwtTokenFilter - 请求路径：/articles/mostLike
2025-11-22 19:24:12.402 [http-nio-8080-exec-5] INFO  c.sau.controller.CategoryController - 查询所有分类
2025-11-22 19:24:12.402 [http-nio-8080-exec-10] INFO  c.sau.controller.ArticleController - 查询收藏量高的文章信息
2025-11-22 19:24:12.402 [http-nio-8080-exec-4] INFO  c.sau.controller.ArticleController - 查询点赞量高的文章信息
2025-11-22 19:24:12.423 [http-nio-8080-exec-3] INFO  com.sau.filter.JwtTokenFilter - JWT认证过滤器开始执行
2025-11-22 19:24:12.423 [http-nio-8080-exec-3] INFO  com.sau.filter.JwtTokenFilter - 请求路径：/articles/mostShare
2025-11-22 19:24:12.424 [http-nio-8080-exec-3] INFO  c.sau.controller.ArticleController - 查询转发量高的文章信息
2025-11-22 19:25:39.283 [http-nio-8080-exec-8] INFO  com.sau.filter.JwtTokenFilter - JWT认证过滤器开始执行
2025-11-22 19:25:39.283 [http-nio-8080-exec-6] INFO  com.sau.filter.JwtTokenFilter - JWT认证过滤器开始执行
2025-11-22 19:25:39.283 [http-nio-8080-exec-8] INFO  com.sau.filter.JwtTokenFilter - 请求路径：/articles
2025-11-22 19:25:39.283 [http-nio-8080-exec-6] INFO  com.sau.filter.JwtTokenFilter - 请求路径：/articles/hot
2025-11-22 19:25:39.283 [http-nio-8080-exec-10] INFO  com.sau.filter.JwtTokenFilter - JWT认证过滤器开始执行
2025-11-22 19:25:39.283 [http-nio-8080-exec-10] INFO  com.sau.filter.JwtTokenFilter - 请求路径：/categories
2025-11-22 19:25:39.283 [http-nio-8080-exec-6] INFO  c.sau.controller.ArticleController - 查询浏览量高的文章信息
2025-11-22 19:25:39.283 [http-nio-8080-exec-1] INFO  com.sau.filter.JwtTokenFilter - JWT认证过滤器开始执行
2025-11-22 19:25:39.283 [http-nio-8080-exec-1] INFO  com.sau.filter.JwtTokenFilter - 请求路径：/tags
2025-11-22 19:25:39.283 [http-nio-8080-exec-5] INFO  com.sau.filter.JwtTokenFilter - JWT认证过滤器开始执行
2025-11-22 19:25:39.283 [http-nio-8080-exec-2] INFO  com.sau.filter.JwtTokenFilter - JWT认证过滤器开始执行
2025-11-22 19:25:39.284 [http-nio-8080-exec-2] INFO  com.sau.filter.JwtTokenFilter - 请求路径：/articles/mostStar
2025-11-22 19:25:39.284 [http-nio-8080-exec-8] INFO  c.sau.controller.ArticleController - 分页查询,参数:ArticleQueryDTO(page=1, pageSize=10, type=null, categoryId=null, tagId=null, authorName=null, title=null, begin=null, end=null, categoryIdSize=null, tagIdSize=null)
2025-11-22 19:25:39.283 [http-nio-8080-exec-10] INFO  c.sau.controller.CategoryController - 查询所有分类
2025-11-22 19:25:39.284 [http-nio-8080-exec-5] INFO  com.sau.filter.JwtTokenFilter - 请求路径：/articles/mostLike
2025-11-22 19:25:39.284 [http-nio-8080-exec-2] INFO  c.sau.controller.ArticleController - 查询收藏量高的文章信息
2025-11-22 19:25:39.284 [http-nio-8080-exec-1] INFO  com.sau.controller.TagController - 查询所有标签
2025-11-22 19:25:39.284 [http-nio-8080-exec-5] INFO  c.sau.controller.ArticleController - 查询点赞量高的文章信息
2025-11-22 19:25:39.299 [http-nio-8080-exec-7] INFO  com.sau.filter.JwtTokenFilter - JWT认证过滤器开始执行
2025-11-22 19:25:39.299 [http-nio-8080-exec-7] INFO  com.sau.filter.JwtTokenFilter - 请求路径：/articles/mostShare
2025-11-22 19:25:39.300 [http-nio-8080-exec-7] INFO  c.sau.controller.ArticleController - 查询转发量高的文章信息
2025-11-22 19:26:33.973 [SpringApplicationShutdownHook] INFO  o.s.b.w.e.tomcat.GracefulShutdown - Commencing graceful shutdown. Waiting for active requests to complete
2025-11-22 19:26:34.349 [tomcat-shutdown] INFO  o.s.b.w.e.tomcat.GracefulShutdown - Graceful shutdown complete
2025-11-22 19:26:34.385 [SpringApplicationShutdownHook] INFO  com.zaxxer.hikari.HikariDataSource - HikariPool-1 - Shutdown initiated...
2025-11-22 19:26:34.390 [SpringApplicationShutdownHook] INFO  com.zaxxer.hikari.HikariDataSource - HikariPool-1 - Shutdown completed.
