2026-03-01 09:55:49.280 [background-preinit] INFO  o.h.validator.internal.util.Version - HV000001: Hibernate Validator 8.0.3.Final
2026-03-01 09:55:49.316 [main] INFO  com.sau.BlogSystemApplication - Starting BlogSystemApplication using Java 17.0.13 with PID 6196 (D:\Java\blog-project\blog-system\target\classes started by 77639 in D:\Java\blog-project)
2026-03-01 09:55:49.316 [main] INFO  com.sau.BlogSystemApplication - No active profile set, falling back to 1 default profile: "default"
2026-03-01 09:55:49.941 [main] INFO  o.s.d.r.c.RepositoryConfigurationDelegate - Multiple Spring Data modules found, entering strict repository configuration mode
2026-03-01 09:55:49.945 [main] INFO  o.s.d.r.c.RepositoryConfigurationDelegate - Bootstrapping Spring Data Redis repositories in DEFAULT mode.
2026-03-01 09:55:49.970 [main] INFO  o.s.d.r.c.RepositoryConfigurationDelegate - Finished Spring Data repository scanning in 11 ms. Found 0 Redis repository interfaces.
2026-03-01 09:55:50.595 [main] INFO  o.s.b.w.e.tomcat.TomcatWebServer - Tomcat initialized with port 8080 (http)
2026-03-01 09:55:50.606 [main] INFO  o.a.coyote.http11.Http11NioProtocol - Initializing ProtocolHandler ["http-nio-8080"]
2026-03-01 09:55:50.607 [main] INFO  o.a.catalina.core.StandardService - Starting service [Tomcat]
2026-03-01 09:55:50.608 [main] INFO  o.a.catalina.core.StandardEngine - Starting Servlet engine: [Apache Tomcat/10.1.48]
2026-03-01 09:55:50.670 [main] INFO  o.a.c.c.C.[Tomcat].[localhost].[/] - Initializing Spring embedded WebApplicationContext
2026-03-01 09:55:50.671 [main] INFO  o.s.b.w.s.c.ServletWebServerApplicationContext - Root WebApplicationContext: initialization completed in 1323 ms
2026-03-01 09:55:51.906 [main] INFO  o.a.coyote.http11.Http11NioProtocol - Starting ProtocolHandler ["http-nio-8080"]
2026-03-01 09:55:51.923 [main] INFO  o.s.b.w.e.tomcat.TomcatWebServer - Tomcat started on port 8080 (http) with context path '/'
2026-03-01 09:55:51.933 [main] INFO  com.sau.BlogSystemApplication - Started BlogSystemApplication in 2.907 seconds (process running for 3.546)
2026-03-01 09:56:03.116 [http-nio-8080-exec-1] INFO  o.a.c.c.C.[Tomcat].[localhost].[/] - Initializing Spring DispatcherServlet 'dispatcherServlet'
2026-03-01 09:56:03.116 [http-nio-8080-exec-1] INFO  o.s.web.servlet.DispatcherServlet - Initializing Servlet 'dispatcherServlet'
2026-03-01 09:56:03.118 [http-nio-8080-exec-1] INFO  o.s.web.servlet.DispatcherServlet - Completed initialization in 1 ms
2026-03-01 09:56:03.141 [http-nio-8080-exec-6] INFO  com.sau.filter.JwtTokenFilter - 请求路径：/articles
2026-03-01 09:56:03.141 [http-nio-8080-exec-2] INFO  com.sau.filter.JwtTokenFilter - 请求路径：/categories
2026-03-01 09:56:03.141 [http-nio-8080-exec-4] INFO  com.sau.filter.JwtTokenFilter - 请求路径：/articles/mostLike
2026-03-01 09:56:03.141 [http-nio-8080-exec-7] INFO  com.sau.filter.JwtTokenFilter - 请求路径：/articles/mostStar
2026-03-01 09:56:03.141 [http-nio-8080-exec-1] INFO  com.sau.filter.JwtTokenFilter - 请求路径：/articles/hot
2026-03-01 09:56:03.141 [http-nio-8080-exec-5] INFO  com.sau.filter.JwtTokenFilter - 请求路径：/tags
2026-03-01 09:56:03.788 [http-nio-8080-exec-3] INFO  com.sau.filter.JwtTokenFilter - 请求路径：/articles/mostShare
2026-03-01 09:56:43.463 [http-nio-8080-exec-8] INFO  com.sau.filter.JwtTokenFilter - 请求路径：/articles/mostStar
2026-03-01 09:56:43.511 [http-nio-8080-exec-9] INFO  com.sau.filter.JwtTokenFilter - 请求路径：/articles/mostShare
2026-03-01 09:56:45.869 [http-nio-8080-exec-10] INFO  com.sau.filter.JwtTokenFilter - 请求路径：/articles
2026-03-01 09:56:45.878 [http-nio-8080-exec-5] INFO  com.sau.filter.JwtTokenFilter - 请求路径：/articles/mostLike
2026-03-01 09:56:45.878 [http-nio-8080-exec-7] INFO  com.sau.filter.JwtTokenFilter - 请求路径：/tags
2026-03-01 09:56:45.878 [http-nio-8080-exec-4] INFO  com.sau.filter.JwtTokenFilter - 请求路径：/articles/mostStar
2026-03-01 09:56:45.878 [http-nio-8080-exec-1] INFO  com.sau.filter.JwtTokenFilter - 请求路径：/articles/hot
2026-03-01 09:56:45.878 [http-nio-8080-exec-2] INFO  com.sau.filter.JwtTokenFilter - 请求路径：/categories
2026-03-01 09:56:45.892 [http-nio-8080-exec-6] INFO  com.sau.filter.JwtTokenFilter - 请求路径：/articles/mostShare
2026-03-01 09:56:47.486 [http-nio-8080-exec-3] INFO  com.sau.filter.JwtTokenFilter - 请求路径：/articles
2026-03-01 09:56:47.486 [http-nio-8080-exec-8] INFO  com.sau.filter.JwtTokenFilter - 请求路径：/articles/hot
2026-03-01 09:56:47.486 [http-nio-8080-exec-9] INFO  com.sau.filter.JwtTokenFilter - 请求路径：/tags
2026-03-01 09:56:47.486 [http-nio-8080-exec-10] INFO  com.sau.filter.JwtTokenFilter - 请求路径：/categories
2026-03-01 09:56:47.486 [http-nio-8080-exec-5] INFO  com.sau.filter.JwtTokenFilter - 请求路径：/articles/mostStar
2026-03-01 09:56:47.486 [http-nio-8080-exec-7] INFO  com.sau.filter.JwtTokenFilter - 请求路径：/articles/mostLike
2026-03-01 09:56:47.498 [http-nio-8080-exec-2] INFO  com.sau.filter.JwtTokenFilter - 请求路径：/articles/mostShare
2026-03-01 09:56:50.496 [http-nio-8080-exec-1] INFO  com.sau.filter.JwtTokenFilter - 请求路径：/articles
2026-03-01 09:56:50.497 [http-nio-8080-exec-8] INFO  com.sau.filter.JwtTokenFilter - 请求路径：/tags
2026-03-01 09:56:50.497 [http-nio-8080-exec-4] INFO  com.sau.filter.JwtTokenFilter - 请求路径：/articles/mostLike
2026-03-01 09:56:50.497 [http-nio-8080-exec-6] INFO  com.sau.filter.JwtTokenFilter - 请求路径：/articles/hot
2026-03-01 09:56:50.497 [http-nio-8080-exec-3] INFO  com.sau.filter.JwtTokenFilter - 请求路径：/categories
2026-03-01 09:56:50.497 [http-nio-8080-exec-9] INFO  com.sau.filter.JwtTokenFilter - 请求路径：/articles/mostStar
2026-03-01 09:56:50.508 [http-nio-8080-exec-5] INFO  com.sau.filter.JwtTokenFilter - 请求路径：/articles/mostShare
2026-03-01 09:56:58.273 [http-nio-8080-exec-7] INFO  com.sau.filter.JwtTokenFilter - 请求路径：/articles
2026-03-01 09:56:58.273 [http-nio-8080-exec-2] INFO  com.sau.filter.JwtTokenFilter - 请求路径：/tags
2026-03-01 09:56:58.273 [http-nio-8080-exec-8] INFO  com.sau.filter.JwtTokenFilter - 请求路径：/categories
2026-03-01 09:56:58.273 [http-nio-8080-exec-3] INFO  com.sau.filter.JwtTokenFilter - 请求路径：/articles/mostStar
2026-03-01 09:56:58.273 [http-nio-8080-exec-4] INFO  com.sau.filter.JwtTokenFilter - 请求路径：/articles/mostLike
2026-03-01 09:56:58.273 [http-nio-8080-exec-10] INFO  com.sau.filter.JwtTokenFilter - 请求路径：/articles/hot
2026-03-01 09:56:58.297 [http-nio-8080-exec-9] INFO  com.sau.filter.JwtTokenFilter - 请求路径：/articles/mostShare
2026-03-01 09:58:07.620 [http-nio-8080-exec-5] INFO  com.sau.filter.JwtTokenFilter - 请求路径：/tags
2026-03-01 09:58:07.620 [http-nio-8080-exec-6] INFO  com.sau.filter.JwtTokenFilter - 请求路径：/articles/hot
2026-03-01 09:58:07.620 [http-nio-8080-exec-1] INFO  com.sau.filter.JwtTokenFilter - 请求路径：/articles
2026-03-01 09:58:07.620 [http-nio-8080-exec-7] INFO  com.sau.filter.JwtTokenFilter - 请求路径：/categories
2026-03-01 09:58:07.620 [http-nio-8080-exec-4] INFO  com.sau.filter.JwtTokenFilter - 请求路径：/articles/mostLike
2026-03-01 09:58:07.620 [http-nio-8080-exec-8] INFO  com.sau.filter.JwtTokenFilter - 请求路径：/articles/mostStar
2026-03-01 09:58:07.678 [http-nio-8080-exec-2] INFO  com.sau.filter.JwtTokenFilter - 请求路径：/articles/mostShare
2026-03-01 10:20:27.496 [http-nio-8080-exec-9] INFO  com.sau.filter.JwtTokenFilter - 请求路径：/tags
2026-03-01 10:20:27.496 [http-nio-8080-exec-3] INFO  com.sau.filter.JwtTokenFilter - 请求路径：/articles/hot
2026-03-01 10:20:27.496 [http-nio-8080-exec-8] INFO  com.sau.filter.JwtTokenFilter - 请求路径：/categories
2026-03-01 10:20:27.496 [http-nio-8080-exec-10] INFO  com.sau.filter.JwtTokenFilter - 请求路径：/articles
2026-03-01 10:20:27.496 [http-nio-8080-exec-4] INFO  com.sau.filter.JwtTokenFilter - 请求路径：/articles/mostStar
2026-03-01 10:20:27.496 [http-nio-8080-exec-5] INFO  com.sau.filter.JwtTokenFilter - 请求路径：/articles/mostLike
2026-03-01 10:20:27.510 [http-nio-8080-exec-7] INFO  com.sau.filter.JwtTokenFilter - 请求路径：/articles
2026-03-01 10:20:27.512 [http-nio-8080-exec-1] INFO  com.sau.filter.JwtTokenFilter - 请求路径：/tags
2026-03-01 10:20:27.512 [http-nio-8080-exec-6] INFO  com.sau.filter.JwtTokenFilter - 请求路径：/articles/hot
2026-03-01 10:20:27.513 [http-nio-8080-exec-9] INFO  com.sau.filter.JwtTokenFilter - 请求路径：/articles/mostStar
2026-03-01 10:20:27.513 [http-nio-8080-exec-8] INFO  com.sau.filter.JwtTokenFilter - 请求路径：/articles/mostLike
2026-03-01 10:20:27.513 [http-nio-8080-exec-2] INFO  com.sau.filter.JwtTokenFilter - 请求路径：/categories
2026-03-01 10:20:27.536 [http-nio-8080-exec-4] INFO  com.sau.filter.JwtTokenFilter - 请求路径：/articles/mostShare
2026-03-01 10:20:27.548 [http-nio-8080-exec-5] INFO  com.sau.filter.JwtTokenFilter - 请求路径：/articles/mostShare
2026-03-01 10:23:48.602 [http-nio-8080-exec-10] INFO  com.sau.filter.JwtTokenFilter - 请求路径：/articles/hot
2026-03-01 10:23:48.602 [http-nio-8080-exec-3] INFO  com.sau.filter.JwtTokenFilter - 请求路径：/articles
2026-03-01 10:23:48.603 [http-nio-8080-exec-7] INFO  com.sau.filter.JwtTokenFilter - 请求路径：/tags
2026-03-01 10:23:48.603 [http-nio-8080-exec-6] INFO  com.sau.filter.JwtTokenFilter - 请求路径：/articles/mostLike
2026-03-01 10:23:48.603 [http-nio-8080-exec-1] INFO  com.sau.filter.JwtTokenFilter - 请求路径：/categories
2026-03-01 10:23:48.604 [http-nio-8080-exec-9] INFO  com.sau.filter.JwtTokenFilter - 请求路径：/articles/mostStar
2026-03-01 10:23:48.614 [http-nio-8080-exec-2] INFO  com.sau.filter.JwtTokenFilter - 请求路径：/articles/mostShare
2026-03-01 10:24:07.609 [http-nio-8080-exec-8] INFO  com.sau.filter.JwtTokenFilter - 请求路径：/articles
2026-03-01 10:24:07.609 [http-nio-8080-exec-4] INFO  com.sau.filter.JwtTokenFilter - 请求路径：/tags
2026-03-01 10:24:07.609 [http-nio-8080-exec-5] INFO  com.sau.filter.JwtTokenFilter - 请求路径：/articles/hot
2026-03-01 10:24:07.609 [http-nio-8080-exec-3] INFO  com.sau.filter.JwtTokenFilter - 请求路径：/articles/mostLike
2026-03-01 10:24:07.609 [http-nio-8080-exec-7] INFO  com.sau.filter.JwtTokenFilter - 请求路径：/articles/mostStar
2026-03-01 10:24:07.609 [http-nio-8080-exec-9] INFO  com.sau.filter.JwtTokenFilter - 请求路径：/categories
2026-03-01 10:24:07.629 [http-nio-8080-exec-6] INFO  com.sau.filter.JwtTokenFilter - 请求路径：/articles/mostShare
2026-03-01 10:24:16.846 [http-nio-8080-exec-1] INFO  com.sau.filter.JwtTokenFilter - 请求路径：/articles
2026-03-01 10:24:16.846 [http-nio-8080-exec-10] INFO  com.sau.filter.JwtTokenFilter - 请求路径：/articles/hot
2026-03-01 10:24:16.846 [http-nio-8080-exec-2] INFO  com.sau.filter.JwtTokenFilter - 请求路径：/tags
2026-03-01 10:24:16.846 [http-nio-8080-exec-9] INFO  com.sau.filter.JwtTokenFilter - 请求路径：/categories
2026-03-01 10:24:16.847 [http-nio-8080-exec-8] INFO  com.sau.filter.JwtTokenFilter - 请求路径：/articles/mostStar
2026-03-01 10:24:16.847 [http-nio-8080-exec-4] INFO  com.sau.filter.JwtTokenFilter - 请求路径：/articles/mostLike
2026-03-01 10:24:16.865 [http-nio-8080-exec-3] INFO  com.sau.filter.JwtTokenFilter - 请求路径：/articles/mostShare
2026-03-01 10:25:03.042 [http-nio-8080-exec-6] INFO  com.sau.filter.JwtTokenFilter - 请求路径：/tags
2026-03-01 10:25:03.042 [http-nio-8080-exec-4] INFO  com.sau.filter.JwtTokenFilter - 请求路径：/categories
2026-03-01 10:25:03.042 [http-nio-8080-exec-2] INFO  com.sau.filter.JwtTokenFilter - 请求路径：/articles/mostStar
2026-03-01 10:25:03.042 [http-nio-8080-exec-7] INFO  com.sau.filter.JwtTokenFilter - 请求路径：/articles
2026-03-01 10:25:03.042 [http-nio-8080-exec-5] INFO  com.sau.filter.JwtTokenFilter - 请求路径：/articles/hot
2026-03-01 10:25:03.042 [http-nio-8080-exec-9] INFO  com.sau.filter.JwtTokenFilter - 请求路径：/articles/mostLike
2026-03-01 10:25:03.061 [http-nio-8080-exec-8] INFO  com.sau.filter.JwtTokenFilter - 请求路径：/articles/mostShare
2026-03-01 10:25:06.616 [http-nio-8080-exec-3] INFO  com.sau.filter.JwtTokenFilter - 请求路径：/tags
2026-03-01 10:25:06.616 [http-nio-8080-exec-5] INFO  com.sau.filter.JwtTokenFilter - 请求路径：/categories
2026-03-01 10:25:06.616 [http-nio-8080-exec-10] INFO  com.sau.filter.JwtTokenFilter - 请求路径：/articles
2026-03-01 10:25:06.616 [http-nio-8080-exec-6] INFO  com.sau.filter.JwtTokenFilter - 请求路径：/articles/mostLike
2026-03-01 10:25:06.616 [http-nio-8080-exec-2] INFO  com.sau.filter.JwtTokenFilter - 请求路径：/articles/mostStar
2026-03-01 10:25:06.616 [http-nio-8080-exec-1] INFO  com.sau.filter.JwtTokenFilter - 请求路径：/articles/hot
2026-03-01 10:25:06.629 [http-nio-8080-exec-9] INFO  com.sau.filter.JwtTokenFilter - 请求路径：/articles/mostShare
2026-03-01 10:25:08.561 [http-nio-8080-exec-4] INFO  com.sau.filter.JwtTokenFilter - 请求路径：/articles
2026-03-01 10:25:08.561 [http-nio-8080-exec-7] INFO  com.sau.filter.JwtTokenFilter - 请求路径：/articles/hot
2026-03-01 10:25:08.561 [http-nio-8080-exec-8] INFO  com.sau.filter.JwtTokenFilter - 请求路径：/tags
2026-03-01 10:25:08.561 [http-nio-8080-exec-2] INFO  com.sau.filter.JwtTokenFilter - 请求路径：/articles/mostLike
2026-03-01 10:25:08.561 [http-nio-8080-exec-6] INFO  com.sau.filter.JwtTokenFilter - 请求路径：/categories
2026-03-01 10:25:08.561 [http-nio-8080-exec-3] INFO  com.sau.filter.JwtTokenFilter - 请求路径：/articles/mostStar
2026-03-01 10:25:08.574 [http-nio-8080-exec-5] INFO  com.sau.filter.JwtTokenFilter - 请求路径：/articles/mostShare
2026-03-01 10:25:13.858 [http-nio-8080-exec-1] INFO  com.sau.filter.JwtTokenFilter - 请求路径：/articles
2026-03-01 10:25:13.859 [http-nio-8080-exec-3] INFO  com.sau.filter.JwtTokenFilter - 请求路径：/tags
2026-03-01 10:25:13.859 [http-nio-8080-exec-9] INFO  com.sau.filter.JwtTokenFilter - 请求路径：/categories
2026-03-01 10:25:13.859 [http-nio-8080-exec-8] INFO  com.sau.filter.JwtTokenFilter - 请求路径：/articles/mostLike
2026-03-01 10:25:13.859 [http-nio-8080-exec-10] INFO  com.sau.filter.JwtTokenFilter - 请求路径：/articles/hot
2026-03-01 10:25:13.861 [http-nio-8080-exec-6] INFO  com.sau.filter.JwtTokenFilter - 请求路径：/articles/mostStar
2026-03-01 10:25:13.881 [http-nio-8080-exec-2] INFO  com.sau.filter.JwtTokenFilter - 请求路径：/articles/mostShare
2026-03-01 10:25:20.274 [http-nio-8080-exec-5] INFO  com.sau.filter.JwtTokenFilter - 请求路径：/tags
2026-03-01 10:25:20.274 [http-nio-8080-exec-7] INFO  com.sau.filter.JwtTokenFilter - 请求路径：/articles
2026-03-01 10:25:20.274 [http-nio-8080-exec-4] INFO  com.sau.filter.JwtTokenFilter - 请求路径：/articles/hot
2026-03-01 10:25:20.274 [http-nio-8080-exec-1] INFO  com.sau.filter.JwtTokenFilter - 请求路径：/categories
2026-03-01 10:25:20.274 [http-nio-8080-exec-9] INFO  com.sau.filter.JwtTokenFilter - 请求路径：/articles/mostStar
2026-03-01 10:25:20.274 [http-nio-8080-exec-3] INFO  com.sau.filter.JwtTokenFilter - 请求路径：/articles/mostLike
2026-03-01 10:25:20.298 [http-nio-8080-exec-10] INFO  com.sau.filter.JwtTokenFilter - 请求路径：/articles/mostShare
2026-03-01 10:51:22.132 [http-nio-8080-exec-4] INFO  com.sau.filter.JwtTokenFilter - 请求路径：/categories
2026-03-01 10:51:22.132 [http-nio-8080-exec-2] INFO  com.sau.filter.JwtTokenFilter - 请求路径：/tags
2026-03-01 10:51:22.132 [http-nio-8080-exec-5] INFO  com.sau.filter.JwtTokenFilter - 请求路径：/articles/mostStar
2026-03-01 10:51:22.132 [http-nio-8080-exec-6] INFO  com.sau.filter.JwtTokenFilter - 请求路径：/articles/hot
2026-03-01 10:51:22.132 [http-nio-8080-exec-3] INFO  com.sau.filter.JwtTokenFilter - 请求路径：/articles/mostLike
2026-03-01 10:51:22.132 [http-nio-8080-exec-8] INFO  com.sau.filter.JwtTokenFilter - 请求路径：/articles
2026-03-01 10:51:22.148 [http-nio-8080-exec-9] INFO  com.sau.filter.JwtTokenFilter - 请求路径：/articles/mostShare
2026-03-01 10:52:20.273 [http-nio-8080-exec-1] INFO  com.sau.filter.JwtTokenFilter - 请求路径：/articles
2026-03-01 10:52:20.273 [http-nio-8080-exec-5] INFO  com.sau.filter.JwtTokenFilter - 请求路径：/categories
2026-03-01 10:52:20.273 [http-nio-8080-exec-10] INFO  com.sau.filter.JwtTokenFilter - 请求路径：/tags
2026-03-01 10:52:20.273 [http-nio-8080-exec-7] INFO  com.sau.filter.JwtTokenFilter - 请求路径：/articles/hot
2026-03-01 10:52:20.273 [http-nio-8080-exec-3] INFO  com.sau.filter.JwtTokenFilter - 请求路径：/articles/mostLike
2026-03-01 10:52:20.273 [http-nio-8080-exec-2] INFO  com.sau.filter.JwtTokenFilter - 请求路径：/articles/mostStar
2026-03-01 10:52:20.303 [http-nio-8080-exec-4] INFO  com.sau.filter.JwtTokenFilter - 请求路径：/articles/mostShare
2026-03-01 10:52:22.082 [http-nio-8080-exec-6] INFO  com.sau.filter.JwtTokenFilter - 请求路径：/articles
2026-03-01 10:52:22.082 [http-nio-8080-exec-8] INFO  com.sau.filter.JwtTokenFilter - 请求路径：/articles/hot
2026-03-01 10:52:22.082 [http-nio-8080-exec-9] INFO  com.sau.filter.JwtTokenFilter - 请求路径：/tags
2026-03-01 10:52:22.083 [http-nio-8080-exec-5] INFO  com.sau.filter.JwtTokenFilter - 请求路径：/categories
2026-03-01 10:52:22.083 [http-nio-8080-exec-2] INFO  com.sau.filter.JwtTokenFilter - 请求路径：/articles/mostLike
2026-03-01 10:52:22.083 [http-nio-8080-exec-10] INFO  com.sau.filter.JwtTokenFilter - 请求路径：/articles/mostStar
2026-03-01 10:52:22.148 [http-nio-8080-exec-3] INFO  com.sau.filter.JwtTokenFilter - 请求路径：/articles/mostShare
2026-03-01 10:52:22.445 [http-nio-8080-exec-7] INFO  com.sau.filter.JwtTokenFilter - 请求路径：/articles/hot
2026-03-01 10:52:22.445 [http-nio-8080-exec-9] INFO  com.sau.filter.JwtTokenFilter - 请求路径：/categories
2026-03-01 10:52:22.445 [http-nio-8080-exec-4] INFO  com.sau.filter.JwtTokenFilter - 请求路径：/tags
2026-03-01 10:52:22.445 [http-nio-8080-exec-1] INFO  com.sau.filter.JwtTokenFilter - 请求路径：/articles
2026-03-01 10:52:22.445 [http-nio-8080-exec-5] INFO  com.sau.filter.JwtTokenFilter - 请求路径：/articles/mostStar
2026-03-01 10:52:22.446 [http-nio-8080-exec-8] INFO  com.sau.filter.JwtTokenFilter - 请求路径：/articles/mostLike
2026-03-01 10:52:22.480 [http-nio-8080-exec-2] INFO  com.sau.filter.JwtTokenFilter - 请求路径：/articles/mostShare
2026-03-01 10:52:23.182 [http-nio-8080-exec-5] INFO  com.sau.filter.JwtTokenFilter - 请求路径：/categories
2026-03-01 10:52:23.182 [http-nio-8080-exec-10] INFO  com.sau.filter.JwtTokenFilter - 请求路径：/tags
2026-03-01 10:52:23.182 [http-nio-8080-exec-6] INFO  com.sau.filter.JwtTokenFilter - 请求路径：/articles
2026-03-01 10:52:23.182 [http-nio-8080-exec-3] INFO  com.sau.filter.JwtTokenFilter - 请求路径：/articles/hot
2026-03-01 10:52:23.182 [http-nio-8080-exec-9] INFO  com.sau.filter.JwtTokenFilter - 请求路径：/articles/mostLike
2026-03-01 10:52:23.182 [http-nio-8080-exec-4] INFO  com.sau.filter.JwtTokenFilter - 请求路径：/articles/mostStar
2026-03-01 10:52:23.219 [http-nio-8080-exec-8] INFO  com.sau.filter.JwtTokenFilter - 请求路径：/articles/mostShare
2026-03-01 10:52:30.939 [http-nio-8080-exec-7] INFO  com.sau.filter.JwtTokenFilter - 请求路径：/articles
2026-03-01 10:52:30.945 [http-nio-8080-exec-2] INFO  com.sau.filter.JwtTokenFilter - 请求路径：/articles/hot
2026-03-01 10:52:30.945 [http-nio-8080-exec-1] INFO  com.sau.filter.JwtTokenFilter - 请求路径：/tags
2026-03-01 10:52:30.945 [http-nio-8080-exec-10] INFO  com.sau.filter.JwtTokenFilter - 请求路径：/articles/mostLike
2026-03-01 10:52:30.945 [http-nio-8080-exec-9] INFO  com.sau.filter.JwtTokenFilter - 请求路径：/categories
2026-03-01 10:52:30.947 [http-nio-8080-exec-5] INFO  com.sau.filter.JwtTokenFilter - 请求路径：/articles/mostStar
2026-03-01 10:52:30.955 [http-nio-8080-exec-4] INFO  com.sau.filter.JwtTokenFilter - 请求路径：/articles/mostShare
2026-03-01 10:52:43.676 [http-nio-8080-exec-3] INFO  com.sau.filter.JwtTokenFilter - 请求路径：/articles/mostStar
2026-03-01 10:52:43.684 [http-nio-8080-exec-6] INFO  com.sau.filter.JwtTokenFilter - 请求路径：/articles/mostShare
2026-03-01 10:52:46.575 [http-nio-8080-exec-8] INFO  com.sau.filter.JwtTokenFilter - 请求路径：/articles
2026-03-01 10:52:46.576 [http-nio-8080-exec-7] INFO  com.sau.filter.JwtTokenFilter - 请求路径：/articles/hot
2026-03-01 10:52:46.576 [http-nio-8080-exec-1] INFO  com.sau.filter.JwtTokenFilter - 请求路径：/tags
2026-03-01 10:52:46.576 [http-nio-8080-exec-9] INFO  com.sau.filter.JwtTokenFilter - 请求路径：/articles/mostLike
2026-03-01 10:52:46.576 [http-nio-8080-exec-10] INFO  com.sau.filter.JwtTokenFilter - 请求路径：/categories
2026-03-01 10:52:46.576 [http-nio-8080-exec-2] INFO  com.sau.filter.JwtTokenFilter - 请求路径：/articles/mostStar
2026-03-01 10:52:46.588 [http-nio-8080-exec-5] INFO  com.sau.filter.JwtTokenFilter - 请求路径：/articles/mostShare
2026-03-01 10:57:01.277 [http-nio-8080-exec-7] INFO  com.sau.filter.JwtTokenFilter - 请求路径：/articles/mostLike
2026-03-01 10:57:01.277 [http-nio-8080-exec-6] INFO  com.sau.filter.JwtTokenFilter - 请求路径：/tags
2026-03-01 10:57:01.277 [http-nio-8080-exec-8] INFO  com.sau.filter.JwtTokenFilter - 请求路径：/categories
2026-03-01 10:57:01.277 [http-nio-8080-exec-9] INFO  com.sau.filter.JwtTokenFilter - 请求路径：/articles/mostStar
2026-03-01 10:57:01.277 [http-nio-8080-exec-3] INFO  com.sau.filter.JwtTokenFilter - 请求路径：/articles/hot
2026-03-01 10:57:01.277 [http-nio-8080-exec-4] INFO  com.sau.filter.JwtTokenFilter - 请求路径：/articles
2026-03-01 10:57:01.316 [http-nio-8080-exec-1] INFO  com.sau.filter.JwtTokenFilter - 请求路径：/articles/mostShare
2026-03-01 10:58:41.256 [http-nio-8080-exec-5] INFO  com.sau.filter.JwtTokenFilter - 请求路径：/tags
2026-03-01 10:58:41.256 [http-nio-8080-exec-2] INFO  com.sau.filter.JwtTokenFilter - 请求路径：/articles
2026-03-01 10:58:41.256 [http-nio-8080-exec-9] INFO  com.sau.filter.JwtTokenFilter - 请求路径：/categories
2026-03-01 10:58:41.256 [http-nio-8080-exec-10] INFO  com.sau.filter.JwtTokenFilter - 请求路径：/articles/hot
2026-03-01 10:58:41.256 [http-nio-8080-exec-7] INFO  com.sau.filter.JwtTokenFilter - 请求路径：/articles/mostStar
2026-03-01 10:58:41.256 [http-nio-8080-exec-6] INFO  com.sau.filter.JwtTokenFilter - 请求路径：/articles/mostLike
2026-03-01 10:58:41.289 [http-nio-8080-exec-8] INFO  com.sau.filter.JwtTokenFilter - 请求路径：/articles/mostShare
2026-03-01 10:58:48.634 [http-nio-8080-exec-3] INFO  com.sau.filter.JwtTokenFilter - 请求路径：/articles
2026-03-01 10:58:48.634 [http-nio-8080-exec-4] INFO  com.sau.filter.JwtTokenFilter - 请求路径：/articles/hot
2026-03-01 10:58:48.634 [http-nio-8080-exec-1] INFO  com.sau.filter.JwtTokenFilter - 请求路径：/tags
2026-03-01 10:58:48.634 [http-nio-8080-exec-5] INFO  com.sau.filter.JwtTokenFilter - 请求路径：/categories
2026-03-01 10:58:48.634 [http-nio-8080-exec-2] INFO  com.sau.filter.JwtTokenFilter - 请求路径：/articles/mostLike
2026-03-01 10:58:48.635 [http-nio-8080-exec-10] INFO  com.sau.filter.JwtTokenFilter - 请求路径：/articles/mostStar
2026-03-01 10:58:48.690 [http-nio-8080-exec-6] INFO  com.sau.filter.JwtTokenFilter - 请求路径：/articles/mostShare
2026-03-01 10:58:53.621 [http-nio-8080-exec-7] INFO  com.sau.filter.JwtTokenFilter - 请求路径：/articles/mostStar
2026-03-01 10:58:53.660 [http-nio-8080-exec-9] INFO  com.sau.filter.JwtTokenFilter - 请求路径：/articles/mostShare
2026-03-01 10:58:56.820 [http-nio-8080-exec-8] INFO  com.sau.filter.JwtTokenFilter - 请求路径：/articles/mostStar
2026-03-01 10:58:56.829 [http-nio-8080-exec-1] INFO  com.sau.filter.JwtTokenFilter - 请求路径：/articles/mostShare
2026-03-01 10:59:00.859 [http-nio-8080-exec-10] INFO  com.sau.filter.JwtTokenFilter - 请求路径：/articles/mostStar
2026-03-01 10:59:00.867 [http-nio-8080-exec-4] INFO  com.sau.filter.JwtTokenFilter - 请求路径：/articles/mostShare
2026-03-01 10:59:01.720 [http-nio-8080-exec-2] INFO  com.sau.filter.JwtTokenFilter - 请求路径：/articles/hot
2026-03-01 10:59:01.720 [http-nio-8080-exec-5] INFO  com.sau.filter.JwtTokenFilter - 请求路径：/articles
2026-03-01 10:59:01.720 [http-nio-8080-exec-3] INFO  com.sau.filter.JwtTokenFilter - 请求路径：/tags
2026-03-01 10:59:01.720 [http-nio-8080-exec-6] INFO  com.sau.filter.JwtTokenFilter - 请求路径：/categories
2026-03-01 10:59:01.720 [http-nio-8080-exec-7] INFO  com.sau.filter.JwtTokenFilter - 请求路径：/articles/mostLike
2026-03-01 10:59:01.720 [http-nio-8080-exec-9] INFO  com.sau.filter.JwtTokenFilter - 请求路径：/articles/mostStar
2026-03-01 10:59:01.733 [http-nio-8080-exec-8] INFO  com.sau.filter.JwtTokenFilter - 请求路径：/articles/mostShare
2026-03-01 10:59:56.586 [http-nio-8080-exec-1] INFO  com.sau.filter.JwtTokenFilter - 请求路径：/articles/mostStar
2026-03-01 10:59:56.596 [http-nio-8080-exec-10] INFO  com.sau.filter.JwtTokenFilter - 请求路径：/articles/mostShare
2026-03-01 11:00:29.622 [http-nio-8080-exec-4] INFO  com.sau.filter.JwtTokenFilter - 请求路径：/articles/mostStar
2026-03-01 11:00:29.631 [http-nio-8080-exec-2] INFO  com.sau.filter.JwtTokenFilter - 请求路径：/articles/mostShare
2026-03-01 11:00:32.602 [http-nio-8080-exec-5] INFO  com.sau.filter.JwtTokenFilter - 请求路径：/articles/mostStar
2026-03-01 11:00:32.611 [http-nio-8080-exec-6] INFO  com.sau.filter.JwtTokenFilter - 请求路径：/articles/mostShare
2026-03-01 11:00:35.627 [http-nio-8080-exec-7] INFO  com.sau.filter.JwtTokenFilter - 请求路径：/articles/mostStar
2026-03-01 11:00:35.637 [http-nio-8080-exec-3] INFO  com.sau.filter.JwtTokenFilter - 请求路径：/articles/mostShare
2026-03-01 11:09:11.177 [http-nio-8080-exec-9] INFO  com.sau.filter.JwtTokenFilter - 请求路径：/articles/mostStar
2026-03-01 11:09:11.195 [http-nio-8080-exec-8] INFO  com.sau.filter.JwtTokenFilter - 请求路径：/articles/mostShare
2026-03-01 11:09:16.910 [http-nio-8080-exec-1] INFO  com.sau.filter.JwtTokenFilter - 请求路径：/articles/mostStar
2026-03-01 11:09:16.923 [http-nio-8080-exec-10] INFO  com.sau.filter.JwtTokenFilter - 请求路径：/articles/mostShare
2026-03-01 11:09:17.532 [http-nio-8080-exec-4] INFO  com.sau.filter.JwtTokenFilter - 请求路径：/articles/mostStar
2026-03-01 11:09:17.540 [http-nio-8080-exec-2] INFO  com.sau.filter.JwtTokenFilter - 请求路径：/articles/mostShare
2026-03-01 11:09:17.675 [http-nio-8080-exec-5] INFO  com.sau.filter.JwtTokenFilter - 请求路径：/articles/mostStar
2026-03-01 11:09:17.680 [http-nio-8080-exec-6] INFO  com.sau.filter.JwtTokenFilter - 请求路径：/articles/mostShare
2026-03-01 11:09:17.820 [http-nio-8080-exec-7] INFO  com.sau.filter.JwtTokenFilter - 请求路径：/articles/mostStar
2026-03-01 11:09:17.824 [http-nio-8080-exec-3] INFO  com.sau.filter.JwtTokenFilter - 请求路径：/articles/mostShare
2026-03-01 11:09:18.660 [http-nio-8080-exec-9] INFO  com.sau.filter.JwtTokenFilter - 请求路径：/articles
2026-03-01 11:09:18.662 [http-nio-8080-exec-8] INFO  com.sau.filter.JwtTokenFilter - 请求路径：/articles/hot
2026-03-01 11:09:18.662 [http-nio-8080-exec-1] INFO  com.sau.filter.JwtTokenFilter - 请求路径：/tags
2026-03-01 11:09:18.662 [http-nio-8080-exec-10] INFO  com.sau.filter.JwtTokenFilter - 请求路径：/categories
2026-03-01 11:09:18.663 [http-nio-8080-exec-4] INFO  com.sau.filter.JwtTokenFilter - 请求路径：/articles/mostLike
2026-03-01 11:09:18.663 [http-nio-8080-exec-2] INFO  com.sau.filter.JwtTokenFilter - 请求路径：/articles/mostStar
2026-03-01 11:09:18.675 [http-nio-8080-exec-5] INFO  com.sau.filter.JwtTokenFilter - 请求路径：/articles/mostShare
2026-03-01 11:09:19.995 [http-nio-8080-exec-8] INFO  com.sau.filter.JwtTokenFilter - 请求路径：/articles/mostStar
2026-03-01 11:09:19.995 [http-nio-8080-exec-9] INFO  com.sau.filter.JwtTokenFilter - 请求路径：/articles/mostLike
2026-03-01 11:09:19.995 [http-nio-8080-exec-6] INFO  com.sau.filter.JwtTokenFilter - 请求路径：/articles
2026-03-01 11:09:19.995 [http-nio-8080-exec-7] INFO  com.sau.filter.JwtTokenFilter - 请求路径：/tags
2026-03-01 11:09:19.995 [http-nio-8080-exec-1] INFO  com.sau.filter.JwtTokenFilter - 请求路径：/categories
2026-03-01 11:09:19.995 [http-nio-8080-exec-3] INFO  com.sau.filter.JwtTokenFilter - 请求路径：/articles/hot
2026-03-01 11:09:20.005 [http-nio-8080-exec-10] INFO  com.sau.filter.JwtTokenFilter - 请求路径：/articles/mostShare
2026-03-01 11:09:20.165 [http-nio-8080-exec-4] INFO  com.sau.filter.JwtTokenFilter - 请求路径：/articles
2026-03-01 11:09:20.165 [http-nio-8080-exec-5] INFO  com.sau.filter.JwtTokenFilter - 请求路径：/categories
2026-03-01 11:09:20.165 [http-nio-8080-exec-2] INFO  com.sau.filter.JwtTokenFilter - 请求路径：/tags
2026-03-01 11:09:20.165 [http-nio-8080-exec-3] INFO  com.sau.filter.JwtTokenFilter - 请求路径：/articles/hot
2026-03-01 11:09:20.165 [http-nio-8080-exec-9] INFO  com.sau.filter.JwtTokenFilter - 请求路径：/articles/mostLike
2026-03-01 11:09:20.165 [http-nio-8080-exec-7] INFO  com.sau.filter.JwtTokenFilter - 请求路径：/articles/mostStar
2026-03-01 11:09:20.176 [http-nio-8080-exec-8] INFO  com.sau.filter.JwtTokenFilter - 请求路径：/articles/mostShare
2026-03-01 11:09:20.308 [http-nio-8080-exec-6] INFO  com.sau.filter.JwtTokenFilter - 请求路径：/articles/hot
2026-03-01 11:09:20.308 [http-nio-8080-exec-1] INFO  com.sau.filter.JwtTokenFilter - 请求路径：/articles
2026-03-01 11:09:20.308 [http-nio-8080-exec-3] INFO  com.sau.filter.JwtTokenFilter - 请求路径：/categories
2026-03-01 11:09:20.308 [http-nio-8080-exec-10] INFO  com.sau.filter.JwtTokenFilter - 请求路径：/tags
2026-03-01 11:09:20.308 [http-nio-8080-exec-9] INFO  com.sau.filter.JwtTokenFilter - 请求路径：/articles/mostLike
2026-03-01 11:09:20.309 [http-nio-8080-exec-7] INFO  com.sau.filter.JwtTokenFilter - 请求路径：/articles/mostStar
2026-03-01 11:09:20.321 [http-nio-8080-exec-5] INFO  com.sau.filter.JwtTokenFilter - 请求路径：/articles/mostShare
2026-03-01 11:09:20.553 [http-nio-8080-exec-2] INFO  com.sau.filter.JwtTokenFilter - 请求路径：/articles
2026-03-01 11:09:20.553 [http-nio-8080-exec-4] INFO  com.sau.filter.JwtTokenFilter - 请求路径：/articles/hot
2026-03-01 11:09:20.553 [http-nio-8080-exec-8] INFO  com.sau.filter.JwtTokenFilter - 请求路径：/tags
2026-03-01 11:09:20.553 [http-nio-8080-exec-9] INFO  com.sau.filter.JwtTokenFilter - 请求路径：/categories
2026-03-01 11:09:20.553 [http-nio-8080-exec-6] INFO  com.sau.filter.JwtTokenFilter - 请求路径：/articles/mostLike
2026-03-01 11:09:20.553 [http-nio-8080-exec-10] INFO  com.sau.filter.JwtTokenFilter - 请求路径：/articles/mostStar
2026-03-01 11:09:20.568 [http-nio-8080-exec-3] INFO  com.sau.filter.JwtTokenFilter - 请求路径：/articles/mostShare
2026-03-01 11:09:44.080 [http-nio-8080-exec-7] INFO  com.sau.filter.JwtTokenFilter - 请求路径：/articles/mostStar
2026-03-01 11:09:44.087 [http-nio-8080-exec-1] INFO  com.sau.filter.JwtTokenFilter - 请求路径：/articles/mostShare
2026-03-01 11:09:44.787 [http-nio-8080-exec-5] INFO  com.sau.filter.JwtTokenFilter - 请求路径：/articles/mostStar
2026-03-01 11:09:44.798 [http-nio-8080-exec-10] INFO  com.sau.filter.JwtTokenFilter - 请求路径：/articles/mostShare
2026-03-01 11:09:46.580 [http-nio-8080-exec-6] INFO  com.sau.filter.JwtTokenFilter - 请求路径：/articles
2026-03-01 11:09:46.580 [http-nio-8080-exec-2] INFO  com.sau.filter.JwtTokenFilter - 请求路径：/articles/hot
2026-03-01 11:09:46.580 [http-nio-8080-exec-8] INFO  com.sau.filter.JwtTokenFilter - 请求路径：/categories
2026-03-01 11:09:46.580 [http-nio-8080-exec-9] INFO  com.sau.filter.JwtTokenFilter - 请求路径：/tags
2026-03-01 11:09:46.580 [http-nio-8080-exec-3] INFO  com.sau.filter.JwtTokenFilter - 请求路径：/articles/mostStar
2026-03-01 11:09:46.580 [http-nio-8080-exec-4] INFO  com.sau.filter.JwtTokenFilter - 请求路径：/articles/mostLike
2026-03-01 11:09:46.593 [http-nio-8080-exec-7] INFO  com.sau.filter.JwtTokenFilter - 请求路径：/articles/mostShare
2026-03-01 11:09:47.785 [http-nio-8080-exec-1] INFO  com.sau.filter.JwtTokenFilter - 请求路径：/articles/mostStar
2026-03-01 11:09:47.794 [http-nio-8080-exec-5] INFO  com.sau.filter.JwtTokenFilter - 请求路径：/articles/mostShare
2026-03-01 11:21:52.281 [http-nio-8080-exec-10] INFO  com.sau.filter.JwtTokenFilter - 请求路径：/articles
2026-03-01 11:21:52.281 [http-nio-8080-exec-6] INFO  com.sau.filter.JwtTokenFilter - 请求路径：/articles/hot
2026-03-01 11:21:52.281 [http-nio-8080-exec-9] INFO  com.sau.filter.JwtTokenFilter - 请求路径：/tags
2026-03-01 11:21:52.284 [http-nio-8080-exec-8] INFO  com.sau.filter.JwtTokenFilter - 请求路径：/categories
2026-03-01 11:21:52.285 [http-nio-8080-exec-10] INFO  com.sau.filter.JwtTokenFilter - 请求路径：/articles/mostLike
2026-03-01 11:21:52.286 [http-nio-8080-exec-4] INFO  com.sau.filter.JwtTokenFilter - 请求路径：/articles/mostStar
2026-03-01 11:21:52.327 [http-nio-8080-exec-2] INFO  com.sau.filter.JwtTokenFilter - 请求路径：/articles/mostShare
2026-03-01 11:22:00.139 [http-nio-8080-exec-5] INFO  com.sau.filter.JwtTokenFilter - 请求路径：/tags
2026-03-01 11:22:00.139 [http-nio-8080-exec-6] INFO  com.sau.filter.JwtTokenFilter - 请求路径：/categories
2026-03-01 11:22:00.139 [http-nio-8080-exec-1] INFO  com.sau.filter.JwtTokenFilter - 请求路径：/articles/hot
2026-03-01 11:22:00.139 [http-nio-8080-exec-7] INFO  com.sau.filter.JwtTokenFilter - 请求路径：/articles
2026-03-01 11:22:00.139 [http-nio-8080-exec-3] INFO  com.sau.filter.JwtTokenFilter - 请求路径：/articles/mostStar
2026-03-01 11:22:00.139 [http-nio-8080-exec-9] INFO  com.sau.filter.JwtTokenFilter - 请求路径：/articles/mostLike
2026-03-01 11:22:00.150 [http-nio-8080-exec-10] INFO  com.sau.filter.JwtTokenFilter - 请求路径：/articles/mostShare
2026-03-01 11:28:04.571 [http-nio-8080-exec-1] INFO  com.sau.filter.JwtTokenFilter - 请求路径：/articles/mostStar
2026-03-01 11:28:04.571 [http-nio-8080-exec-5] INFO  com.sau.filter.JwtTokenFilter - 请求路径：/articles/mostLike
2026-03-01 11:28:04.571 [http-nio-8080-exec-3] INFO  com.sau.filter.JwtTokenFilter - 请求路径：/categories
2026-03-01 11:28:04.571 [http-nio-8080-exec-4] INFO  com.sau.filter.JwtTokenFilter - 请求路径：/articles/hot
2026-03-01 11:28:04.571 [http-nio-8080-exec-2] INFO  com.sau.filter.JwtTokenFilter - 请求路径：/tags
2026-03-01 11:28:04.571 [http-nio-8080-exec-8] INFO  com.sau.filter.JwtTokenFilter - 请求路径：/articles
2026-03-01 11:28:04.604 [http-nio-8080-exec-7] INFO  com.sau.filter.JwtTokenFilter - 请求路径：/articles/mostShare
2026-03-01 11:28:10.882 [http-nio-8080-exec-9] INFO  com.sau.filter.JwtTokenFilter - 请求路径：/articles
2026-03-01 11:28:10.882 [http-nio-8080-exec-6] INFO  com.sau.filter.JwtTokenFilter - 请求路径：/articles/hot
2026-03-01 11:28:10.882 [http-nio-8080-exec-10] INFO  com.sau.filter.JwtTokenFilter - 请求路径：/tags
2026-03-01 11:28:10.882 [http-nio-8080-exec-4] INFO  com.sau.filter.JwtTokenFilter - 请求路径：/categories
2026-03-01 11:28:10.882 [http-nio-8080-exec-2] INFO  com.sau.filter.JwtTokenFilter - 请求路径：/articles/mostLike
2026-03-01 11:28:10.882 [http-nio-8080-exec-5] INFO  com.sau.filter.JwtTokenFilter - 请求路径：/articles/mostStar
2026-03-01 11:28:10.894 [http-nio-8080-exec-8] INFO  com.sau.filter.JwtTokenFilter - 请求路径：/articles/mostShare
2026-03-01 11:28:14.647 [http-nio-8080-exec-3] INFO  com.sau.filter.JwtTokenFilter - 请求路径：/articles/mostStar
2026-03-01 11:28:14.677 [http-nio-8080-exec-1] INFO  com.sau.filter.JwtTokenFilter - 请求路径：/articles/mostShare
2026-03-01 11:28:19.668 [http-nio-8080-exec-9] INFO  com.sau.filter.JwtTokenFilter - 请求路径：/articles
2026-03-01 11:28:19.668 [http-nio-8080-exec-7] INFO  com.sau.filter.JwtTokenFilter - 请求路径：/articles/hot
2026-03-01 11:28:19.669 [http-nio-8080-exec-5] INFO  com.sau.filter.JwtTokenFilter - 请求路径：/categories
2026-03-01 11:28:19.669 [http-nio-8080-exec-2] INFO  com.sau.filter.JwtTokenFilter - 请求路径：/tags
2026-03-01 11:28:19.669 [http-nio-8080-exec-4] INFO  com.sau.filter.JwtTokenFilter - 请求路径：/articles/mostLike
2026-03-01 11:28:19.669 [http-nio-8080-exec-10] INFO  com.sau.filter.JwtTokenFilter - 请求路径：/articles/mostStar
2026-03-01 11:28:19.678 [http-nio-8080-exec-6] INFO  com.sau.filter.JwtTokenFilter - 请求路径：/articles/mostShare
2026-03-01 11:28:21.625 [http-nio-8080-exec-8] INFO  com.sau.filter.JwtTokenFilter - 请求路径：/articles
2026-03-01 11:28:21.625 [http-nio-8080-exec-3] INFO  com.sau.filter.JwtTokenFilter - 请求路径：/tags
2026-03-01 11:28:21.625 [http-nio-8080-exec-1] INFO  com.sau.filter.JwtTokenFilter - 请求路径：/articles/hot
2026-03-01 11:28:21.629 [http-nio-8080-exec-7] INFO  com.sau.filter.JwtTokenFilter - 请求路径：/categories
2026-03-01 11:28:21.629 [http-nio-8080-exec-5] INFO  com.sau.filter.JwtTokenFilter - 请求路径：/articles/mostLike
2026-03-01 11:28:21.629 [http-nio-8080-exec-10] INFO  com.sau.filter.JwtTokenFilter - 请求路径：/articles/mostStar
2026-03-01 11:28:21.639 [http-nio-8080-exec-2] INFO  com.sau.filter.JwtTokenFilter - 请求路径：/articles/mostShare
2026-03-01 11:29:16.630 [http-nio-8080-exec-4] INFO  com.sau.filter.JwtTokenFilter - 请求路径：/articles
2026-03-01 11:29:16.630 [http-nio-8080-exec-8] INFO  com.sau.filter.JwtTokenFilter - 请求路径：/categories
2026-03-01 11:29:16.630 [http-nio-8080-exec-6] INFO  com.sau.filter.JwtTokenFilter - 请求路径：/tags
2026-03-01 11:29:16.630 [http-nio-8080-exec-9] INFO  com.sau.filter.JwtTokenFilter - 请求路径：/articles/hot
2026-03-01 11:29:16.630 [http-nio-8080-exec-1] INFO  com.sau.filter.JwtTokenFilter - 请求路径：/articles/mostLike
2026-03-01 11:29:16.630 [http-nio-8080-exec-7] INFO  com.sau.filter.JwtTokenFilter - 请求路径：/articles/mostStar
2026-03-01 11:29:16.642 [http-nio-8080-exec-5] INFO  com.sau.filter.JwtTokenFilter - 请求路径：/articles/mostShare
2026-03-01 11:29:21.789 [http-nio-8080-exec-3] INFO  com.sau.filter.JwtTokenFilter - 请求路径：/articles
2026-03-01 11:29:21.793 [http-nio-8080-exec-9] INFO  com.sau.filter.JwtTokenFilter - 请求路径：/articles/mostLike
2026-03-01 11:29:21.793 [http-nio-8080-exec-2] INFO  com.sau.filter.JwtTokenFilter - 请求路径：/tags
2026-03-01 11:29:21.793 [http-nio-8080-exec-7] INFO  com.sau.filter.JwtTokenFilter - 请求路径：/categories
2026-03-01 11:29:21.793 [http-nio-8080-exec-10] INFO  com.sau.filter.JwtTokenFilter - 请求路径：/articles/hot
2026-03-01 11:29:21.793 [http-nio-8080-exec-1] INFO  com.sau.filter.JwtTokenFilter - 请求路径：/articles/mostStar
2026-03-01 11:29:21.804 [http-nio-8080-exec-8] INFO  com.sau.filter.JwtTokenFilter - 请求路径：/articles/mostShare
2026-03-01 11:31:39.370 [http-nio-8080-exec-6] INFO  com.sau.filter.JwtTokenFilter - 请求路径：/login
2026-03-01 11:31:39.401 [http-nio-8080-exec-6] INFO  com.sau.controller.LoginController - 登录请求: 账号=zhaojinyu, rememberMe=false
2026-03-01 11:31:39.421 [http-nio-8080-exec-6] INFO  com.zaxxer.hikari.HikariDataSource - HikariPool-1 - Starting...
2026-03-01 11:31:39.681 [http-nio-8080-exec-6] INFO  com.zaxxer.hikari.pool.HikariPool - HikariPool-1 - Added connection com.mysql.cj.jdbc.ConnectionImpl@78172768
2026-03-01 11:31:39.682 [http-nio-8080-exec-6] INFO  com.zaxxer.hikari.HikariDataSource - HikariPool-1 - Start completed.
2026-03-01 11:31:39.966 [http-nio-8080-exec-6] INFO  c.sau.service.impl.AuthServiceImpl - 登录成功，用户信息: User(id=1, name=赵瑾瑜, username=zhaojinyu, account=null, password=$2a$12$kFEfURVVsiK7ulY7UvnreegZkQGJFSIzBIUno1dtEq9rHr3.LzREK, email=88888@qq.com, phone=18866668888, image=https://java-ai-sau.oss-cn-beijing.aliyuncs.com/2025/04/312b700a-e1c7-42bf-aa23-5db8dc7121a6.jpg, status=1, userType=1, createTime=null, updateTime=null)
2026-03-01 11:31:40.142 [http-nio-8080-exec-6] INFO  c.sau.service.impl.AuthServiceImpl - 生成accessToken：eyJhbGciOiJIUzI1NiJ9.eyJ1c2VySWQiOjEsInVzZXJuYW1lIjoiemhhb2ppbnl1IiwiZXhwIjoxNzcyMzM2ODAwfQ.Y1j3l8GIgqlNeFPWv_k_br62zRpCSGKgPFDr2I-YQIQ
2026-03-01 11:31:40.151 [http-nio-8080-exec-6] INFO  com.sau.utils.RedisTokenUtils - 保存accessToken到Redis: access_token:1=eyJhbGciOiJIUzI1NiJ9.eyJ1c2VySWQiOjEsInVzZXJuYW1lIjoiemhhb2ppbnl1IiwiZXhwIjoxNzcyMzM2ODAwfQ.Y1j3l8GIgqlNeFPWv_k_br62zRpCSGKgPFDr2I-YQIQ
2026-03-01 11:31:40.152 [http-nio-8080-exec-6] INFO  c.sau.service.impl.AuthServiceImpl - 生成refreshToken：eyJhbGciOiJIUzI1NiJ9.eyJ1c2VySWQiOjEsInVzZXJuYW1lIjoiemhhb2ppbnl1IiwiZXhwIjoxNzcyNDIyMzAwfQ.gohbdXokRiCVKFleQbS3z3PW90jYZaPd1YQ9SRYZG3c
2026-03-01 11:31:40.152 [http-nio-8080-exec-6] INFO  com.sau.utils.RedisTokenUtils - 保存refreshToken到Redis: refresh_token:1=eyJhbGciOiJIUzI1NiJ9.eyJ1c2VySWQiOjEsInVzZXJuYW1lIjoiemhhb2ppbnl1IiwiZXhwIjoxNzcyNDIyMzAwfQ.gohbdXokRiCVKFleQbS3z3PW90jYZaPd1YQ9SRYZG3c
2026-03-01 11:31:40.152 [http-nio-8080-exec-6] INFO  com.sau.controller.LoginController - 设置refreshToken到Cookie: eyJhbGciOiJIUzI1NiJ9.eyJ1c2VySWQiOjEsInVzZXJuYW1lIjoiemhhb2ppbnl1IiwiZXhwIjoxNzcyNDIyMzAwfQ.gohbdXokRiCVKFleQbS3z3PW90jYZaPd1YQ9SRYZG3c
2026-03-01 11:31:40.157 [http-nio-8080-exec-6] INFO  com.sau.aop.OperationLogAspect - 记录操作日志: OperateLog(id=null, operateUserId=null, operateTime=2026-03-01T11:31:40.156341, className=com.sau.controller.LoginController, methodName=login, methodParams=[LoginDTO(account=zhaojinyu, password=123456, rememberMe=false), org.springframework.web.context.request.async.StandardServletAsyncWebRequest$LifecycleHttpServletResponse@3f78252d], returnValue=Result(code=1, msg=null, data=LoginVO(name=赵瑾瑜, username=zhaojinyu, avatar=https://java-ai-sau.oss-cn-beijing.aliyuncs.com/2025/04/312b700a-e1c7-42bf-aa23-5db8dc7121a6.jpg, token=eyJhbGciOiJIUzI1NiJ9.eyJ1c2VySWQiOjEsInVzZXJuYW1lIjoiemhhb2ppbnl1IiwiZXhwIjoxNzcyMzM2ODAwfQ.Y1j3l8GIgqlNeFPWv_k_br62zRpCSGKgPFDr2I-YQIQ)), costTime=755)
2026-03-01 11:31:40.217 [http-nio-8080-exec-4] INFO  com.sau.filter.JwtTokenFilter - 请求路径：/articles
2026-03-01 11:31:40.218 [http-nio-8080-exec-5] INFO  com.sau.filter.JwtTokenFilter - 请求路径：/articles/hot
2026-03-01 11:31:40.219 [http-nio-8080-exec-3] INFO  com.sau.filter.JwtTokenFilter - 请求路径：/tags
2026-03-01 11:31:40.219 [http-nio-8080-exec-2] INFO  com.sau.filter.JwtTokenFilter - 请求路径：/articles/mostLike
2026-03-01 11:31:40.219 [http-nio-8080-exec-9] INFO  com.sau.filter.JwtTokenFilter - 请求路径：/articles/mostStar
2026-03-01 11:31:40.219 [http-nio-8080-exec-7] INFO  com.sau.filter.JwtTokenFilter - 请求路径：/categories
2026-03-01 11:31:40.302 [http-nio-8080-exec-10] INFO  com.sau.filter.JwtTokenFilter - 请求路径：/articles/mostShare
2026-03-01 11:56:20.408 [http-nio-8080-exec-2] INFO  com.sau.filter.JwtTokenFilter - 请求路径：/articles/mostStar
2026-03-01 11:56:20.408 [http-nio-8080-exec-7] INFO  com.sau.filter.JwtTokenFilter - 请求路径：/categories
2026-03-01 11:56:20.408 [http-nio-8080-exec-1] INFO  com.sau.filter.JwtTokenFilter - 请求路径：/articles
2026-03-01 11:56:20.408 [http-nio-8080-exec-8] INFO  com.sau.filter.JwtTokenFilter - 请求路径：/articles/hot
2026-03-01 11:56:20.408 [http-nio-8080-exec-3] INFO  com.sau.filter.JwtTokenFilter - 请求路径：/articles/mostLike
2026-03-01 11:56:20.408 [http-nio-8080-exec-6] INFO  com.sau.filter.JwtTokenFilter - 请求路径：/tags
2026-03-01 11:56:20.508 [http-nio-8080-exec-9] INFO  com.sau.filter.JwtTokenFilter - 请求路径：/articles/mostShare
2026-03-01 11:56:24.011 [http-nio-8080-exec-4] INFO  com.sau.filter.JwtTokenFilter - 请求路径：/articles
2026-03-01 11:56:24.011 [http-nio-8080-exec-10] INFO  com.sau.filter.JwtTokenFilter - 请求路径：/tags
2026-03-01 11:56:24.011 [http-nio-8080-exec-3] INFO  com.sau.filter.JwtTokenFilter - 请求路径：/articles/mostStar
2026-03-01 11:56:24.011 [http-nio-8080-exec-5] INFO  com.sau.filter.JwtTokenFilter - 请求路径：/articles/hot
2026-03-01 11:56:24.011 [http-nio-8080-exec-8] INFO  com.sau.filter.JwtTokenFilter - 请求路径：/articles/mostLike
2026-03-01 11:56:24.011 [http-nio-8080-exec-2] INFO  com.sau.filter.JwtTokenFilter - 请求路径：/categories
2026-03-01 11:56:24.027 [http-nio-8080-exec-7] INFO  com.sau.filter.JwtTokenFilter - 请求路径：/articles/mostShare
2026-03-01 13:15:11.088 [http-nio-8080-exec-10] INFO  com.sau.filter.JwtTokenFilter - 请求路径：/articles/mostStar
2026-03-01 13:15:11.088 [http-nio-8080-exec-4] INFO  com.sau.filter.JwtTokenFilter - 请求路径：/categories
2026-03-01 13:15:11.088 [http-nio-8080-exec-9] INFO  com.sau.filter.JwtTokenFilter - 请求路径：/tags
2026-03-01 13:15:11.088 [http-nio-8080-exec-3] INFO  com.sau.filter.JwtTokenFilter - 请求路径：/articles/mostLike
2026-03-01 13:15:11.088 [http-nio-8080-exec-1] INFO  com.sau.filter.JwtTokenFilter - 请求路径：/articles
2026-03-01 13:15:11.088 [http-nio-8080-exec-6] INFO  com.sau.filter.JwtTokenFilter - 请求路径：/articles/hot
2026-03-01 13:15:11.147 [http-nio-8080-exec-5] INFO  com.sau.filter.JwtTokenFilter - 请求路径：/articles/mostShare
2026-03-01 13:15:19.838 [http-nio-8080-exec-2] INFO  com.sau.filter.JwtTokenFilter - 请求路径：/articles
2026-03-01 13:15:19.838 [http-nio-8080-exec-8] INFO  com.sau.filter.JwtTokenFilter - 请求路径：/articles/hot
2026-03-01 13:15:19.838 [http-nio-8080-exec-1] INFO  com.sau.filter.JwtTokenFilter - 请求路径：/categories
2026-03-01 13:15:19.838 [http-nio-8080-exec-7] INFO  com.sau.filter.JwtTokenFilter - 请求路径：/tags
2026-03-01 13:15:19.838 [http-nio-8080-exec-3] INFO  com.sau.filter.JwtTokenFilter - 请求路径：/articles/mostLike
2026-03-01 13:15:19.838 [http-nio-8080-exec-6] INFO  com.sau.filter.JwtTokenFilter - 请求路径：/articles/mostStar
2026-03-01 13:15:19.899 [http-nio-8080-exec-10] INFO  com.sau.filter.JwtTokenFilter - 请求路径：/articles/mostShare
2026-03-01 13:23:12.906 [http-nio-8080-exec-4] INFO  com.sau.filter.JwtTokenFilter - 请求路径：/articles
2026-03-01 13:23:12.906 [http-nio-8080-exec-9] INFO  com.sau.filter.JwtTokenFilter - 请求路径：/articles/hot
2026-03-01 13:23:12.908 [http-nio-8080-exec-5] INFO  com.sau.filter.JwtTokenFilter - 请求路径：/tags
2026-03-01 13:23:12.910 [http-nio-8080-exec-3] INFO  com.sau.filter.JwtTokenFilter - 请求路径：/categories
2026-03-01 13:23:12.911 [http-nio-8080-exec-7] INFO  com.sau.filter.JwtTokenFilter - 请求路径：/articles/mostLike
2026-03-01 13:23:12.911 [http-nio-8080-exec-6] INFO  com.sau.filter.JwtTokenFilter - 请求路径：/articles/mostStar
2026-03-01 13:23:12.919 [http-nio-8080-exec-8] INFO  com.sau.filter.JwtTokenFilter - 请求路径：/tags
2026-03-01 13:23:12.919 [http-nio-8080-exec-1] INFO  com.sau.filter.JwtTokenFilter - 请求路径：/articles/hot
2026-03-01 13:23:12.919 [http-nio-8080-exec-2] INFO  com.sau.filter.JwtTokenFilter - 请求路径：/articles
2026-03-01 13:23:12.919 [http-nio-8080-exec-10] INFO  com.sau.filter.JwtTokenFilter - 请求路径：/categories
2026-03-01 13:23:12.919 [http-nio-8080-exec-4] INFO  com.sau.filter.JwtTokenFilter - 请求路径：/articles/mostLike
2026-03-01 13:23:12.919 [http-nio-8080-exec-5] INFO  com.sau.filter.JwtTokenFilter - 请求路径：/articles/mostStar
2026-03-01 13:23:12.935 [http-nio-8080-exec-9] INFO  com.sau.filter.JwtTokenFilter - 请求路径：/articles/mostShare
2026-03-01 13:23:12.939 [http-nio-8080-exec-3] INFO  com.sau.filter.JwtTokenFilter - 请求路径：/articles/mostShare
2026-03-01 13:24:02.829 [http-nio-8080-exec-6] INFO  com.sau.filter.JwtTokenFilter - 请求路径：/articles/hot
2026-03-01 13:24:02.829 [http-nio-8080-exec-7] INFO  com.sau.filter.JwtTokenFilter - 请求路径：/articles
2026-03-01 13:24:02.829 [http-nio-8080-exec-8] INFO  com.sau.filter.JwtTokenFilter - 请求路径：/tags
2026-03-01 13:24:02.830 [http-nio-8080-exec-1] INFO  com.sau.filter.JwtTokenFilter - 请求路径：/categories
2026-03-01 13:24:02.830 [http-nio-8080-exec-10] INFO  com.sau.filter.JwtTokenFilter - 请求路径：/articles/mostLike
2026-03-01 13:24:02.830 [http-nio-8080-exec-2] INFO  com.sau.filter.JwtTokenFilter - 请求路径：/articles/mostStar
2026-03-01 13:24:02.840 [http-nio-8080-exec-5] INFO  com.sau.filter.JwtTokenFilter - 请求路径：/articles/mostShare
2026-03-01 13:24:44.422 [http-nio-8080-exec-4] INFO  com.sau.filter.JwtTokenFilter - 请求路径：/send-register-code
2026-03-01 13:24:44.972 [http-nio-8080-exec-4] INFO  c.sau.service.third.CaptchaService - 阿里云安全验证成功,VerifyCode: T001
2026-03-01 13:24:45.505 [http-nio-8080-exec-4] INFO  com.sau.service.third.EmailService - 邮件验证码发送成功，邮箱：776393086@qq.com
2026-03-01 13:24:45.505 [http-nio-8080-exec-4] INFO  com.sau.aop.OperationLogAspect - 记录操作日志: OperateLog(id=null, operateUserId=null, operateTime=2026-03-01T13:24:45.505800300, className=com.sau.controller.RegisterController, methodName=sendRegisterCode, methodParams=[776393086@qq.com, eyJjZXJ0aWZ5SWQiOiJadGpsS2ROV1JRIiwic2NlbmVJZCI6IjFoMjIybmthIiwiaXNTaWduIjp0cnVlLCJzZWN1cml0eVRva2VuIjoiNm9PbzdlNzJuQTYxdVZMaVpWS2lMWDNMcjVGaFNoK1RMRnRBWEhwZStxcCsxUko2R0tESnl6SVlPcWh3ak0zUUV6bnRubGxmUGJJMlZTT0hxOGp6TGNXODFNbS9KSlhFc0Nqb3JPeE9sK2pBMDZRLzY5em5jQkkxSTlSQXBGY24ifQ==], returnValue=Result(code=1, msg=null, data=null), costTime=1012)
2026-03-01 13:25:03.210 [http-nio-8080-exec-9] INFO  com.sau.filter.JwtTokenFilter - 请求路径：/register
2026-03-01 13:25:03.274 [http-nio-8080-exec-9] INFO  c.sau.controller.RegisterController - 用户注册请求：RegisterDTO(username=123456, password=a123456, email=776393086@qq.com, emailVerificationCode=12312)
2026-03-01 13:25:03.278 [http-nio-8080-exec-9] INFO  com.sau.aop.OperationLogAspect - 记录操作日志: OperateLog(id=null, operateUserId=null, operateTime=2026-03-01T13:25:03.278655, className=com.sau.controller.RegisterController, methodName=register, methodParams=[RegisterDTO(username=123456, password=a123456, email=776393086@qq.com, emailVerificationCode=12312)], returnValue=Result(code=0, msg=验证码错误, data=null), costTime=4)
2026-03-01 13:25:29.177 [http-nio-8080-exec-3] INFO  com.sau.filter.JwtTokenFilter - 请求路径：/register
2026-03-01 13:25:29.177 [http-nio-8080-exec-3] INFO  c.sau.controller.RegisterController - 用户注册请求：RegisterDTO(username=123456, password=a123456, email=776393086@qq.com, emailVerificationCode=172410)
2026-03-01 13:25:29.418 [http-nio-8080-exec-3] INFO  c.sau.service.impl.UserServiceImpl - 用户注册成功，账号：123456
2026-03-01 13:25:29.418 [http-nio-8080-exec-3] INFO  com.sau.aop.OperationLogAspect - 记录操作日志: OperateLog(id=null, operateUserId=null, operateTime=2026-03-01T13:25:29.418855200, className=com.sau.controller.RegisterController, methodName=register, methodParams=[RegisterDTO(username=123456, password=a123456, email=776393086@qq.com, emailVerificationCode=172410)], returnValue=Result(code=1, msg=null, data=null), costTime=241)
2026-03-01 13:25:41.802 [http-nio-8080-exec-10] INFO  com.sau.filter.JwtTokenFilter - 请求路径：/login
2026-03-01 13:25:41.802 [http-nio-8080-exec-10] INFO  com.sau.controller.LoginController - 登录请求: 账号=123456, rememberMe=false
2026-03-01 13:25:42.043 [http-nio-8080-exec-10] INFO  c.sau.service.impl.AuthServiceImpl - 登录成功，用户信息: User(id=9, name=123456, username=123456, account=null, password=$2a$12$WM0JTsO15pLT.PhazWtXLOpoQv1F0Kr2KP0CEkIJ1Ki44KyuBWhh., email=776393086@qq.com, phone=null, image=null, status=1, userType=0, createTime=2026-03-01T13:25:29, updateTime=null)
2026-03-01 13:25:42.044 [http-nio-8080-exec-10] INFO  c.sau.service.impl.AuthServiceImpl - 生成accessToken：eyJhbGciOiJIUzI1NiJ9.eyJ1c2VySWQiOjksInVzZXJuYW1lIjoiMTIzNDU2IiwiZXhwIjoxNzcyMzQzNjQyfQ.uqatGTMZbP28XMdQhvpv7UEtiyPPiaJ4UxCTcVbJq28
2026-03-01 13:25:42.045 [http-nio-8080-exec-10] INFO  com.sau.utils.RedisTokenUtils - 保存accessToken到Redis: access_token:9=eyJhbGciOiJIUzI1NiJ9.eyJ1c2VySWQiOjksInVzZXJuYW1lIjoiMTIzNDU2IiwiZXhwIjoxNzcyMzQzNjQyfQ.uqatGTMZbP28XMdQhvpv7UEtiyPPiaJ4UxCTcVbJq28
2026-03-01 13:25:42.045 [http-nio-8080-exec-10] INFO  c.sau.service.impl.AuthServiceImpl - 生成refreshToken：eyJhbGciOiJIUzI1NiJ9.eyJ1c2VySWQiOjksInVzZXJuYW1lIjoiMTIzNDU2IiwiZXhwIjoxNzcyNDI5MTQyfQ.Zw-CX1QE8pjbjcRCW8KeOjK3pD9ylU_P8OjwzMtHUkU
2026-03-01 13:25:42.046 [http-nio-8080-exec-10] INFO  com.sau.utils.RedisTokenUtils - 保存refreshToken到Redis: refresh_token:9=eyJhbGciOiJIUzI1NiJ9.eyJ1c2VySWQiOjksInVzZXJuYW1lIjoiMTIzNDU2IiwiZXhwIjoxNzcyNDI5MTQyfQ.Zw-CX1QE8pjbjcRCW8KeOjK3pD9ylU_P8OjwzMtHUkU
2026-03-01 13:25:42.046 [http-nio-8080-exec-10] INFO  com.sau.controller.LoginController - 设置refreshToken到Cookie: eyJhbGciOiJIUzI1NiJ9.eyJ1c2VySWQiOjksInVzZXJuYW1lIjoiMTIzNDU2IiwiZXhwIjoxNzcyNDI5MTQyfQ.Zw-CX1QE8pjbjcRCW8KeOjK3pD9ylU_P8OjwzMtHUkU
2026-03-01 13:25:42.046 [http-nio-8080-exec-10] INFO  com.sau.aop.OperationLogAspect - 记录操作日志: OperateLog(id=null, operateUserId=null, operateTime=2026-03-01T13:25:42.046568700, className=com.sau.controller.LoginController, methodName=login, methodParams=[LoginDTO(account=123456, password=a123456, rememberMe=false), org.springframework.web.context.request.async.StandardServletAsyncWebRequest$LifecycleHttpServletResponse@1f66f0de], returnValue=Result(code=1, msg=null, data=LoginVO(name=123456, username=123456, avatar=null, token=eyJhbGciOiJIUzI1NiJ9.eyJ1c2VySWQiOjksInVzZXJuYW1lIjoiMTIzNDU2IiwiZXhwIjoxNzcyMzQzNjQyfQ.uqatGTMZbP28XMdQhvpv7UEtiyPPiaJ4UxCTcVbJq28)), costTime=244)
2026-03-01 13:25:42.121 [http-nio-8080-exec-8] INFO  com.sau.filter.JwtTokenFilter - 请求路径：/articles
2026-03-01 13:25:42.121 [http-nio-8080-exec-6] INFO  com.sau.filter.JwtTokenFilter - 请求路径：/articles/hot
2026-03-01 13:25:42.121 [http-nio-8080-exec-7] INFO  com.sau.filter.JwtTokenFilter - 请求路径：/tags
2026-03-01 13:25:42.121 [http-nio-8080-exec-2] INFO  com.sau.filter.JwtTokenFilter - 请求路径：/categories
2026-03-01 13:25:42.121 [http-nio-8080-exec-1] INFO  com.sau.filter.JwtTokenFilter - 请求路径：/articles/mostLike
2026-03-01 13:25:42.122 [http-nio-8080-exec-5] INFO  com.sau.filter.JwtTokenFilter - 请求路径：/articles/mostStar
2026-03-01 13:25:42.141 [http-nio-8080-exec-4] INFO  com.sau.filter.JwtTokenFilter - 请求路径：/articles/mostShare
2026-03-01 13:28:59.971 [http-nio-8080-exec-9] INFO  com.sau.filter.JwtTokenFilter - 请求路径：/articles
2026-03-01 13:28:59.971 [http-nio-8080-exec-10] INFO  com.sau.filter.JwtTokenFilter - 请求路径：/tags
2026-03-01 13:28:59.971 [http-nio-8080-exec-3] INFO  com.sau.filter.JwtTokenFilter - 请求路径：/articles/hot
2026-03-01 13:28:59.983 [http-nio-8080-exec-1] INFO  com.sau.filter.JwtTokenFilter - 请求路径：/articles/mostLike
2026-03-01 13:28:59.983 [http-nio-8080-exec-2] INFO  com.sau.filter.JwtTokenFilter - 请求路径：/categories
2026-03-01 13:28:59.984 [http-nio-8080-exec-6] INFO  com.sau.filter.JwtTokenFilter - 请求路径：/articles/mostStar
2026-03-01 13:29:00.035 [http-nio-8080-exec-7] INFO  com.sau.filter.JwtTokenFilter - 请求路径：/articles/mostShare
2026-03-01 13:47:20.950 [http-nio-8080-exec-4] INFO  com.sau.filter.JwtTokenFilter - 请求路径：/categories
2026-03-01 13:47:20.950 [http-nio-8080-exec-10] INFO  com.sau.filter.JwtTokenFilter - 请求路径：/tags
2026-03-01 13:47:20.950 [http-nio-8080-exec-5] INFO  com.sau.filter.JwtTokenFilter - 请求路径：/articles
2026-03-01 13:47:20.950 [http-nio-8080-exec-8] INFO  com.sau.filter.JwtTokenFilter - 请求路径：/articles/hot
2026-03-01 13:47:20.950 [http-nio-8080-exec-3] INFO  com.sau.filter.JwtTokenFilter - 请求路径：/articles/mostStar
2026-03-01 13:47:20.950 [http-nio-8080-exec-9] INFO  com.sau.filter.JwtTokenFilter - 请求路径：/articles/mostLike
2026-03-01 13:47:20.964 [http-nio-8080-exec-2] INFO  com.sau.filter.JwtTokenFilter - 请求路径：/articles/mostShare
2026-03-01 13:47:21.900 [http-nio-8080-exec-1] INFO  com.sau.filter.JwtTokenFilter - 请求路径：/articles
2026-03-01 13:47:21.900 [http-nio-8080-exec-6] INFO  com.sau.filter.JwtTokenFilter - 请求路径：/articles/hot
2026-03-01 13:47:21.903 [http-nio-8080-exec-7] INFO  com.sau.filter.JwtTokenFilter - 请求路径：/tags
2026-03-01 13:47:21.903 [http-nio-8080-exec-4] INFO  com.sau.filter.JwtTokenFilter - 请求路径：/categories
2026-03-01 13:47:21.904 [http-nio-8080-exec-9] INFO  com.sau.filter.JwtTokenFilter - 请求路径：/articles/mostLike
2026-03-01 13:47:21.954 [http-nio-8080-exec-10] INFO  com.sau.filter.JwtTokenFilter - 请求路径：/articles/mostStar
2026-03-01 13:47:21.964 [http-nio-8080-exec-3] INFO  com.sau.filter.JwtTokenFilter - 请求路径：/articles/mostShare
2026-03-01 13:47:22.051 [http-nio-8080-exec-8] INFO  com.sau.filter.JwtTokenFilter - 请求路径：/articles
2026-03-01 13:47:22.051 [http-nio-8080-exec-5] INFO  com.sau.filter.JwtTokenFilter - 请求路径：/articles/mostLike
2026-03-01 13:47:22.051 [http-nio-8080-exec-2] INFO  com.sau.filter.JwtTokenFilter - 请求路径：/categories
2026-03-01 13:47:22.052 [http-nio-8080-exec-1] INFO  com.sau.filter.JwtTokenFilter - 请求路径：/tags
2026-03-01 13:47:22.052 [http-nio-8080-exec-6] INFO  com.sau.filter.JwtTokenFilter - 请求路径：/articles/hot
2026-03-01 13:47:22.102 [http-nio-8080-exec-7] INFO  com.sau.filter.JwtTokenFilter - 请求路径：/articles/mostStar
2026-03-01 13:47:22.116 [http-nio-8080-exec-4] INFO  com.sau.filter.JwtTokenFilter - 请求路径：/articles/mostShare
2026-03-01 13:47:22.202 [http-nio-8080-exec-10] INFO  com.sau.filter.JwtTokenFilter - 请求路径：/articles/hot
2026-03-01 13:47:22.202 [http-nio-8080-exec-9] INFO  com.sau.filter.JwtTokenFilter - 请求路径：/articles
2026-03-01 13:47:22.202 [http-nio-8080-exec-3] INFO  com.sau.filter.JwtTokenFilter - 请求路径：/categories
2026-03-01 13:47:22.202 [http-nio-8080-exec-2] INFO  com.sau.filter.JwtTokenFilter - 请求路径：/articles/mostLike
2026-03-01 13:47:22.202 [http-nio-8080-exec-8] INFO  com.sau.filter.JwtTokenFilter - 请求路径：/tags
2026-03-01 13:47:31.935 [http-nio-8080-exec-7] INFO  com.sau.filter.JwtTokenFilter - 请求路径：/categories
2026-03-01 13:47:31.935 [http-nio-8080-exec-6] INFO  com.sau.filter.JwtTokenFilter - 请求路径：/articles/hot
2026-03-01 13:47:31.935 [http-nio-8080-exec-4] INFO  com.sau.filter.JwtTokenFilter - 请求路径：/articles/mostLike
2026-03-01 13:47:31.935 [http-nio-8080-exec-5] INFO  com.sau.filter.JwtTokenFilter - 请求路径：/articles
2026-03-01 13:47:31.935 [http-nio-8080-exec-8] INFO  com.sau.filter.JwtTokenFilter - 请求路径：/articles/mostStar
2026-03-01 13:47:31.935 [http-nio-8080-exec-1] INFO  com.sau.filter.JwtTokenFilter - 请求路径：/tags
2026-03-01 13:47:31.996 [http-nio-8080-exec-3] INFO  com.sau.filter.JwtTokenFilter - 请求路径：/articles/mostShare
2026-03-01 13:47:36.934 [http-nio-8080-exec-10] INFO  com.sau.filter.JwtTokenFilter - 请求路径：/articles
2026-03-01 13:47:36.934 [http-nio-8080-exec-9] INFO  com.sau.filter.JwtTokenFilter - 请求路径：/tags
2026-03-01 13:47:36.934 [http-nio-8080-exec-2] INFO  com.sau.filter.JwtTokenFilter - 请求路径：/articles/hot
2026-03-01 13:47:36.935 [http-nio-8080-exec-7] INFO  com.sau.filter.JwtTokenFilter - 请求路径：/categories
2026-03-01 13:47:36.940 [http-nio-8080-exec-1] INFO  com.sau.filter.JwtTokenFilter - 请求路径：/articles/mostLike
2026-03-01 13:47:36.940 [http-nio-8080-exec-4] INFO  com.sau.filter.JwtTokenFilter - 请求路径：/articles/mostStar
2026-03-01 13:47:36.956 [http-nio-8080-exec-8] INFO  com.sau.filter.JwtTokenFilter - 请求路径：/articles/mostShare
2026-03-01 13:47:37.077 [http-nio-8080-exec-6] INFO  com.sau.filter.JwtTokenFilter - 请求路径：/articles
2026-03-01 13:47:37.077 [http-nio-8080-exec-5] INFO  com.sau.filter.JwtTokenFilter - 请求路径：/articles/hot
2026-03-01 13:47:37.077 [http-nio-8080-exec-3] INFO  com.sau.filter.JwtTokenFilter - 请求路径：/tags
2026-03-01 13:47:37.077 [http-nio-8080-exec-7] INFO  com.sau.filter.JwtTokenFilter - 请求路径：/categories
2026-03-01 13:47:37.078 [http-nio-8080-exec-2] INFO  com.sau.filter.JwtTokenFilter - 请求路径：/articles/mostLike
2026-03-01 13:47:37.078 [http-nio-8080-exec-9] INFO  com.sau.filter.JwtTokenFilter - 请求路径：/articles/mostStar
2026-03-01 13:47:37.085 [http-nio-8080-exec-10] INFO  com.sau.filter.JwtTokenFilter - 请求路径：/articles/mostShare
2026-03-01 13:47:37.235 [http-nio-8080-exec-8] INFO  com.sau.filter.JwtTokenFilter - 请求路径：/articles/hot
2026-03-01 13:47:37.235 [http-nio-8080-exec-4] INFO  com.sau.filter.JwtTokenFilter - 请求路径：/tags
2026-03-01 13:47:37.235 [http-nio-8080-exec-1] INFO  com.sau.filter.JwtTokenFilter - 请求路径：/articles
2026-03-01 13:47:37.235 [http-nio-8080-exec-7] INFO  com.sau.filter.JwtTokenFilter - 请求路径：/articles/mostLike
2026-03-01 13:47:37.236 [http-nio-8080-exec-9] INFO  com.sau.filter.JwtTokenFilter - 请求路径：/categories
2026-03-01 13:47:37.236 [http-nio-8080-exec-5] INFO  com.sau.filter.JwtTokenFilter - 请求路径：/articles/mostStar
2026-03-01 13:47:37.248 [http-nio-8080-exec-2] INFO  com.sau.filter.JwtTokenFilter - 请求路径：/articles/mostShare
2026-03-01 13:47:37.393 [http-nio-8080-exec-6] INFO  com.sau.filter.JwtTokenFilter - 请求路径：/articles
2026-03-01 13:47:37.393 [http-nio-8080-exec-3] INFO  com.sau.filter.JwtTokenFilter - 请求路径：/articles/hot
2026-03-01 13:47:37.393 [http-nio-8080-exec-8] INFO  com.sau.filter.JwtTokenFilter - 请求路径：/categories
2026-03-01 13:47:37.393 [http-nio-8080-exec-10] INFO  com.sau.filter.JwtTokenFilter - 请求路径：/articles/mostLike
2026-03-01 13:47:37.393 [http-nio-8080-exec-7] INFO  com.sau.filter.JwtTokenFilter - 请求路径：/articles/mostStar
2026-03-01 13:47:37.393 [http-nio-8080-exec-4] INFO  com.sau.filter.JwtTokenFilter - 请求路径：/tags
2026-03-01 13:47:37.401 [http-nio-8080-exec-9] INFO  com.sau.filter.JwtTokenFilter - 请求路径：/articles/mostShare
2026-03-01 13:47:37.768 [http-nio-8080-exec-5] INFO  com.sau.filter.JwtTokenFilter - 请求路径：/articles
2026-03-01 13:47:37.768 [http-nio-8080-exec-1] INFO  com.sau.filter.JwtTokenFilter - 请求路径：/tags
2026-03-01 13:47:37.768 [http-nio-8080-exec-2] INFO  com.sau.filter.JwtTokenFilter - 请求路径：/articles/hot
2026-03-01 13:47:37.768 [http-nio-8080-exec-3] INFO  com.sau.filter.JwtTokenFilter - 请求路径：/articles/mostLike
2026-03-01 13:47:37.768 [http-nio-8080-exec-8] INFO  com.sau.filter.JwtTokenFilter - 请求路径：/categories
2026-03-01 13:47:37.769 [http-nio-8080-exec-10] INFO  com.sau.filter.JwtTokenFilter - 请求路径：/articles/mostStar
2026-03-01 13:47:37.780 [http-nio-8080-exec-7] INFO  com.sau.filter.JwtTokenFilter - 请求路径：/articles/mostShare
2026-03-01 13:47:37.939 [http-nio-8080-exec-9] INFO  com.sau.filter.JwtTokenFilter - 请求路径：/tags
2026-03-01 13:47:37.939 [http-nio-8080-exec-6] INFO  com.sau.filter.JwtTokenFilter - 请求路径：/articles/hot
2026-03-01 13:47:37.939 [http-nio-8080-exec-4] INFO  com.sau.filter.JwtTokenFilter - 请求路径：/articles
2026-03-01 13:47:37.939 [http-nio-8080-exec-8] INFO  com.sau.filter.JwtTokenFilter - 请求路径：/articles/mostLike
2026-03-01 13:47:37.939 [http-nio-8080-exec-3] INFO  com.sau.filter.JwtTokenFilter - 请求路径：/articles/mostStar
2026-03-01 13:47:37.939 [http-nio-8080-exec-1] INFO  com.sau.filter.JwtTokenFilter - 请求路径：/categories
2026-03-01 13:47:37.951 [http-nio-8080-exec-10] INFO  com.sau.filter.JwtTokenFilter - 请求路径：/articles/mostShare
2026-03-01 13:47:38.109 [http-nio-8080-exec-5] INFO  com.sau.filter.JwtTokenFilter - 请求路径：/articles/hot
2026-03-01 13:47:38.109 [http-nio-8080-exec-8] INFO  com.sau.filter.JwtTokenFilter - 请求路径：/articles/mostLike
2026-03-01 13:47:38.109 [http-nio-8080-exec-7] INFO  com.sau.filter.JwtTokenFilter - 请求路径：/tags
2026-03-01 13:47:38.109 [http-nio-8080-exec-2] INFO  com.sau.filter.JwtTokenFilter - 请求路径：/articles
2026-03-01 13:47:38.109 [http-nio-8080-exec-3] INFO  com.sau.filter.JwtTokenFilter - 请求路径：/categories
2026-03-01 13:47:38.109 [http-nio-8080-exec-9] INFO  com.sau.filter.JwtTokenFilter - 请求路径：/articles/mostStar
2026-03-01 13:47:38.116 [http-nio-8080-exec-6] INFO  com.sau.filter.JwtTokenFilter - 请求路径：/articles/mostShare
2026-03-01 13:47:38.283 [http-nio-8080-exec-4] INFO  com.sau.filter.JwtTokenFilter - 请求路径：/articles
2026-03-01 13:47:38.284 [http-nio-8080-exec-1] INFO  com.sau.filter.JwtTokenFilter - 请求路径：/articles/hot
2026-03-01 13:47:38.284 [http-nio-8080-exec-10] INFO  com.sau.filter.JwtTokenFilter - 请求路径：/tags
2026-03-01 13:47:38.284 [http-nio-8080-exec-9] INFO  com.sau.filter.JwtTokenFilter - 请求路径：/articles/mostLike
2026-03-01 13:47:38.284 [http-nio-8080-exec-7] INFO  com.sau.filter.JwtTokenFilter - 请求路径：/categories
2026-03-01 13:47:38.285 [http-nio-8080-exec-8] INFO  com.sau.filter.JwtTokenFilter - 请求路径：/articles/mostStar
2026-03-01 13:47:38.299 [http-nio-8080-exec-3] INFO  com.sau.filter.JwtTokenFilter - 请求路径：/articles/mostShare
2026-03-01 13:47:39.072 [http-nio-8080-exec-5] INFO  com.sau.filter.JwtTokenFilter - 请求路径：/articles/mostStar
2026-03-01 13:47:39.107 [http-nio-8080-exec-2] INFO  com.sau.filter.JwtTokenFilter - 请求路径：/articles/mostShare
2026-03-01 13:47:40.998 [http-nio-8080-exec-6] INFO  com.sau.filter.JwtTokenFilter - 请求路径：/articles/mostStar
2026-03-01 13:47:41.005 [http-nio-8080-exec-1] INFO  com.sau.filter.JwtTokenFilter - 请求路径：/articles/mostShare
2026-03-01 13:47:41.775 [http-nio-8080-exec-9] INFO  com.sau.filter.JwtTokenFilter - 请求路径：/articles
2026-03-01 13:47:41.778 [http-nio-8080-exec-7] INFO  com.sau.filter.JwtTokenFilter - 请求路径：/articles/hot
2026-03-01 13:47:41.778 [http-nio-8080-exec-4] INFO  com.sau.filter.JwtTokenFilter - 请求路径：/categories
2026-03-01 13:47:41.778 [http-nio-8080-exec-8] INFO  com.sau.filter.JwtTokenFilter - 请求路径：/articles/mostLike
2026-03-01 13:47:41.778 [http-nio-8080-exec-10] INFO  com.sau.filter.JwtTokenFilter - 请求路径：/tags
2026-03-01 13:47:41.778 [http-nio-8080-exec-3] INFO  com.sau.filter.JwtTokenFilter - 请求路径：/articles/mostStar
2026-03-01 13:47:41.791 [http-nio-8080-exec-5] INFO  com.sau.filter.JwtTokenFilter - 请求路径：/articles/mostShare
2026-03-01 13:48:38.958 [http-nio-8080-exec-1] INFO  com.sau.filter.JwtTokenFilter - 请求路径：/tags
2026-03-01 13:48:38.958 [http-nio-8080-exec-6] INFO  com.sau.filter.JwtTokenFilter - 请求路径：/articles/hot
2026-03-01 13:48:38.958 [http-nio-8080-exec-2] INFO  com.sau.filter.JwtTokenFilter - 请求路径：/articles
2026-03-01 13:48:38.958 [http-nio-8080-exec-10] INFO  com.sau.filter.JwtTokenFilter - 请求路径：/articles/mostStar
2026-03-01 13:48:38.958 [http-nio-8080-exec-9] INFO  com.sau.filter.JwtTokenFilter - 请求路径：/categories
2026-03-01 13:48:38.958 [http-nio-8080-exec-4] INFO  com.sau.filter.JwtTokenFilter - 请求路径：/articles/mostLike
2026-03-01 13:48:38.968 [http-nio-8080-exec-3] INFO  com.sau.filter.JwtTokenFilter - 请求路径：/articles/mostShare
2026-03-01 13:48:39.103 [http-nio-8080-exec-5] INFO  com.sau.filter.JwtTokenFilter - 请求路径：/tags
2026-03-01 13:48:39.103 [http-nio-8080-exec-6] INFO  com.sau.filter.JwtTokenFilter - 请求路径：/articles/mostStar
2026-03-01 13:48:39.103 [http-nio-8080-exec-8] INFO  com.sau.filter.JwtTokenFilter - 请求路径：/articles/hot
2026-03-01 13:48:39.103 [http-nio-8080-exec-7] INFO  com.sau.filter.JwtTokenFilter - 请求路径：/articles
2026-03-01 13:48:39.103 [http-nio-8080-exec-9] INFO  com.sau.filter.JwtTokenFilter - 请求路径：/articles/mostLike
2026-03-01 13:48:39.103 [http-nio-8080-exec-1] INFO  com.sau.filter.JwtTokenFilter - 请求路径：/categories
2026-03-01 13:48:39.113 [http-nio-8080-exec-4] INFO  com.sau.filter.JwtTokenFilter - 请求路径：/articles/mostShare
2026-03-01 13:48:39.265 [http-nio-8080-exec-10] INFO  com.sau.filter.JwtTokenFilter - 请求路径：/articles/hot
2026-03-01 13:48:39.266 [http-nio-8080-exec-2] INFO  com.sau.filter.JwtTokenFilter - 请求路径：/tags
2026-03-01 13:48:39.266 [http-nio-8080-exec-3] INFO  com.sau.filter.JwtTokenFilter - 请求路径：/articles
2026-03-01 13:48:39.266 [http-nio-8080-exec-1] INFO  com.sau.filter.JwtTokenFilter - 请求路径：/categories
2026-03-01 13:48:39.267 [http-nio-8080-exec-5] INFO  com.sau.filter.JwtTokenFilter - 请求路径：/articles/mostLike
2026-03-01 13:48:39.268 [http-nio-8080-exec-6] INFO  com.sau.filter.JwtTokenFilter - 请求路径：/articles/mostStar
2026-03-01 13:48:39.279 [http-nio-8080-exec-8] INFO  com.sau.filter.JwtTokenFilter - 请求路径：/articles/mostShare
2026-03-01 13:48:39.526 [http-nio-8080-exec-9] INFO  com.sau.filter.JwtTokenFilter - 请求路径：/articles
2026-03-01 13:48:39.526 [http-nio-8080-exec-7] INFO  com.sau.filter.JwtTokenFilter - 请求路径：/tags
2026-03-01 13:48:39.526 [http-nio-8080-exec-4] INFO  com.sau.filter.JwtTokenFilter - 请求路径：/articles/hot
2026-03-01 13:48:39.526 [http-nio-8080-exec-10] INFO  com.sau.filter.JwtTokenFilter - 请求路径：/categories
2026-03-01 13:48:39.526 [http-nio-8080-exec-2] INFO  com.sau.filter.JwtTokenFilter - 请求路径：/articles/mostLike
2026-03-01 13:48:39.526 [http-nio-8080-exec-3] INFO  com.sau.filter.JwtTokenFilter - 请求路径：/articles/mostStar
2026-03-01 13:48:39.538 [http-nio-8080-exec-1] INFO  com.sau.filter.JwtTokenFilter - 请求路径：/articles/mostShare
2026-03-01 13:48:39.684 [http-nio-8080-exec-8] INFO  com.sau.filter.JwtTokenFilter - 请求路径：/tags
2026-03-01 13:48:39.684 [http-nio-8080-exec-6] INFO  com.sau.filter.JwtTokenFilter - 请求路径：/articles
2026-03-01 13:48:39.684 [http-nio-8080-exec-5] INFO  com.sau.filter.JwtTokenFilter - 请求路径：/articles/hot
2026-03-01 13:48:39.684 [http-nio-8080-exec-4] INFO  com.sau.filter.JwtTokenFilter - 请求路径：/categories
2026-03-01 13:48:39.684 [http-nio-8080-exec-2] INFO  com.sau.filter.JwtTokenFilter - 请求路径：/articles/mostStar
2026-03-01 13:48:39.684 [http-nio-8080-exec-7] INFO  com.sau.filter.JwtTokenFilter - 请求路径：/articles/mostLike
2026-03-01 13:48:39.695 [http-nio-8080-exec-9] INFO  com.sau.filter.JwtTokenFilter - 请求路径：/articles/mostShare
2026-03-01 13:48:39.848 [http-nio-8080-exec-10] INFO  com.sau.filter.JwtTokenFilter - 请求路径：/articles/hot
2026-03-01 13:48:39.848 [http-nio-8080-exec-3] INFO  com.sau.filter.JwtTokenFilter - 请求路径：/articles
2026-03-01 13:48:39.848 [http-nio-8080-exec-8] INFO  com.sau.filter.JwtTokenFilter - 请求路径：/categories
2026-03-01 13:48:39.848 [http-nio-8080-exec-2] INFO  com.sau.filter.JwtTokenFilter - 请求路径：/articles/mostLike
2026-03-01 13:48:39.848 [http-nio-8080-exec-1] INFO  com.sau.filter.JwtTokenFilter - 请求路径：/tags
2026-03-01 13:48:39.848 [http-nio-8080-exec-5] INFO  com.sau.filter.JwtTokenFilter - 请求路径：/articles/mostStar
2026-03-01 13:48:39.859 [http-nio-8080-exec-7] INFO  com.sau.filter.JwtTokenFilter - 请求路径：/articles/mostShare
2026-03-01 13:48:40.037 [http-nio-8080-exec-4] INFO  com.sau.filter.JwtTokenFilter - 请求路径：/articles/hot
2026-03-01 13:48:40.038 [http-nio-8080-exec-6] INFO  com.sau.filter.JwtTokenFilter - 请求路径：/articles
2026-03-01 13:48:40.038 [http-nio-8080-exec-9] INFO  com.sau.filter.JwtTokenFilter - 请求路径：/tags
2026-03-01 13:48:40.038 [http-nio-8080-exec-2] INFO  com.sau.filter.JwtTokenFilter - 请求路径：/articles/mostLike
2026-03-01 13:48:40.038 [http-nio-8080-exec-10] INFO  com.sau.filter.JwtTokenFilter - 请求路径：/categories
2026-03-01 13:48:40.038 [http-nio-8080-exec-1] INFO  com.sau.filter.JwtTokenFilter - 请求路径：/articles/mostStar
2026-03-01 13:48:40.048 [http-nio-8080-exec-8] INFO  com.sau.filter.JwtTokenFilter - 请求路径：/articles/mostShare
2026-03-01 13:49:22.649 [http-nio-8080-exec-5] INFO  com.sau.filter.JwtTokenFilter - 请求路径：/articles/hot
2026-03-01 13:49:22.649 [http-nio-8080-exec-7] INFO  com.sau.filter.JwtTokenFilter - 请求路径：/tags
2026-03-01 13:49:22.649 [http-nio-8080-exec-3] INFO  com.sau.filter.JwtTokenFilter - 请求路径：/articles
2026-03-01 13:49:22.791 [http-nio-8080-exec-4] INFO  com.sau.filter.JwtTokenFilter - 请求路径：/categories
2026-03-01 13:49:22.794 [http-nio-8080-exec-9] INFO  com.sau.filter.JwtTokenFilter - 请求路径：/articles/mostLike
2026-03-01 13:49:22.795 [http-nio-8080-exec-9] INFO  com.sau.filter.JwtTokenFilter - 请求路径：/articles/mostStar
2026-03-01 13:49:22.845 [http-nio-8080-exec-1] INFO  com.sau.filter.JwtTokenFilter - 请求路径：/articles/mostShare
2026-03-01 13:49:33.532 [http-nio-8080-exec-2] INFO  com.sau.filter.JwtTokenFilter - 请求路径：/articles
2026-03-01 13:49:33.532 [http-nio-8080-exec-6] INFO  com.sau.filter.JwtTokenFilter - 请求路径：/articles/hot
2026-03-01 13:49:33.532 [http-nio-8080-exec-8] INFO  com.sau.filter.JwtTokenFilter - 请求路径：/tags
2026-03-01 13:49:33.533 [http-nio-8080-exec-5] INFO  com.sau.filter.JwtTokenFilter - 请求路径：/articles/mostLike
2026-03-01 13:49:33.533 [http-nio-8080-exec-7] INFO  com.sau.filter.JwtTokenFilter - 请求路径：/categories
2026-03-01 13:49:33.533 [http-nio-8080-exec-3] INFO  com.sau.filter.JwtTokenFilter - 请求路径：/articles/mostStar
2026-03-01 13:49:33.557 [http-nio-8080-exec-4] INFO  com.sau.filter.JwtTokenFilter - 请求路径：/articles/mostShare
2026-03-01 13:49:33.704 [http-nio-8080-exec-8] INFO  com.sau.filter.JwtTokenFilter - 请求路径：/categories
2026-03-01 13:49:33.704 [http-nio-8080-exec-9] INFO  com.sau.filter.JwtTokenFilter - 请求路径：/articles/hot
2026-03-01 13:49:33.704 [http-nio-8080-exec-1] INFO  com.sau.filter.JwtTokenFilter - 请求路径：/tags
2026-03-01 13:49:33.704 [http-nio-8080-exec-10] INFO  com.sau.filter.JwtTokenFilter - 请求路径：/articles
2026-03-01 13:49:33.704 [http-nio-8080-exec-7] INFO  com.sau.filter.JwtTokenFilter - 请求路径：/articles/mostLike
2026-03-01 13:49:33.704 [http-nio-8080-exec-5] INFO  com.sau.filter.JwtTokenFilter - 请求路径：/articles/mostStar
2026-03-01 13:49:33.714 [http-nio-8080-exec-3] INFO  com.sau.filter.JwtTokenFilter - 请求路径：/articles/mostShare
2026-03-01 13:51:02.125 [http-nio-8080-exec-4] INFO  com.sau.filter.JwtTokenFilter - 请求路径：/articles/hot
2026-03-01 13:51:02.125 [http-nio-8080-exec-6] INFO  com.sau.filter.JwtTokenFilter - 请求路径：/articles
2026-03-01 13:51:02.125 [http-nio-8080-exec-2] INFO  com.sau.filter.JwtTokenFilter - 请求路径：/tags
2026-03-01 13:51:02.134 [http-nio-8080-exec-9] INFO  com.sau.filter.JwtTokenFilter - 请求路径：/categories
2026-03-01 13:51:02.134 [http-nio-8080-exec-1] INFO  com.sau.filter.JwtTokenFilter - 请求路径：/articles/mostLike
2026-03-01 13:51:02.134 [http-nio-8080-exec-8] INFO  com.sau.filter.JwtTokenFilter - 请求路径：/articles/mostStar
2026-03-01 13:51:02.153 [http-nio-8080-exec-7] INFO  com.sau.filter.JwtTokenFilter - 请求路径：/articles/mostShare
2026-03-01 13:51:32.240 [http-nio-8080-exec-10] INFO  com.sau.filter.JwtTokenFilter - 请求路径：/articles/hot
2026-03-01 13:51:32.240 [http-nio-8080-exec-5] INFO  com.sau.filter.JwtTokenFilter - 请求路径：/articles
2026-03-01 13:51:32.240 [http-nio-8080-exec-4] INFO  com.sau.filter.JwtTokenFilter - 请求路径：/tags
2026-03-01 13:51:32.240 [http-nio-8080-exec-3] INFO  com.sau.filter.JwtTokenFilter - 请求路径：/categories
2026-03-01 13:51:32.240 [http-nio-8080-exec-2] INFO  com.sau.filter.JwtTokenFilter - 请求路径：/articles/mostLike
2026-03-01 13:51:32.240 [http-nio-8080-exec-6] INFO  com.sau.filter.JwtTokenFilter - 请求路径：/articles/mostStar
2026-03-01 13:51:32.249 [http-nio-8080-exec-9] INFO  com.sau.filter.JwtTokenFilter - 请求路径：/articles/mostShare
2026-03-01 13:51:59.961 [http-nio-8080-exec-7] INFO  com.sau.filter.JwtTokenFilter - 请求路径：/tags
2026-03-01 13:51:59.961 [http-nio-8080-exec-8] INFO  com.sau.filter.JwtTokenFilter - 请求路径：/articles/hot
2026-03-01 13:51:59.961 [http-nio-8080-exec-1] INFO  com.sau.filter.JwtTokenFilter - 请求路径：/articles
2026-03-01 13:52:00.039 [http-nio-8080-exec-4] INFO  com.sau.filter.JwtTokenFilter - 请求路径：/categories
2026-03-01 13:52:00.039 [http-nio-8080-exec-6] INFO  com.sau.filter.JwtTokenFilter - 请求路径：/articles/mostLike
2026-03-01 13:52:00.039 [http-nio-8080-exec-3] INFO  com.sau.filter.JwtTokenFilter - 请求路径：/articles/mostStar
2026-03-01 13:52:00.070 [http-nio-8080-exec-2] INFO  com.sau.filter.JwtTokenFilter - 请求路径：/articles/mostShare
2026-03-01 14:18:59.554 [http-nio-8080-exec-5] INFO  com.sau.filter.JwtTokenFilter - 请求路径：/tags
2026-03-01 14:18:59.554 [http-nio-8080-exec-10] INFO  com.sau.filter.JwtTokenFilter - 请求路径：/articles
2026-03-01 14:18:59.554 [http-nio-8080-exec-1] INFO  com.sau.filter.JwtTokenFilter - 请求路径：/articles/mostStar
2026-03-01 14:18:59.554 [http-nio-8080-exec-9] INFO  com.sau.filter.JwtTokenFilter - 请求路径：/articles/hot
2026-03-01 14:18:59.554 [http-nio-8080-exec-7] INFO  com.sau.filter.JwtTokenFilter - 请求路径：/categories
2026-03-01 14:18:59.554 [http-nio-8080-exec-8] INFO  com.sau.filter.JwtTokenFilter - 请求路径：/articles/mostLike
2026-03-01 14:18:59.563 [http-nio-8080-exec-4] INFO  com.sau.filter.JwtTokenFilter - 请求路径：/articles/mostShare
2026-03-01 14:18:59.691 [http-nio-8080-exec-6] INFO  com.sau.filter.JwtTokenFilter - 请求路径：/articles
2026-03-01 14:18:59.691 [http-nio-8080-exec-5] INFO  com.sau.filter.JwtTokenFilter - 请求路径：/tags
2026-03-01 14:18:59.691 [http-nio-8080-exec-1] INFO  com.sau.filter.JwtTokenFilter - 请求路径：/articles/mostLike
2026-03-01 14:18:59.691 [http-nio-8080-exec-2] INFO  com.sau.filter.JwtTokenFilter - 请求路径：/categories
2026-03-01 14:18:59.691 [http-nio-8080-exec-3] INFO  com.sau.filter.JwtTokenFilter - 请求路径：/articles/hot
2026-03-01 14:18:59.692 [http-nio-8080-exec-9] INFO  com.sau.filter.JwtTokenFilter - 请求路径：/articles/mostStar
2026-03-01 14:18:59.706 [http-nio-8080-exec-7] INFO  com.sau.filter.JwtTokenFilter - 请求路径：/articles/mostShare
2026-03-01 14:18:59.862 [http-nio-8080-exec-8] INFO  com.sau.filter.JwtTokenFilter - 请求路径：/articles
2026-03-01 14:18:59.863 [http-nio-8080-exec-10] INFO  com.sau.filter.JwtTokenFilter - 请求路径：/articles/hot
2026-03-01 14:18:59.863 [http-nio-8080-exec-4] INFO  com.sau.filter.JwtTokenFilter - 请求路径：/categories
2026-03-01 14:18:59.863 [http-nio-8080-exec-1] INFO  com.sau.filter.JwtTokenFilter - 请求路径：/articles/mostLike
2026-03-01 14:18:59.863 [http-nio-8080-exec-2] INFO  com.sau.filter.JwtTokenFilter - 请求路径：/tags
2026-03-01 14:18:59.863 [http-nio-8080-exec-3] INFO  com.sau.filter.JwtTokenFilter - 请求路径：/articles/mostStar
2026-03-01 14:18:59.882 [http-nio-8080-exec-5] INFO  com.sau.filter.JwtTokenFilter - 请求路径：/articles/mostShare
2026-03-01 14:19:00.050 [http-nio-8080-exec-6] INFO  com.sau.filter.JwtTokenFilter - 请求路径：/tags
2026-03-01 14:19:00.050 [http-nio-8080-exec-9] INFO  com.sau.filter.JwtTokenFilter - 请求路径：/articles
2026-03-01 14:19:00.050 [http-nio-8080-exec-8] INFO  com.sau.filter.JwtTokenFilter - 请求路径：/articles/mostLike
2026-03-01 14:19:00.050 [http-nio-8080-exec-7] INFO  com.sau.filter.JwtTokenFilter - 请求路径：/articles/hot
2026-03-01 14:19:00.050 [http-nio-8080-exec-4] INFO  com.sau.filter.JwtTokenFilter - 请求路径：/categories
2026-03-01 14:19:00.050 [http-nio-8080-exec-10] INFO  com.sau.filter.JwtTokenFilter - 请求路径：/articles/mostStar
2026-03-01 14:19:00.066 [http-nio-8080-exec-1] INFO  com.sau.filter.JwtTokenFilter - 请求路径：/articles/mostShare
2026-03-01 14:19:00.251 [http-nio-8080-exec-2] INFO  com.sau.filter.JwtTokenFilter - 请求路径：/articles
2026-03-01 14:19:00.252 [http-nio-8080-exec-3] INFO  com.sau.filter.JwtTokenFilter - 请求路径：/articles/hot
2026-03-01 14:19:00.252 [http-nio-8080-exec-5] INFO  com.sau.filter.JwtTokenFilter - 请求路径：/tags
2026-03-01 14:19:00.252 [http-nio-8080-exec-8] INFO  com.sau.filter.JwtTokenFilter - 请求路径：/categories
2026-03-01 14:19:00.252 [http-nio-8080-exec-10] INFO  com.sau.filter.JwtTokenFilter - 请求路径：/articles/mostLike
2026-03-01 14:19:00.252 [http-nio-8080-exec-4] INFO  com.sau.filter.JwtTokenFilter - 请求路径：/articles/mostStar
2026-03-01 14:19:00.263 [http-nio-8080-exec-6] INFO  com.sau.filter.JwtTokenFilter - 请求路径：/articles/mostShare
2026-03-01 14:19:00.478 [http-nio-8080-exec-7] INFO  com.sau.filter.JwtTokenFilter - 请求路径：/articles
2026-03-01 14:19:00.483 [http-nio-8080-exec-9] INFO  com.sau.filter.JwtTokenFilter - 请求路径：/tags
2026-03-01 14:19:00.483 [http-nio-8080-exec-1] INFO  com.sau.filter.JwtTokenFilter - 请求路径：/articles/hot
2026-03-01 14:19:00.483 [http-nio-8080-exec-5] INFO  com.sau.filter.JwtTokenFilter - 请求路径：/articles/mostLike
2026-03-01 14:19:00.483 [http-nio-8080-exec-8] INFO  com.sau.filter.JwtTokenFilter - 请求路径：/categories
2026-03-01 14:19:00.483 [http-nio-8080-exec-3] INFO  com.sau.filter.JwtTokenFilter - 请求路径：/articles/mostStar
2026-03-01 14:19:00.495 [http-nio-8080-exec-4] INFO  com.sau.filter.JwtTokenFilter - 请求路径：/articles/mostShare
2026-03-01 14:19:01.477 [http-nio-8080-exec-10] INFO  com.sau.filter.JwtTokenFilter - 请求路径：/articles/mostStar
2026-03-01 14:19:01.485 [http-nio-8080-exec-2] INFO  com.sau.filter.JwtTokenFilter - 请求路径：/articles/mostShare
2026-03-01 14:19:04.438 [http-nio-8080-exec-6] INFO  com.sau.filter.JwtTokenFilter - 请求路径：/articles
2026-03-01 14:19:04.438 [http-nio-8080-exec-7] INFO  com.sau.filter.JwtTokenFilter - 请求路径：/articles/hot
2026-03-01 14:19:04.438 [http-nio-8080-exec-3] INFO  com.sau.filter.JwtTokenFilter - 请求路径：/articles/mostLike
2026-03-01 14:19:04.438 [http-nio-8080-exec-5] INFO  com.sau.filter.JwtTokenFilter - 请求路径：/tags
2026-03-01 14:19:04.441 [http-nio-8080-exec-8] INFO  com.sau.filter.JwtTokenFilter - 请求路径：/categories
2026-03-01 14:19:04.441 [http-nio-8080-exec-1] INFO  com.sau.filter.JwtTokenFilter - 请求路径：/articles/mostStar
2026-03-01 14:19:04.455 [http-nio-8080-exec-9] INFO  com.sau.filter.JwtTokenFilter - 请求路径：/articles/mostShare
2026-03-01 14:19:06.385 [http-nio-8080-exec-4] INFO  com.sau.filter.JwtTokenFilter - 请求路径：/articles
2026-03-01 14:19:06.385 [http-nio-8080-exec-10] INFO  com.sau.filter.JwtTokenFilter - 请求路径：/articles/hot
2026-03-01 14:19:06.387 [http-nio-8080-exec-2] INFO  com.sau.filter.JwtTokenFilter - 请求路径：/categories
2026-03-01 14:19:06.387 [http-nio-8080-exec-6] INFO  com.sau.filter.JwtTokenFilter - 请求路径：/tags
2026-03-01 14:19:06.387 [http-nio-8080-exec-7] INFO  com.sau.filter.JwtTokenFilter - 请求路径：/articles/mostStar
2026-03-01 14:19:06.387 [http-nio-8080-exec-3] INFO  com.sau.filter.JwtTokenFilter - 请求路径：/articles/mostLike
2026-03-01 14:19:06.398 [http-nio-8080-exec-5] INFO  com.sau.filter.JwtTokenFilter - 请求路径：/articles/mostShare
2026-03-01 14:19:21.662 [http-nio-8080-exec-8] INFO  com.sau.filter.JwtTokenFilter - 请求路径：/articles
2026-03-01 14:19:21.662 [http-nio-8080-exec-1] INFO  com.sau.filter.JwtTokenFilter - 请求路径：/articles/hot
2026-03-01 14:19:21.662 [http-nio-8080-exec-9] INFO  com.sau.filter.JwtTokenFilter - 请求路径：/tags
2026-03-01 14:19:21.662 [http-nio-8080-exec-10] INFO  com.sau.filter.JwtTokenFilter - 请求路径：/categories
2026-03-01 14:19:21.663 [http-nio-8080-exec-4] INFO  com.sau.filter.JwtTokenFilter - 请求路径：/articles/mostLike
2026-03-01 14:19:21.663 [http-nio-8080-exec-2] INFO  com.sau.filter.JwtTokenFilter - 请求路径：/articles/mostStar
2026-03-01 14:19:21.678 [http-nio-8080-exec-6] INFO  com.sau.filter.JwtTokenFilter - 请求路径：/articles/mostShare
2026-03-01 14:19:49.040 [http-nio-8080-exec-7] INFO  com.sau.filter.JwtTokenFilter - 请求路径：/articles/mostStar
2026-03-01 14:19:49.047 [http-nio-8080-exec-3] INFO  com.sau.filter.JwtTokenFilter - 请求路径：/articles/mostShare
2026-03-01 14:19:51.803 [http-nio-8080-exec-5] INFO  com.sau.filter.JwtTokenFilter - 请求路径：/articles/mostStar
2026-03-01 14:19:51.809 [http-nio-8080-exec-9] INFO  com.sau.filter.JwtTokenFilter - 请求路径：/articles/mostShare
2026-03-01 14:19:53.790 [http-nio-8080-exec-1] INFO  com.sau.filter.JwtTokenFilter - 请求路径：/articles
2026-03-01 14:19:53.790 [http-nio-8080-exec-10] INFO  com.sau.filter.JwtTokenFilter - 请求路径：/articles/hot
2026-03-01 14:19:53.790 [http-nio-8080-exec-4] INFO  com.sau.filter.JwtTokenFilter - 请求路径：/tags
2026-03-01 14:19:53.791 [http-nio-8080-exec-2] INFO  com.sau.filter.JwtTokenFilter - 请求路径：/categories
2026-03-01 14:19:53.791 [http-nio-8080-exec-8] INFO  com.sau.filter.JwtTokenFilter - 请求路径：/articles/mostLike
2026-03-01 14:19:53.791 [http-nio-8080-exec-6] INFO  com.sau.filter.JwtTokenFilter - 请求路径：/articles/mostStar
2026-03-01 14:19:53.800 [http-nio-8080-exec-7] INFO  com.sau.filter.JwtTokenFilter - 请求路径：/articles/mostShare
2026-03-01 14:19:55.871 [http-nio-8080-exec-3] INFO  com.sau.filter.JwtTokenFilter - 请求路径：/articles
2026-03-01 14:19:55.873 [http-nio-8080-exec-9] INFO  com.sau.filter.JwtTokenFilter - 请求路径：/articles/hot
2026-03-01 14:19:55.873 [http-nio-8080-exec-5] INFO  com.sau.filter.JwtTokenFilter - 请求路径：/tags
2026-03-01 14:19:55.874 [http-nio-8080-exec-4] INFO  com.sau.filter.JwtTokenFilter - 请求路径：/categories
2026-03-01 14:19:55.874 [http-nio-8080-exec-2] INFO  com.sau.filter.JwtTokenFilter - 请求路径：/articles/mostLike
2026-03-01 14:19:55.874 [http-nio-8080-exec-10] INFO  com.sau.filter.JwtTokenFilter - 请求路径：/articles/mostStar
2026-03-01 14:19:55.883 [http-nio-8080-exec-8] INFO  com.sau.filter.JwtTokenFilter - 请求路径：/articles/mostShare
2026-03-01 14:20:00.198 [http-nio-8080-exec-6] INFO  com.sau.filter.JwtTokenFilter - 请求路径：/articles
2026-03-01 14:20:00.198 [http-nio-8080-exec-7] INFO  com.sau.filter.JwtTokenFilter - 请求路径：/tags
2026-03-01 14:20:00.198 [http-nio-8080-exec-5] INFO  com.sau.filter.JwtTokenFilter - 请求路径：/articles/mostLike
2026-03-01 14:20:00.198 [http-nio-8080-exec-3] INFO  com.sau.filter.JwtTokenFilter - 请求路径：/categories
2026-03-01 14:20:00.198 [http-nio-8080-exec-1] INFO  com.sau.filter.JwtTokenFilter - 请求路径：/articles/hot
2026-03-01 14:20:00.198 [http-nio-8080-exec-9] INFO  com.sau.filter.JwtTokenFilter - 请求路径：/articles/mostStar
2026-03-01 14:20:00.210 [http-nio-8080-exec-4] INFO  com.sau.filter.JwtTokenFilter - 请求路径：/articles/mostShare
2026-03-01 14:20:01.664 [http-nio-8080-exec-10] INFO  com.sau.filter.JwtTokenFilter - 请求路径：/articles/mostStar
2026-03-01 14:20:01.669 [http-nio-8080-exec-2] INFO  com.sau.filter.JwtTokenFilter - 请求路径：/articles/mostShare
2026-03-01 14:20:03.339 [http-nio-8080-exec-8] INFO  com.sau.filter.JwtTokenFilter - 请求路径：/articles/mostStar
2026-03-01 14:20:03.343 [http-nio-8080-exec-7] INFO  com.sau.filter.JwtTokenFilter - 请求路径：/articles/mostShare
2026-03-01 14:20:05.208 [http-nio-8080-exec-9] INFO  com.sau.filter.JwtTokenFilter - 请求路径：/articles/hot
2026-03-01 14:20:05.208 [http-nio-8080-exec-3] INFO  com.sau.filter.JwtTokenFilter - 请求路径：/articles
2026-03-01 14:20:05.208 [http-nio-8080-exec-6] INFO  com.sau.filter.JwtTokenFilter - 请求路径：/tags
2026-03-01 14:20:05.208 [http-nio-8080-exec-1] INFO  com.sau.filter.JwtTokenFilter - 请求路径：/categories
2026-03-01 14:20:05.210 [http-nio-8080-exec-5] INFO  com.sau.filter.JwtTokenFilter - 请求路径：/articles/mostLike
2026-03-01 14:20:05.210 [http-nio-8080-exec-4] INFO  com.sau.filter.JwtTokenFilter - 请求路径：/articles/mostStar
2026-03-01 14:20:05.219 [http-nio-8080-exec-10] INFO  com.sau.filter.JwtTokenFilter - 请求路径：/articles/mostShare
2026-03-01 14:41:27.801 [http-nio-8080-exec-8] INFO  com.sau.filter.JwtTokenFilter - 请求路径：/articles/hot
2026-03-01 14:41:27.801 [http-nio-8080-exec-2] INFO  com.sau.filter.JwtTokenFilter - 请求路径：/articles
2026-03-01 14:41:27.801 [http-nio-8080-exec-7] INFO  com.sau.filter.JwtTokenFilter - 请求路径：/tags
2026-03-01 14:41:27.801 [http-nio-8080-exec-3] INFO  com.sau.filter.JwtTokenFilter - 请求路径：/articles/mostStar
2026-03-01 14:41:27.801 [http-nio-8080-exec-9] INFO  com.sau.filter.JwtTokenFilter - 请求路径：/categories
2026-03-01 14:41:27.801 [http-nio-8080-exec-6] INFO  com.sau.filter.JwtTokenFilter - 请求路径：/articles/mostLike
2026-03-01 14:41:27.815 [http-nio-8080-exec-1] INFO  com.sau.filter.JwtTokenFilter - 请求路径：/articles/mostShare
2026-03-01 14:41:29.337 [http-nio-8080-exec-5] INFO  com.sau.filter.JwtTokenFilter - 请求路径：/articles/mostStar
2026-03-01 14:41:29.346 [http-nio-8080-exec-4] INFO  com.sau.filter.JwtTokenFilter - 请求路径：/articles/mostShare
2026-03-01 14:41:31.016 [http-nio-8080-exec-10] INFO  com.sau.filter.JwtTokenFilter - 请求路径：/articles/mostStar
2026-03-01 14:41:31.028 [http-nio-8080-exec-3] INFO  com.sau.filter.JwtTokenFilter - 请求路径：/articles/mostShare
2026-03-01 14:41:33.101 [http-nio-8080-exec-7] INFO  com.sau.filter.JwtTokenFilter - 请求路径：/articles
2026-03-01 14:41:33.103 [http-nio-8080-exec-8] INFO  com.sau.filter.JwtTokenFilter - 请求路径：/articles/hot
2026-03-01 14:41:33.103 [http-nio-8080-exec-9] INFO  com.sau.filter.JwtTokenFilter - 请求路径：/tags
2026-03-01 14:41:33.103 [http-nio-8080-exec-6] INFO  com.sau.filter.JwtTokenFilter - 请求路径：/categories
2026-03-01 14:41:33.103 [http-nio-8080-exec-2] INFO  com.sau.filter.JwtTokenFilter - 请求路径：/articles/mostLike
2026-03-01 14:41:33.103 [http-nio-8080-exec-1] INFO  com.sau.filter.JwtTokenFilter - 请求路径：/articles/mostStar
2026-03-01 14:41:33.120 [http-nio-8080-exec-5] INFO  com.sau.filter.JwtTokenFilter - 请求路径：/articles/mostShare
2026-03-01 14:50:25.390 [http-nio-8080-exec-7] INFO  com.sau.filter.JwtTokenFilter - 请求路径：/categories
2026-03-01 14:50:25.390 [http-nio-8080-exec-3] INFO  com.sau.filter.JwtTokenFilter - 请求路径：/tags
2026-03-01 14:50:25.390 [http-nio-8080-exec-4] INFO  com.sau.filter.JwtTokenFilter - 请求路径：/articles
2026-03-01 14:50:25.390 [http-nio-8080-exec-8] INFO  com.sau.filter.JwtTokenFilter - 请求路径：/articles/mostStar
2026-03-01 14:50:25.390 [http-nio-8080-exec-9] INFO  com.sau.filter.JwtTokenFilter - 请求路径：/articles/mostLike
2026-03-01 14:50:25.390 [http-nio-8080-exec-10] INFO  com.sau.filter.JwtTokenFilter - 请求路径：/articles/hot
2026-03-01 14:50:25.404 [http-nio-8080-exec-6] INFO  com.sau.filter.JwtTokenFilter - 请求路径：/articles/mostShare
2026-03-01 15:12:19.265 [http-nio-8080-exec-2] INFO  com.sau.filter.JwtTokenFilter - 请求路径：/articles
2026-03-01 15:12:19.265 [http-nio-8080-exec-1] INFO  com.sau.filter.JwtTokenFilter - 请求路径：/articles/hot
2026-03-01 15:12:19.270 [http-nio-8080-exec-5] INFO  com.sau.filter.JwtTokenFilter - 请求路径：/tags
2026-03-01 15:12:19.270 [http-nio-8080-exec-7] INFO  com.sau.filter.JwtTokenFilter - 请求路径：/categories
2026-03-01 15:12:19.270 [http-nio-8080-exec-3] INFO  com.sau.filter.JwtTokenFilter - 请求路径：/articles/mostLike
2026-03-01 15:12:19.270 [http-nio-8080-exec-10] INFO  com.sau.filter.JwtTokenFilter - 请求路径：/articles/mostStar
2026-03-01 15:12:19.284 [http-nio-8080-exec-8] INFO  com.sau.filter.JwtTokenFilter - 请求路径：/articles/mostShare
2026-03-01 15:33:34.361 [http-nio-8080-exec-2] INFO  com.sau.filter.JwtTokenFilter - 请求路径：/categories
2026-03-01 15:33:34.361 [http-nio-8080-exec-6] INFO  com.sau.filter.JwtTokenFilter - 请求路径：/tags
2026-03-01 15:33:34.361 [http-nio-8080-exec-7] INFO  com.sau.filter.JwtTokenFilter - 请求路径：/articles/mostStar
2026-03-01 15:33:34.361 [http-nio-8080-exec-4] INFO  com.sau.filter.JwtTokenFilter - 请求路径：/articles
2026-03-01 15:33:34.361 [http-nio-8080-exec-9] INFO  com.sau.filter.JwtTokenFilter - 请求路径：/articles/hot
2026-03-01 15:33:34.361 [http-nio-8080-exec-1] INFO  com.sau.filter.JwtTokenFilter - 请求路径：/articles/mostLike
2026-03-01 15:33:34.490 [http-nio-8080-exec-5] INFO  com.sau.filter.JwtTokenFilter - 请求路径：/articles/mostShare
2026-03-01 15:51:20.263 [SpringApplicationShutdownHook] INFO  o.s.b.w.e.tomcat.GracefulShutdown - Commencing graceful shutdown. Waiting for active requests to complete
2026-03-01 15:51:21.138 [tomcat-shutdown] INFO  o.s.b.w.e.tomcat.GracefulShutdown - Graceful shutdown complete
2026-03-01 15:51:21.200 [SpringApplicationShutdownHook] INFO  com.zaxxer.hikari.HikariDataSource - HikariPool-1 - Shutdown initiated...
2026-03-01 15:51:21.211 [SpringApplicationShutdownHook] INFO  com.zaxxer.hikari.HikariDataSource - HikariPool-1 - Shutdown completed.
2026-03-01 19:56:11.869 [background-preinit] INFO  o.h.validator.internal.util.Version - HV000001: Hibernate Validator 8.0.3.Final
2026-03-01 19:56:11.912 [main] INFO  com.sau.BlogSystemApplication - Starting BlogSystemApplication using Java 17.0.13 with PID 15000 (D:\Java\blog-project\blog-system\target\classes started by 77639 in D:\Java\blog-project)
2026-03-01 19:56:11.912 [main] INFO  com.sau.BlogSystemApplication - No active profile set, falling back to 1 default profile: "default"
2026-03-01 19:56:12.502 [main] INFO  o.s.d.r.c.RepositoryConfigurationDelegate - Multiple Spring Data modules found, entering strict repository configuration mode
2026-03-01 19:56:12.504 [main] INFO  o.s.d.r.c.RepositoryConfigurationDelegate - Bootstrapping Spring Data Redis repositories in DEFAULT mode.
2026-03-01 19:56:12.531 [main] INFO  o.s.d.r.c.RepositoryConfigurationDelegate - Finished Spring Data repository scanning in 12 ms. Found 0 Redis repository interfaces.
2026-03-01 19:56:13.175 [main] INFO  o.s.b.w.e.tomcat.TomcatWebServer - Tomcat initialized with port 8080 (http)
2026-03-01 19:56:13.187 [main] INFO  o.a.coyote.http11.Http11NioProtocol - Initializing ProtocolHandler ["http-nio-8080"]
2026-03-01 19:56:13.188 [main] INFO  o.a.catalina.core.StandardService - Starting service [Tomcat]
2026-03-01 19:56:13.188 [main] INFO  o.a.catalina.core.StandardEngine - Starting Servlet engine: [Apache Tomcat/10.1.48]
2026-03-01 19:56:13.252 [main] INFO  o.a.c.c.C.[Tomcat].[localhost].[/] - Initializing Spring embedded WebApplicationContext
2026-03-01 19:56:13.252 [main] INFO  o.s.b.w.s.c.ServletWebServerApplicationContext - Root WebApplicationContext: initialization completed in 1307 ms
2026-03-01 19:56:14.424 [main] INFO  o.a.coyote.http11.Http11NioProtocol - Starting ProtocolHandler ["http-nio-8080"]
2026-03-01 19:56:14.437 [main] INFO  o.s.b.w.e.tomcat.TomcatWebServer - Tomcat started on port 8080 (http) with context path '/'
2026-03-01 19:56:14.443 [main] INFO  com.sau.BlogSystemApplication - Started BlogSystemApplication in 2.846 seconds (process running for 3.433)
2026-03-01 19:56:33.922 [http-nio-8080-exec-9] INFO  o.a.c.c.C.[Tomcat].[localhost].[/] - Initializing Spring DispatcherServlet 'dispatcherServlet'
2026-03-01 19:56:33.923 [http-nio-8080-exec-9] INFO  o.s.web.servlet.DispatcherServlet - Initializing Servlet 'dispatcherServlet'
2026-03-01 19:56:33.924 [http-nio-8080-exec-9] INFO  o.s.web.servlet.DispatcherServlet - Completed initialization in 1 ms
2026-03-01 19:56:33.941 [http-nio-8080-exec-7] INFO  com.sau.filter.JwtTokenFilter - 请求路径：/articles/mostLike
2026-03-01 19:56:33.941 [http-nio-8080-exec-8] INFO  com.sau.filter.JwtTokenFilter - 请求路径：/articles/hot
2026-03-01 19:56:33.941 [http-nio-8080-exec-3] INFO  com.sau.filter.JwtTokenFilter - 请求路径：/articles
2026-03-01 19:56:33.941 [http-nio-8080-exec-9] INFO  com.sau.filter.JwtTokenFilter - 请求路径：/tags
2026-03-01 19:56:33.941 [http-nio-8080-exec-1] INFO  com.sau.filter.JwtTokenFilter - 请求路径：/categories
2026-03-01 19:56:33.941 [http-nio-8080-exec-2] INFO  com.sau.filter.JwtTokenFilter - 请求路径：/articles/mostStar
2026-03-01 19:56:34.530 [http-nio-8080-exec-5] INFO  com.sau.filter.JwtTokenFilter - 请求路径：/articles/mostShare
2026-03-01 19:56:47.076 [SpringApplicationShutdownHook] INFO  o.s.b.w.e.tomcat.GracefulShutdown - Commencing graceful shutdown. Waiting for active requests to complete
2026-03-01 19:56:47.556 [tomcat-shutdown] INFO  o.s.b.w.e.tomcat.GracefulShutdown - Graceful shutdown complete
