2025-03-30 15:54:17.176 [main] INFO  c.sau.CquptWebManagementApplication - Starting CquptWebManagementApplication using Java 17.0.13 with PID 17788 (D:\Java\web-ai-practice\cqupt-web-management\target\classes started by 77639 in D:\Java\web-ai-practice)
2025-03-30 15:54:17.176 [main] INFO  c.sau.CquptWebManagementApplication - No active profile set, falling back to 1 default profile: "default"
2025-03-30 15:54:17.891 [main] INFO  o.s.b.w.e.tomcat.TomcatWebServer - Tomcat initialized with port 8080 (http)
2025-03-30 15:54:17.895 [main] INFO  o.a.coyote.http11.Http11NioProtocol - Initializing ProtocolHandler ["http-nio-8080"]
2025-03-30 15:54:17.901 [main] INFO  o.a.catalina.core.StandardService - Starting service [Tomcat]
2025-03-30 15:54:17.901 [main] INFO  o.a.catalina.core.StandardEngine - Starting Servlet engine: [Apache Tomcat/10.1.36]
2025-03-30 15:54:17.951 [main] INFO  o.a.c.c.C.[Tomcat].[localhost].[/] - Initializing Spring embedded WebApplicationContext
2025-03-30 15:54:17.951 [main] INFO  o.s.b.w.s.c.ServletWebServerApplicationContext - Root WebApplicationContext: initialization completed in 744 ms
2025-03-30 15:54:18.335 [main] INFO  o.a.coyote.http11.Http11NioProtocol - Starting ProtocolHandler ["http-nio-8080"]
2025-03-30 15:54:18.349 [main] INFO  o.s.b.w.e.tomcat.TomcatWebServer - Tomcat started on port 8080 (http) with context path '/'
2025-03-30 15:54:18.356 [main] INFO  c.sau.CquptWebManagementApplication - Started CquptWebManagementApplication in 1.504 seconds (process running for 2.099)
2025-03-30 15:54:44.128 [http-nio-8080-exec-1] INFO  o.a.c.c.C.[Tomcat].[localhost].[/] - Initializing Spring DispatcherServlet 'dispatcherServlet'
2025-03-30 15:54:44.128 [http-nio-8080-exec-1] INFO  o.s.web.servlet.DispatcherServlet - Initializing Servlet 'dispatcherServlet'
2025-03-30 15:54:44.130 [http-nio-8080-exec-1] INFO  o.s.web.servlet.DispatcherServlet - Completed initialization in 2 ms
2025-03-30 15:54:44.186 [http-nio-8080-exec-1] INFO  com.sau.controller.DeptController - 展示全部部门数据
2025-03-30 15:54:44.232 [http-nio-8080-exec-1] INFO  com.zaxxer.hikari.HikariDataSource - HikariPool-1 - Starting...
2025-03-30 15:54:44.692 [http-nio-8080-exec-1] INFO  com.zaxxer.hikari.pool.HikariPool - HikariPool-1 - Added connection com.mysql.cj.jdbc.ConnectionImpl@1923aebc
2025-03-30 15:54:44.693 [http-nio-8080-exec-1] INFO  com.zaxxer.hikari.HikariDataSource - HikariPool-1 - Start completed.
2025-03-30 15:54:49.712 [http-nio-8080-exec-3] INFO  com.sau.controller.DeptController - 展示全部部门数据
2025-03-30 15:54:52.252 [http-nio-8080-exec-4] INFO  com.sau.controller.DeptController - 查询部门:2
2025-03-30 15:54:55.114 [http-nio-8080-exec-5] INFO  com.sau.controller.DeptController - 查询部门:2
2025-03-30 15:54:55.881 [http-nio-8080-exec-6] INFO  com.sau.controller.DeptController - 修改部门:Dept(id=2, name=教研部, createTime=2024-09-25T09:47:40, updateTime=2025-03-20T11:33:17)
2025-03-30 15:54:55.931 [http-nio-8080-exec-7] INFO  com.sau.controller.DeptController - 展示全部部门数据
2025-03-30 17:55:37.165 [SpringApplicationShutdownHook] INFO  o.s.b.w.e.tomcat.GracefulShutdown - Commencing graceful shutdown. Waiting for active requests to complete
2025-03-30 17:55:37.513 [tomcat-shutdown] INFO  o.s.b.w.e.tomcat.GracefulShutdown - Graceful shutdown complete
2025-03-30 17:55:37.518 [SpringApplicationShutdownHook] INFO  com.zaxxer.hikari.HikariDataSource - HikariPool-1 - Shutdown initiated...
2025-03-30 17:55:37.524 [SpringApplicationShutdownHook] INFO  com.zaxxer.hikari.HikariDataSource - HikariPool-1 - Shutdown completed.
