2025-04-17 09:55:08.913 [main] INFO  c.sau.CquptWebManagementApplication - Starting CquptWebManagementApplication using Java 17.0.13 with PID 25484 (D:\Java\web-ai-practice\cqupt-web-management\target\classes started by 77639 in D:\Java\web-ai-practice)
2025-04-17 09:55:08.915 [main] INFO  c.sau.CquptWebManagementApplication - No active profile set, falling back to 1 default profile: "default"
2025-04-17 09:55:09.993 [main] INFO  o.s.b.w.e.tomcat.TomcatWebServer - Tomcat initialized with port 8080 (http)
2025-04-17 09:55:10.003 [main] INFO  o.a.coyote.http11.Http11NioProtocol - Initializing ProtocolHandler ["http-nio-8080"]
2025-04-17 09:55:10.005 [main] INFO  o.a.catalina.core.StandardService - Starting service [Tomcat]
2025-04-17 09:55:10.005 [main] INFO  o.a.catalina.core.StandardEngine - Starting Servlet engine: [Apache Tomcat/10.1.36]
2025-04-17 09:55:10.060 [main] INFO  o.a.c.c.C.[Tomcat].[localhost].[/] - Initializing Spring embedded WebApplicationContext
2025-04-17 09:55:10.061 [main] INFO  o.s.b.w.s.c.ServletWebServerApplicationContext - Root WebApplicationContext: initialization completed in 1112 ms
2025-04-17 09:55:10.726 [main] INFO  o.a.coyote.http11.Http11NioProtocol - Starting ProtocolHandler ["http-nio-8080"]
2025-04-17 09:55:10.741 [main] INFO  o.s.b.w.e.tomcat.TomcatWebServer - Tomcat started on port 8080 (http) with context path '/'
2025-04-17 09:55:10.747 [main] INFO  c.sau.CquptWebManagementApplication - Started CquptWebManagementApplication in 2.193 seconds (process running for 2.873)
2025-04-17 09:55:15.939 [http-nio-8080-exec-1] INFO  o.a.c.c.C.[Tomcat].[localhost].[/] - Initializing Spring DispatcherServlet 'dispatcherServlet'
2025-04-17 09:55:15.940 [http-nio-8080-exec-1] INFO  o.s.web.servlet.DispatcherServlet - Initializing Servlet 'dispatcherServlet'
2025-04-17 09:55:15.940 [http-nio-8080-exec-1] INFO  o.s.web.servlet.DispatcherServlet - Completed initialization in 0 ms
2025-04-17 09:55:15.988 [http-nio-8080-exec-1] INFO  com.sau.filer.TokenFilter - token解析失败，请求被拒绝
2025-04-17 09:55:27.346 [http-nio-8080-exec-4] INFO  com.sau.filer.TokenFilter - 登录请求，放行
2025-04-17 09:55:27.479 [http-nio-8080-exec-4] INFO  com.sau.controller.LoginController - 登录:Emp(id=null, username=zhaojinyu, password=123456, name=null, gender=null, phone=null, job=null, salary=null, image=null, entryDate=null, deptId=null, createTime=null, updateTime=null, deptName=null, exprList=null)
2025-04-17 09:55:27.532 [http-nio-8080-exec-4] INFO  com.zaxxer.hikari.HikariDataSource - HikariPool-1 - Starting...
2025-04-17 09:55:27.923 [http-nio-8080-exec-4] INFO  com.zaxxer.hikari.pool.HikariPool - HikariPool-1 - Added connection com.mysql.cj.jdbc.ConnectionImpl@4e4c2df
2025-04-17 09:55:27.927 [http-nio-8080-exec-4] INFO  com.zaxxer.hikari.HikariDataSource - HikariPool-1 - Start completed.
2025-04-17 09:55:27.989 [http-nio-8080-exec-4] INFO  com.sau.service.impl.EmpServiceImpl - 登录成功，员工信息: Emp(id=34, username=zhaojinyu, password=null, name=赵瑾瑜, gender=null, phone=null, job=null, salary=null, image=null, entryDate=null, deptId=null, createTime=null, updateTime=null, deptName=null, exprList=null)
2025-04-17 09:55:29.779 [http-nio-8080-exec-5] INFO  com.sau.filer.TokenFilter - 当前登录员工ID: 34, 将其存入ThreadLocal
2025-04-17 09:55:29.780 [http-nio-8080-exec-5] INFO  com.sau.filer.TokenFilter - token解析成功，放行
2025-04-17 09:55:29.788 [http-nio-8080-exec-5] INFO  com.sau.controller.LogController - 分页查询,参数:LogQueryParam(page=1, pageSize=15)
2025-04-17 09:55:44.733 [http-nio-8080-exec-6] INFO  com.sau.filer.TokenFilter - 当前登录员工ID: 34, 将其存入ThreadLocal
2025-04-17 09:55:44.733 [http-nio-8080-exec-6] INFO  com.sau.filer.TokenFilter - token解析成功，放行
2025-04-17 09:55:44.733 [http-nio-8080-exec-3] INFO  com.sau.filer.TokenFilter - 当前登录员工ID: 34, 将其存入ThreadLocal
2025-04-17 09:55:44.733 [http-nio-8080-exec-3] INFO  com.sau.filer.TokenFilter - token解析成功，放行
2025-04-17 09:55:44.735 [http-nio-8080-exec-3] INFO  com.sau.controller.ClazzController - 查询所有班级
2025-04-17 09:55:44.735 [http-nio-8080-exec-6] INFO  c.sau.controller.StudentController - 分页查询,参数:StudentQueryParam(page=1, pageSize=10, name=, degree=null, clazzId=null)
2025-04-17 09:55:47.321 [http-nio-8080-exec-8] INFO  com.sau.filer.TokenFilter - 当前登录员工ID: 34, 将其存入ThreadLocal
2025-04-17 09:55:47.321 [http-nio-8080-exec-8] INFO  com.sau.filer.TokenFilter - token解析成功，放行
2025-04-17 09:55:47.321 [http-nio-8080-exec-7] INFO  com.sau.filer.TokenFilter - 当前登录员工ID: 34, 将其存入ThreadLocal
2025-04-17 09:55:47.321 [http-nio-8080-exec-7] INFO  com.sau.filer.TokenFilter - token解析成功，放行
2025-04-17 09:55:47.321 [http-nio-8080-exec-7] INFO  com.sau.controller.EmpController - 查询全部员工
2025-04-17 09:55:47.321 [http-nio-8080-exec-8] INFO  com.sau.controller.ClazzController - 分页查询,参数:ClazzQueryParam(page=1, pageSize=10, name=, begin=null, end=null)
2025-04-17 09:55:52.151 [http-nio-8080-exec-2] INFO  com.sau.filer.TokenFilter - 当前登录员工ID: 34, 将其存入ThreadLocal
2025-04-17 09:55:52.152 [http-nio-8080-exec-2] INFO  com.sau.filer.TokenFilter - token解析成功，放行
2025-04-17 09:55:52.153 [http-nio-8080-exec-2] INFO  com.sau.controller.LogController - 分页查询,参数:LogQueryParam(page=1, pageSize=15)
2025-04-17 09:56:10.160 [http-nio-8080-exec-10] INFO  com.sau.filer.TokenFilter - 当前登录员工ID: 34, 将其存入ThreadLocal
2025-04-17 09:56:10.160 [http-nio-8080-exec-9] INFO  com.sau.filer.TokenFilter - 当前登录员工ID: 34, 将其存入ThreadLocal
2025-04-17 09:56:10.161 [http-nio-8080-exec-10] INFO  com.sau.filer.TokenFilter - token解析成功，放行
2025-04-17 09:56:10.161 [http-nio-8080-exec-9] INFO  com.sau.filer.TokenFilter - token解析成功，放行
2025-04-17 09:56:10.161 [http-nio-8080-exec-10] INFO  com.sau.controller.ClazzController - 查询所有班级
2025-04-17 09:56:10.161 [http-nio-8080-exec-9] INFO  c.sau.controller.StudentController - 分页查询,参数:StudentQueryParam(page=1, pageSize=10, name=, degree=null, clazzId=null)
2025-04-17 09:56:13.268 [http-nio-8080-exec-1] INFO  com.sau.filer.TokenFilter - 当前登录员工ID: 34, 将其存入ThreadLocal
2025-04-17 09:56:13.268 [http-nio-8080-exec-1] INFO  com.sau.filer.TokenFilter - token解析成功，放行
2025-04-17 09:56:13.272 [http-nio-8080-exec-1] INFO  c.sau.controller.StudentController - 根据id查询学员信息:12
2025-04-17 09:56:17.697 [http-nio-8080-exec-4] INFO  com.sau.filer.TokenFilter - 当前登录员工ID: 34, 将其存入ThreadLocal
2025-04-17 09:56:17.697 [http-nio-8080-exec-4] INFO  com.sau.filer.TokenFilter - token解析成功，放行
2025-04-17 09:56:17.707 [http-nio-8080-exec-4] INFO  c.sau.controller.StudentController - 修改学员信息:Student(id=12, name=崔百泉啊, no=2022000012, gender=1, phone=18800000781, idCard=110120000300200018, isCollege=1, address=北京市昌平区建材城西路12号, degree=4, graduationDate=2022-07-05, clazzId=3, violationCount=7, violationScore=24, createTime=2024-11-14T21:22:19, updateTime=2024-12-13T14:33:58, clazzName=null)
2025-04-17 09:56:17.753 [http-nio-8080-exec-5] INFO  com.sau.filer.TokenFilter - 当前登录员工ID: 34, 将其存入ThreadLocal
2025-04-17 09:56:17.753 [http-nio-8080-exec-5] INFO  com.sau.filer.TokenFilter - token解析成功，放行
2025-04-17 09:56:17.753 [http-nio-8080-exec-5] INFO  c.sau.controller.StudentController - 分页查询,参数:StudentQueryParam(page=1, pageSize=10, name=, degree=null, clazzId=null)
2025-04-17 09:56:18.735 [http-nio-8080-exec-3] INFO  com.sau.filer.TokenFilter - 当前登录员工ID: 34, 将其存入ThreadLocal
2025-04-17 09:56:18.735 [http-nio-8080-exec-3] INFO  com.sau.filer.TokenFilter - token解析成功，放行
2025-04-17 09:56:18.736 [http-nio-8080-exec-3] INFO  com.sau.controller.LogController - 分页查询,参数:LogQueryParam(page=1, pageSize=15)
2025-04-17 09:56:20.730 [http-nio-8080-exec-6] INFO  com.sau.filer.TokenFilter - 当前登录员工ID: 34, 将其存入ThreadLocal
2025-04-17 09:56:20.730 [http-nio-8080-exec-6] INFO  com.sau.filer.TokenFilter - token解析成功，放行
2025-04-17 09:56:20.730 [http-nio-8080-exec-6] INFO  com.sau.controller.LogController - 分页查询,参数:LogQueryParam(page=1, pageSize=15)
2025-04-17 09:59:23.320 [SpringApplicationShutdownHook] INFO  o.s.b.w.e.tomcat.GracefulShutdown - Commencing graceful shutdown. Waiting for active requests to complete
2025-04-17 09:59:23.646 [tomcat-shutdown] INFO  o.s.b.w.e.tomcat.GracefulShutdown - Graceful shutdown complete
2025-04-17 09:59:23.649 [SpringApplicationShutdownHook] INFO  com.zaxxer.hikari.HikariDataSource - HikariPool-1 - Shutdown initiated...
2025-04-17 09:59:23.661 [SpringApplicationShutdownHook] INFO  com.zaxxer.hikari.HikariDataSource - HikariPool-1 - Shutdown completed.
2025-04-17 09:59:26.741 [main] INFO  c.sau.CquptWebManagementApplication - Starting CquptWebManagementApplication using Java 17.0.13 with PID 3368 (D:\Java\web-ai-practice\cqupt-web-management\target\classes started by 77639 in D:\Java\web-ai-practice)
2025-04-17 09:59:26.742 [main] INFO  c.sau.CquptWebManagementApplication - No active profile set, falling back to 1 default profile: "default"
2025-04-17 09:59:27.533 [main] INFO  o.s.b.w.e.tomcat.TomcatWebServer - Tomcat initialized with port 8080 (http)
2025-04-17 09:59:27.541 [main] INFO  o.a.coyote.http11.Http11NioProtocol - Initializing ProtocolHandler ["http-nio-8080"]
2025-04-17 09:59:27.542 [main] INFO  o.a.catalina.core.StandardService - Starting service [Tomcat]
2025-04-17 09:59:27.542 [main] INFO  o.a.catalina.core.StandardEngine - Starting Servlet engine: [Apache Tomcat/10.1.36]
2025-04-17 09:59:27.589 [main] INFO  o.a.c.c.C.[Tomcat].[localhost].[/] - Initializing Spring embedded WebApplicationContext
2025-04-17 09:59:27.590 [main] INFO  o.s.b.w.s.c.ServletWebServerApplicationContext - Root WebApplicationContext: initialization completed in 821 ms
2025-04-17 09:59:28.133 [main] INFO  o.a.coyote.http11.Http11NioProtocol - Starting ProtocolHandler ["http-nio-8080"]
2025-04-17 09:59:28.145 [main] INFO  o.s.b.w.e.tomcat.TomcatWebServer - Tomcat started on port 8080 (http) with context path '/'
2025-04-17 09:59:28.150 [main] INFO  c.sau.CquptWebManagementApplication - Started CquptWebManagementApplication in 1.682 seconds (process running for 2.153)
2025-04-17 09:59:32.487 [http-nio-8080-exec-1] INFO  o.a.c.c.C.[Tomcat].[localhost].[/] - Initializing Spring DispatcherServlet 'dispatcherServlet'
2025-04-17 09:59:32.488 [http-nio-8080-exec-1] INFO  o.s.web.servlet.DispatcherServlet - Initializing Servlet 'dispatcherServlet'
2025-04-17 09:59:32.488 [http-nio-8080-exec-1] INFO  o.s.web.servlet.DispatcherServlet - Completed initialization in 0 ms
2025-04-17 09:59:32.528 [http-nio-8080-exec-1] INFO  com.sau.filer.TokenFilter - 当前登录员工ID: 34, 将其存入ThreadLocal
2025-04-17 09:59:32.529 [http-nio-8080-exec-1] INFO  com.sau.filer.TokenFilter - token解析成功，放行
2025-04-17 09:59:32.553 [http-nio-8080-exec-1] INFO  com.sau.controller.LogController - 分页查询,参数:LogQueryParam(page=1, pageSize=15)
2025-04-17 09:59:32.596 [http-nio-8080-exec-1] INFO  com.zaxxer.hikari.HikariDataSource - HikariPool-1 - Starting...
2025-04-17 09:59:32.773 [http-nio-8080-exec-1] INFO  com.zaxxer.hikari.pool.HikariPool - HikariPool-1 - Added connection com.mysql.cj.jdbc.ConnectionImpl@489384c7
2025-04-17 09:59:32.774 [http-nio-8080-exec-1] INFO  com.zaxxer.hikari.HikariDataSource - HikariPool-1 - Start completed.
2025-04-17 09:59:34.395 [http-nio-8080-exec-3] INFO  com.sau.filer.TokenFilter - 当前登录员工ID: 34, 将其存入ThreadLocal
2025-04-17 09:59:34.396 [http-nio-8080-exec-3] INFO  com.sau.filer.TokenFilter - token解析成功，放行
2025-04-17 09:59:34.397 [http-nio-8080-exec-3] INFO  com.sau.controller.DeptController - 展示全部部门数据
2025-04-17 09:59:34.409 [http-nio-8080-exec-4] INFO  com.sau.filer.TokenFilter - 当前登录员工ID: 34, 将其存入ThreadLocal
2025-04-17 09:59:34.409 [http-nio-8080-exec-4] INFO  com.sau.filer.TokenFilter - token解析成功，放行
2025-04-17 09:59:34.413 [http-nio-8080-exec-4] INFO  com.sau.controller.EmpController - 分页查询,参数:EmpQueryParam(page=1, pageSize=10, name=, gender=null, begin=null, end=null)
2025-04-17 10:01:54.241 [http-nio-8080-exec-5] INFO  com.sau.filer.TokenFilter - 当前登录员工ID: 34, 将其存入ThreadLocal
2025-04-17 10:01:54.242 [http-nio-8080-exec-5] INFO  com.sau.filer.TokenFilter - token解析成功，放行
2025-04-17 10:01:54.270 [http-nio-8080-exec-5] INFO  com.sau.controller.UploadController - 文件上传: b_6d291786b28db789d0efdc132879560b.jpg
2025-04-17 10:01:55.010 [http-nio-8080-exec-5] INFO  com.sau.controller.UploadController - 文件上传OSS, url: https://java-ai-sau.oss-cn-beijing.aliyuncs.com/2025/04/4fa3f511-5ffc-4e16-8ada-6c85a284a014.jpg
2025-04-17 10:01:57.208 [http-nio-8080-exec-2] INFO  com.sau.filer.TokenFilter - 当前登录员工ID: 34, 将其存入ThreadLocal
2025-04-17 10:01:57.208 [http-nio-8080-exec-2] INFO  com.sau.filer.TokenFilter - token解析成功，放行
2025-04-17 10:01:57.256 [http-nio-8080-exec-2] INFO  com.sau.controller.EmpController - 新增员工:Emp(id=null, username=caihong, password=null, name=彩虹, gender=1, phone=13320000055, job=3, salary=10000, image=https://java-ai-sau.oss-cn-beijing.aliyuncs.com/2025/04/4fa3f511-5ffc-4e16-8ada-6c85a284a014.jpg, entryDate=2025-04-01, deptId=2, createTime=null, updateTime=null, deptName=null, exprList=[])
2025-04-17 10:01:57.272 [http-nio-8080-exec-2] DEBUG o.s.j.support.JdbcTransactionManager - Creating new transaction with name [com.sau.service.impl.EmpServiceImpl.save]: PROPAGATION_REQUIRED,ISOLATION_DEFAULT,-java.lang.Exception
2025-04-17 10:01:57.275 [http-nio-8080-exec-2] DEBUG o.s.j.support.JdbcTransactionManager - Acquired Connection [HikariProxyConnection@1744348284 wrapping com.mysql.cj.jdbc.ConnectionImpl@489384c7] for JDBC transaction
2025-04-17 10:01:57.275 [http-nio-8080-exec-2] DEBUG o.s.j.support.JdbcTransactionManager - Switching JDBC Connection [HikariProxyConnection@1744348284 wrapping com.mysql.cj.jdbc.ConnectionImpl@489384c7] to manual commit
2025-04-17 10:01:57.296 [http-nio-8080-exec-2] DEBUG o.s.j.support.JdbcTransactionManager - Suspending current transaction, creating new transaction with name [com.sau.service.impl.EmpLogServiceImpl.insertLog]
2025-04-17 10:01:57.296 [http-nio-8080-exec-2] DEBUG o.s.j.support.JdbcTransactionManager - Acquired Connection [HikariProxyConnection@467447671 wrapping com.mysql.cj.jdbc.ConnectionImpl@301f5b08] for JDBC transaction
2025-04-17 10:01:57.298 [http-nio-8080-exec-2] DEBUG o.s.j.support.JdbcTransactionManager - Switching JDBC Connection [HikariProxyConnection@467447671 wrapping com.mysql.cj.jdbc.ConnectionImpl@301f5b08] to manual commit
2025-04-17 10:01:57.298 [http-nio-8080-exec-2] DEBUG o.s.j.support.JdbcTransactionManager - Initiating transaction commit
2025-04-17 10:01:57.298 [http-nio-8080-exec-2] DEBUG o.s.j.support.JdbcTransactionManager - Committing JDBC transaction on Connection [HikariProxyConnection@467447671 wrapping com.mysql.cj.jdbc.ConnectionImpl@301f5b08]
2025-04-17 10:01:57.305 [http-nio-8080-exec-2] DEBUG o.s.j.support.JdbcTransactionManager - Releasing JDBC Connection [HikariProxyConnection@467447671 wrapping com.mysql.cj.jdbc.ConnectionImpl@301f5b08] after transaction
2025-04-17 10:01:57.310 [http-nio-8080-exec-2] DEBUG o.s.j.support.JdbcTransactionManager - Resuming suspended transaction after completion of inner transaction
2025-04-17 10:01:57.310 [http-nio-8080-exec-2] DEBUG o.s.j.support.JdbcTransactionManager - Initiating transaction commit
2025-04-17 10:01:57.310 [http-nio-8080-exec-2] DEBUG o.s.j.support.JdbcTransactionManager - Committing JDBC transaction on Connection [HikariProxyConnection@1744348284 wrapping com.mysql.cj.jdbc.ConnectionImpl@489384c7]
2025-04-17 10:01:57.317 [http-nio-8080-exec-2] DEBUG o.s.j.support.JdbcTransactionManager - Releasing JDBC Connection [HikariProxyConnection@1744348284 wrapping com.mysql.cj.jdbc.ConnectionImpl@489384c7] after transaction
2025-04-17 10:01:57.319 [http-nio-8080-exec-2] INFO  com.sau.aop.OperationLogAspect - 记录操作日志: OperateLog(id=null, operateEmpId=34, operateTime=2025-04-17T10:01:57.317249700, className=com.sau.controller.EmpController, methodName=save, methodParams=[Emp(id=35, username=caihong, password=null, name=彩虹, gender=1, phone=13320000055, job=3, salary=10000, image=https://java-ai-sau.oss-cn-beijing.aliyuncs.com/2025/04/4fa3f511-5ffc-4e16-8ada-6c85a284a014.jpg, entryDate=2025-04-01, deptId=2, createTime=2025-04-17T10:01:57.281533800, updateTime=2025-04-17T10:01:57.281533800, deptName=null, exprList=[])], returnValue=Result(code=1, msg=success, data=null), costTime=61, operateEmpName=null)
2025-04-17 10:01:57.355 [http-nio-8080-exec-6] INFO  com.sau.filer.TokenFilter - 当前登录员工ID: 34, 将其存入ThreadLocal
2025-04-17 10:01:57.355 [http-nio-8080-exec-6] INFO  com.sau.filer.TokenFilter - token解析成功，放行
2025-04-17 10:01:57.355 [http-nio-8080-exec-6] INFO  com.sau.controller.EmpController - 分页查询,参数:EmpQueryParam(page=1, pageSize=10, name=, gender=null, begin=null, end=null)
2025-04-17 10:02:07.244 [http-nio-8080-exec-7] INFO  com.sau.filer.TokenFilter - 当前登录员工ID: 34, 将其存入ThreadLocal
2025-04-17 10:02:07.244 [http-nio-8080-exec-7] INFO  com.sau.filer.TokenFilter - token解析成功，放行
2025-04-17 10:02:07.246 [http-nio-8080-exec-7] INFO  com.sau.controller.LogController - 分页查询,参数:LogQueryParam(page=1, pageSize=15)
2025-04-17 10:03:14.734 [http-nio-8080-exec-8] INFO  com.sau.filer.TokenFilter - 登录请求，放行
2025-04-17 10:03:14.736 [http-nio-8080-exec-8] INFO  com.sau.controller.LoginController - 登录:Emp(id=null, username=caihong, password=123456, name=null, gender=null, phone=null, job=null, salary=null, image=null, entryDate=null, deptId=null, createTime=null, updateTime=null, deptName=null, exprList=null)
2025-04-17 10:03:14.738 [http-nio-8080-exec-8] INFO  com.sau.service.impl.EmpServiceImpl - 登录成功，员工信息: Emp(id=35, username=caihong, password=null, name=彩虹, gender=null, phone=null, job=null, salary=null, image=null, entryDate=null, deptId=null, createTime=null, updateTime=null, deptName=null, exprList=null)
2025-04-17 10:03:16.147 [http-nio-8080-exec-9] INFO  com.sau.filer.TokenFilter - 当前登录员工ID: 35, 将其存入ThreadLocal
2025-04-17 10:03:16.147 [http-nio-8080-exec-10] INFO  com.sau.filer.TokenFilter - 当前登录员工ID: 35, 将其存入ThreadLocal
2025-04-17 10:03:16.147 [http-nio-8080-exec-9] INFO  com.sau.filer.TokenFilter - token解析成功，放行
2025-04-17 10:03:16.147 [http-nio-8080-exec-10] INFO  com.sau.filer.TokenFilter - token解析成功，放行
2025-04-17 10:03:16.147 [http-nio-8080-exec-10] INFO  com.sau.controller.DeptController - 展示全部部门数据
2025-04-17 10:03:16.150 [http-nio-8080-exec-9] INFO  com.sau.controller.EmpController - 分页查询,参数:EmpQueryParam(page=1, pageSize=10, name=, gender=null, begin=null, end=null)
2025-04-17 10:03:21.559 [http-nio-8080-exec-1] INFO  com.sau.filer.TokenFilter - 当前登录员工ID: 35, 将其存入ThreadLocal
2025-04-17 10:03:21.559 [http-nio-8080-exec-1] INFO  com.sau.filer.TokenFilter - token解析成功，放行
2025-04-17 10:03:21.561 [http-nio-8080-exec-1] INFO  com.sau.controller.EmpController - 分页查询,参数:EmpQueryParam(page=3, pageSize=10, name=, gender=null, begin=null, end=null)
2025-04-17 10:03:33.360 [http-nio-8080-exec-3] INFO  com.sau.filer.TokenFilter - 当前登录员工ID: 35, 将其存入ThreadLocal
2025-04-17 10:03:33.360 [http-nio-8080-exec-3] INFO  com.sau.filer.TokenFilter - token解析成功，放行
2025-04-17 10:03:33.362 [http-nio-8080-exec-3] INFO  com.sau.controller.EmpController - 分页查询,参数:EmpQueryParam(page=2, pageSize=10, name=, gender=null, begin=null, end=null)
2025-04-17 10:03:40.530 [http-nio-8080-exec-4] INFO  com.sau.filer.TokenFilter - 当前登录员工ID: 35, 将其存入ThreadLocal
2025-04-17 10:03:40.531 [http-nio-8080-exec-4] INFO  com.sau.filer.TokenFilter - token解析成功，放行
2025-04-17 10:03:40.534 [http-nio-8080-exec-4] INFO  com.sau.controller.EmpController - 删除员工:[13]
2025-04-17 10:03:40.534 [http-nio-8080-exec-4] DEBUG o.s.j.support.JdbcTransactionManager - Creating new transaction with name [com.sau.service.impl.EmpServiceImpl.delete]: PROPAGATION_REQUIRED,ISOLATION_DEFAULT,-java.lang.Exception
2025-04-17 10:03:40.535 [http-nio-8080-exec-4] DEBUG o.s.j.support.JdbcTransactionManager - Acquired Connection [HikariProxyConnection@409141354 wrapping com.mysql.cj.jdbc.ConnectionImpl@489384c7] for JDBC transaction
2025-04-17 10:03:40.536 [http-nio-8080-exec-4] DEBUG o.s.j.support.JdbcTransactionManager - Switching JDBC Connection [HikariProxyConnection@409141354 wrapping com.mysql.cj.jdbc.ConnectionImpl@489384c7] to manual commit
2025-04-17 10:03:40.556 [http-nio-8080-exec-4] DEBUG o.s.j.support.JdbcTransactionManager - Initiating transaction commit
2025-04-17 10:03:40.556 [http-nio-8080-exec-4] DEBUG o.s.j.support.JdbcTransactionManager - Committing JDBC transaction on Connection [HikariProxyConnection@409141354 wrapping com.mysql.cj.jdbc.ConnectionImpl@489384c7]
2025-04-17 10:03:40.563 [http-nio-8080-exec-4] DEBUG o.s.j.support.JdbcTransactionManager - Releasing JDBC Connection [HikariProxyConnection@409141354 wrapping com.mysql.cj.jdbc.ConnectionImpl@489384c7] after transaction
2025-04-17 10:03:40.563 [http-nio-8080-exec-4] INFO  com.sau.aop.OperationLogAspect - 记录操作日志: OperateLog(id=null, operateEmpId=35, operateTime=2025-04-17T10:03:40.563340300, className=com.sau.controller.EmpController, methodName=delete, methodParams=[[13]], returnValue=Result(code=1, msg=success, data=null), costTime=29, operateEmpName=null)
2025-04-17 10:03:40.581 [http-nio-8080-exec-5] INFO  com.sau.filer.TokenFilter - 当前登录员工ID: 35, 将其存入ThreadLocal
2025-04-17 10:03:40.581 [http-nio-8080-exec-5] INFO  com.sau.filer.TokenFilter - token解析成功，放行
2025-04-17 10:03:40.581 [http-nio-8080-exec-5] INFO  com.sau.controller.EmpController - 分页查询,参数:EmpQueryParam(page=2, pageSize=10, name=, gender=null, begin=null, end=null)
2025-04-17 10:03:42.037 [http-nio-8080-exec-2] INFO  com.sau.filer.TokenFilter - 当前登录员工ID: 35, 将其存入ThreadLocal
2025-04-17 10:03:42.037 [http-nio-8080-exec-2] INFO  com.sau.filer.TokenFilter - token解析成功，放行
2025-04-17 10:03:42.038 [http-nio-8080-exec-2] INFO  com.sau.controller.LogController - 分页查询,参数:LogQueryParam(page=1, pageSize=15)
2025-04-17 14:28:21.656 [SpringApplicationShutdownHook] INFO  o.s.b.w.e.tomcat.GracefulShutdown - Commencing graceful shutdown. Waiting for active requests to complete
2025-04-17 14:28:22.170 [tomcat-shutdown] INFO  o.s.b.w.e.tomcat.GracefulShutdown - Graceful shutdown complete
2025-04-17 14:28:22.179 [SpringApplicationShutdownHook] INFO  com.zaxxer.hikari.HikariDataSource - HikariPool-1 - Shutdown initiated...
2025-04-17 14:28:22.186 [SpringApplicationShutdownHook] INFO  com.zaxxer.hikari.HikariDataSource - HikariPool-1 - Shutdown completed.
2025-04-17 15:27:04.950 [main] INFO  c.sau.CquptWebManagementApplication - Starting CquptWebManagementApplication using Java 17.0.13 with PID 552 (D:\Java\web-ai-practice\cqupt-web-management\target\classes started by 77639 in D:\Java\web-ai-practice)
2025-04-17 15:27:04.950 [main] INFO  c.sau.CquptWebManagementApplication - No active profile set, falling back to 1 default profile: "default"
2025-04-17 15:27:05.925 [main] INFO  o.s.b.w.e.tomcat.TomcatWebServer - Tomcat initialized with port 8080 (http)
2025-04-17 15:27:05.987 [main] INFO  o.s.b.w.s.c.ServletWebServerApplicationContext - Root WebApplicationContext: initialization completed in 1002 ms
2025-04-17 15:27:06.627 [main] INFO  o.s.b.w.e.tomcat.TomcatWebServer - Tomcat started on port 8080 (http) with context path '/'
2025-04-17 15:27:06.634 [main] INFO  c.sau.CquptWebManagementApplication - Started CquptWebManagementApplication in 2.009 seconds (process running for 2.65)
2025-04-17 15:27:06.640 [SpringApplicationShutdownHook] INFO  o.s.b.w.e.tomcat.GracefulShutdown - Commencing graceful shutdown. Waiting for active requests to complete
2025-04-17 15:27:07.071 [tomcat-shutdown] INFO  o.s.b.w.e.tomcat.GracefulShutdown - Graceful shutdown complete
2025-04-17 15:27:55.563 [main] INFO  c.sau.CquptWebManagementApplication - Starting CquptWebManagementApplication using Java 17.0.13 with PID 10984 (D:\Java\web-ai-practice\cqupt-web-management\target\classes started by 77639 in D:\Java\web-ai-practice)
2025-04-17 15:27:55.564 [main] INFO  c.sau.CquptWebManagementApplication - No active profile set, falling back to 1 default profile: "default"
2025-04-17 15:27:56.375 [main] INFO  o.s.b.w.e.tomcat.TomcatWebServer - Tomcat initialized with port 8080 (http)
2025-04-17 15:27:56.384 [main] INFO  o.a.coyote.http11.Http11NioProtocol - Initializing ProtocolHandler ["http-nio-8080"]
2025-04-17 15:27:56.386 [main] INFO  o.a.catalina.core.StandardService - Starting service [Tomcat]
2025-04-17 15:27:56.386 [main] INFO  o.a.catalina.core.StandardEngine - Starting Servlet engine: [Apache Tomcat/10.1.36]
2025-04-17 15:27:56.432 [main] INFO  o.a.c.c.C.[Tomcat].[localhost].[/] - Initializing Spring embedded WebApplicationContext
2025-04-17 15:27:56.432 [main] INFO  o.s.b.w.s.c.ServletWebServerApplicationContext - Root WebApplicationContext: initialization completed in 840 ms
2025-04-17 15:27:56.964 [main] INFO  o.a.coyote.http11.Http11NioProtocol - Starting ProtocolHandler ["http-nio-8080"]
2025-04-17 15:27:56.975 [main] INFO  o.s.b.w.e.tomcat.TomcatWebServer - Tomcat started on port 8080 (http) with context path '/'
2025-04-17 15:27:56.981 [main] INFO  c.sau.CquptWebManagementApplication - Started CquptWebManagementApplication in 1.658 seconds (process running for 2.166)
2025-04-17 15:28:12.570 [http-nio-8080-exec-1] INFO  o.a.c.c.C.[Tomcat].[localhost].[/] - Initializing Spring DispatcherServlet 'dispatcherServlet'
2025-04-17 15:28:12.570 [http-nio-8080-exec-1] INFO  o.s.web.servlet.DispatcherServlet - Initializing Servlet 'dispatcherServlet'
2025-04-17 15:28:12.570 [http-nio-8080-exec-1] INFO  o.s.web.servlet.DispatcherServlet - Completed initialization in 0 ms
2025-04-17 15:28:12.582 [http-nio-8080-exec-1] INFO  com.sau.filer.TokenFilter - 登录请求，放行
2025-04-17 15:28:12.766 [http-nio-8080-exec-1] INFO  com.sau.controller.LoginController - 登录:Emp(id=null, username=zhaojinyu, password=123456, name=null, gender=null, phone=null, job=null, salary=null, image=null, entryDate=null, deptId=null, createTime=null, updateTime=null, deptName=null, exprList=null)
2025-04-17 15:28:12.803 [http-nio-8080-exec-1] INFO  com.zaxxer.hikari.HikariDataSource - HikariPool-1 - Starting...
2025-04-17 15:28:13.243 [http-nio-8080-exec-1] INFO  com.zaxxer.hikari.pool.HikariPool - HikariPool-1 - Added connection com.mysql.cj.jdbc.ConnectionImpl@3087706b
2025-04-17 15:28:13.243 [http-nio-8080-exec-1] INFO  com.zaxxer.hikari.HikariDataSource - HikariPool-1 - Start completed.
2025-04-17 15:28:13.315 [http-nio-8080-exec-1] INFO  com.sau.service.impl.EmpServiceImpl - 登录成功，员工信息: Emp(id=34, username=zhaojinyu, password=null, name=赵瑾瑜, gender=null, phone=null, job=null, salary=null, image=null, entryDate=null, deptId=null, createTime=null, updateTime=null, deptName=null, exprList=null)
2025-04-17 15:28:16.230 [http-nio-8080-exec-3] INFO  com.sau.filer.TokenFilter - 当前登录员工ID: 34, 将其存入ThreadLocal
2025-04-17 15:28:16.230 [http-nio-8080-exec-2] INFO  com.sau.filer.TokenFilter - 当前登录员工ID: 34, 将其存入ThreadLocal
2025-04-17 15:28:16.235 [http-nio-8080-exec-3] INFO  com.sau.filer.TokenFilter - token解析成功，放行
2025-04-17 15:28:16.235 [http-nio-8080-exec-2] INFO  com.sau.filer.TokenFilter - token解析成功，放行
2025-04-17 15:28:16.238 [http-nio-8080-exec-2] INFO  com.sau.controller.ClazzController - 查询所有班级
2025-04-17 15:28:16.245 [http-nio-8080-exec-3] INFO  c.sau.controller.StudentController - 分页查询,参数:StudentQueryParam(page=1, pageSize=10, name=, degree=null, clazzId=null)
2025-04-17 15:28:17.896 [http-nio-8080-exec-4] INFO  com.sau.filer.TokenFilter - 当前登录员工ID: 34, 将其存入ThreadLocal
2025-04-17 15:28:17.896 [http-nio-8080-exec-4] INFO  com.sau.filer.TokenFilter - token解析成功，放行
2025-04-17 15:28:17.896 [http-nio-8080-exec-5] INFO  com.sau.filer.TokenFilter - 当前登录员工ID: 34, 将其存入ThreadLocal
2025-04-17 15:28:17.897 [http-nio-8080-exec-5] INFO  com.sau.filer.TokenFilter - token解析成功，放行
2025-04-17 15:28:17.898 [http-nio-8080-exec-5] INFO  com.sau.controller.DeptController - 展示全部部门数据
2025-04-17 15:28:17.901 [http-nio-8080-exec-4] INFO  com.sau.controller.EmpController - 分页查询,参数:EmpQueryParam(page=1, pageSize=10, name=, gender=null, begin=null, end=null)
2025-04-17 15:28:44.818 [http-nio-8080-exec-7] INFO  com.sau.filer.TokenFilter - 当前登录员工ID: 34, 将其存入ThreadLocal
2025-04-17 15:28:44.818 [http-nio-8080-exec-7] INFO  com.sau.filer.TokenFilter - token解析成功，放行
2025-04-17 15:28:44.826 [http-nio-8080-exec-7] INFO  com.sau.controller.LogController - 分页查询,参数:LogQueryParam(page=1, pageSize=15)
2025-04-17 15:34:44.784 [SpringApplicationShutdownHook] INFO  o.s.b.w.e.tomcat.GracefulShutdown - Commencing graceful shutdown. Waiting for active requests to complete
2025-04-17 15:34:45.736 [tomcat-shutdown] INFO  o.s.b.w.e.tomcat.GracefulShutdown - Graceful shutdown complete
2025-04-17 15:34:45.744 [SpringApplicationShutdownHook] INFO  com.zaxxer.hikari.HikariDataSource - HikariPool-1 - Shutdown initiated...
2025-04-17 15:34:45.765 [SpringApplicationShutdownHook] INFO  com.zaxxer.hikari.HikariDataSource - HikariPool-1 - Shutdown completed.
2025-04-17 16:10:10.884 [main] INFO  c.sau.CquptWebManagementApplication - Starting CquptWebManagementApplication using Java 17.0.13 with PID 10900 (D:\Java\web-ai-practice\cqupt-web-management\target\classes started by 77639 in D:\Java\web-ai-practice)
2025-04-17 16:10:10.885 [main] INFO  c.sau.CquptWebManagementApplication - No active profile set, falling back to 1 default profile: "default"
2025-04-17 16:10:11.612 [main] INFO  o.s.b.w.e.tomcat.TomcatWebServer - Tomcat initialized with port 8080 (http)
2025-04-17 16:10:11.626 [main] INFO  o.a.coyote.http11.Http11NioProtocol - Initializing ProtocolHandler ["http-nio-8080"]
2025-04-17 16:10:11.627 [main] INFO  o.a.catalina.core.StandardService - Starting service [Tomcat]
2025-04-17 16:10:11.627 [main] INFO  o.a.catalina.core.StandardEngine - Starting Servlet engine: [Apache Tomcat/10.1.36]
2025-04-17 16:10:11.675 [main] INFO  o.a.c.c.C.[Tomcat].[localhost].[/] - Initializing Spring embedded WebApplicationContext
2025-04-17 16:10:11.675 [main] INFO  o.s.b.w.s.c.ServletWebServerApplicationContext - Root WebApplicationContext: initialization completed in 764 ms
2025-04-17 16:10:12.178 [main] INFO  o.a.coyote.http11.Http11NioProtocol - Starting ProtocolHandler ["http-nio-8080"]
2025-04-17 16:10:12.189 [main] INFO  o.s.b.w.e.tomcat.TomcatWebServer - Tomcat started on port 8080 (http) with context path '/'
2025-04-17 16:10:12.195 [main] INFO  c.sau.CquptWebManagementApplication - Started CquptWebManagementApplication in 1.572 seconds (process running for 2.163)
2025-04-17 16:10:53.041 [http-nio-8080-exec-1] INFO  o.a.c.c.C.[Tomcat].[localhost].[/] - Initializing Spring DispatcherServlet 'dispatcherServlet'
2025-04-17 16:10:53.042 [http-nio-8080-exec-1] INFO  o.s.web.servlet.DispatcherServlet - Initializing Servlet 'dispatcherServlet'
2025-04-17 16:10:53.042 [http-nio-8080-exec-1] INFO  o.s.web.servlet.DispatcherServlet - Completed initialization in 0 ms
2025-04-17 16:10:53.047 [http-nio-8080-exec-1] INFO  com.sau.filer.TokenFilter - 登录请求，放行
2025-04-17 16:10:53.189 [http-nio-8080-exec-1] INFO  com.sau.controller.LoginController - 登录:Emp(id=null, username=caihong, password=131421, name=null, gender=null, phone=null, job=null, salary=null, image=null, entryDate=null, deptId=null, createTime=null, updateTime=null, deptName=null, exprList=null)
2025-04-17 16:10:53.230 [http-nio-8080-exec-1] INFO  com.zaxxer.hikari.HikariDataSource - HikariPool-1 - Starting...
2025-04-17 16:10:53.674 [http-nio-8080-exec-1] INFO  com.zaxxer.hikari.pool.HikariPool - HikariPool-1 - Added connection com.mysql.cj.jdbc.ConnectionImpl@1ca6d351
2025-04-17 16:10:53.675 [http-nio-8080-exec-1] INFO  com.zaxxer.hikari.HikariDataSource - HikariPool-1 - Start completed.
2025-04-17 16:10:55.049 [http-nio-8080-exec-3] INFO  com.sau.filer.TokenFilter - 登录请求，放行
2025-04-17 16:10:55.051 [http-nio-8080-exec-3] INFO  com.sau.controller.LoginController - 登录:Emp(id=null, username=caihong, password=131421, name=null, gender=null, phone=null, job=null, salary=null, image=null, entryDate=null, deptId=null, createTime=null, updateTime=null, deptName=null, exprList=null)
2025-04-17 16:10:55.567 [http-nio-8080-exec-2] INFO  com.sau.filer.TokenFilter - 登录请求，放行
2025-04-17 16:10:55.569 [http-nio-8080-exec-2] INFO  com.sau.controller.LoginController - 登录:Emp(id=null, username=caihong, password=131421, name=null, gender=null, phone=null, job=null, salary=null, image=null, entryDate=null, deptId=null, createTime=null, updateTime=null, deptName=null, exprList=null)
2025-04-17 16:10:55.707 [http-nio-8080-exec-4] INFO  com.sau.filer.TokenFilter - 登录请求，放行
2025-04-17 16:10:55.709 [http-nio-8080-exec-4] INFO  com.sau.controller.LoginController - 登录:Emp(id=null, username=caihong, password=131421, name=null, gender=null, phone=null, job=null, salary=null, image=null, entryDate=null, deptId=null, createTime=null, updateTime=null, deptName=null, exprList=null)
2025-04-17 16:10:55.849 [http-nio-8080-exec-10] INFO  com.sau.filer.TokenFilter - 登录请求，放行
2025-04-17 16:10:55.850 [http-nio-8080-exec-10] INFO  com.sau.controller.LoginController - 登录:Emp(id=null, username=caihong, password=131421, name=null, gender=null, phone=null, job=null, salary=null, image=null, entryDate=null, deptId=null, createTime=null, updateTime=null, deptName=null, exprList=null)
2025-04-17 16:11:00.154 [http-nio-8080-exec-7] INFO  com.sau.filer.TokenFilter - 登录请求，放行
2025-04-17 16:11:00.156 [http-nio-8080-exec-7] INFO  com.sau.controller.LoginController - 登录:Emp(id=null, username=caihong, password=123456, name=null, gender=null, phone=null, job=null, salary=null, image=null, entryDate=null, deptId=null, createTime=null, updateTime=null, deptName=null, exprList=null)
2025-04-17 16:11:00.162 [http-nio-8080-exec-7] INFO  com.sau.service.impl.EmpServiceImpl - 登录成功，员工信息: Emp(id=35, username=caihong, password=null, name=彩虹, gender=null, phone=null, job=null, salary=null, image=null, entryDate=null, deptId=null, createTime=null, updateTime=null, deptName=null, exprList=null)
2025-04-17 16:11:01.939 [http-nio-8080-exec-8] INFO  com.sau.filer.TokenFilter - 当前登录员工ID: 35, 将其存入ThreadLocal
2025-04-17 16:11:01.939 [http-nio-8080-exec-6] INFO  com.sau.filer.TokenFilter - 当前登录员工ID: 35, 将其存入ThreadLocal
2025-04-17 16:11:01.939 [http-nio-8080-exec-8] INFO  com.sau.filer.TokenFilter - token解析成功，放行
2025-04-17 16:11:01.939 [http-nio-8080-exec-6] INFO  com.sau.filer.TokenFilter - token解析成功，放行
2025-04-17 16:11:01.947 [http-nio-8080-exec-6] INFO  com.sau.controller.EmpController - 查询全部员工
2025-04-17 16:11:01.955 [http-nio-8080-exec-8] INFO  com.sau.controller.ClazzController - 分页查询,参数:ClazzQueryParam(page=1, pageSize=10, name=, begin=null, end=null)
2025-04-17 16:11:04.192 [http-nio-8080-exec-9] INFO  com.sau.filer.TokenFilter - 当前登录员工ID: 35, 将其存入ThreadLocal
2025-04-17 16:11:04.192 [http-nio-8080-exec-5] INFO  com.sau.filer.TokenFilter - 当前登录员工ID: 35, 将其存入ThreadLocal
2025-04-17 16:11:04.192 [http-nio-8080-exec-9] INFO  com.sau.filer.TokenFilter - token解析成功，放行
2025-04-17 16:11:04.192 [http-nio-8080-exec-5] INFO  com.sau.filer.TokenFilter - token解析成功，放行
2025-04-17 16:11:04.192 [http-nio-8080-exec-9] INFO  com.sau.controller.ClazzController - 查询所有班级
2025-04-17 16:11:04.195 [http-nio-8080-exec-5] INFO  c.sau.controller.StudentController - 分页查询,参数:StudentQueryParam(page=1, pageSize=10, name=, degree=null, clazzId=null)
2025-04-17 16:36:41.110 [SpringApplicationShutdownHook] INFO  o.s.b.w.e.tomcat.GracefulShutdown - Commencing graceful shutdown. Waiting for active requests to complete
2025-04-17 16:36:42.054 [tomcat-shutdown] INFO  o.s.b.w.e.tomcat.GracefulShutdown - Graceful shutdown complete
2025-04-17 16:36:42.054 [SpringApplicationShutdownHook] INFO  com.zaxxer.hikari.HikariDataSource - HikariPool-1 - Shutdown initiated...
2025-04-17 16:36:42.076 [SpringApplicationShutdownHook] INFO  com.zaxxer.hikari.HikariDataSource - HikariPool-1 - Shutdown completed.
