2025-11-17 18:58:00.438 [background-preinit] INFO  o.h.validator.internal.util.Version - HV000001: Hibernate Validator 8.0.3.Final
2025-11-17 18:58:00.489 [main] INFO  c.s.ECommerceImageSystemApplication - Starting ECommerceImageSystemApplication using Java 17.0.13 with PID 26136 (D:\Java\e-commerce-image-project\e-commerce-image-system\target\classes started by 77639 in D:\Java\e-commerce-image-project)
2025-11-17 18:58:00.491 [main] INFO  c.s.ECommerceImageSystemApplication - No active profile set, falling back to 1 default profile: "default"
2025-11-17 18:58:01.398 [main] INFO  o.s.d.r.c.RepositoryConfigurationDelegate - Multiple Spring Data modules found, entering strict repository configuration mode
2025-11-17 18:58:01.400 [main] INFO  o.s.d.r.c.RepositoryConfigurationDelegate - Bootstrapping Spring Data Redis repositories in DEFAULT mode.
2025-11-17 18:58:01.429 [main] INFO  o.s.d.r.c.RepositoryConfigurationDelegate - Finished Spring Data repository scanning in 14 ms. Found 0 Redis repository interfaces.
2025-11-17 18:58:02.241 [main] INFO  o.s.b.w.e.tomcat.TomcatWebServer - Tomcat initialized with port 8080 (http)
2025-11-17 18:58:02.253 [main] INFO  o.a.coyote.http11.Http11NioProtocol - Initializing ProtocolHandler ["http-nio-8080"]
2025-11-17 18:58:02.254 [main] INFO  o.a.catalina.core.StandardService - Starting service [Tomcat]
2025-11-17 18:58:02.255 [main] INFO  o.a.catalina.core.StandardEngine - Starting Servlet engine: [Apache Tomcat/10.1.46]
2025-11-17 18:58:02.340 [main] INFO  o.a.c.c.C.[Tomcat].[localhost].[/] - Initializing Spring embedded WebApplicationContext
2025-11-17 18:58:02.340 [main] INFO  o.s.b.w.s.c.ServletWebServerApplicationContext - Root WebApplicationContext: initialization completed in 1806 ms
2025-11-17 18:58:03.697 [main] INFO  o.a.coyote.http11.Http11NioProtocol - Starting ProtocolHandler ["http-nio-8080"]
2025-11-17 18:58:03.715 [main] INFO  o.s.b.w.e.tomcat.TomcatWebServer - Tomcat started on port 8080 (http) with context path '/'
2025-11-17 18:58:03.724 [main] INFO  c.s.ECommerceImageSystemApplication - Started ECommerceImageSystemApplication in 3.718 seconds (process running for 4.715)
2025-11-17 18:58:15.991 [http-nio-8080-exec-1] INFO  o.a.c.c.C.[Tomcat].[localhost].[/] - Initializing Spring DispatcherServlet 'dispatcherServlet'
2025-11-17 18:58:15.991 [http-nio-8080-exec-1] INFO  o.s.web.servlet.DispatcherServlet - Initializing Servlet 'dispatcherServlet'
2025-11-17 18:58:15.991 [http-nio-8080-exec-1] INFO  o.s.web.servlet.DispatcherServlet - Completed initialization in 0 ms
2025-11-17 18:58:16.034 [http-nio-8080-exec-1] INFO  com.sau.filter.JwtTokenFilter - JWT认证过滤器开始执行
2025-11-17 18:58:16.034 [http-nio-8080-exec-1] INFO  com.sau.filter.JwtTokenFilter - 请求路径：/login
2025-11-17 18:58:16.162 [http-nio-8080-exec-1] INFO  com.sau.controller.LoginController - 登录请求: 账号=zhaojinyu, rememberMe=true
2025-11-17 18:58:16.192 [http-nio-8080-exec-1] INFO  com.zaxxer.hikari.HikariDataSource - HikariPool-1 - Starting...
2025-11-17 18:58:16.902 [http-nio-8080-exec-1] INFO  com.zaxxer.hikari.pool.HikariPool - HikariPool-1 - Added connection com.mysql.cj.jdbc.ConnectionImpl@4e0bea
2025-11-17 18:58:16.906 [http-nio-8080-exec-1] INFO  com.zaxxer.hikari.HikariDataSource - HikariPool-1 - Start completed.
2025-11-17 18:58:17.554 [http-nio-8080-exec-1] INFO  c.sau.service.impl.AuthServiceImpl - 登录成功，用户信息: User(id=1, name=赵瑾瑜, username=zhaojinyu, account=null, password=$2a$12$kFEfURVVsiK7ulY7UvnreegZkQGJFSIzBIUno1dtEq9rHr3.LzREK, email=88888@qq.com, phone=18866668888, image=https://java-ai-sau.oss-cn-beijing.aliyuncs.com/2025/04/312b700a-e1c7-42bf-aa23-5db8dc7121a6.jpg, status=1, userType=0, createTime=null, updateTime=null)
2025-11-17 18:58:18.062 [http-nio-8080-exec-1] INFO  c.sau.service.impl.AuthServiceImpl - 生成accessToken：eyJhbGciOiJIUzI1NiJ9.eyJ1c2VySWQiOjEsInVzZXJuYW1lIjoiemhhb2ppbnl1IiwiZXhwIjoxNzYzMzc3OTk4fQ.RPslGUdtrhjgL3wWKJlC0GaXaEIkVUYyuN5TriX2z1c
2025-11-17 18:58:18.777 [http-nio-8080-exec-1] ERROR com.sau.utils.RedisUtils - Redis set error, key: access_token:1, value: eyJhbGciOiJIUzI1NiJ9.eyJ1c2VySWQiOjEsInVzZXJuYW1lIjoiemhhb2ppbnl1IiwiZXhwIjoxNzYzMzc3OTk4fQ.RPslGUdtrhjgL3wWKJlC0GaXaEIkVUYyuN5TriX2z1c
org.springframework.data.redis.RedisConnectionFailureException: Unable to connect to Redis
	at org.springframework.data.redis.connection.lettuce.LettuceConnectionFactory$ExceptionTranslatingConnectionProvider.translateException(LettuceConnectionFactory.java:1866)
	at org.springframework.data.redis.connection.lettuce.LettuceConnectionFactory$ExceptionTranslatingConnectionProvider.getConnection(LettuceConnectionFactory.java:1797)
	at org.springframework.data.redis.connection.lettuce.LettuceConnectionFactory$SharedConnection.getNativeConnection(LettuceConnectionFactory.java:1594)
	at org.springframework.data.redis.connection.lettuce.LettuceConnectionFactory$SharedConnection.lambda$getConnection$0(LettuceConnectionFactory.java:1574)
	at org.springframework.data.redis.connection.lettuce.LettuceConnectionFactory.doInLock(LettuceConnectionFactory.java:1535)
	at org.springframework.data.redis.connection.lettuce.LettuceConnectionFactory$SharedConnection.getConnection(LettuceConnectionFactory.java:1571)
	at org.springframework.data.redis.connection.lettuce.LettuceConnectionFactory.getSharedConnection(LettuceConnectionFactory.java:1257)
	at org.springframework.data.redis.connection.lettuce.LettuceConnectionFactory.getConnection(LettuceConnectionFactory.java:1063)
	at org.springframework.data.redis.core.RedisConnectionUtils.fetchConnection(RedisConnectionUtils.java:195)
	at org.springframework.data.redis.core.RedisConnectionUtils.doGetConnection(RedisConnectionUtils.java:144)
	at org.springframework.data.redis.core.RedisConnectionUtils.getConnection(RedisConnectionUtils.java:105)
	at org.springframework.data.redis.core.RedisTemplate.execute(RedisTemplate.java:400)
	at org.springframework.data.redis.core.RedisTemplate.execute(RedisTemplate.java:380)
	at org.springframework.data.redis.core.AbstractOperations.execute(AbstractOperations.java:117)
	at org.springframework.data.redis.core.DefaultValueOperations.set(DefaultValueOperations.java:209)
	at com.sau.utils.RedisUtils.set(RedisUtils.java:31)
	at com.sau.utils.RedisTokenUtils.saveAccessToken(RedisTokenUtils.java:45)
	at com.sau.service.impl.AuthServiceImpl.login(AuthServiceImpl.java:75)
	at com.sau.controller.LoginController.login(LoginController.java:44)
	at java.base/jdk.internal.reflect.NativeMethodAccessorImpl.invoke0(Native Method)
	at java.base/jdk.internal.reflect.NativeMethodAccessorImpl.invoke(NativeMethodAccessorImpl.java:77)
	at java.base/jdk.internal.reflect.DelegatingMethodAccessorImpl.invoke(DelegatingMethodAccessorImpl.java:43)
	at java.base/java.lang.reflect.Method.invoke(Method.java:569)
	at org.springframework.aop.support.AopUtils.invokeJoinpointUsingReflection(AopUtils.java:360)
	at org.springframework.aop.framework.ReflectiveMethodInvocation.invokeJoinpoint(ReflectiveMethodInvocation.java:196)
	at org.springframework.aop.framework.ReflectiveMethodInvocation.proceed(ReflectiveMethodInvocation.java:163)
	at org.springframework.aop.aspectj.MethodInvocationProceedingJoinPoint.proceed(MethodInvocationProceedingJoinPoint.java:89)
	at com.sau.aop.OperationLogAspect.logOperation(OperationLogAspect.java:31)
	at java.base/jdk.internal.reflect.NativeMethodAccessorImpl.invoke0(Native Method)
	at java.base/jdk.internal.reflect.NativeMethodAccessorImpl.invoke(NativeMethodAccessorImpl.java:77)
	at java.base/jdk.internal.reflect.DelegatingMethodAccessorImpl.invoke(DelegatingMethodAccessorImpl.java:43)
	at java.base/java.lang.reflect.Method.invoke(Method.java:569)
	at org.springframework.aop.aspectj.AbstractAspectJAdvice.invokeAdviceMethodWithGivenArgs(AbstractAspectJAdvice.java:649)
	at org.springframework.aop.aspectj.AbstractAspectJAdvice.invokeAdviceMethod(AbstractAspectJAdvice.java:631)
	at org.springframework.aop.aspectj.AspectJAroundAdvice.invoke(AspectJAroundAdvice.java:71)
	at org.springframework.aop.framework.ReflectiveMethodInvocation.proceed(ReflectiveMethodInvocation.java:173)
	at org.springframework.aop.interceptor.ExposeInvocationInterceptor.invoke(ExposeInvocationInterceptor.java:97)
	at org.springframework.aop.framework.ReflectiveMethodInvocation.proceed(ReflectiveMethodInvocation.java:184)
	at org.springframework.aop.framework.CglibAopProxy$DynamicAdvisedInterceptor.intercept(CglibAopProxy.java:728)
	at com.sau.controller.LoginController$$SpringCGLIB$$0.login(<generated>)
	at java.base/jdk.internal.reflect.NativeMethodAccessorImpl.invoke0(Native Method)
	at java.base/jdk.internal.reflect.NativeMethodAccessorImpl.invoke(NativeMethodAccessorImpl.java:77)
	at java.base/jdk.internal.reflect.DelegatingMethodAccessorImpl.invoke(DelegatingMethodAccessorImpl.java:43)
	at java.base/java.lang.reflect.Method.invoke(Method.java:569)
	at org.springframework.web.method.support.InvocableHandlerMethod.doInvoke(InvocableHandlerMethod.java:258)
	at org.springframework.web.method.support.InvocableHandlerMethod.invokeForRequest(InvocableHandlerMethod.java:191)
	at org.springframework.web.servlet.mvc.method.annotation.ServletInvocableHandlerMethod.invokeAndHandle(ServletInvocableHandlerMethod.java:118)
	at org.springframework.web.servlet.mvc.method.annotation.RequestMappingHandlerAdapter.invokeHandlerMethod(RequestMappingHandlerAdapter.java:991)
	at org.springframework.web.servlet.mvc.method.annotation.RequestMappingHandlerAdapter.handleInternal(RequestMappingHandlerAdapter.java:896)
	at org.springframework.web.servlet.mvc.method.AbstractHandlerMethodAdapter.handle(AbstractHandlerMethodAdapter.java:87)
	at org.springframework.web.servlet.DispatcherServlet.doDispatch(DispatcherServlet.java:1089)
	at org.springframework.web.servlet.DispatcherServlet.doService(DispatcherServlet.java:979)
	at org.springframework.web.servlet.FrameworkServlet.processRequest(FrameworkServlet.java:1014)
	at org.springframework.web.servlet.FrameworkServlet.doPost(FrameworkServlet.java:914)
	at jakarta.servlet.http.HttpServlet.service(HttpServlet.java:590)
	at org.springframework.web.servlet.FrameworkServlet.service(FrameworkServlet.java:885)
	at jakarta.servlet.http.HttpServlet.service(HttpServlet.java:658)
	at org.apache.catalina.core.ApplicationFilterChain.internalDoFilter(ApplicationFilterChain.java:195)
	at org.apache.catalina.core.ApplicationFilterChain.doFilter(ApplicationFilterChain.java:140)
	at org.apache.tomcat.websocket.server.WsFilter.doFilter(WsFilter.java:51)
	at org.apache.catalina.core.ApplicationFilterChain.internalDoFilter(ApplicationFilterChain.java:164)
	at org.apache.catalina.core.ApplicationFilterChain.doFilter(ApplicationFilterChain.java:140)
	at org.springframework.web.filter.OncePerRequestFilter.doFilter(OncePerRequestFilter.java:110)
	at org.apache.catalina.core.ApplicationFilterChain.internalDoFilter(ApplicationFilterChain.java:164)
	at org.apache.catalina.core.ApplicationFilterChain.doFilter(ApplicationFilterChain.java:140)
	at org.springframework.web.filter.CompositeFilter$VirtualFilterChain.doFilter(CompositeFilter.java:108)
	at org.springframework.web.filter.CompositeFilter$VirtualFilterChain.doFilter(CompositeFilter.java:108)
	at org.springframework.security.web.FilterChainProxy.lambda$doFilterInternal$3(FilterChainProxy.java:231)
	at org.springframework.security.web.FilterChainProxy$VirtualFilterChain.doFilter(FilterChainProxy.java:365)
	at org.springframework.security.web.access.intercept.AuthorizationFilter.doFilter(AuthorizationFilter.java:101)
	at org.springframework.security.web.FilterChainProxy$VirtualFilterChain.doFilter(FilterChainProxy.java:374)
	at org.springframework.security.web.access.ExceptionTranslationFilter.doFilter(ExceptionTranslationFilter.java:125)
	at org.springframework.security.web.access.ExceptionTranslationFilter.doFilter(ExceptionTranslationFilter.java:119)
	at org.springframework.security.web.FilterChainProxy$VirtualFilterChain.doFilter(FilterChainProxy.java:374)
	at org.springframework.security.web.session.SessionManagementFilter.doFilter(SessionManagementFilter.java:131)
	at org.springframework.security.web.session.SessionManagementFilter.doFilter(SessionManagementFilter.java:85)
	at org.springframework.security.web.FilterChainProxy$VirtualFilterChain.doFilter(FilterChainProxy.java:374)
	at org.springframework.security.web.authentication.AnonymousAuthenticationFilter.doFilter(AnonymousAuthenticationFilter.java:100)
	at org.springframework.security.web.FilterChainProxy$VirtualFilterChain.doFilter(FilterChainProxy.java:374)
	at org.springframework.security.web.servletapi.SecurityContextHolderAwareRequestFilter.doFilter(SecurityContextHolderAwareRequestFilter.java:179)
	at org.springframework.security.web.FilterChainProxy$VirtualFilterChain.doFilter(FilterChainProxy.java:374)
	at org.springframework.security.web.savedrequest.RequestCacheAwareFilter.doFilter(RequestCacheAwareFilter.java:63)
	at org.springframework.security.web.FilterChainProxy$VirtualFilterChain.doFilter(FilterChainProxy.java:374)
	at com.sau.filter.JwtTokenFilter.doFilterInternal(JwtTokenFilter.java:57)
	at org.springframework.web.filter.OncePerRequestFilter.doFilter(OncePerRequestFilter.java:116)
	at org.springframework.security.web.FilterChainProxy$VirtualFilterChain.doFilter(FilterChainProxy.java:374)
	at org.springframework.security.web.header.HeaderWriterFilter.doHeadersAfter(HeaderWriterFilter.java:90)
	at org.springframework.security.web.header.HeaderWriterFilter.doFilterInternal(HeaderWriterFilter.java:75)
	at org.springframework.web.filter.OncePerRequestFilter.doFilter(OncePerRequestFilter.java:116)
	at org.springframework.security.web.FilterChainProxy$VirtualFilterChain.doFilter(FilterChainProxy.java:374)
	at org.springframework.security.web.context.SecurityContextHolderFilter.doFilter(SecurityContextHolderFilter.java:82)
	at org.springframework.security.web.context.SecurityContextHolderFilter.doFilter(SecurityContextHolderFilter.java:69)
	at org.springframework.security.web.FilterChainProxy$VirtualFilterChain.doFilter(FilterChainProxy.java:374)
	at org.springframework.security.web.context.request.async.WebAsyncManagerIntegrationFilter.doFilterInternal(WebAsyncManagerIntegrationFilter.java:62)
	at org.springframework.web.filter.OncePerRequestFilter.doFilter(OncePerRequestFilter.java:116)
	at org.springframework.security.web.FilterChainProxy$VirtualFilterChain.doFilter(FilterChainProxy.java:374)
	at org.springframework.security.web.session.DisableEncodeUrlFilter.doFilterInternal(DisableEncodeUrlFilter.java:42)
	at org.springframework.web.filter.OncePerRequestFilter.doFilter(OncePerRequestFilter.java:116)
	at org.springframework.security.web.FilterChainProxy$VirtualFilterChain.doFilter(FilterChainProxy.java:374)
	at org.springframework.security.web.FilterChainProxy.doFilterInternal(FilterChainProxy.java:233)
	at org.springframework.security.web.FilterChainProxy.doFilter(FilterChainProxy.java:191)
	at org.springframework.web.filter.CompositeFilter$VirtualFilterChain.doFilter(CompositeFilter.java:113)
	at org.springframework.web.filter.ServletRequestPathFilter.doFilter(ServletRequestPathFilter.java:52)
	at org.springframework.web.filter.CompositeFilter$VirtualFilterChain.doFilter(CompositeFilter.java:113)
	at org.springframework.web.filter.CompositeFilter.doFilter(CompositeFilter.java:74)
	at org.springframework.security.config.annotation.web.configuration.WebSecurityConfiguration$CompositeFilterChainProxy.doFilter(WebSecurityConfiguration.java:319)
	at org.springframework.web.filter.CompositeFilter$VirtualFilterChain.doFilter(CompositeFilter.java:113)
	at org.springframework.web.servlet.handler.HandlerMappingIntrospector.lambda$createCacheFilter$4(HandlerMappingIntrospector.java:267)
	at org.springframework.web.filter.CompositeFilter$VirtualFilterChain.doFilter(CompositeFilter.java:113)
	at org.springframework.web.filter.CompositeFilter.doFilter(CompositeFilter.java:74)
	at org.springframework.security.config.annotation.web.configuration.WebMvcSecurityConfiguration$CompositeFilterChainProxy.doFilter(WebMvcSecurityConfiguration.java:240)
	at org.springframework.web.filter.DelegatingFilterProxy.invokeDelegate(DelegatingFilterProxy.java:362)
	at org.springframework.web.filter.DelegatingFilterProxy.doFilter(DelegatingFilterProxy.java:278)
	at org.apache.catalina.core.ApplicationFilterChain.internalDoFilter(ApplicationFilterChain.java:164)
	at org.apache.catalina.core.ApplicationFilterChain.doFilter(ApplicationFilterChain.java:140)
	at org.springframework.web.filter.RequestContextFilter.doFilterInternal(RequestContextFilter.java:100)
	at org.springframework.web.filter.OncePerRequestFilter.doFilter(OncePerRequestFilter.java:116)
	at org.apache.catalina.core.ApplicationFilterChain.internalDoFilter(ApplicationFilterChain.java:164)
	at org.apache.catalina.core.ApplicationFilterChain.doFilter(ApplicationFilterChain.java:140)
	at org.springframework.web.filter.FormContentFilter.doFilterInternal(FormContentFilter.java:93)
	at org.springframework.web.filter.OncePerRequestFilter.doFilter(OncePerRequestFilter.java:116)
	at org.apache.catalina.core.ApplicationFilterChain.internalDoFilter(ApplicationFilterChain.java:164)
	at org.apache.catalina.core.ApplicationFilterChain.doFilter(ApplicationFilterChain.java:140)
	at org.springframework.web.filter.CharacterEncodingFilter.doFilterInternal(CharacterEncodingFilter.java:201)
	at org.springframework.web.filter.OncePerRequestFilter.doFilter(OncePerRequestFilter.java:116)
	at org.apache.catalina.core.ApplicationFilterChain.internalDoFilter(ApplicationFilterChain.java:164)
	at org.apache.catalina.core.ApplicationFilterChain.doFilter(ApplicationFilterChain.java:140)
	at org.apache.catalina.core.StandardWrapperValve.invoke(StandardWrapperValve.java:167)
	at org.apache.catalina.core.StandardContextValve.invoke(StandardContextValve.java:90)
	at org.apache.catalina.authenticator.AuthenticatorBase.invoke(AuthenticatorBase.java:483)
	at org.apache.catalina.core.StandardHostValve.invoke(StandardHostValve.java:116)
	at org.apache.catalina.valves.ErrorReportValve.invoke(ErrorReportValve.java:93)
	at org.apache.catalina.core.StandardEngineValve.invoke(StandardEngineValve.java:74)
	at org.apache.catalina.connector.CoyoteAdapter.service(CoyoteAdapter.java:344)
	at org.apache.coyote.http11.Http11Processor.service(Http11Processor.java:398)
	at org.apache.coyote.AbstractProcessorLight.process(AbstractProcessorLight.java:63)
	at org.apache.coyote.AbstractProtocol$ConnectionHandler.process(AbstractProtocol.java:903)
	at org.apache.tomcat.util.net.NioEndpoint$SocketProcessor.doRun(NioEndpoint.java:1776)
	at org.apache.tomcat.util.net.SocketProcessorBase.run(SocketProcessorBase.java:52)
	at org.apache.tomcat.util.threads.ThreadPoolExecutor.runWorker(ThreadPoolExecutor.java:975)
	at org.apache.tomcat.util.threads.ThreadPoolExecutor$Worker.run(ThreadPoolExecutor.java:493)
	at org.apache.tomcat.util.threads.TaskThread$WrappingRunnable.run(TaskThread.java:63)
	at java.base/java.lang.Thread.run(Thread.java:840)
Caused by: io.lettuce.core.RedisConnectionException: Unable to connect to localhost/<unresolved>:6379
	at io.lettuce.core.RedisConnectionException.create(RedisConnectionException.java:63)
	at io.lettuce.core.RedisConnectionException.create(RedisConnectionException.java:41)
	at io.lettuce.core.AbstractRedisClient.getConnection(AbstractRedisClient.java:354)
	at io.lettuce.core.RedisClient.connect(RedisClient.java:220)
	at org.springframework.data.redis.connection.lettuce.StandaloneConnectionProvider.lambda$getConnection$1(StandaloneConnectionProvider.java:112)
	at java.base/java.util.Optional.orElseGet(Optional.java:364)
	at org.springframework.data.redis.connection.lettuce.StandaloneConnectionProvider.getConnection(StandaloneConnectionProvider.java:112)
	at org.springframework.data.redis.connection.lettuce.LettuceConnectionFactory$ExceptionTranslatingConnectionProvider.getConnection(LettuceConnectionFactory.java:1795)
	... 141 common frames omitted
Caused by: io.netty.channel.AbstractChannel$AnnotatedConnectException: Connection refused: getsockopt: localhost/127.0.0.1:6379
Caused by: java.net.ConnectException: Connection refused: getsockopt
	at java.base/sun.nio.ch.Net.pollConnect(Native Method)
	at java.base/sun.nio.ch.Net.pollConnectNow(Net.java:672)
	at java.base/sun.nio.ch.SocketChannelImpl.finishConnect(SocketChannelImpl.java:946)
	at io.netty.channel.socket.nio.NioSocketChannel.doFinishConnect(NioSocketChannel.java:336)
	at io.netty.channel.nio.AbstractNioChannel$AbstractNioUnsafe.finishConnect(AbstractNioChannel.java:339)
	at io.netty.channel.nio.NioEventLoop.processSelectedKey(NioEventLoop.java:784)
	at io.netty.channel.nio.NioEventLoop.processSelectedKeysOptimized(NioEventLoop.java:732)
	at io.netty.channel.nio.NioEventLoop.processSelectedKeys(NioEventLoop.java:658)
	at io.netty.channel.nio.NioEventLoop.run(NioEventLoop.java:562)
	at io.netty.util.concurrent.SingleThreadEventExecutor$4.run(SingleThreadEventExecutor.java:998)
	at io.netty.util.internal.ThreadExecutorMap$2.run(ThreadExecutorMap.java:74)
	at io.netty.util.concurrent.FastThreadLocalRunnable.run(FastThreadLocalRunnable.java:30)
	at java.base/java.lang.Thread.run(Thread.java:840)
2025-11-17 18:58:18.784 [http-nio-8080-exec-1] INFO  com.sau.utils.RedisTokenUtils - 保存accessToken到Redis: access_token:1=eyJhbGciOiJIUzI1NiJ9.eyJ1c2VySWQiOjEsInVzZXJuYW1lIjoiemhhb2ppbnl1IiwiZXhwIjoxNzYzMzc3OTk4fQ.RPslGUdtrhjgL3wWKJlC0GaXaEIkVUYyuN5TriX2z1c
2025-11-17 18:58:18.784 [http-nio-8080-exec-1] INFO  c.sau.service.impl.AuthServiceImpl - 生成refreshToken：eyJhbGciOiJIUzI1NiJ9.eyJ1c2VySWQiOjEsInVzZXJuYW1lIjoiemhhb2ppbnl1IiwiZXhwIjoxNzYzOTgxODk4fQ.t42G4a37Mi4wMqI9LmFrNNm4hOhEH7b90G_dfyssS-g
2025-11-17 18:58:18.800 [http-nio-8080-exec-1] ERROR com.sau.utils.RedisUtils - Redis set error, key: refresh_token:1, value: eyJhbGciOiJIUzI1NiJ9.eyJ1c2VySWQiOjEsInVzZXJuYW1lIjoiemhhb2ppbnl1IiwiZXhwIjoxNzYzOTgxODk4fQ.t42G4a37Mi4wMqI9LmFrNNm4hOhEH7b90G_dfyssS-g
org.springframework.data.redis.RedisConnectionFailureException: Unable to connect to Redis
	at org.springframework.data.redis.connection.lettuce.LettuceConnectionFactory$ExceptionTranslatingConnectionProvider.translateException(LettuceConnectionFactory.java:1866)
	at org.springframework.data.redis.connection.lettuce.LettuceConnectionFactory$ExceptionTranslatingConnectionProvider.getConnection(LettuceConnectionFactory.java:1797)
	at org.springframework.data.redis.connection.lettuce.LettuceConnectionFactory$SharedConnection.getNativeConnection(LettuceConnectionFactory.java:1594)
	at org.springframework.data.redis.connection.lettuce.LettuceConnectionFactory$SharedConnection.lambda$getConnection$0(LettuceConnectionFactory.java:1574)
	at org.springframework.data.redis.connection.lettuce.LettuceConnectionFactory.doInLock(LettuceConnectionFactory.java:1535)
	at org.springframework.data.redis.connection.lettuce.LettuceConnectionFactory$SharedConnection.getConnection(LettuceConnectionFactory.java:1571)
	at org.springframework.data.redis.connection.lettuce.LettuceConnectionFactory.getSharedConnection(LettuceConnectionFactory.java:1257)
	at org.springframework.data.redis.connection.lettuce.LettuceConnectionFactory.getConnection(LettuceConnectionFactory.java:1063)
	at org.springframework.data.redis.core.RedisConnectionUtils.fetchConnection(RedisConnectionUtils.java:195)
	at org.springframework.data.redis.core.RedisConnectionUtils.doGetConnection(RedisConnectionUtils.java:144)
	at org.springframework.data.redis.core.RedisConnectionUtils.getConnection(RedisConnectionUtils.java:105)
	at org.springframework.data.redis.core.RedisTemplate.execute(RedisTemplate.java:400)
	at org.springframework.data.redis.core.RedisTemplate.execute(RedisTemplate.java:380)
	at org.springframework.data.redis.core.AbstractOperations.execute(AbstractOperations.java:117)
	at org.springframework.data.redis.core.DefaultValueOperations.set(DefaultValueOperations.java:209)
	at com.sau.utils.RedisUtils.set(RedisUtils.java:31)
	at com.sau.utils.RedisTokenUtils.saveRefreshToken(RedisTokenUtils.java:19)
	at com.sau.service.impl.AuthServiceImpl.login(AuthServiceImpl.java:87)
	at com.sau.controller.LoginController.login(LoginController.java:44)
	at java.base/jdk.internal.reflect.NativeMethodAccessorImpl.invoke0(Native Method)
	at java.base/jdk.internal.reflect.NativeMethodAccessorImpl.invoke(NativeMethodAccessorImpl.java:77)
	at java.base/jdk.internal.reflect.DelegatingMethodAccessorImpl.invoke(DelegatingMethodAccessorImpl.java:43)
	at java.base/java.lang.reflect.Method.invoke(Method.java:569)
	at org.springframework.aop.support.AopUtils.invokeJoinpointUsingReflection(AopUtils.java:360)
	at org.springframework.aop.framework.ReflectiveMethodInvocation.invokeJoinpoint(ReflectiveMethodInvocation.java:196)
	at org.springframework.aop.framework.ReflectiveMethodInvocation.proceed(ReflectiveMethodInvocation.java:163)
	at org.springframework.aop.aspectj.MethodInvocationProceedingJoinPoint.proceed(MethodInvocationProceedingJoinPoint.java:89)
	at com.sau.aop.OperationLogAspect.logOperation(OperationLogAspect.java:31)
	at java.base/jdk.internal.reflect.NativeMethodAccessorImpl.invoke0(Native Method)
	at java.base/jdk.internal.reflect.NativeMethodAccessorImpl.invoke(NativeMethodAccessorImpl.java:77)
	at java.base/jdk.internal.reflect.DelegatingMethodAccessorImpl.invoke(DelegatingMethodAccessorImpl.java:43)
	at java.base/java.lang.reflect.Method.invoke(Method.java:569)
	at org.springframework.aop.aspectj.AbstractAspectJAdvice.invokeAdviceMethodWithGivenArgs(AbstractAspectJAdvice.java:649)
	at org.springframework.aop.aspectj.AbstractAspectJAdvice.invokeAdviceMethod(AbstractAspectJAdvice.java:631)
	at org.springframework.aop.aspectj.AspectJAroundAdvice.invoke(AspectJAroundAdvice.java:71)
	at org.springframework.aop.framework.ReflectiveMethodInvocation.proceed(ReflectiveMethodInvocation.java:173)
	at org.springframework.aop.interceptor.ExposeInvocationInterceptor.invoke(ExposeInvocationInterceptor.java:97)
	at org.springframework.aop.framework.ReflectiveMethodInvocation.proceed(ReflectiveMethodInvocation.java:184)
	at org.springframework.aop.framework.CglibAopProxy$DynamicAdvisedInterceptor.intercept(CglibAopProxy.java:728)
	at com.sau.controller.LoginController$$SpringCGLIB$$0.login(<generated>)
	at java.base/jdk.internal.reflect.NativeMethodAccessorImpl.invoke0(Native Method)
	at java.base/jdk.internal.reflect.NativeMethodAccessorImpl.invoke(NativeMethodAccessorImpl.java:77)
	at java.base/jdk.internal.reflect.DelegatingMethodAccessorImpl.invoke(DelegatingMethodAccessorImpl.java:43)
	at java.base/java.lang.reflect.Method.invoke(Method.java:569)
	at org.springframework.web.method.support.InvocableHandlerMethod.doInvoke(InvocableHandlerMethod.java:258)
	at org.springframework.web.method.support.InvocableHandlerMethod.invokeForRequest(InvocableHandlerMethod.java:191)
	at org.springframework.web.servlet.mvc.method.annotation.ServletInvocableHandlerMethod.invokeAndHandle(ServletInvocableHandlerMethod.java:118)
	at org.springframework.web.servlet.mvc.method.annotation.RequestMappingHandlerAdapter.invokeHandlerMethod(RequestMappingHandlerAdapter.java:991)
	at org.springframework.web.servlet.mvc.method.annotation.RequestMappingHandlerAdapter.handleInternal(RequestMappingHandlerAdapter.java:896)
	at org.springframework.web.servlet.mvc.method.AbstractHandlerMethodAdapter.handle(AbstractHandlerMethodAdapter.java:87)
	at org.springframework.web.servlet.DispatcherServlet.doDispatch(DispatcherServlet.java:1089)
	at org.springframework.web.servlet.DispatcherServlet.doService(DispatcherServlet.java:979)
	at org.springframework.web.servlet.FrameworkServlet.processRequest(FrameworkServlet.java:1014)
	at org.springframework.web.servlet.FrameworkServlet.doPost(FrameworkServlet.java:914)
	at jakarta.servlet.http.HttpServlet.service(HttpServlet.java:590)
	at org.springframework.web.servlet.FrameworkServlet.service(FrameworkServlet.java:885)
	at jakarta.servlet.http.HttpServlet.service(HttpServlet.java:658)
	at org.apache.catalina.core.ApplicationFilterChain.internalDoFilter(ApplicationFilterChain.java:195)
	at org.apache.catalina.core.ApplicationFilterChain.doFilter(ApplicationFilterChain.java:140)
	at org.apache.tomcat.websocket.server.WsFilter.doFilter(WsFilter.java:51)
	at org.apache.catalina.core.ApplicationFilterChain.internalDoFilter(ApplicationFilterChain.java:164)
	at org.apache.catalina.core.ApplicationFilterChain.doFilter(ApplicationFilterChain.java:140)
	at org.springframework.web.filter.OncePerRequestFilter.doFilter(OncePerRequestFilter.java:110)
	at org.apache.catalina.core.ApplicationFilterChain.internalDoFilter(ApplicationFilterChain.java:164)
	at org.apache.catalina.core.ApplicationFilterChain.doFilter(ApplicationFilterChain.java:140)
	at org.springframework.web.filter.CompositeFilter$VirtualFilterChain.doFilter(CompositeFilter.java:108)
	at org.springframework.web.filter.CompositeFilter$VirtualFilterChain.doFilter(CompositeFilter.java:108)
	at org.springframework.security.web.FilterChainProxy.lambda$doFilterInternal$3(FilterChainProxy.java:231)
	at org.springframework.security.web.FilterChainProxy$VirtualFilterChain.doFilter(FilterChainProxy.java:365)
	at org.springframework.security.web.access.intercept.AuthorizationFilter.doFilter(AuthorizationFilter.java:101)
	at org.springframework.security.web.FilterChainProxy$VirtualFilterChain.doFilter(FilterChainProxy.java:374)
	at org.springframework.security.web.access.ExceptionTranslationFilter.doFilter(ExceptionTranslationFilter.java:125)
	at org.springframework.security.web.access.ExceptionTranslationFilter.doFilter(ExceptionTranslationFilter.java:119)
	at org.springframework.security.web.FilterChainProxy$VirtualFilterChain.doFilter(FilterChainProxy.java:374)
	at org.springframework.security.web.session.SessionManagementFilter.doFilter(SessionManagementFilter.java:131)
	at org.springframework.security.web.session.SessionManagementFilter.doFilter(SessionManagementFilter.java:85)
	at org.springframework.security.web.FilterChainProxy$VirtualFilterChain.doFilter(FilterChainProxy.java:374)
	at org.springframework.security.web.authentication.AnonymousAuthenticationFilter.doFilter(AnonymousAuthenticationFilter.java:100)
	at org.springframework.security.web.FilterChainProxy$VirtualFilterChain.doFilter(FilterChainProxy.java:374)
	at org.springframework.security.web.servletapi.SecurityContextHolderAwareRequestFilter.doFilter(SecurityContextHolderAwareRequestFilter.java:179)
	at org.springframework.security.web.FilterChainProxy$VirtualFilterChain.doFilter(FilterChainProxy.java:374)
	at org.springframework.security.web.savedrequest.RequestCacheAwareFilter.doFilter(RequestCacheAwareFilter.java:63)
	at org.springframework.security.web.FilterChainProxy$VirtualFilterChain.doFilter(FilterChainProxy.java:374)
	at com.sau.filter.JwtTokenFilter.doFilterInternal(JwtTokenFilter.java:57)
	at org.springframework.web.filter.OncePerRequestFilter.doFilter(OncePerRequestFilter.java:116)
	at org.springframework.security.web.FilterChainProxy$VirtualFilterChain.doFilter(FilterChainProxy.java:374)
	at org.springframework.security.web.header.HeaderWriterFilter.doHeadersAfter(HeaderWriterFilter.java:90)
	at org.springframework.security.web.header.HeaderWriterFilter.doFilterInternal(HeaderWriterFilter.java:75)
	at org.springframework.web.filter.OncePerRequestFilter.doFilter(OncePerRequestFilter.java:116)
	at org.springframework.security.web.FilterChainProxy$VirtualFilterChain.doFilter(FilterChainProxy.java:374)
	at org.springframework.security.web.context.SecurityContextHolderFilter.doFilter(SecurityContextHolderFilter.java:82)
	at org.springframework.security.web.context.SecurityContextHolderFilter.doFilter(SecurityContextHolderFilter.java:69)
	at org.springframework.security.web.FilterChainProxy$VirtualFilterChain.doFilter(FilterChainProxy.java:374)
	at org.springframework.security.web.context.request.async.WebAsyncManagerIntegrationFilter.doFilterInternal(WebAsyncManagerIntegrationFilter.java:62)
	at org.springframework.web.filter.OncePerRequestFilter.doFilter(OncePerRequestFilter.java:116)
	at org.springframework.security.web.FilterChainProxy$VirtualFilterChain.doFilter(FilterChainProxy.java:374)
	at org.springframework.security.web.session.DisableEncodeUrlFilter.doFilterInternal(DisableEncodeUrlFilter.java:42)
	at org.springframework.web.filter.OncePerRequestFilter.doFilter(OncePerRequestFilter.java:116)
	at org.springframework.security.web.FilterChainProxy$VirtualFilterChain.doFilter(FilterChainProxy.java:374)
	at org.springframework.security.web.FilterChainProxy.doFilterInternal(FilterChainProxy.java:233)
	at org.springframework.security.web.FilterChainProxy.doFilter(FilterChainProxy.java:191)
	at org.springframework.web.filter.CompositeFilter$VirtualFilterChain.doFilter(CompositeFilter.java:113)
	at org.springframework.web.filter.ServletRequestPathFilter.doFilter(ServletRequestPathFilter.java:52)
	at org.springframework.web.filter.CompositeFilter$VirtualFilterChain.doFilter(CompositeFilter.java:113)
	at org.springframework.web.filter.CompositeFilter.doFilter(CompositeFilter.java:74)
	at org.springframework.security.config.annotation.web.configuration.WebSecurityConfiguration$CompositeFilterChainProxy.doFilter(WebSecurityConfiguration.java:319)
	at org.springframework.web.filter.CompositeFilter$VirtualFilterChain.doFilter(CompositeFilter.java:113)
	at org.springframework.web.servlet.handler.HandlerMappingIntrospector.lambda$createCacheFilter$4(HandlerMappingIntrospector.java:267)
	at org.springframework.web.filter.CompositeFilter$VirtualFilterChain.doFilter(CompositeFilter.java:113)
	at org.springframework.web.filter.CompositeFilter.doFilter(CompositeFilter.java:74)
	at org.springframework.security.config.annotation.web.configuration.WebMvcSecurityConfiguration$CompositeFilterChainProxy.doFilter(WebMvcSecurityConfiguration.java:240)
	at org.springframework.web.filter.DelegatingFilterProxy.invokeDelegate(DelegatingFilterProxy.java:362)
	at org.springframework.web.filter.DelegatingFilterProxy.doFilter(DelegatingFilterProxy.java:278)
	at org.apache.catalina.core.ApplicationFilterChain.internalDoFilter(ApplicationFilterChain.java:164)
	at org.apache.catalina.core.ApplicationFilterChain.doFilter(ApplicationFilterChain.java:140)
	at org.springframework.web.filter.RequestContextFilter.doFilterInternal(RequestContextFilter.java:100)
	at org.springframework.web.filter.OncePerRequestFilter.doFilter(OncePerRequestFilter.java:116)
	at org.apache.catalina.core.ApplicationFilterChain.internalDoFilter(ApplicationFilterChain.java:164)
	at org.apache.catalina.core.ApplicationFilterChain.doFilter(ApplicationFilterChain.java:140)
	at org.springframework.web.filter.FormContentFilter.doFilterInternal(FormContentFilter.java:93)
	at org.springframework.web.filter.OncePerRequestFilter.doFilter(OncePerRequestFilter.java:116)
	at org.apache.catalina.core.ApplicationFilterChain.internalDoFilter(ApplicationFilterChain.java:164)
	at org.apache.catalina.core.ApplicationFilterChain.doFilter(ApplicationFilterChain.java:140)
	at org.springframework.web.filter.CharacterEncodingFilter.doFilterInternal(CharacterEncodingFilter.java:201)
	at org.springframework.web.filter.OncePerRequestFilter.doFilter(OncePerRequestFilter.java:116)
	at org.apache.catalina.core.ApplicationFilterChain.internalDoFilter(ApplicationFilterChain.java:164)
	at org.apache.catalina.core.ApplicationFilterChain.doFilter(ApplicationFilterChain.java:140)
	at org.apache.catalina.core.StandardWrapperValve.invoke(StandardWrapperValve.java:167)
	at org.apache.catalina.core.StandardContextValve.invoke(StandardContextValve.java:90)
	at org.apache.catalina.authenticator.AuthenticatorBase.invoke(AuthenticatorBase.java:483)
	at org.apache.catalina.core.StandardHostValve.invoke(StandardHostValve.java:116)
	at org.apache.catalina.valves.ErrorReportValve.invoke(ErrorReportValve.java:93)
	at org.apache.catalina.core.StandardEngineValve.invoke(StandardEngineValve.java:74)
	at org.apache.catalina.connector.CoyoteAdapter.service(CoyoteAdapter.java:344)
	at org.apache.coyote.http11.Http11Processor.service(Http11Processor.java:398)
	at org.apache.coyote.AbstractProcessorLight.process(AbstractProcessorLight.java:63)
	at org.apache.coyote.AbstractProtocol$ConnectionHandler.process(AbstractProtocol.java:903)
	at org.apache.tomcat.util.net.NioEndpoint$SocketProcessor.doRun(NioEndpoint.java:1776)
	at org.apache.tomcat.util.net.SocketProcessorBase.run(SocketProcessorBase.java:52)
	at org.apache.tomcat.util.threads.ThreadPoolExecutor.runWorker(ThreadPoolExecutor.java:975)
	at org.apache.tomcat.util.threads.ThreadPoolExecutor$Worker.run(ThreadPoolExecutor.java:493)
	at org.apache.tomcat.util.threads.TaskThread$WrappingRunnable.run(TaskThread.java:63)
	at java.base/java.lang.Thread.run(Thread.java:840)
Caused by: io.lettuce.core.RedisConnectionException: Unable to connect to localhost/<unresolved>:6379
	at io.lettuce.core.RedisConnectionException.create(RedisConnectionException.java:63)
	at io.lettuce.core.RedisConnectionException.create(RedisConnectionException.java:41)
	at io.lettuce.core.AbstractRedisClient.getConnection(AbstractRedisClient.java:354)
	at io.lettuce.core.RedisClient.connect(RedisClient.java:220)
	at org.springframework.data.redis.connection.lettuce.StandaloneConnectionProvider.lambda$getConnection$1(StandaloneConnectionProvider.java:112)
	at java.base/java.util.Optional.orElseGet(Optional.java:364)
	at org.springframework.data.redis.connection.lettuce.StandaloneConnectionProvider.getConnection(StandaloneConnectionProvider.java:112)
	at org.springframework.data.redis.connection.lettuce.LettuceConnectionFactory$ExceptionTranslatingConnectionProvider.getConnection(LettuceConnectionFactory.java:1795)
	... 141 common frames omitted
Caused by: io.netty.channel.AbstractChannel$AnnotatedConnectException: Connection refused: getsockopt: localhost/127.0.0.1:6379
Caused by: java.net.ConnectException: Connection refused: getsockopt
	at java.base/sun.nio.ch.Net.pollConnect(Native Method)
	at java.base/sun.nio.ch.Net.pollConnectNow(Net.java:672)
	at java.base/sun.nio.ch.SocketChannelImpl.finishConnect(SocketChannelImpl.java:946)
	at io.netty.channel.socket.nio.NioSocketChannel.doFinishConnect(NioSocketChannel.java:336)
	at io.netty.channel.nio.AbstractNioChannel$AbstractNioUnsafe.finishConnect(AbstractNioChannel.java:339)
	at io.netty.channel.nio.NioEventLoop.processSelectedKey(NioEventLoop.java:784)
	at io.netty.channel.nio.NioEventLoop.processSelectedKeysOptimized(NioEventLoop.java:732)
	at io.netty.channel.nio.NioEventLoop.processSelectedKeys(NioEventLoop.java:658)
	at io.netty.channel.nio.NioEventLoop.run(NioEventLoop.java:562)
	at io.netty.util.concurrent.SingleThreadEventExecutor$4.run(SingleThreadEventExecutor.java:998)
	at io.netty.util.internal.ThreadExecutorMap$2.run(ThreadExecutorMap.java:74)
	at io.netty.util.concurrent.FastThreadLocalRunnable.run(FastThreadLocalRunnable.java:30)
	at java.base/java.lang.Thread.run(Thread.java:840)
2025-11-17 18:58:18.801 [http-nio-8080-exec-1] INFO  com.sau.utils.RedisTokenUtils - 保存refreshToken到Redis: refresh_token:1=eyJhbGciOiJIUzI1NiJ9.eyJ1c2VySWQiOjEsInVzZXJuYW1lIjoiemhhb2ppbnl1IiwiZXhwIjoxNzYzOTgxODk4fQ.t42G4a37Mi4wMqI9LmFrNNm4hOhEH7b90G_dfyssS-g
2025-11-17 18:58:18.801 [http-nio-8080-exec-1] INFO  com.sau.controller.LoginController - 设置refreshToken到Cookie: eyJhbGciOiJIUzI1NiJ9.eyJ1c2VySWQiOjEsInVzZXJuYW1lIjoiemhhb2ppbnl1IiwiZXhwIjoxNzYzOTgxODk4fQ.t42G4a37Mi4wMqI9LmFrNNm4hOhEH7b90G_dfyssS-g
2025-11-17 18:58:18.807 [http-nio-8080-exec-1] INFO  com.sau.aop.OperationLogAspect - 记录操作日志: OperateLog(id=null, operateUserId=null, operateTime=2025-11-17T18:58:18.807591900, className=com.sau.controller.LoginController, methodName=login, methodParams=[LoginDTO(account=zhaojinyu, password=123456, rememberMe=true), org.springframework.web.context.request.async.StandardServletAsyncWebRequest$LifecycleHttpServletResponse@6c154c0a], returnValue=Result(code=1, msg=null, data=LoginVO(username=zhaojinyu, avatar=https://java-ai-sau.oss-cn-beijing.aliyuncs.com/2025/04/312b700a-e1c7-42bf-aa23-5db8dc7121a6.jpg, token=eyJhbGciOiJIUzI1NiJ9.eyJ1c2VySWQiOjEsInVzZXJuYW1lIjoiemhhb2ppbnl1IiwiZXhwIjoxNzYzMzc3OTk4fQ.RPslGUdtrhjgL3wWKJlC0GaXaEIkVUYyuN5TriX2z1c)), costTime=2644)
2025-11-17 19:01:52.618 [http-nio-8080-exec-2] INFO  com.sau.filter.JwtTokenFilter - JWT认证过滤器开始执行
2025-11-17 19:01:52.618 [http-nio-8080-exec-2] INFO  com.sau.filter.JwtTokenFilter - 请求路径：/generateVideo
2025-11-17 19:01:52.619 [http-nio-8080-exec-2] INFO  com.sau.filter.JwtTokenFilter - 从请求头中获取Authorization：Bearer eyJhbGciOiJIUzI1NiJ9.eyJ1c2VySWQiOjEsInVzZXJuYW1lIjoiemhhb2ppbnl1IiwiZXhwIjoxNzYzMzc3OTk4fQ.RPslGUdtrhjgL3wWKJlC0GaXaEIkVUYyuN5TriX2z1c
2025-11-17 19:01:52.647 [http-nio-8080-exec-2] INFO  com.sau.filter.JwtTokenFilter - 解析成功：claims:{userId=1, username=zhaojinyu, exp=1763377998}
2025-11-17 19:01:52.726 [http-nio-8080-exec-2] WARN  com.sau.filter.JwtTokenFilter - 当前accessToken未在Redis中,认证校验失败
2025-11-17 19:01:52.751 [http-nio-8080-exec-3] INFO  com.sau.filter.JwtTokenFilter - JWT认证过滤器开始执行
2025-11-17 19:01:52.751 [http-nio-8080-exec-3] INFO  com.sau.filter.JwtTokenFilter - 请求路径：/refresh-token
2025-11-17 19:01:52.753 [http-nio-8080-exec-3] INFO  c.sau.service.impl.AuthServiceImpl - 获取Cookie中的refreshToken：eyJhbGciOiJIUzI1NiJ9.eyJ1c2VySWQiOjEsInVzZXJuYW1lIjoiemhhb2ppbnl1IiwiZXhwIjoxNzYzOTgxODk4fQ.t42G4a37Mi4wMqI9LmFrNNm4hOhEH7b90G_dfyssS-g
2025-11-17 19:01:52.756 [http-nio-8080-exec-3] INFO  c.sau.service.impl.AuthServiceImpl - 获取Redis存储的refreshToken：null
2025-11-17 19:01:52.756 [http-nio-8080-exec-3] WARN  c.sau.service.impl.AuthServiceImpl - 无法匹配refreshToken，可能无效或已过期
2025-11-17 19:02:04.121 [http-nio-8080-exec-5] INFO  com.sau.filter.JwtTokenFilter - JWT认证过滤器开始执行
2025-11-17 19:02:04.121 [http-nio-8080-exec-5] INFO  com.sau.filter.JwtTokenFilter - 请求路径：/login
2025-11-17 19:02:04.121 [http-nio-8080-exec-5] INFO  com.sau.controller.LoginController - 登录请求: 账号=zhaojinyu, rememberMe=false
2025-11-17 19:02:04.572 [http-nio-8080-exec-5] INFO  c.sau.service.impl.AuthServiceImpl - 登录成功，用户信息: User(id=1, name=赵瑾瑜, username=zhaojinyu, account=null, password=$2a$12$kFEfURVVsiK7ulY7UvnreegZkQGJFSIzBIUno1dtEq9rHr3.LzREK, email=88888@qq.com, phone=18866668888, image=https://java-ai-sau.oss-cn-beijing.aliyuncs.com/2025/04/312b700a-e1c7-42bf-aa23-5db8dc7121a6.jpg, status=1, userType=0, createTime=null, updateTime=null)
2025-11-17 19:02:04.572 [http-nio-8080-exec-5] INFO  c.sau.service.impl.AuthServiceImpl - 生成accessToken：eyJhbGciOiJIUzI1NiJ9.eyJ1c2VySWQiOjEsInVzZXJuYW1lIjoiemhhb2ppbnl1IiwiZXhwIjoxNzYzMzc4MjI0fQ.yA0m3Xp5Z-8KXv30AYqj-nF4iYjPoRlMS-g8BfcR9s4
2025-11-17 19:02:04.612 [http-nio-8080-exec-5] INFO  com.sau.utils.RedisTokenUtils - 保存accessToken到Redis: access_token:1=eyJhbGciOiJIUzI1NiJ9.eyJ1c2VySWQiOjEsInVzZXJuYW1lIjoiemhhb2ppbnl1IiwiZXhwIjoxNzYzMzc4MjI0fQ.yA0m3Xp5Z-8KXv30AYqj-nF4iYjPoRlMS-g8BfcR9s4
2025-11-17 19:02:04.612 [http-nio-8080-exec-5] INFO  c.sau.service.impl.AuthServiceImpl - 生成refreshToken：eyJhbGciOiJIUzI1NiJ9.eyJ1c2VySWQiOjEsInVzZXJuYW1lIjoiemhhb2ppbnl1IiwiZXhwIjoxNzYzNDYzNzI0fQ._noXHxqNkFJ6WreNJgDrYWwCKTww_QfTygH3Kq6aw0c
2025-11-17 19:02:04.612 [http-nio-8080-exec-5] INFO  com.sau.utils.RedisTokenUtils - 保存refreshToken到Redis: refresh_token:1=eyJhbGciOiJIUzI1NiJ9.eyJ1c2VySWQiOjEsInVzZXJuYW1lIjoiemhhb2ppbnl1IiwiZXhwIjoxNzYzNDYzNzI0fQ._noXHxqNkFJ6WreNJgDrYWwCKTww_QfTygH3Kq6aw0c
2025-11-17 19:02:04.612 [http-nio-8080-exec-5] INFO  com.sau.controller.LoginController - 设置refreshToken到Cookie: eyJhbGciOiJIUzI1NiJ9.eyJ1c2VySWQiOjEsInVzZXJuYW1lIjoiemhhb2ppbnl1IiwiZXhwIjoxNzYzNDYzNzI0fQ._noXHxqNkFJ6WreNJgDrYWwCKTww_QfTygH3Kq6aw0c
2025-11-17 19:02:04.612 [http-nio-8080-exec-5] INFO  com.sau.aop.OperationLogAspect - 记录操作日志: OperateLog(id=null, operateUserId=null, operateTime=2025-11-17T19:02:04.612431800, className=com.sau.controller.LoginController, methodName=login, methodParams=[LoginDTO(account=zhaojinyu, password=123456, rememberMe=false), org.springframework.web.context.request.async.StandardServletAsyncWebRequest$LifecycleHttpServletResponse@6445d91], returnValue=Result(code=1, msg=null, data=LoginVO(username=zhaojinyu, avatar=https://java-ai-sau.oss-cn-beijing.aliyuncs.com/2025/04/312b700a-e1c7-42bf-aa23-5db8dc7121a6.jpg, token=eyJhbGciOiJIUzI1NiJ9.eyJ1c2VySWQiOjEsInVzZXJuYW1lIjoiemhhb2ppbnl1IiwiZXhwIjoxNzYzMzc4MjI0fQ.yA0m3Xp5Z-8KXv30AYqj-nF4iYjPoRlMS-g8BfcR9s4)), costTime=491)
2025-11-17 19:02:09.126 [http-nio-8080-exec-7] INFO  com.sau.filter.JwtTokenFilter - JWT认证过滤器开始执行
2025-11-17 19:02:09.126 [http-nio-8080-exec-7] INFO  com.sau.filter.JwtTokenFilter - 请求路径：/generateVideo
2025-11-17 19:02:09.126 [http-nio-8080-exec-7] INFO  com.sau.filter.JwtTokenFilter - 从请求头中获取Authorization：Bearer eyJhbGciOiJIUzI1NiJ9.eyJ1c2VySWQiOjEsInVzZXJuYW1lIjoiemhhb2ppbnl1IiwiZXhwIjoxNzYzMzc4MjI0fQ.yA0m3Xp5Z-8KXv30AYqj-nF4iYjPoRlMS-g8BfcR9s4
2025-11-17 19:02:09.129 [http-nio-8080-exec-7] INFO  com.sau.filter.JwtTokenFilter - 解析成功：claims:{userId=1, username=zhaojinyu, exp=1763378224}
2025-11-17 19:02:09.131 [http-nio-8080-exec-7] INFO  com.sau.filter.JwtTokenFilter - 将当前用户ID保存在ThreadLocal中：1
2025-11-17 19:02:09.131 [http-nio-8080-exec-7] INFO  com.sau.filter.JwtTokenFilter - 校验成功
2025-11-17 19:02:09.371 [http-nio-8080-exec-7] INFO  c.s.s.third.VideoGenerationService - ----- 创建任务请求 -----
2025-11-17 19:02:11.391 [http-nio-8080-exec-7] INFO  c.s.s.third.VideoGenerationService - 任务ID：cgt-20251117190209-5mk6k
2025-11-17 19:02:11.391 [http-nio-8080-exec-7] INFO  c.s.s.third.VideoGenerationService - ----- 轮询查询任务状态 -----
2025-11-17 19:02:11.565 [http-nio-8080-exec-7] INFO  c.s.s.third.VideoGenerationService - 当前状态: running, 10s内再次尝试...
2025-11-17 19:02:22.726 [http-nio-8080-exec-7] INFO  c.s.s.third.VideoGenerationService - 当前状态: running, 10s内再次尝试...
2025-11-17 19:02:33.480 [http-nio-8080-exec-7] INFO  c.s.s.third.VideoGenerationService - 当前状态: running, 10s内再次尝试...
2025-11-17 19:02:44.127 [http-nio-8080-exec-7] INFO  c.s.s.third.VideoGenerationService - 当前状态: running, 10s内再次尝试...
2025-11-17 19:02:54.679 [http-nio-8080-exec-7] INFO  c.s.s.third.VideoGenerationService - 任务成功：GetContentGenerationTaskResponse{id='cgt-20251117190209-5mk6k', model='doubao-seedance-1-0-pro-250528', status='succeeded', error='null', content=Content{videoUrl='https://ark-content-generation-cn-beijing.tos-cn-beijing.volces.com/doubao-seedance-1-0-pro/02176337732953000000000000000000000ffffac1918e1e25ccd.mp4?X-Tos-Algorithm=TOS4-HMAC-SHA256&X-Tos-Credential=AKLTYWJkZTExNjA1ZDUyNDc3YzhjNTM5OGIyNjBhNDcyOTQ%2F20251117%2Fcn-beijing%2Ftos%2Frequest&X-Tos-Date=20251117T110248Z&X-Tos-Expires=86400&X-Tos-Signature=994027466b2f68f1253b13d59314dc8077cc6f9f81e426abd5c03834af069cb0&X-Tos-SignedHeaders=host', lastFrameUrl='null'}, usage=Usage{completionTokens=246840}, createdAt=1763377329, updatedAt=1763377368, seed=96340, revisedPrompt=null}
2025-11-17 21:00:18.108 [background-preinit] INFO  o.h.validator.internal.util.Version - HV000001: Hibernate Validator 8.0.3.Final
2025-11-17 21:00:18.159 [main] INFO  c.s.ECommerceImageSystemApplication - Starting ECommerceImageSystemApplication using Java 17.0.13 with PID 23028 (D:\Java\e-commerce-image-project\e-commerce-image-system\target\classes started by 77639 in D:\Java\e-commerce-image-project)
2025-11-17 21:00:18.159 [main] INFO  c.s.ECommerceImageSystemApplication - No active profile set, falling back to 1 default profile: "default"
2025-11-17 21:00:18.778 [main] INFO  o.s.d.r.c.RepositoryConfigurationDelegate - Multiple Spring Data modules found, entering strict repository configuration mode
2025-11-17 21:00:18.780 [main] INFO  o.s.d.r.c.RepositoryConfigurationDelegate - Bootstrapping Spring Data Redis repositories in DEFAULT mode.
2025-11-17 21:00:18.803 [main] INFO  o.s.d.r.c.RepositoryConfigurationDelegate - Finished Spring Data repository scanning in 10 ms. Found 0 Redis repository interfaces.
2025-11-17 21:00:19.391 [main] INFO  o.s.b.w.e.tomcat.TomcatWebServer - Tomcat initialized with port 8080 (http)
2025-11-17 21:00:19.403 [main] INFO  o.a.coyote.http11.Http11NioProtocol - Initializing ProtocolHandler ["http-nio-8080"]
2025-11-17 21:00:19.404 [main] INFO  o.a.catalina.core.StandardService - Starting service [Tomcat]
2025-11-17 21:00:19.404 [main] INFO  o.a.catalina.core.StandardEngine - Starting Servlet engine: [Apache Tomcat/10.1.46]
2025-11-17 21:00:19.476 [main] INFO  o.a.c.c.C.[Tomcat].[localhost].[/] - Initializing Spring embedded WebApplicationContext
2025-11-17 21:00:19.477 [main] INFO  o.s.b.w.s.c.ServletWebServerApplicationContext - Root WebApplicationContext: initialization completed in 1282 ms
2025-11-17 21:00:20.460 [main] INFO  o.a.coyote.http11.Http11NioProtocol - Starting ProtocolHandler ["http-nio-8080"]
2025-11-17 21:00:20.472 [main] INFO  o.s.b.w.e.tomcat.TomcatWebServer - Tomcat started on port 8080 (http) with context path '/'
2025-11-17 21:00:20.479 [main] INFO  c.s.ECommerceImageSystemApplication - Started ECommerceImageSystemApplication in 2.664 seconds (process running for 3.356)
2025-11-17 21:02:14.243 [http-nio-8080-exec-1] INFO  o.a.c.c.C.[Tomcat].[localhost].[/] - Initializing Spring DispatcherServlet 'dispatcherServlet'
2025-11-17 21:02:14.243 [http-nio-8080-exec-1] INFO  o.s.web.servlet.DispatcherServlet - Initializing Servlet 'dispatcherServlet'
2025-11-17 21:02:14.243 [http-nio-8080-exec-1] INFO  o.s.web.servlet.DispatcherServlet - Completed initialization in 0 ms
2025-11-17 21:02:14.259 [http-nio-8080-exec-1] INFO  com.sau.filter.JwtTokenFilter - JWT认证过滤器开始执行
2025-11-17 21:02:14.259 [http-nio-8080-exec-1] INFO  com.sau.filter.JwtTokenFilter - 请求路径：/login
2025-11-17 21:02:14.338 [http-nio-8080-exec-1] INFO  com.sau.controller.LoginController - 登录请求: 账号=zhaojinyu, rememberMe=true
2025-11-17 21:02:14.369 [http-nio-8080-exec-1] INFO  com.zaxxer.hikari.HikariDataSource - HikariPool-1 - Starting...
2025-11-17 21:02:14.693 [http-nio-8080-exec-1] INFO  com.zaxxer.hikari.pool.HikariPool - HikariPool-1 - Added connection com.mysql.cj.jdbc.ConnectionImpl@db63529
2025-11-17 21:02:14.693 [http-nio-8080-exec-1] INFO  com.zaxxer.hikari.HikariDataSource - HikariPool-1 - Start completed.
2025-11-17 21:02:15.100 [http-nio-8080-exec-1] INFO  c.sau.service.impl.AuthServiceImpl - 登录成功，用户信息: User(id=1, name=赵瑾瑜, username=zhaojinyu, account=null, password=$2a$12$kFEfURVVsiK7ulY7UvnreegZkQGJFSIzBIUno1dtEq9rHr3.LzREK, email=88888@qq.com, phone=18866668888, image=https://java-ai-sau.oss-cn-beijing.aliyuncs.com/2025/04/312b700a-e1c7-42bf-aa23-5db8dc7121a6.jpg, status=1, userType=0, createTime=null, updateTime=null)
2025-11-17 21:02:15.330 [http-nio-8080-exec-1] INFO  c.sau.service.impl.AuthServiceImpl - 生成accessToken：eyJhbGciOiJIUzI1NiJ9.eyJ1c2VySWQiOjEsInVzZXJuYW1lIjoiemhhb2ppbnl1IiwiZXhwIjoxNzYzMzg1NDM1fQ.3vNiejWdF2e02WgjaEtpE8638Y6Qf0YJTu8ROEhkNe8
2025-11-17 21:02:15.777 [http-nio-8080-exec-1] INFO  com.sau.utils.RedisTokenUtils - 保存accessToken到Redis: access_token:1=eyJhbGciOiJIUzI1NiJ9.eyJ1c2VySWQiOjEsInVzZXJuYW1lIjoiemhhb2ppbnl1IiwiZXhwIjoxNzYzMzg1NDM1fQ.3vNiejWdF2e02WgjaEtpE8638Y6Qf0YJTu8ROEhkNe8
2025-11-17 21:02:15.777 [http-nio-8080-exec-1] INFO  c.sau.service.impl.AuthServiceImpl - 生成refreshToken：eyJhbGciOiJIUzI1NiJ9.eyJ1c2VySWQiOjEsInVzZXJuYW1lIjoiemhhb2ppbnl1IiwiZXhwIjoxNzYzOTg5MzM1fQ.oAdop2Q7fDhCss-l0riC-udgxsNuL7inZWgX3i6DFWc
2025-11-17 21:02:15.777 [http-nio-8080-exec-1] INFO  com.sau.utils.RedisTokenUtils - 保存refreshToken到Redis: refresh_token:1=eyJhbGciOiJIUzI1NiJ9.eyJ1c2VySWQiOjEsInVzZXJuYW1lIjoiemhhb2ppbnl1IiwiZXhwIjoxNzYzOTg5MzM1fQ.oAdop2Q7fDhCss-l0riC-udgxsNuL7inZWgX3i6DFWc
2025-11-17 21:02:15.777 [http-nio-8080-exec-1] INFO  com.sau.controller.LoginController - 设置refreshToken到Cookie: eyJhbGciOiJIUzI1NiJ9.eyJ1c2VySWQiOjEsInVzZXJuYW1lIjoiemhhb2ppbnl1IiwiZXhwIjoxNzYzOTg5MzM1fQ.oAdop2Q7fDhCss-l0riC-udgxsNuL7inZWgX3i6DFWc
2025-11-17 21:02:15.783 [http-nio-8080-exec-1] INFO  com.sau.aop.OperationLogAspect - 记录操作日志: OperateLog(id=null, operateUserId=null, operateTime=2025-11-17T21:02:15.783555, className=com.sau.controller.LoginController, methodName=login, methodParams=[LoginDTO(account=zhaojinyu, password=123456, rememberMe=true), org.springframework.web.context.request.async.StandardServletAsyncWebRequest$LifecycleHttpServletResponse@66abf74c], returnValue=Result(code=1, msg=null, data=LoginVO(username=zhaojinyu, avatar=https://java-ai-sau.oss-cn-beijing.aliyuncs.com/2025/04/312b700a-e1c7-42bf-aa23-5db8dc7121a6.jpg, token=eyJhbGciOiJIUzI1NiJ9.eyJ1c2VySWQiOjEsInVzZXJuYW1lIjoiemhhb2ppbnl1IiwiZXhwIjoxNzYzMzg1NDM1fQ.3vNiejWdF2e02WgjaEtpE8638Y6Qf0YJTu8ROEhkNe8)), costTime=1445)
2025-11-17 21:02:20.071 [http-nio-8080-exec-2] INFO  com.sau.filter.JwtTokenFilter - JWT认证过滤器开始执行
2025-11-17 21:02:20.071 [http-nio-8080-exec-2] INFO  com.sau.filter.JwtTokenFilter - 请求路径：/login
2025-11-17 21:02:20.072 [http-nio-8080-exec-2] INFO  com.sau.controller.LoginController - 登录请求: 账号=2195764567@qq.com, rememberMe=true
2025-11-17 21:02:20.366 [http-nio-8080-exec-2] INFO  c.sau.service.impl.AuthServiceImpl - 登录成功，用户信息: User(id=5, name=ayan123, username=ayan123, account=null, password=$2a$12$x2CNXKfelj5QZ4dec4GsvuKZxtmx0o77IFLxdhcJaOK8GXMXnnK9W, email=2195764567@qq.com, phone=null, image=null, status=1, userType=0, createTime=2025-10-22T23:07:35, updateTime=null)
2025-11-17 21:02:20.366 [http-nio-8080-exec-2] INFO  c.sau.service.impl.AuthServiceImpl - 生成accessToken：eyJhbGciOiJIUzI1NiJ9.eyJ1c2VySWQiOjUsInVzZXJuYW1lIjoiYXlhbjEyMyIsImV4cCI6MTc2MzM4NTQ0MH0.7DbM8CFaDacNykXPtl4EY3f7GLvc08Ex2o6hFEkiZw4
2025-11-17 21:02:20.366 [http-nio-8080-exec-2] INFO  com.sau.utils.RedisTokenUtils - 保存accessToken到Redis: access_token:5=eyJhbGciOiJIUzI1NiJ9.eyJ1c2VySWQiOjUsInVzZXJuYW1lIjoiYXlhbjEyMyIsImV4cCI6MTc2MzM4NTQ0MH0.7DbM8CFaDacNykXPtl4EY3f7GLvc08Ex2o6hFEkiZw4
2025-11-17 21:02:20.366 [http-nio-8080-exec-2] INFO  c.sau.service.impl.AuthServiceImpl - 生成refreshToken：eyJhbGciOiJIUzI1NiJ9.eyJ1c2VySWQiOjUsInVzZXJuYW1lIjoiYXlhbjEyMyIsImV4cCI6MTc2Mzk4OTM0MH0.TxJ8uDUCuwbFicAR1suBSPPm8iEDyDEkZ82y1JolbEw
2025-11-17 21:02:20.366 [http-nio-8080-exec-2] INFO  com.sau.utils.RedisTokenUtils - 保存refreshToken到Redis: refresh_token:5=eyJhbGciOiJIUzI1NiJ9.eyJ1c2VySWQiOjUsInVzZXJuYW1lIjoiYXlhbjEyMyIsImV4cCI6MTc2Mzk4OTM0MH0.TxJ8uDUCuwbFicAR1suBSPPm8iEDyDEkZ82y1JolbEw
2025-11-17 21:02:20.366 [http-nio-8080-exec-2] INFO  com.sau.controller.LoginController - 设置refreshToken到Cookie: eyJhbGciOiJIUzI1NiJ9.eyJ1c2VySWQiOjUsInVzZXJuYW1lIjoiYXlhbjEyMyIsImV4cCI6MTc2Mzk4OTM0MH0.TxJ8uDUCuwbFicAR1suBSPPm8iEDyDEkZ82y1JolbEw
2025-11-17 21:02:20.366 [http-nio-8080-exec-2] INFO  com.sau.aop.OperationLogAspect - 记录操作日志: OperateLog(id=null, operateUserId=null, operateTime=2025-11-17T21:02:20.366480800, className=com.sau.controller.LoginController, methodName=login, methodParams=[LoginDTO(account=2195764567@qq.com, password=XZ19911005qwer, rememberMe=true), org.springframework.web.context.request.async.StandardServletAsyncWebRequest$LifecycleHttpServletResponse@2a65b9f4], returnValue=Result(code=1, msg=null, data=LoginVO(username=ayan123, avatar=null, token=eyJhbGciOiJIUzI1NiJ9.eyJ1c2VySWQiOjUsInVzZXJuYW1lIjoiYXlhbjEyMyIsImV4cCI6MTc2MzM4NTQ0MH0.7DbM8CFaDacNykXPtl4EY3f7GLvc08Ex2o6hFEkiZw4)), costTime=294)
2025-11-17 21:02:32.394 [http-nio-8080-exec-10] INFO  com.sau.filter.JwtTokenFilter - JWT认证过滤器开始执行
2025-11-17 21:02:32.394 [http-nio-8080-exec-10] INFO  com.sau.filter.JwtTokenFilter - 请求路径：/generateImage
2025-11-17 21:02:32.394 [http-nio-8080-exec-10] INFO  com.sau.filter.JwtTokenFilter - 从请求头中获取Authorization：Bearer eyJhbGciOiJIUzI1NiJ9.eyJ1c2VySWQiOjEsInVzZXJuYW1lIjoiemhhb2ppbnl1IiwiZXhwIjoxNzYzMzg1NDM1fQ.3vNiejWdF2e02WgjaEtpE8638Y6Qf0YJTu8ROEhkNe8
2025-11-17 21:02:32.406 [http-nio-8080-exec-10] INFO  com.sau.filter.JwtTokenFilter - 解析成功：claims:{userId=1, username=zhaojinyu, exp=1763385435}
2025-11-17 21:02:32.411 [http-nio-8080-exec-10] INFO  com.sau.filter.JwtTokenFilter - 将当前用户ID保存在ThreadLocal中：1
2025-11-17 21:02:32.411 [http-nio-8080-exec-10] INFO  com.sau.filter.JwtTokenFilter - 校验成功
2025-11-17 21:02:32.532 [http-nio-8080-exec-10] INFO  c.s.s.third.ImageGenerationService - 图片生成请求: 夕阳下的海边，油画风格
2025-11-17 21:03:28.442 [http-nio-8080-exec-5] INFO  com.sau.filter.JwtTokenFilter - JWT认证过滤器开始执行
2025-11-17 21:03:28.442 [http-nio-8080-exec-5] INFO  com.sau.filter.JwtTokenFilter - 请求路径：/generateImage
2025-11-17 21:03:28.443 [http-nio-8080-exec-5] INFO  com.sau.filter.JwtTokenFilter - 从请求头中获取Authorization：Bearer eyJhbGciOiJIUzI1NiJ9.eyJ1c2VySWQiOjUsInVzZXJuYW1lIjoiYXlhbjEyMyIsImV4cCI6MTc2MzM4NTQ0MH0.7DbM8CFaDacNykXPtl4EY3f7GLvc08Ex2o6hFEkiZw4
2025-11-17 21:03:28.443 [http-nio-8080-exec-5] INFO  com.sau.filter.JwtTokenFilter - 解析成功：claims:{userId=5, username=ayan123, exp=1763385440}
2025-11-17 21:03:28.444 [http-nio-8080-exec-5] INFO  com.sau.filter.JwtTokenFilter - 将当前用户ID保存在ThreadLocal中：5
2025-11-17 21:03:28.444 [http-nio-8080-exec-5] INFO  com.sau.filter.JwtTokenFilter - 校验成功
2025-11-17 21:03:28.448 [http-nio-8080-exec-5] INFO  c.s.s.third.ImageGenerationService - 图片生成请求: 动漫风格少女，樱花背景
2025-11-17 21:04:41.944 [http-nio-8080-exec-6] INFO  com.sau.filter.JwtTokenFilter - JWT认证过滤器开始执行
2025-11-17 21:04:41.944 [http-nio-8080-exec-6] INFO  com.sau.filter.JwtTokenFilter - 请求路径：/generateVideo
2025-11-17 21:04:41.944 [http-nio-8080-exec-6] INFO  com.sau.filter.JwtTokenFilter - 从请求头中获取Authorization：Bearer eyJhbGciOiJIUzI1NiJ9.eyJ1c2VySWQiOjUsInVzZXJuYW1lIjoiYXlhbjEyMyIsImV4cCI6MTc2MzM4NTQ0MH0.7DbM8CFaDacNykXPtl4EY3f7GLvc08Ex2o6hFEkiZw4
2025-11-17 21:04:41.947 [http-nio-8080-exec-6] INFO  com.sau.filter.JwtTokenFilter - 解析成功：claims:{userId=5, username=ayan123, exp=1763385440}
2025-11-17 21:04:41.948 [http-nio-8080-exec-6] INFO  com.sau.filter.JwtTokenFilter - 将当前用户ID保存在ThreadLocal中：5
2025-11-17 21:04:41.948 [http-nio-8080-exec-6] INFO  com.sau.filter.JwtTokenFilter - 校验成功
2025-11-17 21:04:41.952 [http-nio-8080-exec-6] INFO  c.s.s.third.VideoGenerationService - ----- 创建任务请求 -----
2025-11-17 21:04:42.587 [http-nio-8080-exec-6] INFO  c.s.s.third.VideoGenerationService - 任务ID：cgt-20251117210440-f52qz
2025-11-17 21:04:42.587 [http-nio-8080-exec-6] INFO  c.s.s.third.VideoGenerationService - ----- 轮询查询任务状态 -----
2025-11-17 21:04:42.646 [http-nio-8080-exec-6] INFO  c.s.s.third.VideoGenerationService - 当前状态: queued, 10s内再次尝试...
2025-11-17 21:04:52.913 [http-nio-8080-exec-6] INFO  c.s.s.third.VideoGenerationService - 当前状态: running, 10s内再次尝试...
2025-11-17 21:05:03.185 [http-nio-8080-exec-6] INFO  c.s.s.third.VideoGenerationService - 当前状态: running, 10s内再次尝试...
2025-11-17 21:05:13.464 [http-nio-8080-exec-6] INFO  c.s.s.third.VideoGenerationService - 当前状态: running, 10s内再次尝试...
2025-11-17 21:05:23.701 [http-nio-8080-exec-6] INFO  c.s.s.third.VideoGenerationService - 任务成功：GetContentGenerationTaskResponse{id='cgt-20251117210440-f52qz', model='doubao-seedance-1-0-pro-250528', status='succeeded', error='null', content=Content{videoUrl='https://ark-content-generation-cn-beijing.tos-cn-beijing.volces.com/doubao-seedance-1-0-pro/02176338468049900000000000000000000ffffac1918e1870ca9.mp4?X-Tos-Algorithm=TOS4-HMAC-SHA256&X-Tos-Credential=AKLTYWJkZTExNjA1ZDUyNDc3YzhjNTM5OGIyNjBhNDcyOTQ%2F20251117%2Fcn-beijing%2Ftos%2Frequest&X-Tos-Date=20251117T130520Z&X-Tos-Expires=86400&X-Tos-Signature=d0cbfb4eec2ef4c9ddc58075170c8bd1c63cdce51d9b14ed8e977cbed104ad21&X-Tos-SignedHeaders=host', lastFrameUrl='null'}, usage=Usage{completionTokens=246840}, createdAt=1763384680, updatedAt=1763384720, seed=67492, revisedPrompt=null}
2025-11-17 21:07:01.815 [http-nio-8080-exec-7] INFO  com.sau.filter.JwtTokenFilter - JWT认证过滤器开始执行
2025-11-17 21:07:01.816 [http-nio-8080-exec-7] INFO  com.sau.filter.JwtTokenFilter - 请求路径：/generateVideo
2025-11-17 21:07:01.816 [http-nio-8080-exec-7] INFO  com.sau.filter.JwtTokenFilter - 从请求头中获取Authorization：null
2025-11-17 21:07:01.816 [http-nio-8080-exec-7] WARN  com.sau.filter.JwtTokenFilter - 令牌为空
2025-11-17 21:07:02.351 [http-nio-8080-exec-4] INFO  com.sau.filter.JwtTokenFilter - JWT认证过滤器开始执行
2025-11-17 21:07:02.353 [http-nio-8080-exec-4] INFO  com.sau.filter.JwtTokenFilter - 请求路径：/refresh-token
2025-11-17 21:07:02.354 [http-nio-8080-exec-4] WARN  com.sau.controller.LoginController - Cookie中的refreshToken不存在
2025-11-17 21:07:25.284 [http-nio-8080-exec-8] INFO  com.sau.filter.JwtTokenFilter - JWT认证过滤器开始执行
2025-11-17 21:07:25.284 [http-nio-8080-exec-8] INFO  com.sau.filter.JwtTokenFilter - 请求路径：/login
2025-11-17 21:07:25.285 [http-nio-8080-exec-8] INFO  com.sau.controller.LoginController - 登录请求: 账号=2195764567@qq.com, rememberMe=true
2025-11-17 21:07:25.594 [http-nio-8080-exec-8] INFO  c.sau.service.impl.AuthServiceImpl - 登录成功，用户信息: User(id=5, name=ayan123, username=ayan123, account=null, password=$2a$12$x2CNXKfelj5QZ4dec4GsvuKZxtmx0o77IFLxdhcJaOK8GXMXnnK9W, email=2195764567@qq.com, phone=null, image=null, status=1, userType=0, createTime=2025-10-22T23:07:35, updateTime=null)
2025-11-17 21:07:25.595 [http-nio-8080-exec-8] INFO  c.sau.service.impl.AuthServiceImpl - 生成accessToken：eyJhbGciOiJIUzI1NiJ9.eyJ1c2VySWQiOjUsInVzZXJuYW1lIjoiYXlhbjEyMyIsImV4cCI6MTc2MzM4NTc0NX0.DEx3hocfKFoKO9-YSDN77xUE-MHhfSGOF2qNvHbuHm0
2025-11-17 21:07:25.595 [http-nio-8080-exec-8] INFO  com.sau.utils.RedisTokenUtils - 保存accessToken到Redis: access_token:5=eyJhbGciOiJIUzI1NiJ9.eyJ1c2VySWQiOjUsInVzZXJuYW1lIjoiYXlhbjEyMyIsImV4cCI6MTc2MzM4NTc0NX0.DEx3hocfKFoKO9-YSDN77xUE-MHhfSGOF2qNvHbuHm0
2025-11-17 21:07:25.595 [http-nio-8080-exec-8] INFO  c.sau.service.impl.AuthServiceImpl - 生成refreshToken：eyJhbGciOiJIUzI1NiJ9.eyJ1c2VySWQiOjUsInVzZXJuYW1lIjoiYXlhbjEyMyIsImV4cCI6MTc2Mzk4OTY0NX0.NqGPgPZZ_2FiVdkhTVLfqvH_3nJE6ysjhedeXBkRq4g
2025-11-17 21:07:25.599 [http-nio-8080-exec-8] INFO  com.sau.utils.RedisTokenUtils - 保存refreshToken到Redis: refresh_token:5=eyJhbGciOiJIUzI1NiJ9.eyJ1c2VySWQiOjUsInVzZXJuYW1lIjoiYXlhbjEyMyIsImV4cCI6MTc2Mzk4OTY0NX0.NqGPgPZZ_2FiVdkhTVLfqvH_3nJE6ysjhedeXBkRq4g
2025-11-17 21:07:25.599 [http-nio-8080-exec-8] INFO  com.sau.controller.LoginController - 设置refreshToken到Cookie: eyJhbGciOiJIUzI1NiJ9.eyJ1c2VySWQiOjUsInVzZXJuYW1lIjoiYXlhbjEyMyIsImV4cCI6MTc2Mzk4OTY0NX0.NqGPgPZZ_2FiVdkhTVLfqvH_3nJE6ysjhedeXBkRq4g
2025-11-17 21:07:25.599 [http-nio-8080-exec-8] INFO  com.sau.aop.OperationLogAspect - 记录操作日志: OperateLog(id=null, operateUserId=null, operateTime=2025-11-17T21:07:25.599008500, className=com.sau.controller.LoginController, methodName=login, methodParams=[LoginDTO(account=2195764567@qq.com, password=XZ19911005qwer, rememberMe=true), org.springframework.web.context.request.async.StandardServletAsyncWebRequest$LifecycleHttpServletResponse@28492c17], returnValue=Result(code=1, msg=null, data=LoginVO(username=ayan123, avatar=null, token=eyJhbGciOiJIUzI1NiJ9.eyJ1c2VySWQiOjUsInVzZXJuYW1lIjoiYXlhbjEyMyIsImV4cCI6MTc2MzM4NTc0NX0.DEx3hocfKFoKO9-YSDN77xUE-MHhfSGOF2qNvHbuHm0)), costTime=314)
2025-11-17 21:07:25.927 [http-nio-8080-exec-9] INFO  com.sau.filter.JwtTokenFilter - JWT认证过滤器开始执行
2025-11-17 21:07:25.927 [http-nio-8080-exec-9] INFO  com.sau.filter.JwtTokenFilter - 请求路径：/login
2025-11-17 21:07:25.928 [http-nio-8080-exec-9] INFO  com.sau.controller.LoginController - 登录请求: 账号=2195764567@qq.com, rememberMe=true
2025-11-17 21:07:26.255 [http-nio-8080-exec-9] INFO  c.sau.service.impl.AuthServiceImpl - 登录成功，用户信息: User(id=5, name=ayan123, username=ayan123, account=null, password=$2a$12$x2CNXKfelj5QZ4dec4GsvuKZxtmx0o77IFLxdhcJaOK8GXMXnnK9W, email=2195764567@qq.com, phone=null, image=null, status=1, userType=0, createTime=2025-10-22T23:07:35, updateTime=null)
2025-11-17 21:07:26.255 [http-nio-8080-exec-9] INFO  c.sau.service.impl.AuthServiceImpl - 生成accessToken：eyJhbGciOiJIUzI1NiJ9.eyJ1c2VySWQiOjUsInVzZXJuYW1lIjoiYXlhbjEyMyIsImV4cCI6MTc2MzM4NTc0Nn0.YBYWq_He2bIsNX6Un0lzMfP2sr7Fk08g-wP81CcZ78Q
2025-11-17 21:07:26.255 [http-nio-8080-exec-9] INFO  com.sau.utils.RedisTokenUtils - 保存accessToken到Redis: access_token:5=eyJhbGciOiJIUzI1NiJ9.eyJ1c2VySWQiOjUsInVzZXJuYW1lIjoiYXlhbjEyMyIsImV4cCI6MTc2MzM4NTc0Nn0.YBYWq_He2bIsNX6Un0lzMfP2sr7Fk08g-wP81CcZ78Q
2025-11-17 21:07:26.255 [http-nio-8080-exec-9] INFO  c.sau.service.impl.AuthServiceImpl - 生成refreshToken：eyJhbGciOiJIUzI1NiJ9.eyJ1c2VySWQiOjUsInVzZXJuYW1lIjoiYXlhbjEyMyIsImV4cCI6MTc2Mzk4OTY0Nn0.rMVjsC1W4mGC6TXBNnRA4uHHPDAJ8qiFBvxEQy5cQyI
2025-11-17 21:07:26.258 [http-nio-8080-exec-9] INFO  com.sau.utils.RedisTokenUtils - 保存refreshToken到Redis: refresh_token:5=eyJhbGciOiJIUzI1NiJ9.eyJ1c2VySWQiOjUsInVzZXJuYW1lIjoiYXlhbjEyMyIsImV4cCI6MTc2Mzk4OTY0Nn0.rMVjsC1W4mGC6TXBNnRA4uHHPDAJ8qiFBvxEQy5cQyI
2025-11-17 21:07:26.258 [http-nio-8080-exec-9] INFO  com.sau.controller.LoginController - 设置refreshToken到Cookie: eyJhbGciOiJIUzI1NiJ9.eyJ1c2VySWQiOjUsInVzZXJuYW1lIjoiYXlhbjEyMyIsImV4cCI6MTc2Mzk4OTY0Nn0.rMVjsC1W4mGC6TXBNnRA4uHHPDAJ8qiFBvxEQy5cQyI
2025-11-17 21:07:26.258 [http-nio-8080-exec-9] INFO  com.sau.aop.OperationLogAspect - 记录操作日志: OperateLog(id=null, operateUserId=null, operateTime=2025-11-17T21:07:26.258914500, className=com.sau.controller.LoginController, methodName=login, methodParams=[LoginDTO(account=2195764567@qq.com, password=XZ19911005qwer, rememberMe=true), org.springframework.web.context.request.async.StandardServletAsyncWebRequest$LifecycleHttpServletResponse@6429ae4c], returnValue=Result(code=1, msg=null, data=LoginVO(username=ayan123, avatar=null, token=eyJhbGciOiJIUzI1NiJ9.eyJ1c2VySWQiOjUsInVzZXJuYW1lIjoiYXlhbjEyMyIsImV4cCI6MTc2MzM4NTc0Nn0.YBYWq_He2bIsNX6Un0lzMfP2sr7Fk08g-wP81CcZ78Q)), costTime=330)
2025-11-17 21:07:35.597 [http-nio-8080-exec-3] INFO  com.sau.filter.JwtTokenFilter - JWT认证过滤器开始执行
2025-11-17 21:07:35.597 [http-nio-8080-exec-3] INFO  com.sau.filter.JwtTokenFilter - 请求路径：/generateVideo
2025-11-17 21:07:35.597 [http-nio-8080-exec-3] INFO  com.sau.filter.JwtTokenFilter - 从请求头中获取Authorization：Bearer eyJhbGciOiJIUzI1NiJ9.eyJ1c2VySWQiOjUsInVzZXJuYW1lIjoiYXlhbjEyMyIsImV4cCI6MTc2MzM4NTc0Nn0.YBYWq_He2bIsNX6Un0lzMfP2sr7Fk08g-wP81CcZ78Q
2025-11-17 21:07:35.598 [http-nio-8080-exec-3] INFO  com.sau.filter.JwtTokenFilter - 解析成功：claims:{userId=5, username=ayan123, exp=1763385746}
2025-11-17 21:07:35.599 [http-nio-8080-exec-3] INFO  com.sau.filter.JwtTokenFilter - 将当前用户ID保存在ThreadLocal中：5
2025-11-17 21:07:35.599 [http-nio-8080-exec-3] INFO  com.sau.filter.JwtTokenFilter - 校验成功
2025-11-17 21:07:35.602 [http-nio-8080-exec-3] INFO  c.s.s.third.VideoGenerationService - ----- 创建任务请求 -----
2025-11-17 21:07:35.994 [http-nio-8080-exec-3] INFO  c.s.s.third.VideoGenerationService - 任务ID：cgt-20251117210733-f4fg2
2025-11-17 21:07:35.994 [http-nio-8080-exec-3] INFO  c.s.s.third.VideoGenerationService - ----- 轮询查询任务状态 -----
2025-11-17 21:07:36.058 [http-nio-8080-exec-3] INFO  c.s.s.third.VideoGenerationService - 当前状态: queued, 10s内再次尝试...
2025-11-17 21:07:46.328 [http-nio-8080-exec-3] INFO  c.s.s.third.VideoGenerationService - 当前状态: running, 10s内再次尝试...
2025-11-17 21:07:56.580 [http-nio-8080-exec-3] INFO  c.s.s.third.VideoGenerationService - 当前状态: running, 10s内再次尝试...
2025-11-17 21:08:06.924 [http-nio-8080-exec-3] INFO  c.s.s.third.VideoGenerationService - 当前状态: running, 10s内再次尝试...
2025-11-17 21:08:17.197 [http-nio-8080-exec-3] INFO  c.s.s.third.VideoGenerationService - 当前状态: running, 10s内再次尝试...
2025-11-17 21:08:27.445 [http-nio-8080-exec-3] INFO  c.s.s.third.VideoGenerationService - 当前状态: running, 10s内再次尝试...
2025-11-17 21:08:33.220 [http-nio-8080-exec-1] INFO  com.sau.filter.JwtTokenFilter - JWT认证过滤器开始执行
2025-11-17 21:08:33.220 [http-nio-8080-exec-1] INFO  com.sau.filter.JwtTokenFilter - 请求路径：/generateVideo
2025-11-17 21:08:33.220 [http-nio-8080-exec-1] INFO  com.sau.filter.JwtTokenFilter - 从请求头中获取Authorization：Bearer eyJhbGciOiJIUzI1NiJ9.eyJ1c2VySWQiOjUsInVzZXJuYW1lIjoiYXlhbjEyMyIsImV4cCI6MTc2MzM4NTc0Nn0.YBYWq_He2bIsNX6Un0lzMfP2sr7Fk08g-wP81CcZ78Q
2025-11-17 21:08:33.220 [http-nio-8080-exec-1] INFO  com.sau.filter.JwtTokenFilter - 解析成功：claims:{userId=5, username=ayan123, exp=1763385746}
2025-11-17 21:08:33.222 [http-nio-8080-exec-1] INFO  com.sau.filter.JwtTokenFilter - 将当前用户ID保存在ThreadLocal中：5
2025-11-17 21:08:33.222 [http-nio-8080-exec-1] INFO  com.sau.filter.JwtTokenFilter - 校验成功
2025-11-17 21:08:33.225 [http-nio-8080-exec-1] INFO  c.s.s.third.VideoGenerationService - ----- 创建任务请求 -----
2025-11-17 21:08:33.552 [http-nio-8080-exec-1] INFO  c.s.s.third.VideoGenerationService - 任务ID：cgt-20251117210831-t8wnx
2025-11-17 21:08:33.552 [http-nio-8080-exec-1] INFO  c.s.s.third.VideoGenerationService - ----- 轮询查询任务状态 -----
2025-11-17 21:08:33.609 [http-nio-8080-exec-1] INFO  c.s.s.third.VideoGenerationService - 当前状态: queued, 10s内再次尝试...
2025-11-17 21:08:37.739 [http-nio-8080-exec-3] INFO  c.s.s.third.VideoGenerationService - 任务成功：GetContentGenerationTaskResponse{id='cgt-20251117210733-f4fg2', model='doubao-seedance-1-0-pro-250528', status='succeeded', error='null', content=Content{videoUrl='https://ark-content-generation-cn-beijing.tos-cn-beijing.volces.com/doubao-seedance-1-0-pro/02176338485364700000000000000000000ffffac1918e12192f6.mp4?X-Tos-Algorithm=TOS4-HMAC-SHA256&X-Tos-Credential=AKLTYWJkZTExNjA1ZDUyNDc3YzhjNTM5OGIyNjBhNDcyOTQ%2F20251117%2Fcn-beijing%2Ftos%2Frequest&X-Tos-Date=20251117T130829Z&X-Tos-Expires=86400&X-Tos-Signature=41d360e2458dcc08845cde77595f7e5a8d0c0aef5922556c18b3f67d886c0829&X-Tos-SignedHeaders=host', lastFrameUrl='null'}, usage=Usage{completionTokens=246840}, createdAt=1763384853, updatedAt=1763384909, seed=47109, revisedPrompt=null}
2025-11-17 21:08:43.866 [http-nio-8080-exec-1] INFO  c.s.s.third.VideoGenerationService - 当前状态: running, 10s内再次尝试...
2025-11-17 21:08:54.099 [http-nio-8080-exec-1] INFO  c.s.s.third.VideoGenerationService - 当前状态: running, 10s内再次尝试...
2025-11-17 21:09:04.359 [http-nio-8080-exec-1] INFO  c.s.s.third.VideoGenerationService - 当前状态: running, 10s内再次尝试...
2025-11-17 21:09:14.643 [http-nio-8080-exec-1] INFO  c.s.s.third.VideoGenerationService - 当前状态: running, 10s内再次尝试...
2025-11-17 21:09:24.867 [http-nio-8080-exec-1] INFO  c.s.s.third.VideoGenerationService - 任务成功：GetContentGenerationTaskResponse{id='cgt-20251117210831-t8wnx', model='doubao-seedance-1-0-pro-250528', status='succeeded', error='null', content=Content{videoUrl='https://ark-content-generation-cn-beijing.tos-cn-beijing.volces.com/doubao-seedance-1-0-pro/02176338491151900000000000000000000ffffac1918e1cbf4f7.mp4?X-Tos-Algorithm=TOS4-HMAC-SHA256&X-Tos-Credential=AKLTYWJkZTExNjA1ZDUyNDc3YzhjNTM5OGIyNjBhNDcyOTQ%2F20251117%2Fcn-beijing%2Ftos%2Frequest&X-Tos-Date=20251117T130914Z&X-Tos-Expires=86400&X-Tos-Signature=52758346a282de679f17d6f15504d79387ccbd0e021b3e10946bb9c5875423b6&X-Tos-SignedHeaders=host', lastFrameUrl='null'}, usage=Usage{completionTokens=246840}, createdAt=1763384911, updatedAt=1763384954, seed=9872, revisedPrompt=null}
2025-11-17 21:11:20.880 [http-nio-8080-exec-2] INFO  com.sau.filter.JwtTokenFilter - JWT认证过滤器开始执行
2025-11-17 21:11:20.880 [http-nio-8080-exec-2] INFO  com.sau.filter.JwtTokenFilter - 请求路径：/generateImage
2025-11-17 21:11:20.880 [http-nio-8080-exec-2] INFO  com.sau.filter.JwtTokenFilter - 从请求头中获取Authorization：Bearer eyJhbGciOiJIUzI1NiJ9.eyJ1c2VySWQiOjUsInVzZXJuYW1lIjoiYXlhbjEyMyIsImV4cCI6MTc2MzM4NTc0Nn0.YBYWq_He2bIsNX6Un0lzMfP2sr7Fk08g-wP81CcZ78Q
2025-11-17 21:11:20.880 [http-nio-8080-exec-2] INFO  com.sau.filter.JwtTokenFilter - 解析成功：claims:{userId=5, username=ayan123, exp=1763385746}
2025-11-17 21:11:20.882 [http-nio-8080-exec-2] INFO  com.sau.filter.JwtTokenFilter - 将当前用户ID保存在ThreadLocal中：5
2025-11-17 21:11:20.882 [http-nio-8080-exec-2] INFO  com.sau.filter.JwtTokenFilter - 校验成功
2025-11-17 21:11:20.882 [http-nio-8080-exec-2] INFO  c.s.s.third.ImageGenerationService - 图片生成请求: 动漫风格少女，樱花背景，比例 2:3，风格 人像摄影
2025-11-17 21:14:09.676 [http-nio-8080-exec-10] INFO  com.sau.filter.JwtTokenFilter - JWT认证过滤器开始执行
2025-11-17 21:14:09.676 [http-nio-8080-exec-10] INFO  com.sau.filter.JwtTokenFilter - 请求路径：/login
2025-11-17 21:14:09.677 [http-nio-8080-exec-10] INFO  com.sau.controller.LoginController - 登录请求: 账号=2195764567@qq.com, rememberMe=true
2025-11-17 21:14:09.909 [http-nio-8080-exec-10] INFO  c.sau.service.impl.AuthServiceImpl - 登录成功，用户信息: User(id=5, name=ayan123, username=ayan123, account=null, password=$2a$12$x2CNXKfelj5QZ4dec4GsvuKZxtmx0o77IFLxdhcJaOK8GXMXnnK9W, email=2195764567@qq.com, phone=null, image=null, status=1, userType=0, createTime=2025-10-22T23:07:35, updateTime=null)
2025-11-17 21:14:09.910 [http-nio-8080-exec-10] INFO  c.sau.service.impl.AuthServiceImpl - 生成accessToken：eyJhbGciOiJIUzI1NiJ9.eyJ1c2VySWQiOjUsInVzZXJuYW1lIjoiYXlhbjEyMyIsImV4cCI6MTc2MzM4NjE0OX0.CsVxkXS_jauoKFs5c7Oif6evzCNgCKGY4A2Zx2CtFzY
2025-11-17 21:14:09.912 [http-nio-8080-exec-10] INFO  com.sau.utils.RedisTokenUtils - 保存accessToken到Redis: access_token:5=eyJhbGciOiJIUzI1NiJ9.eyJ1c2VySWQiOjUsInVzZXJuYW1lIjoiYXlhbjEyMyIsImV4cCI6MTc2MzM4NjE0OX0.CsVxkXS_jauoKFs5c7Oif6evzCNgCKGY4A2Zx2CtFzY
2025-11-17 21:14:09.912 [http-nio-8080-exec-10] INFO  c.sau.service.impl.AuthServiceImpl - 生成refreshToken：eyJhbGciOiJIUzI1NiJ9.eyJ1c2VySWQiOjUsInVzZXJuYW1lIjoiYXlhbjEyMyIsImV4cCI6MTc2Mzk5MDA0OX0.OJTcTcRnWXpF5Xo7Sh7jtyAUN1rDT_2K-KIEaPHu4pg
2025-11-17 21:14:09.913 [http-nio-8080-exec-10] INFO  com.sau.utils.RedisTokenUtils - 保存refreshToken到Redis: refresh_token:5=eyJhbGciOiJIUzI1NiJ9.eyJ1c2VySWQiOjUsInVzZXJuYW1lIjoiYXlhbjEyMyIsImV4cCI6MTc2Mzk5MDA0OX0.OJTcTcRnWXpF5Xo7Sh7jtyAUN1rDT_2K-KIEaPHu4pg
2025-11-17 21:14:09.913 [http-nio-8080-exec-10] INFO  com.sau.controller.LoginController - 设置refreshToken到Cookie: eyJhbGciOiJIUzI1NiJ9.eyJ1c2VySWQiOjUsInVzZXJuYW1lIjoiYXlhbjEyMyIsImV4cCI6MTc2Mzk5MDA0OX0.OJTcTcRnWXpF5Xo7Sh7jtyAUN1rDT_2K-KIEaPHu4pg
2025-11-17 21:14:09.913 [http-nio-8080-exec-10] INFO  com.sau.aop.OperationLogAspect - 记录操作日志: OperateLog(id=null, operateUserId=null, operateTime=2025-11-17T21:14:09.913688700, className=com.sau.controller.LoginController, methodName=login, methodParams=[LoginDTO(account=2195764567@qq.com, password=XZ19911005qwer, rememberMe=true), org.springframework.web.context.request.async.StandardServletAsyncWebRequest$LifecycleHttpServletResponse@20ae9be0], returnValue=Result(code=1, msg=null, data=LoginVO(username=ayan123, avatar=null, token=eyJhbGciOiJIUzI1NiJ9.eyJ1c2VySWQiOjUsInVzZXJuYW1lIjoiYXlhbjEyMyIsImV4cCI6MTc2MzM4NjE0OX0.CsVxkXS_jauoKFs5c7Oif6evzCNgCKGY4A2Zx2CtFzY)), costTime=236)
2025-11-17 21:14:11.198 [http-nio-8080-exec-5] INFO  com.sau.filter.JwtTokenFilter - JWT认证过滤器开始执行
2025-11-17 21:14:11.198 [http-nio-8080-exec-5] INFO  com.sau.filter.JwtTokenFilter - 请求路径：/login
2025-11-17 21:14:11.200 [http-nio-8080-exec-5] INFO  com.sau.controller.LoginController - 登录请求: 账号=2195764567@qq.com, rememberMe=true
2025-11-17 21:14:11.426 [http-nio-8080-exec-5] INFO  c.sau.service.impl.AuthServiceImpl - 登录成功，用户信息: User(id=5, name=ayan123, username=ayan123, account=null, password=$2a$12$x2CNXKfelj5QZ4dec4GsvuKZxtmx0o77IFLxdhcJaOK8GXMXnnK9W, email=2195764567@qq.com, phone=null, image=null, status=1, userType=0, createTime=2025-10-22T23:07:35, updateTime=null)
2025-11-17 21:14:11.426 [http-nio-8080-exec-5] INFO  c.sau.service.impl.AuthServiceImpl - 生成accessToken：eyJhbGciOiJIUzI1NiJ9.eyJ1c2VySWQiOjUsInVzZXJuYW1lIjoiYXlhbjEyMyIsImV4cCI6MTc2MzM4NjE1MX0.KHgCYsDnz1rDOFe6nE3gMdm327q8sr4Pn3wKp3nFVuQ
2025-11-17 21:14:11.427 [http-nio-8080-exec-5] INFO  com.sau.utils.RedisTokenUtils - 保存accessToken到Redis: access_token:5=eyJhbGciOiJIUzI1NiJ9.eyJ1c2VySWQiOjUsInVzZXJuYW1lIjoiYXlhbjEyMyIsImV4cCI6MTc2MzM4NjE1MX0.KHgCYsDnz1rDOFe6nE3gMdm327q8sr4Pn3wKp3nFVuQ
2025-11-17 21:14:11.428 [http-nio-8080-exec-5] INFO  c.sau.service.impl.AuthServiceImpl - 生成refreshToken：eyJhbGciOiJIUzI1NiJ9.eyJ1c2VySWQiOjUsInVzZXJuYW1lIjoiYXlhbjEyMyIsImV4cCI6MTc2Mzk5MDA1MX0.mwO7FM2-uwTyKTM_pO5Y_plnEULqOvF4l0dtt_NOs6o
2025-11-17 21:14:11.428 [http-nio-8080-exec-5] INFO  com.sau.utils.RedisTokenUtils - 保存refreshToken到Redis: refresh_token:5=eyJhbGciOiJIUzI1NiJ9.eyJ1c2VySWQiOjUsInVzZXJuYW1lIjoiYXlhbjEyMyIsImV4cCI6MTc2Mzk5MDA1MX0.mwO7FM2-uwTyKTM_pO5Y_plnEULqOvF4l0dtt_NOs6o
2025-11-17 21:14:11.428 [http-nio-8080-exec-5] INFO  com.sau.controller.LoginController - 设置refreshToken到Cookie: eyJhbGciOiJIUzI1NiJ9.eyJ1c2VySWQiOjUsInVzZXJuYW1lIjoiYXlhbjEyMyIsImV4cCI6MTc2Mzk5MDA1MX0.mwO7FM2-uwTyKTM_pO5Y_plnEULqOvF4l0dtt_NOs6o
2025-11-17 21:14:11.428 [http-nio-8080-exec-5] INFO  com.sau.aop.OperationLogAspect - 记录操作日志: OperateLog(id=null, operateUserId=null, operateTime=2025-11-17T21:14:11.428435400, className=com.sau.controller.LoginController, methodName=login, methodParams=[LoginDTO(account=2195764567@qq.com, password=XZ19911005qwer, rememberMe=true), org.springframework.web.context.request.async.StandardServletAsyncWebRequest$LifecycleHttpServletResponse@575545e5], returnValue=Result(code=1, msg=null, data=LoginVO(username=ayan123, avatar=null, token=eyJhbGciOiJIUzI1NiJ9.eyJ1c2VySWQiOjUsInVzZXJuYW1lIjoiYXlhbjEyMyIsImV4cCI6MTc2MzM4NjE1MX0.KHgCYsDnz1rDOFe6nE3gMdm327q8sr4Pn3wKp3nFVuQ)), costTime=229)
2025-11-17 21:58:27.518 [http-nio-8080-exec-6] INFO  com.sau.filter.JwtTokenFilter - JWT认证过滤器开始执行
2025-11-17 21:58:27.518 [http-nio-8080-exec-6] INFO  com.sau.filter.JwtTokenFilter - 请求路径：/login
2025-11-17 21:58:27.520 [http-nio-8080-exec-6] INFO  com.sau.controller.LoginController - 登录请求: 账号=2195764567@qq.com, rememberMe=true
2025-11-17 21:58:27.806 [http-nio-8080-exec-6] INFO  c.sau.service.impl.AuthServiceImpl - 登录成功，用户信息: User(id=5, name=ayan123, username=ayan123, account=null, password=$2a$12$x2CNXKfelj5QZ4dec4GsvuKZxtmx0o77IFLxdhcJaOK8GXMXnnK9W, email=2195764567@qq.com, phone=null, image=null, status=1, userType=0, createTime=2025-10-22T23:07:35, updateTime=null)
2025-11-17 21:58:27.807 [http-nio-8080-exec-6] INFO  c.sau.service.impl.AuthServiceImpl - 生成accessToken：eyJhbGciOiJIUzI1NiJ9.eyJ1c2VySWQiOjUsInVzZXJuYW1lIjoiYXlhbjEyMyIsImV4cCI6MTc2MzM4ODgwN30.NIzt6xjkYNyE4rFYkdE6j5B6ee9Dbf9HMUKGXJTzMWU
2025-11-17 21:58:27.811 [http-nio-8080-exec-6] INFO  com.sau.utils.RedisTokenUtils - 保存accessToken到Redis: access_token:5=eyJhbGciOiJIUzI1NiJ9.eyJ1c2VySWQiOjUsInVzZXJuYW1lIjoiYXlhbjEyMyIsImV4cCI6MTc2MzM4ODgwN30.NIzt6xjkYNyE4rFYkdE6j5B6ee9Dbf9HMUKGXJTzMWU
2025-11-17 21:58:27.811 [http-nio-8080-exec-6] INFO  c.sau.service.impl.AuthServiceImpl - 生成refreshToken：eyJhbGciOiJIUzI1NiJ9.eyJ1c2VySWQiOjUsInVzZXJuYW1lIjoiYXlhbjEyMyIsImV4cCI6MTc2Mzk5MjcwN30.v1jLG4v6-HnkAdYLiPyI0Rg1cW099gdd6FN4-T4Ln8E
2025-11-17 21:58:27.812 [http-nio-8080-exec-6] INFO  com.sau.utils.RedisTokenUtils - 保存refreshToken到Redis: refresh_token:5=eyJhbGciOiJIUzI1NiJ9.eyJ1c2VySWQiOjUsInVzZXJuYW1lIjoiYXlhbjEyMyIsImV4cCI6MTc2Mzk5MjcwN30.v1jLG4v6-HnkAdYLiPyI0Rg1cW099gdd6FN4-T4Ln8E
2025-11-17 21:58:27.812 [http-nio-8080-exec-6] INFO  com.sau.controller.LoginController - 设置refreshToken到Cookie: eyJhbGciOiJIUzI1NiJ9.eyJ1c2VySWQiOjUsInVzZXJuYW1lIjoiYXlhbjEyMyIsImV4cCI6MTc2Mzk5MjcwN30.v1jLG4v6-HnkAdYLiPyI0Rg1cW099gdd6FN4-T4Ln8E
2025-11-17 21:58:27.812 [http-nio-8080-exec-6] INFO  com.sau.aop.OperationLogAspect - 记录操作日志: OperateLog(id=null, operateUserId=null, operateTime=2025-11-17T21:58:27.812087800, className=com.sau.controller.LoginController, methodName=login, methodParams=[LoginDTO(account=2195764567@qq.com, password=XZ19911005qwer, rememberMe=true), org.springframework.web.context.request.async.StandardServletAsyncWebRequest$LifecycleHttpServletResponse@1c82202e], returnValue=Result(code=1, msg=null, data=LoginVO(username=ayan123, avatar=null, token=eyJhbGciOiJIUzI1NiJ9.eyJ1c2VySWQiOjUsInVzZXJuYW1lIjoiYXlhbjEyMyIsImV4cCI6MTc2MzM4ODgwN30.NIzt6xjkYNyE4rFYkdE6j5B6ee9Dbf9HMUKGXJTzMWU)), costTime=292)
2025-11-17 21:58:28.341 [http-nio-8080-exec-7] INFO  com.sau.filter.JwtTokenFilter - JWT认证过滤器开始执行
2025-11-17 21:58:28.341 [http-nio-8080-exec-7] INFO  com.sau.filter.JwtTokenFilter - 请求路径：/login
2025-11-17 21:58:28.342 [http-nio-8080-exec-7] INFO  com.sau.controller.LoginController - 登录请求: 账号=2195764567@qq.com, rememberMe=true
2025-11-17 21:58:28.618 [http-nio-8080-exec-7] INFO  c.sau.service.impl.AuthServiceImpl - 登录成功，用户信息: User(id=5, name=ayan123, username=ayan123, account=null, password=$2a$12$x2CNXKfelj5QZ4dec4GsvuKZxtmx0o77IFLxdhcJaOK8GXMXnnK9W, email=2195764567@qq.com, phone=null, image=null, status=1, userType=0, createTime=2025-10-22T23:07:35, updateTime=null)
2025-11-17 21:58:28.618 [http-nio-8080-exec-7] INFO  c.sau.service.impl.AuthServiceImpl - 生成accessToken：eyJhbGciOiJIUzI1NiJ9.eyJ1c2VySWQiOjUsInVzZXJuYW1lIjoiYXlhbjEyMyIsImV4cCI6MTc2MzM4ODgwOH0.MP_Krb7ujQanq0qeO0uXgV8nG9BZOIqqeRm_v8Jln6c
2025-11-17 21:58:28.619 [http-nio-8080-exec-7] INFO  com.sau.utils.RedisTokenUtils - 保存accessToken到Redis: access_token:5=eyJhbGciOiJIUzI1NiJ9.eyJ1c2VySWQiOjUsInVzZXJuYW1lIjoiYXlhbjEyMyIsImV4cCI6MTc2MzM4ODgwOH0.MP_Krb7ujQanq0qeO0uXgV8nG9BZOIqqeRm_v8Jln6c
2025-11-17 21:58:28.619 [http-nio-8080-exec-7] INFO  c.sau.service.impl.AuthServiceImpl - 生成refreshToken：eyJhbGciOiJIUzI1NiJ9.eyJ1c2VySWQiOjUsInVzZXJuYW1lIjoiYXlhbjEyMyIsImV4cCI6MTc2Mzk5MjcwOH0.UHriIHO_1izP6LySeKBtJoO3LHapqdKozAOUm7IvFQM
2025-11-17 21:58:28.620 [http-nio-8080-exec-7] INFO  com.sau.utils.RedisTokenUtils - 保存refreshToken到Redis: refresh_token:5=eyJhbGciOiJIUzI1NiJ9.eyJ1c2VySWQiOjUsInVzZXJuYW1lIjoiYXlhbjEyMyIsImV4cCI6MTc2Mzk5MjcwOH0.UHriIHO_1izP6LySeKBtJoO3LHapqdKozAOUm7IvFQM
2025-11-17 21:58:28.620 [http-nio-8080-exec-7] INFO  com.sau.controller.LoginController - 设置refreshToken到Cookie: eyJhbGciOiJIUzI1NiJ9.eyJ1c2VySWQiOjUsInVzZXJuYW1lIjoiYXlhbjEyMyIsImV4cCI6MTc2Mzk5MjcwOH0.UHriIHO_1izP6LySeKBtJoO3LHapqdKozAOUm7IvFQM
2025-11-17 21:58:28.620 [http-nio-8080-exec-7] INFO  com.sau.aop.OperationLogAspect - 记录操作日志: OperateLog(id=null, operateUserId=null, operateTime=2025-11-17T21:58:28.620258900, className=com.sau.controller.LoginController, methodName=login, methodParams=[LoginDTO(account=2195764567@qq.com, password=XZ19911005qwer, rememberMe=true), org.springframework.web.context.request.async.StandardServletAsyncWebRequest$LifecycleHttpServletResponse@252c50cc], returnValue=Result(code=1, msg=null, data=LoginVO(username=ayan123, avatar=null, token=eyJhbGciOiJIUzI1NiJ9.eyJ1c2VySWQiOjUsInVzZXJuYW1lIjoiYXlhbjEyMyIsImV4cCI6MTc2MzM4ODgwOH0.MP_Krb7ujQanq0qeO0uXgV8nG9BZOIqqeRm_v8Jln6c)), costTime=279)
2025-11-17 21:59:34.855 [http-nio-8080-exec-4] INFO  com.sau.filter.JwtTokenFilter - JWT认证过滤器开始执行
2025-11-17 21:59:34.855 [http-nio-8080-exec-4] INFO  com.sau.filter.JwtTokenFilter - 请求路径：/generateVideo
2025-11-17 21:59:34.855 [http-nio-8080-exec-4] INFO  com.sau.filter.JwtTokenFilter - 从请求头中获取Authorization：Bearer eyJhbGciOiJIUzI1NiJ9.eyJ1c2VySWQiOjUsInVzZXJuYW1lIjoiYXlhbjEyMyIsImV4cCI6MTc2MzM4ODgwOH0.MP_Krb7ujQanq0qeO0uXgV8nG9BZOIqqeRm_v8Jln6c
2025-11-17 21:59:34.857 [http-nio-8080-exec-4] INFO  com.sau.filter.JwtTokenFilter - 解析成功：claims:{userId=5, username=ayan123, exp=1763388808}
2025-11-17 21:59:34.857 [http-nio-8080-exec-4] INFO  com.sau.filter.JwtTokenFilter - 将当前用户ID保存在ThreadLocal中：5
2025-11-17 21:59:34.857 [http-nio-8080-exec-4] INFO  com.sau.filter.JwtTokenFilter - 校验成功
2025-11-17 21:59:34.871 [http-nio-8080-exec-4] INFO  c.s.s.third.VideoGenerationService - ----- 创建任务请求 -----
2025-11-17 21:59:35.562 [http-nio-8080-exec-4] INFO  c.s.s.third.VideoGenerationService - 任务ID：cgt-20251117215933-w5pmc
2025-11-17 21:59:35.562 [http-nio-8080-exec-4] INFO  c.s.s.third.VideoGenerationService - ----- 轮询查询任务状态 -----
2025-11-17 21:59:35.611 [http-nio-8080-exec-4] INFO  c.s.s.third.VideoGenerationService - 当前状态: queued, 10s内再次尝试...
2025-11-17 21:59:45.821 [http-nio-8080-exec-4] INFO  c.s.s.third.VideoGenerationService - 当前状态: running, 10s内再次尝试...
2025-11-17 21:59:56.086 [http-nio-8080-exec-4] INFO  c.s.s.third.VideoGenerationService - 当前状态: running, 10s内再次尝试...
2025-11-17 22:00:06.360 [http-nio-8080-exec-4] INFO  c.s.s.third.VideoGenerationService - 当前状态: running, 10s内再次尝试...
2025-11-17 22:00:16.596 [http-nio-8080-exec-4] INFO  c.s.s.third.VideoGenerationService - 当前状态: running, 10s内再次尝试...
2025-11-17 22:00:26.840 [http-nio-8080-exec-4] INFO  c.s.s.third.VideoGenerationService - 任务成功：GetContentGenerationTaskResponse{id='cgt-20251117215933-w5pmc', model='doubao-seedance-1-0-pro-250528', status='succeeded', error='null', content=Content{videoUrl='https://ark-content-generation-cn-beijing.tos-cn-beijing.volces.com/doubao-seedance-1-0-pro/02176338797320300000000000000000000ffffac1918e1cc6f45.mp4?X-Tos-Algorithm=TOS4-HMAC-SHA256&X-Tos-Credential=AKLTYWJkZTExNjA1ZDUyNDc3YzhjNTM5OGIyNjBhNDcyOTQ%2F20251117%2Fcn-beijing%2Ftos%2Frequest&X-Tos-Date=20251117T140015Z&X-Tos-Expires=86400&X-Tos-Signature=76d0ca52d1f73b18ed5269d38db2f3110c9e3a218018cc85899628b11edcc0e5&X-Tos-SignedHeaders=host', lastFrameUrl='null'}, usage=Usage{completionTokens=246840}, createdAt=1763387973, updatedAt=1763388015, seed=61991, revisedPrompt=null}
2025-11-17 22:08:08.506 [SpringApplicationShutdownHook] INFO  o.s.b.w.e.tomcat.GracefulShutdown - Commencing graceful shutdown. Waiting for active requests to complete
2025-11-17 22:08:08.933 [tomcat-shutdown] INFO  o.s.b.w.e.tomcat.GracefulShutdown - Graceful shutdown complete
2025-11-17 22:08:08.955 [SpringApplicationShutdownHook] INFO  com.zaxxer.hikari.HikariDataSource - HikariPool-1 - Shutdown initiated...
2025-11-17 22:08:08.960 [SpringApplicationShutdownHook] INFO  com.zaxxer.hikari.HikariDataSource - HikariPool-1 - Shutdown completed.
