2025-12-06 14:00:11.477 [background-preinit] INFO  o.h.validator.internal.util.Version - HV000001: Hibernate Validator 8.0.3.Final
2025-12-06 14:00:11.524 [main] INFO  c.s.ECommerceImageSystemApplication - Starting ECommerceImageSystemApplication using Java 17.0.13 with PID 4424 (D:\Java\e-commerce-image-project\e-commerce-image-system\target\classes started by 77639 in D:\Java\e-commerce-image-project)
2025-12-06 14:00:11.524 [main] INFO  c.s.ECommerceImageSystemApplication - No active profile set, falling back to 1 default profile: "default"
2025-12-06 14:00:12.044 [main] INFO  o.s.d.r.c.RepositoryConfigurationDelegate - Multiple Spring Data modules found, entering strict repository configuration mode
2025-12-06 14:00:12.046 [main] INFO  o.s.d.r.c.RepositoryConfigurationDelegate - Bootstrapping Spring Data Redis repositories in DEFAULT mode.
2025-12-06 14:00:12.066 [main] INFO  o.s.d.r.c.RepositoryConfigurationDelegate - Finished Spring Data repository scanning in 9 ms. Found 0 Redis repository interfaces.
2025-12-06 14:00:12.632 [main] INFO  o.s.b.w.e.tomcat.TomcatWebServer - Tomcat initialized with port 8080 (http)
2025-12-06 14:00:12.642 [main] INFO  o.a.coyote.http11.Http11NioProtocol - Initializing ProtocolHandler ["http-nio-8080"]
2025-12-06 14:00:12.644 [main] INFO  o.a.catalina.core.StandardService - Starting service [Tomcat]
2025-12-06 14:00:12.644 [main] INFO  o.a.catalina.core.StandardEngine - Starting Servlet engine: [Apache Tomcat/10.1.46]
2025-12-06 14:00:12.708 [main] INFO  o.a.c.c.C.[Tomcat].[localhost].[/] - Initializing Spring embedded WebApplicationContext
2025-12-06 14:00:12.709 [main] INFO  o.s.b.w.s.c.ServletWebServerApplicationContext - Root WebApplicationContext: initialization completed in 1162 ms
2025-12-06 14:00:13.729 [main] INFO  o.a.coyote.http11.Http11NioProtocol - Starting ProtocolHandler ["http-nio-8080"]
2025-12-06 14:00:13.740 [main] INFO  o.s.b.w.e.tomcat.TomcatWebServer - Tomcat started on port 8080 (http) with context path '/'
2025-12-06 14:00:13.747 [main] INFO  c.s.ECommerceImageSystemApplication - Started ECommerceImageSystemApplication in 2.517 seconds (process running for 3.117)
2025-12-06 14:00:19.876 [SpringApplicationShutdownHook] INFO  o.s.b.w.e.tomcat.GracefulShutdown - Commencing graceful shutdown. Waiting for active requests to complete
2025-12-06 14:00:19.904 [tomcat-shutdown] INFO  o.s.b.w.e.tomcat.GracefulShutdown - Graceful shutdown complete
2025-12-06 14:07:50.538 [background-preinit] INFO  o.h.validator.internal.util.Version - HV000001: Hibernate Validator 8.0.3.Final
2025-12-06 14:07:50.572 [main] INFO  c.s.ECommerceImageSystemApplication - Starting ECommerceImageSystemApplication using Java 17.0.13 with PID 15432 (D:\Java\e-commerce-image-project\e-commerce-image-system\target\classes started by 77639 in D:\Java\e-commerce-image-project)
2025-12-06 14:07:50.573 [main] INFO  c.s.ECommerceImageSystemApplication - No active profile set, falling back to 1 default profile: "default"
2025-12-06 14:07:51.086 [main] INFO  o.s.d.r.c.RepositoryConfigurationDelegate - Multiple Spring Data modules found, entering strict repository configuration mode
2025-12-06 14:07:51.088 [main] INFO  o.s.d.r.c.RepositoryConfigurationDelegate - Bootstrapping Spring Data Redis repositories in DEFAULT mode.
2025-12-06 14:07:51.109 [main] INFO  o.s.d.r.c.RepositoryConfigurationDelegate - Finished Spring Data repository scanning in 10 ms. Found 0 Redis repository interfaces.
2025-12-06 14:07:51.585 [main] INFO  o.s.b.w.e.tomcat.TomcatWebServer - Tomcat initialized with port 8080 (http)
2025-12-06 14:07:51.593 [main] INFO  o.a.coyote.http11.Http11NioProtocol - Initializing ProtocolHandler ["http-nio-8080"]
2025-12-06 14:07:51.595 [main] INFO  o.a.catalina.core.StandardService - Starting service [Tomcat]
2025-12-06 14:07:51.595 [main] INFO  o.a.catalina.core.StandardEngine - Starting Servlet engine: [Apache Tomcat/10.1.46]
2025-12-06 14:07:51.682 [main] INFO  o.a.c.c.C.[Tomcat].[localhost].[/] - Initializing Spring embedded WebApplicationContext
2025-12-06 14:07:51.682 [main] INFO  o.s.b.w.s.c.ServletWebServerApplicationContext - Root WebApplicationContext: initialization completed in 1082 ms
2025-12-06 14:07:52.589 [main] INFO  o.a.coyote.http11.Http11NioProtocol - Starting ProtocolHandler ["http-nio-8080"]
2025-12-06 14:07:52.600 [main] INFO  o.s.b.w.e.tomcat.TomcatWebServer - Tomcat started on port 8080 (http) with context path '/'
2025-12-06 14:07:52.607 [main] INFO  c.s.ECommerceImageSystemApplication - Started ECommerceImageSystemApplication in 2.318 seconds (process running for 2.831)
2025-12-06 14:09:11.871 [http-nio-8080-exec-1] INFO  o.a.c.c.C.[Tomcat].[localhost].[/] - Initializing Spring DispatcherServlet 'dispatcherServlet'
2025-12-06 14:09:11.871 [http-nio-8080-exec-1] INFO  o.s.web.servlet.DispatcherServlet - Initializing Servlet 'dispatcherServlet'
2025-12-06 14:09:11.871 [http-nio-8080-exec-1] INFO  o.s.web.servlet.DispatcherServlet - Completed initialization in 0 ms
2025-12-06 14:09:11.896 [http-nio-8080-exec-1] INFO  com.sau.filter.JwtTokenFilter - JWT认证过滤器开始执行
2025-12-06 14:09:11.897 [http-nio-8080-exec-1] INFO  com.sau.filter.JwtTokenFilter - 请求路径：/login
2025-12-06 14:09:11.967 [http-nio-8080-exec-1] INFO  com.sau.controller.LoginController - 登录请求: 账号=zhaojinyu, rememberMe=true
2025-12-06 14:09:11.989 [http-nio-8080-exec-1] INFO  com.zaxxer.hikari.HikariDataSource - HikariPool-1 - Starting...
2025-12-06 14:09:12.319 [http-nio-8080-exec-1] INFO  com.zaxxer.hikari.pool.HikariPool - HikariPool-1 - Added connection com.mysql.cj.jdbc.ConnectionImpl@6109c5fe
2025-12-06 14:09:12.319 [http-nio-8080-exec-1] INFO  com.zaxxer.hikari.HikariDataSource - HikariPool-1 - Start completed.
2025-12-06 14:09:12.702 [http-nio-8080-exec-1] INFO  c.sau.service.impl.AuthServiceImpl - 登录成功，用户信息: User(id=1, name=赵瑾瑜, username=zhaojinyu, account=null, password=$2a$12$kFEfURVVsiK7ulY7UvnreegZkQGJFSIzBIUno1dtEq9rHr3.LzREK, email=88888@qq.com, phone=18866668888, image=https://java-ai-sau.oss-cn-beijing.aliyuncs.com/2025/04/312b700a-e1c7-42bf-aa23-5db8dc7121a6.jpg, status=1, userType=0, createTime=null, updateTime=null)
2025-12-06 14:09:12.890 [http-nio-8080-exec-1] INFO  c.sau.service.impl.AuthServiceImpl - 生成accessToken：eyJhbGciOiJIUzI1NiJ9.eyJ1c2VySWQiOjEsInVzZXJuYW1lIjoiemhhb2ppbnl1IiwiZXhwIjoxNzY1MDAyMjUyfQ.wHuURKI7Ni6ak2YL2aNLrKvEnPYPsBOR7OGs4zyNxBU
2025-12-06 14:09:13.308 [http-nio-8080-exec-1] INFO  com.sau.utils.RedisTokenUtils - 保存accessToken到Redis: access_token:1=eyJhbGciOiJIUzI1NiJ9.eyJ1c2VySWQiOjEsInVzZXJuYW1lIjoiemhhb2ppbnl1IiwiZXhwIjoxNzY1MDAyMjUyfQ.wHuURKI7Ni6ak2YL2aNLrKvEnPYPsBOR7OGs4zyNxBU
2025-12-06 14:09:13.308 [http-nio-8080-exec-1] INFO  c.sau.service.impl.AuthServiceImpl - 生成refreshToken：eyJhbGciOiJIUzI1NiJ9.eyJ1c2VySWQiOjEsInVzZXJuYW1lIjoiemhhb2ppbnl1IiwiZXhwIjoxNzY1NjA2MTUzfQ.iIxmqvG1PVCs1eRmN5X1mHGhh51tRZbB1oalzap0LEo
2025-12-06 14:09:13.308 [http-nio-8080-exec-1] INFO  com.sau.utils.RedisTokenUtils - 保存refreshToken到Redis: refresh_token:1=eyJhbGciOiJIUzI1NiJ9.eyJ1c2VySWQiOjEsInVzZXJuYW1lIjoiemhhb2ppbnl1IiwiZXhwIjoxNzY1NjA2MTUzfQ.iIxmqvG1PVCs1eRmN5X1mHGhh51tRZbB1oalzap0LEo
2025-12-06 14:09:13.308 [http-nio-8080-exec-1] INFO  com.sau.controller.LoginController - 设置refreshToken到Cookie: eyJhbGciOiJIUzI1NiJ9.eyJ1c2VySWQiOjEsInVzZXJuYW1lIjoiemhhb2ppbnl1IiwiZXhwIjoxNzY1NjA2MTUzfQ.iIxmqvG1PVCs1eRmN5X1mHGhh51tRZbB1oalzap0LEo
2025-12-06 14:09:13.308 [http-nio-8080-exec-1] INFO  com.sau.aop.OperationLogAspect - 记录操作日志: OperateLog(id=null, operateUserId=null, operateTime=2025-12-06T14:09:13.308557500, className=com.sau.controller.LoginController, methodName=login, methodParams=[LoginDTO(account=zhaojinyu, password=123456, rememberMe=true), org.springframework.web.context.request.async.StandardServletAsyncWebRequest$LifecycleHttpServletResponse@288cdbf], returnValue=Result(code=1, msg=null, data=LoginVO(name=赵瑾瑜, username=zhaojinyu, avatar=https://java-ai-sau.oss-cn-beijing.aliyuncs.com/2025/04/312b700a-e1c7-42bf-aa23-5db8dc7121a6.jpg, token=eyJhbGciOiJIUzI1NiJ9.eyJ1c2VySWQiOjEsInVzZXJuYW1lIjoiemhhb2ppbnl1IiwiZXhwIjoxNzY1MDAyMjUyfQ.wHuURKI7Ni6ak2YL2aNLrKvEnPYPsBOR7OGs4zyNxBU)), costTime=1341)
2025-12-06 14:09:46.253 [http-nio-8080-exec-3] INFO  com.sau.filter.JwtTokenFilter - JWT认证过滤器开始执行
2025-12-06 14:09:46.254 [http-nio-8080-exec-3] INFO  com.sau.filter.JwtTokenFilter - 请求路径：/login
2025-12-06 14:09:46.255 [http-nio-8080-exec-3] INFO  com.sau.controller.LoginController - 登录请求: 账号=zhaojinyu, rememberMe=true
2025-12-06 14:09:46.564 [http-nio-8080-exec-3] INFO  c.sau.service.impl.AuthServiceImpl - 登录成功，用户信息: User(id=1, name=赵瑾瑜, username=zhaojinyu, account=null, password=$2a$12$kFEfURVVsiK7ulY7UvnreegZkQGJFSIzBIUno1dtEq9rHr3.LzREK, email=88888@qq.com, phone=18866668888, image=https://java-ai-sau.oss-cn-beijing.aliyuncs.com/2025/04/312b700a-e1c7-42bf-aa23-5db8dc7121a6.jpg, status=1, userType=0, createTime=null, updateTime=null)
2025-12-06 14:09:46.565 [http-nio-8080-exec-3] INFO  c.sau.service.impl.AuthServiceImpl - 生成accessToken：eyJhbGciOiJIUzI1NiJ9.eyJ1c2VySWQiOjEsInVzZXJuYW1lIjoiemhhb2ppbnl1IiwiZXhwIjoxNzY1MDAyMjg2fQ.sMsYUK5GEp8kqSGgkrX9wGScu_78iLa52GcmXNv195w
2025-12-06 14:09:46.565 [http-nio-8080-exec-3] INFO  com.sau.utils.RedisTokenUtils - 保存accessToken到Redis: access_token:1=eyJhbGciOiJIUzI1NiJ9.eyJ1c2VySWQiOjEsInVzZXJuYW1lIjoiemhhb2ppbnl1IiwiZXhwIjoxNzY1MDAyMjg2fQ.sMsYUK5GEp8kqSGgkrX9wGScu_78iLa52GcmXNv195w
2025-12-06 14:09:46.565 [http-nio-8080-exec-3] INFO  c.sau.service.impl.AuthServiceImpl - 生成refreshToken：eyJhbGciOiJIUzI1NiJ9.eyJ1c2VySWQiOjEsInVzZXJuYW1lIjoiemhhb2ppbnl1IiwiZXhwIjoxNzY1NjA2MTg2fQ.muItTN4y7hinUzHrB__oz5eWDbHCsh3cWxAD55nOzvw
2025-12-06 14:09:46.565 [http-nio-8080-exec-3] INFO  com.sau.utils.RedisTokenUtils - 保存refreshToken到Redis: refresh_token:1=eyJhbGciOiJIUzI1NiJ9.eyJ1c2VySWQiOjEsInVzZXJuYW1lIjoiemhhb2ppbnl1IiwiZXhwIjoxNzY1NjA2MTg2fQ.muItTN4y7hinUzHrB__oz5eWDbHCsh3cWxAD55nOzvw
2025-12-06 14:09:46.565 [http-nio-8080-exec-3] INFO  com.sau.controller.LoginController - 设置refreshToken到Cookie: eyJhbGciOiJIUzI1NiJ9.eyJ1c2VySWQiOjEsInVzZXJuYW1lIjoiemhhb2ppbnl1IiwiZXhwIjoxNzY1NjA2MTg2fQ.muItTN4y7hinUzHrB__oz5eWDbHCsh3cWxAD55nOzvw
2025-12-06 14:09:46.565 [http-nio-8080-exec-3] INFO  com.sau.aop.OperationLogAspect - 记录操作日志: OperateLog(id=null, operateUserId=null, operateTime=2025-12-06T14:09:46.565780700, className=com.sau.controller.LoginController, methodName=login, methodParams=[LoginDTO(account=zhaojinyu, password=123456, rememberMe=true), org.springframework.web.context.request.async.StandardServletAsyncWebRequest$LifecycleHttpServletResponse@2b07f912], returnValue=Result(code=1, msg=null, data=LoginVO(name=赵瑾瑜, username=zhaojinyu, avatar=https://java-ai-sau.oss-cn-beijing.aliyuncs.com/2025/04/312b700a-e1c7-42bf-aa23-5db8dc7121a6.jpg, token=eyJhbGciOiJIUzI1NiJ9.eyJ1c2VySWQiOjEsInVzZXJuYW1lIjoiemhhb2ppbnl1IiwiZXhwIjoxNzY1MDAyMjg2fQ.sMsYUK5GEp8kqSGgkrX9wGScu_78iLa52GcmXNv195w)), costTime=310)
2025-12-06 14:36:58.503 [http-nio-8080-exec-6] INFO  com.sau.filter.JwtTokenFilter - JWT认证过滤器开始执行
2025-12-06 14:36:58.503 [http-nio-8080-exec-5] INFO  com.sau.filter.JwtTokenFilter - JWT认证过滤器开始执行
2025-12-06 14:36:58.503 [http-nio-8080-exec-4] INFO  com.sau.filter.JwtTokenFilter - JWT认证过滤器开始执行
2025-12-06 14:36:58.504 [http-nio-8080-exec-6] INFO  com.sau.filter.JwtTokenFilter - 请求路径：/tags
2025-12-06 14:36:58.504 [http-nio-8080-exec-4] INFO  com.sau.filter.JwtTokenFilter - 请求路径：/articles/mostStar
2025-12-06 14:36:58.503 [http-nio-8080-exec-2] INFO  com.sau.filter.JwtTokenFilter - JWT认证过滤器开始执行
2025-12-06 14:36:58.503 [http-nio-8080-exec-7] INFO  com.sau.filter.JwtTokenFilter - JWT认证过滤器开始执行
2025-12-06 14:36:58.503 [http-nio-8080-exec-8] INFO  com.sau.filter.JwtTokenFilter - JWT认证过滤器开始执行
2025-12-06 14:36:58.504 [http-nio-8080-exec-5] INFO  com.sau.filter.JwtTokenFilter - 请求路径：/articles
2025-12-06 14:36:58.504 [http-nio-8080-exec-7] INFO  com.sau.filter.JwtTokenFilter - 请求路径：/categories
2025-12-06 14:36:58.504 [http-nio-8080-exec-2] INFO  com.sau.filter.JwtTokenFilter - 请求路径：/articles/hot
2025-12-06 14:36:58.504 [http-nio-8080-exec-6] INFO  com.sau.filter.JwtTokenFilter - 从请求头中获取Authorization：Bearer eyJhbGciOiJIUzI1NiJ9.eyJ1c2VySWQiOjEsInVzZXJuYW1lIjoiemhhb2ppbnl1IiwiZXhwIjoxNzY1MDAyMjg2fQ.sMsYUK5GEp8kqSGgkrX9wGScu_78iLa52GcmXNv195w
2025-12-06 14:36:58.504 [http-nio-8080-exec-4] INFO  com.sau.filter.JwtTokenFilter - 从请求头中获取Authorization：Bearer eyJhbGciOiJIUzI1NiJ9.eyJ1c2VySWQiOjEsInVzZXJuYW1lIjoiemhhb2ppbnl1IiwiZXhwIjoxNzY1MDAyMjg2fQ.sMsYUK5GEp8kqSGgkrX9wGScu_78iLa52GcmXNv195w
2025-12-06 14:36:58.504 [http-nio-8080-exec-8] INFO  com.sau.filter.JwtTokenFilter - 请求路径：/articles/mostLike
2025-12-06 14:36:58.504 [http-nio-8080-exec-5] INFO  com.sau.filter.JwtTokenFilter - 从请求头中获取Authorization：Bearer eyJhbGciOiJIUzI1NiJ9.eyJ1c2VySWQiOjEsInVzZXJuYW1lIjoiemhhb2ppbnl1IiwiZXhwIjoxNzY1MDAyMjg2fQ.sMsYUK5GEp8kqSGgkrX9wGScu_78iLa52GcmXNv195w
2025-12-06 14:36:58.504 [http-nio-8080-exec-2] INFO  com.sau.filter.JwtTokenFilter - 从请求头中获取Authorization：Bearer eyJhbGciOiJIUzI1NiJ9.eyJ1c2VySWQiOjEsInVzZXJuYW1lIjoiemhhb2ppbnl1IiwiZXhwIjoxNzY1MDAyMjg2fQ.sMsYUK5GEp8kqSGgkrX9wGScu_78iLa52GcmXNv195w
2025-12-06 14:36:58.504 [http-nio-8080-exec-8] INFO  com.sau.filter.JwtTokenFilter - 从请求头中获取Authorization：Bearer eyJhbGciOiJIUzI1NiJ9.eyJ1c2VySWQiOjEsInVzZXJuYW1lIjoiemhhb2ppbnl1IiwiZXhwIjoxNzY1MDAyMjg2fQ.sMsYUK5GEp8kqSGgkrX9wGScu_78iLa52GcmXNv195w
2025-12-06 14:36:58.504 [http-nio-8080-exec-7] INFO  com.sau.filter.JwtTokenFilter - 从请求头中获取Authorization：Bearer eyJhbGciOiJIUzI1NiJ9.eyJ1c2VySWQiOjEsInVzZXJuYW1lIjoiemhhb2ppbnl1IiwiZXhwIjoxNzY1MDAyMjg2fQ.sMsYUK5GEp8kqSGgkrX9wGScu_78iLa52GcmXNv195w
2025-12-06 14:36:58.514 [http-nio-8080-exec-7] ERROR com.sau.filter.JwtTokenFilter - 认证失败：未登录或令牌无效
2025-12-06 14:36:58.514 [http-nio-8080-exec-8] ERROR com.sau.filter.JwtTokenFilter - 认证失败：未登录或令牌无效
2025-12-06 14:36:58.514 [http-nio-8080-exec-4] ERROR com.sau.filter.JwtTokenFilter - 认证失败：未登录或令牌无效
2025-12-06 14:36:58.514 [http-nio-8080-exec-2] ERROR com.sau.filter.JwtTokenFilter - 认证失败：未登录或令牌无效
2025-12-06 14:36:58.514 [http-nio-8080-exec-6] ERROR com.sau.filter.JwtTokenFilter - 认证失败：未登录或令牌无效
2025-12-06 14:36:58.514 [http-nio-8080-exec-5] ERROR com.sau.filter.JwtTokenFilter - 认证失败：未登录或令牌无效
2025-12-06 14:36:58.547 [http-nio-8080-exec-9] INFO  com.sau.filter.JwtTokenFilter - JWT认证过滤器开始执行
2025-12-06 14:36:58.547 [http-nio-8080-exec-9] INFO  com.sau.filter.JwtTokenFilter - 请求路径：/refresh-token
2025-12-06 14:36:58.549 [http-nio-8080-exec-9] INFO  c.sau.service.impl.AuthServiceImpl - 获取Cookie中的refreshToken：eyJhbGciOiJIUzI1NiJ9.eyJ1c2VySWQiOjEsInVzZXJuYW1lIjoiemhhb2ppbnl1IiwiZXhwIjoxNzY1NjA2MTg2fQ.muItTN4y7hinUzHrB__oz5eWDbHCsh3cWxAD55nOzvw
2025-12-06 14:36:58.549 [http-nio-8080-exec-9] INFO  c.sau.service.impl.AuthServiceImpl - 获取Redis存储的refreshToken：eyJhbGciOiJIUzI1NiJ9.eyJ1c2VySWQiOjEsInVzZXJuYW1lIjoiemhhb2ppbnl1IiwiZXhwIjoxNzY1NjA2MTg2fQ.muItTN4y7hinUzHrB__oz5eWDbHCsh3cWxAD55nOzvw
2025-12-06 14:36:58.549 [http-nio-8080-exec-9] INFO  c.sau.service.impl.AuthServiceImpl - 验证refreshToken成功
2025-12-06 14:36:58.549 [http-nio-8080-exec-9] INFO  com.sau.utils.RedisTokenUtils - 保存accessToken到Redis: access_token:1=eyJhbGciOiJIUzI1NiJ9.eyJ1c2VySWQiOjEsInVzZXJuYW1lIjoiemhhb2ppbnl1IiwiZXhwIjoxNzY1MDAzOTE4fQ.6NI8knwUk-SLB_FceiJZsGULU1ZYDDSjdDdRUdqCAR4
2025-12-06 14:36:58.549 [http-nio-8080-exec-9] INFO  c.sau.service.impl.AuthServiceImpl - 生成新的accessToken：eyJhbGciOiJIUzI1NiJ9.eyJ1c2VySWQiOjEsInVzZXJuYW1lIjoiemhhb2ppbnl1IiwiZXhwIjoxNzY1MDAzOTE4fQ.6NI8knwUk-SLB_FceiJZsGULU1ZYDDSjdDdRUdqCAR4
2025-12-06 14:36:58.559 [http-nio-8080-exec-10] INFO  com.sau.filter.JwtTokenFilter - JWT认证过滤器开始执行
2025-12-06 14:36:58.560 [http-nio-8080-exec-10] INFO  com.sau.filter.JwtTokenFilter - 请求路径：/refresh-token
2025-12-06 14:36:58.560 [http-nio-8080-exec-10] INFO  c.sau.service.impl.AuthServiceImpl - 获取Cookie中的refreshToken：eyJhbGciOiJIUzI1NiJ9.eyJ1c2VySWQiOjEsInVzZXJuYW1lIjoiemhhb2ppbnl1IiwiZXhwIjoxNzY1NjA2MTg2fQ.muItTN4y7hinUzHrB__oz5eWDbHCsh3cWxAD55nOzvw
2025-12-06 14:36:58.561 [http-nio-8080-exec-10] INFO  c.sau.service.impl.AuthServiceImpl - 获取Redis存储的refreshToken：eyJhbGciOiJIUzI1NiJ9.eyJ1c2VySWQiOjEsInVzZXJuYW1lIjoiemhhb2ppbnl1IiwiZXhwIjoxNzY1NjA2MTg2fQ.muItTN4y7hinUzHrB__oz5eWDbHCsh3cWxAD55nOzvw
2025-12-06 14:36:58.561 [http-nio-8080-exec-10] INFO  c.sau.service.impl.AuthServiceImpl - 验证refreshToken成功
2025-12-06 14:36:58.561 [http-nio-8080-exec-10] WARN  c.sau.service.impl.AuthServiceImpl - 用户accessToken还未失效，请勿重复申请
2025-12-06 14:36:58.561 [http-nio-8080-exec-1] INFO  com.sau.filter.JwtTokenFilter - JWT认证过滤器开始执行
2025-12-06 14:36:58.561 [http-nio-8080-exec-1] INFO  com.sau.filter.JwtTokenFilter - 请求路径：/articles
2025-12-06 14:36:58.561 [http-nio-8080-exec-1] INFO  com.sau.filter.JwtTokenFilter - 从请求头中获取Authorization：Bearer eyJhbGciOiJIUzI1NiJ9.eyJ1c2VySWQiOjEsInVzZXJuYW1lIjoiemhhb2ppbnl1IiwiZXhwIjoxNzY1MDAzOTE4fQ.6NI8knwUk-SLB_FceiJZsGULU1ZYDDSjdDdRUdqCAR4
2025-12-06 14:36:58.561 [http-nio-8080-exec-1] INFO  com.sau.filter.JwtTokenFilter - 解析成功：claims:{userId=1, username=zhaojinyu, exp=1765003918}
2025-12-06 14:36:58.561 [http-nio-8080-exec-1] INFO  com.sau.filter.JwtTokenFilter - 将当前用户ID保存在ThreadLocal中：1
2025-12-06 14:36:58.561 [http-nio-8080-exec-1] INFO  com.sau.filter.JwtTokenFilter - 校验成功
2025-12-06 14:36:58.561 [http-nio-8080-exec-3] INFO  com.sau.filter.JwtTokenFilter - JWT认证过滤器开始执行
2025-12-06 14:36:58.561 [http-nio-8080-exec-3] INFO  com.sau.filter.JwtTokenFilter - 请求路径：/refresh-token
2025-12-06 14:36:58.561 [http-nio-8080-exec-3] INFO  c.sau.service.impl.AuthServiceImpl - 获取Cookie中的refreshToken：eyJhbGciOiJIUzI1NiJ9.eyJ1c2VySWQiOjEsInVzZXJuYW1lIjoiemhhb2ppbnl1IiwiZXhwIjoxNzY1NjA2MTg2fQ.muItTN4y7hinUzHrB__oz5eWDbHCsh3cWxAD55nOzvw
2025-12-06 14:36:58.567 [http-nio-8080-exec-3] INFO  c.sau.service.impl.AuthServiceImpl - 获取Redis存储的refreshToken：eyJhbGciOiJIUzI1NiJ9.eyJ1c2VySWQiOjEsInVzZXJuYW1lIjoiemhhb2ppbnl1IiwiZXhwIjoxNzY1NjA2MTg2fQ.muItTN4y7hinUzHrB__oz5eWDbHCsh3cWxAD55nOzvw
2025-12-06 14:36:58.568 [http-nio-8080-exec-3] INFO  c.sau.service.impl.AuthServiceImpl - 验证refreshToken成功
2025-12-06 14:36:58.568 [http-nio-8080-exec-3] WARN  c.sau.service.impl.AuthServiceImpl - 用户accessToken还未失效，请勿重复申请
2025-12-06 14:36:58.572 [http-nio-8080-exec-4] INFO  com.sau.filter.JwtTokenFilter - JWT认证过滤器开始执行
2025-12-06 14:36:58.572 [http-nio-8080-exec-4] INFO  com.sau.filter.JwtTokenFilter - 请求路径：/refresh-token
2025-12-06 14:36:58.570 [http-nio-8080-exec-1] ERROR c.s.exception.GlobalExceptionHandler - 系统异常: 
org.springframework.web.servlet.resource.NoResourceFoundException: No static resource articles.
	at org.springframework.web.servlet.resource.ResourceHttpRequestHandler.handleRequest(ResourceHttpRequestHandler.java:585)
	at org.springframework.web.servlet.mvc.HttpRequestHandlerAdapter.handle(HttpRequestHandlerAdapter.java:52)
	at org.springframework.web.servlet.DispatcherServlet.doDispatch(DispatcherServlet.java:1089)
	at org.springframework.web.servlet.DispatcherServlet.doService(DispatcherServlet.java:979)
	at org.springframework.web.servlet.FrameworkServlet.processRequest(FrameworkServlet.java:1014)
	at org.springframework.web.servlet.FrameworkServlet.doGet(FrameworkServlet.java:903)
	at jakarta.servlet.http.HttpServlet.service(HttpServlet.java:564)
	at org.springframework.web.servlet.FrameworkServlet.service(FrameworkServlet.java:885)
	at jakarta.servlet.http.HttpServlet.service(HttpServlet.java:658)
	at org.apache.catalina.core.ApplicationFilterChain.internalDoFilter(ApplicationFilterChain.java:195)
	at org.apache.catalina.core.ApplicationFilterChain.doFilter(ApplicationFilterChain.java:140)
	at org.apache.tomcat.websocket.server.WsFilter.doFilter(WsFilter.java:51)
	at org.apache.catalina.core.ApplicationFilterChain.internalDoFilter(ApplicationFilterChain.java:164)
	at org.apache.catalina.core.ApplicationFilterChain.doFilter(ApplicationFilterChain.java:140)
	at org.springframework.web.filter.OncePerRequestFilter.doFilter(OncePerRequestFilter.java:110)
	at org.apache.catalina.core.ApplicationFilterChain.internalDoFilter(ApplicationFilterChain.java:164)
	at org.apache.catalina.core.ApplicationFilterChain.doFilter(ApplicationFilterChain.java:140)
	at org.springframework.web.filter.CompositeFilter$VirtualFilterChain.doFilter(CompositeFilter.java:108)
	at org.springframework.web.filter.CompositeFilter$VirtualFilterChain.doFilter(CompositeFilter.java:108)
	at org.springframework.security.web.FilterChainProxy.lambda$doFilterInternal$3(FilterChainProxy.java:231)
	at org.springframework.security.web.FilterChainProxy$VirtualFilterChain.doFilter(FilterChainProxy.java:365)
	at org.springframework.security.web.access.intercept.AuthorizationFilter.doFilter(AuthorizationFilter.java:101)
	at org.springframework.security.web.FilterChainProxy$VirtualFilterChain.doFilter(FilterChainProxy.java:374)
	at org.springframework.security.web.access.ExceptionTranslationFilter.doFilter(ExceptionTranslationFilter.java:125)
	at org.springframework.security.web.access.ExceptionTranslationFilter.doFilter(ExceptionTranslationFilter.java:119)
	at org.springframework.security.web.FilterChainProxy$VirtualFilterChain.doFilter(FilterChainProxy.java:374)
	at org.springframework.security.web.session.SessionManagementFilter.doFilter(SessionManagementFilter.java:131)
	at org.springframework.security.web.session.SessionManagementFilter.doFilter(SessionManagementFilter.java:85)
	at org.springframework.security.web.FilterChainProxy$VirtualFilterChain.doFilter(FilterChainProxy.java:374)
	at org.springframework.security.web.authentication.AnonymousAuthenticationFilter.doFilter(AnonymousAuthenticationFilter.java:100)
	at org.springframework.security.web.FilterChainProxy$VirtualFilterChain.doFilter(FilterChainProxy.java:374)
	at org.springframework.security.web.servletapi.SecurityContextHolderAwareRequestFilter.doFilter(SecurityContextHolderAwareRequestFilter.java:179)
	at org.springframework.security.web.FilterChainProxy$VirtualFilterChain.doFilter(FilterChainProxy.java:374)
	at org.springframework.security.web.savedrequest.RequestCacheAwareFilter.doFilter(RequestCacheAwareFilter.java:63)
	at org.springframework.security.web.FilterChainProxy$VirtualFilterChain.doFilter(FilterChainProxy.java:374)
	at com.sau.filter.JwtTokenFilter.doFilterInternal(JwtTokenFilter.java:105)
	at org.springframework.web.filter.OncePerRequestFilter.doFilter(OncePerRequestFilter.java:116)
	at org.springframework.security.web.FilterChainProxy$VirtualFilterChain.doFilter(FilterChainProxy.java:374)
	at org.springframework.security.web.header.HeaderWriterFilter.doHeadersAfter(HeaderWriterFilter.java:90)
	at org.springframework.security.web.header.HeaderWriterFilter.doFilterInternal(HeaderWriterFilter.java:75)
	at org.springframework.web.filter.OncePerRequestFilter.doFilter(OncePerRequestFilter.java:116)
	at org.springframework.security.web.FilterChainProxy$VirtualFilterChain.doFilter(FilterChainProxy.java:374)
	at org.springframework.security.web.context.SecurityContextHolderFilter.doFilter(SecurityContextHolderFilter.java:82)
	at org.springframework.security.web.context.SecurityContextHolderFilter.doFilter(SecurityContextHolderFilter.java:69)
	at org.springframework.security.web.FilterChainProxy$VirtualFilterChain.doFilter(FilterChainProxy.java:374)
	at org.springframework.security.web.context.request.async.WebAsyncManagerIntegrationFilter.doFilterInternal(WebAsyncManagerIntegrationFilter.java:62)
	at org.springframework.web.filter.OncePerRequestFilter.doFilter(OncePerRequestFilter.java:116)
	at org.springframework.security.web.FilterChainProxy$VirtualFilterChain.doFilter(FilterChainProxy.java:374)
	at org.springframework.security.web.session.DisableEncodeUrlFilter.doFilterInternal(DisableEncodeUrlFilter.java:42)
	at org.springframework.web.filter.OncePerRequestFilter.doFilter(OncePerRequestFilter.java:116)
	at org.springframework.security.web.FilterChainProxy$VirtualFilterChain.doFilter(FilterChainProxy.java:374)
	at org.springframework.security.web.FilterChainProxy.doFilterInternal(FilterChainProxy.java:233)
	at org.springframework.security.web.FilterChainProxy.doFilter(FilterChainProxy.java:191)
	at org.springframework.web.filter.CompositeFilter$VirtualFilterChain.doFilter(CompositeFilter.java:113)
	at org.springframework.web.filter.ServletRequestPathFilter.doFilter(ServletRequestPathFilter.java:52)
	at org.springframework.web.filter.CompositeFilter$VirtualFilterChain.doFilter(CompositeFilter.java:113)
	at org.springframework.web.filter.CompositeFilter.doFilter(CompositeFilter.java:74)
	at org.springframework.security.config.annotation.web.configuration.WebSecurityConfiguration$CompositeFilterChainProxy.doFilter(WebSecurityConfiguration.java:319)
	at org.springframework.web.filter.CompositeFilter$VirtualFilterChain.doFilter(CompositeFilter.java:113)
	at org.springframework.web.servlet.handler.HandlerMappingIntrospector.lambda$createCacheFilter$4(HandlerMappingIntrospector.java:267)
	at org.springframework.web.filter.CompositeFilter$VirtualFilterChain.doFilter(CompositeFilter.java:113)
	at org.springframework.web.filter.CompositeFilter.doFilter(CompositeFilter.java:74)
	at org.springframework.security.config.annotation.web.configuration.WebMvcSecurityConfiguration$CompositeFilterChainProxy.doFilter(WebMvcSecurityConfiguration.java:240)
	at org.springframework.web.filter.DelegatingFilterProxy.invokeDelegate(DelegatingFilterProxy.java:362)
	at org.springframework.web.filter.DelegatingFilterProxy.doFilter(DelegatingFilterProxy.java:278)
	at org.apache.catalina.core.ApplicationFilterChain.internalDoFilter(ApplicationFilterChain.java:164)
	at org.apache.catalina.core.ApplicationFilterChain.doFilter(ApplicationFilterChain.java:140)
	at org.springframework.web.filter.RequestContextFilter.doFilterInternal(RequestContextFilter.java:100)
	at org.springframework.web.filter.OncePerRequestFilter.doFilter(OncePerRequestFilter.java:116)
	at org.apache.catalina.core.ApplicationFilterChain.internalDoFilter(ApplicationFilterChain.java:164)
	at org.apache.catalina.core.ApplicationFilterChain.doFilter(ApplicationFilterChain.java:140)
	at org.springframework.web.filter.FormContentFilter.doFilterInternal(FormContentFilter.java:93)
	at org.springframework.web.filter.OncePerRequestFilter.doFilter(OncePerRequestFilter.java:116)
	at org.apache.catalina.core.ApplicationFilterChain.internalDoFilter(ApplicationFilterChain.java:164)
	at org.apache.catalina.core.ApplicationFilterChain.doFilter(ApplicationFilterChain.java:140)
	at org.springframework.web.filter.CharacterEncodingFilter.doFilterInternal(CharacterEncodingFilter.java:201)
	at org.springframework.web.filter.OncePerRequestFilter.doFilter(OncePerRequestFilter.java:116)
	at org.apache.catalina.core.ApplicationFilterChain.internalDoFilter(ApplicationFilterChain.java:164)
	at org.apache.catalina.core.ApplicationFilterChain.doFilter(ApplicationFilterChain.java:140)
	at org.apache.catalina.core.StandardWrapperValve.invoke(StandardWrapperValve.java:167)
	at org.apache.catalina.core.StandardContextValve.invoke(StandardContextValve.java:90)
	at org.apache.catalina.authenticator.AuthenticatorBase.invoke(AuthenticatorBase.java:483)
	at org.apache.catalina.core.StandardHostValve.invoke(StandardHostValve.java:116)
	at org.apache.catalina.valves.ErrorReportValve.invoke(ErrorReportValve.java:93)
	at org.apache.catalina.core.StandardEngineValve.invoke(StandardEngineValve.java:74)
	at org.apache.catalina.connector.CoyoteAdapter.service(CoyoteAdapter.java:344)
	at org.apache.coyote.http11.Http11Processor.service(Http11Processor.java:398)
	at org.apache.coyote.AbstractProcessorLight.process(AbstractProcessorLight.java:63)
	at org.apache.coyote.AbstractProtocol$ConnectionHandler.process(AbstractProtocol.java:903)
	at org.apache.tomcat.util.net.NioEndpoint$SocketProcessor.doRun(NioEndpoint.java:1776)
	at org.apache.tomcat.util.net.SocketProcessorBase.run(SocketProcessorBase.java:52)
	at org.apache.tomcat.util.threads.ThreadPoolExecutor.runWorker(ThreadPoolExecutor.java:975)
	at org.apache.tomcat.util.threads.ThreadPoolExecutor$Worker.run(ThreadPoolExecutor.java:493)
	at org.apache.tomcat.util.threads.TaskThread$WrappingRunnable.run(TaskThread.java:63)
	at java.base/java.lang.Thread.run(Thread.java:840)
2025-12-06 14:36:58.572 [http-nio-8080-exec-4] INFO  c.sau.service.impl.AuthServiceImpl - 获取Cookie中的refreshToken：eyJhbGciOiJIUzI1NiJ9.eyJ1c2VySWQiOjEsInVzZXJuYW1lIjoiemhhb2ppbnl1IiwiZXhwIjoxNzY1NjA2MTg2fQ.muItTN4y7hinUzHrB__oz5eWDbHCsh3cWxAD55nOzvw
2025-12-06 14:36:58.574 [http-nio-8080-exec-4] INFO  c.sau.service.impl.AuthServiceImpl - 获取Redis存储的refreshToken：eyJhbGciOiJIUzI1NiJ9.eyJ1c2VySWQiOjEsInVzZXJuYW1lIjoiemhhb2ppbnl1IiwiZXhwIjoxNzY1NjA2MTg2fQ.muItTN4y7hinUzHrB__oz5eWDbHCsh3cWxAD55nOzvw
2025-12-06 14:36:58.575 [http-nio-8080-exec-4] INFO  c.sau.service.impl.AuthServiceImpl - 验证refreshToken成功
2025-12-06 14:36:58.575 [http-nio-8080-exec-4] WARN  c.sau.service.impl.AuthServiceImpl - 用户accessToken还未失效，请勿重复申请
2025-12-06 14:36:58.578 [http-nio-8080-exec-2] INFO  com.sau.filter.JwtTokenFilter - JWT认证过滤器开始执行
2025-12-06 14:36:58.578 [http-nio-8080-exec-2] INFO  com.sau.filter.JwtTokenFilter - 请求路径：/refresh-token
2025-12-06 14:36:58.579 [http-nio-8080-exec-2] INFO  c.sau.service.impl.AuthServiceImpl - 获取Cookie中的refreshToken：eyJhbGciOiJIUzI1NiJ9.eyJ1c2VySWQiOjEsInVzZXJuYW1lIjoiemhhb2ppbnl1IiwiZXhwIjoxNzY1NjA2MTg2fQ.muItTN4y7hinUzHrB__oz5eWDbHCsh3cWxAD55nOzvw
2025-12-06 14:36:58.580 [http-nio-8080-exec-2] INFO  c.sau.service.impl.AuthServiceImpl - 获取Redis存储的refreshToken：eyJhbGciOiJIUzI1NiJ9.eyJ1c2VySWQiOjEsInVzZXJuYW1lIjoiemhhb2ppbnl1IiwiZXhwIjoxNzY1NjA2MTg2fQ.muItTN4y7hinUzHrB__oz5eWDbHCsh3cWxAD55nOzvw
2025-12-06 14:36:58.580 [http-nio-8080-exec-2] INFO  c.sau.service.impl.AuthServiceImpl - 验证refreshToken成功
2025-12-06 14:36:58.580 [http-nio-8080-exec-2] WARN  c.sau.service.impl.AuthServiceImpl - 用户accessToken还未失效，请勿重复申请
2025-12-06 14:36:58.584 [http-nio-8080-exec-6] INFO  com.sau.filter.JwtTokenFilter - JWT认证过滤器开始执行
2025-12-06 14:36:58.584 [http-nio-8080-exec-6] INFO  com.sau.filter.JwtTokenFilter - 请求路径：/refresh-token
2025-12-06 14:36:58.585 [http-nio-8080-exec-6] INFO  c.sau.service.impl.AuthServiceImpl - 获取Cookie中的refreshToken：eyJhbGciOiJIUzI1NiJ9.eyJ1c2VySWQiOjEsInVzZXJuYW1lIjoiemhhb2ppbnl1IiwiZXhwIjoxNzY1NjA2MTg2fQ.muItTN4y7hinUzHrB__oz5eWDbHCsh3cWxAD55nOzvw
2025-12-06 14:36:58.586 [http-nio-8080-exec-6] INFO  c.sau.service.impl.AuthServiceImpl - 获取Redis存储的refreshToken：eyJhbGciOiJIUzI1NiJ9.eyJ1c2VySWQiOjEsInVzZXJuYW1lIjoiemhhb2ppbnl1IiwiZXhwIjoxNzY1NjA2MTg2fQ.muItTN4y7hinUzHrB__oz5eWDbHCsh3cWxAD55nOzvw
2025-12-06 14:36:58.587 [http-nio-8080-exec-6] INFO  c.sau.service.impl.AuthServiceImpl - 验证refreshToken成功
2025-12-06 14:36:58.587 [http-nio-8080-exec-6] WARN  c.sau.service.impl.AuthServiceImpl - 用户accessToken还未失效，请勿重复申请
2025-12-06 14:37:31.740 [http-nio-8080-exec-8] INFO  com.sau.filter.JwtTokenFilter - JWT认证过滤器开始执行
2025-12-06 14:37:31.740 [http-nio-8080-exec-8] INFO  com.sau.filter.JwtTokenFilter - 请求路径：/login
2025-12-06 14:37:31.740 [http-nio-8080-exec-8] INFO  com.sau.controller.LoginController - 登录请求: 账号=zhaojinyu, rememberMe=true
2025-12-06 14:37:31.991 [http-nio-8080-exec-8] INFO  c.sau.service.impl.AuthServiceImpl - 登录成功，用户信息: User(id=1, name=赵瑾瑜, username=zhaojinyu, account=null, password=$2a$12$kFEfURVVsiK7ulY7UvnreegZkQGJFSIzBIUno1dtEq9rHr3.LzREK, email=88888@qq.com, phone=18866668888, image=https://java-ai-sau.oss-cn-beijing.aliyuncs.com/2025/04/312b700a-e1c7-42bf-aa23-5db8dc7121a6.jpg, status=1, userType=0, createTime=null, updateTime=null)
2025-12-06 14:37:31.992 [http-nio-8080-exec-8] INFO  c.sau.service.impl.AuthServiceImpl - 生成accessToken：eyJhbGciOiJIUzI1NiJ9.eyJ1c2VySWQiOjEsInVzZXJuYW1lIjoiemhhb2ppbnl1IiwiZXhwIjoxNzY1MDAzOTUxfQ.iIQqht4nKTdbUDOD89n6ab1OKFqAoAkiNngCyky8Cj8
2025-12-06 14:37:31.993 [http-nio-8080-exec-8] INFO  com.sau.utils.RedisTokenUtils - 保存accessToken到Redis: access_token:1=eyJhbGciOiJIUzI1NiJ9.eyJ1c2VySWQiOjEsInVzZXJuYW1lIjoiemhhb2ppbnl1IiwiZXhwIjoxNzY1MDAzOTUxfQ.iIQqht4nKTdbUDOD89n6ab1OKFqAoAkiNngCyky8Cj8
2025-12-06 14:37:31.994 [http-nio-8080-exec-8] INFO  c.sau.service.impl.AuthServiceImpl - 生成refreshToken：eyJhbGciOiJIUzI1NiJ9.eyJ1c2VySWQiOjEsInVzZXJuYW1lIjoiemhhb2ppbnl1IiwiZXhwIjoxNzY1NjA3ODUxfQ.jT-ioe8cnE6BY6wftYzKCJpDeCQgc5WielWCUWvJ5EM
2025-12-06 14:37:31.996 [http-nio-8080-exec-8] INFO  com.sau.utils.RedisTokenUtils - 保存refreshToken到Redis: refresh_token:1=eyJhbGciOiJIUzI1NiJ9.eyJ1c2VySWQiOjEsInVzZXJuYW1lIjoiemhhb2ppbnl1IiwiZXhwIjoxNzY1NjA3ODUxfQ.jT-ioe8cnE6BY6wftYzKCJpDeCQgc5WielWCUWvJ5EM
2025-12-06 14:37:31.996 [http-nio-8080-exec-8] INFO  com.sau.controller.LoginController - 设置refreshToken到Cookie: eyJhbGciOiJIUzI1NiJ9.eyJ1c2VySWQiOjEsInVzZXJuYW1lIjoiemhhb2ppbnl1IiwiZXhwIjoxNzY1NjA3ODUxfQ.jT-ioe8cnE6BY6wftYzKCJpDeCQgc5WielWCUWvJ5EM
2025-12-06 14:37:31.996 [http-nio-8080-exec-8] INFO  com.sau.aop.OperationLogAspect - 记录操作日志: OperateLog(id=null, operateUserId=null, operateTime=2025-12-06T14:37:31.996844, className=com.sau.controller.LoginController, methodName=login, methodParams=[LoginDTO(account=zhaojinyu, password=123456, rememberMe=true), org.springframework.web.context.request.async.StandardServletAsyncWebRequest$LifecycleHttpServletResponse@5ebf14dd], returnValue=Result(code=1, msg=null, data=LoginVO(name=赵瑾瑜, username=zhaojinyu, avatar=https://java-ai-sau.oss-cn-beijing.aliyuncs.com/2025/04/312b700a-e1c7-42bf-aa23-5db8dc7121a6.jpg, token=eyJhbGciOiJIUzI1NiJ9.eyJ1c2VySWQiOjEsInVzZXJuYW1lIjoiemhhb2ppbnl1IiwiZXhwIjoxNzY1MDAzOTUxfQ.iIQqht4nKTdbUDOD89n6ab1OKFqAoAkiNngCyky8Cj8)), costTime=256)
2025-12-06 14:38:20.300 [SpringApplicationShutdownHook] INFO  o.s.b.w.e.tomcat.GracefulShutdown - Commencing graceful shutdown. Waiting for active requests to complete
2025-12-06 14:38:20.332 [tomcat-shutdown] INFO  o.s.b.w.e.tomcat.GracefulShutdown - Graceful shutdown complete
2025-12-06 14:38:20.345 [SpringApplicationShutdownHook] INFO  com.zaxxer.hikari.HikariDataSource - HikariPool-1 - Shutdown initiated...
2025-12-06 14:38:20.348 [SpringApplicationShutdownHook] INFO  com.zaxxer.hikari.HikariDataSource - HikariPool-1 - Shutdown completed.
2025-12-06 14:38:23.611 [background-preinit] INFO  o.h.validator.internal.util.Version - HV000001: Hibernate Validator 8.0.3.Final
2025-12-06 14:38:23.651 [main] INFO  c.s.ECommerceImageSystemApplication - Starting ECommerceImageSystemApplication using Java 17.0.13 with PID 19044 (D:\Java\e-commerce-image-project\e-commerce-image-system\target\classes started by 77639 in D:\Java\e-commerce-image-project)
2025-12-06 14:38:23.652 [main] INFO  c.s.ECommerceImageSystemApplication - No active profile set, falling back to 1 default profile: "default"
2025-12-06 14:38:24.167 [main] INFO  o.s.d.r.c.RepositoryConfigurationDelegate - Multiple Spring Data modules found, entering strict repository configuration mode
2025-12-06 14:38:24.168 [main] INFO  o.s.d.r.c.RepositoryConfigurationDelegate - Bootstrapping Spring Data Redis repositories in DEFAULT mode.
2025-12-06 14:38:24.191 [main] INFO  o.s.d.r.c.RepositoryConfigurationDelegate - Finished Spring Data repository scanning in 11 ms. Found 0 Redis repository interfaces.
2025-12-06 14:38:24.671 [main] INFO  o.s.b.w.e.tomcat.TomcatWebServer - Tomcat initialized with port 8080 (http)
2025-12-06 14:38:24.679 [main] INFO  o.a.coyote.http11.Http11NioProtocol - Initializing ProtocolHandler ["http-nio-8080"]
2025-12-06 14:38:24.680 [main] INFO  o.a.catalina.core.StandardService - Starting service [Tomcat]
2025-12-06 14:38:24.681 [main] INFO  o.a.catalina.core.StandardEngine - Starting Servlet engine: [Apache Tomcat/10.1.46]
2025-12-06 14:38:24.752 [main] INFO  o.a.c.c.C.[Tomcat].[localhost].[/] - Initializing Spring embedded WebApplicationContext
2025-12-06 14:38:24.753 [main] INFO  o.s.b.w.s.c.ServletWebServerApplicationContext - Root WebApplicationContext: initialization completed in 1071 ms
2025-12-06 14:38:25.649 [main] INFO  o.a.coyote.http11.Http11NioProtocol - Starting ProtocolHandler ["http-nio-8080"]
2025-12-06 14:38:25.661 [main] INFO  o.s.b.w.e.tomcat.TomcatWebServer - Tomcat started on port 8080 (http) with context path '/'
2025-12-06 14:38:25.667 [main] INFO  c.s.ECommerceImageSystemApplication - Started ECommerceImageSystemApplication in 2.332 seconds (process running for 2.862)
2025-12-06 14:38:55.924 [http-nio-8080-exec-1] INFO  o.a.c.c.C.[Tomcat].[localhost].[/] - Initializing Spring DispatcherServlet 'dispatcherServlet'
2025-12-06 14:38:55.924 [http-nio-8080-exec-1] INFO  o.s.web.servlet.DispatcherServlet - Initializing Servlet 'dispatcherServlet'
2025-12-06 14:38:55.924 [http-nio-8080-exec-1] INFO  o.s.web.servlet.DispatcherServlet - Completed initialization in 0 ms
2025-12-06 14:38:55.936 [http-nio-8080-exec-1] INFO  com.sau.filter.JwtTokenFilter - JWT认证过滤器开始执行
2025-12-06 14:38:55.936 [http-nio-8080-exec-1] INFO  com.sau.filter.JwtTokenFilter - 请求路径：/generateImage
2025-12-06 14:38:55.936 [http-nio-8080-exec-1] INFO  com.sau.filter.JwtTokenFilter - 从请求头中获取Authorization：Bearer eyJhbGciOiJIUzI1NiJ9.eyJ1c2VySWQiOjEsInVzZXJuYW1lIjoiemhhb2ppbnl1IiwiZXhwIjoxNzY1MDAzOTUxfQ.iIQqht4nKTdbUDOD89n6ab1OKFqAoAkiNngCyky8Cj8
2025-12-06 14:38:56.189 [http-nio-8080-exec-1] INFO  com.sau.filter.JwtTokenFilter - 解析成功：claims:{userId=1, username=zhaojinyu, exp=1765003951}
2025-12-06 14:38:56.521 [http-nio-8080-exec-1] INFO  com.sau.filter.JwtTokenFilter - 将当前用户ID保存在ThreadLocal中：1
2025-12-06 14:38:56.523 [http-nio-8080-exec-1] INFO  com.sau.filter.JwtTokenFilter - 校验成功
2025-12-06 14:38:56.712 [http-nio-8080-exec-1] INFO  c.s.s.third.ImageGenerationService - 图片生成请求: 帮我生成图片：以重庆特色元素分别单独生成纸质和金属书签、扇子、明信片、布娃娃、瓷娃娃、手办、挂件等10张文创产品图片。
2025-12-06 15:04:57.487 [http-nio-8080-exec-3] INFO  com.sau.filter.JwtTokenFilter - JWT认证过滤器开始执行
2025-12-06 15:04:57.487 [http-nio-8080-exec-3] INFO  com.sau.filter.JwtTokenFilter - 请求路径：/generateImage
2025-12-06 15:04:57.487 [http-nio-8080-exec-3] INFO  com.sau.filter.JwtTokenFilter - 从请求头中获取Authorization：Bearer eyJhbGciOiJIUzI1NiJ9.eyJ1c2VySWQiOjEsInVzZXJuYW1lIjoiemhhb2ppbnl1IiwiZXhwIjoxNzY1MDAzOTUxfQ.iIQqht4nKTdbUDOD89n6ab1OKFqAoAkiNngCyky8Cj8
2025-12-06 15:04:57.488 [http-nio-8080-exec-3] ERROR com.sau.filter.JwtTokenFilter - 认证失败：未登录或令牌无效
2025-12-06 15:04:57.509 [http-nio-8080-exec-2] INFO  com.sau.filter.JwtTokenFilter - JWT认证过滤器开始执行
2025-12-06 15:04:57.509 [http-nio-8080-exec-2] INFO  com.sau.filter.JwtTokenFilter - 请求路径：/refresh-token
2025-12-06 15:04:57.511 [http-nio-8080-exec-2] INFO  c.sau.service.impl.AuthServiceImpl - 获取Cookie中的refreshToken：eyJhbGciOiJIUzI1NiJ9.eyJ1c2VySWQiOjEsInVzZXJuYW1lIjoiemhhb2ppbnl1IiwiZXhwIjoxNzY1NjA3ODUxfQ.jT-ioe8cnE6BY6wftYzKCJpDeCQgc5WielWCUWvJ5EM
2025-12-06 15:04:57.518 [http-nio-8080-exec-2] INFO  c.sau.service.impl.AuthServiceImpl - 获取Redis存储的refreshToken：eyJhbGciOiJIUzI1NiJ9.eyJ1c2VySWQiOjEsInVzZXJuYW1lIjoiemhhb2ppbnl1IiwiZXhwIjoxNzY1NjA3ODUxfQ.jT-ioe8cnE6BY6wftYzKCJpDeCQgc5WielWCUWvJ5EM
2025-12-06 15:04:57.518 [http-nio-8080-exec-2] INFO  c.sau.service.impl.AuthServiceImpl - 验证refreshToken成功
2025-12-06 15:04:57.535 [http-nio-8080-exec-2] INFO  com.sau.utils.RedisTokenUtils - 保存accessToken到Redis: access_token:1=eyJhbGciOiJIUzI1NiJ9.eyJ1c2VySWQiOjEsInVzZXJuYW1lIjoiemhhb2ppbnl1IiwiZXhwIjoxNzY1MDA1NTk3fQ.yjgPxopcSPRSUBcSSOCsGI0yrhbA_n3RIkQT39JRlKA
2025-12-06 15:04:57.535 [http-nio-8080-exec-2] INFO  c.sau.service.impl.AuthServiceImpl - 生成新的accessToken：eyJhbGciOiJIUzI1NiJ9.eyJ1c2VySWQiOjEsInVzZXJuYW1lIjoiemhhb2ppbnl1IiwiZXhwIjoxNzY1MDA1NTk3fQ.yjgPxopcSPRSUBcSSOCsGI0yrhbA_n3RIkQT39JRlKA
2025-12-06 15:04:57.545 [http-nio-8080-exec-4] INFO  com.sau.filter.JwtTokenFilter - JWT认证过滤器开始执行
2025-12-06 15:04:57.545 [http-nio-8080-exec-4] INFO  com.sau.filter.JwtTokenFilter - 请求路径：/generateImage
2025-12-06 15:04:57.545 [http-nio-8080-exec-4] INFO  com.sau.filter.JwtTokenFilter - 从请求头中获取Authorization：Bearer eyJhbGciOiJIUzI1NiJ9.eyJ1c2VySWQiOjEsInVzZXJuYW1lIjoiemhhb2ppbnl1IiwiZXhwIjoxNzY1MDA1NTk3fQ.yjgPxopcSPRSUBcSSOCsGI0yrhbA_n3RIkQT39JRlKA
2025-12-06 15:04:57.545 [http-nio-8080-exec-4] INFO  com.sau.filter.JwtTokenFilter - 解析成功：claims:{userId=1, username=zhaojinyu, exp=1765005597}
2025-12-06 15:04:57.554 [http-nio-8080-exec-4] INFO  com.sau.filter.JwtTokenFilter - 将当前用户ID保存在ThreadLocal中：1
2025-12-06 15:04:57.554 [http-nio-8080-exec-4] INFO  com.sau.filter.JwtTokenFilter - 校验成功
2025-12-06 15:04:57.559 [http-nio-8080-exec-4] INFO  c.s.s.third.ImageGenerationService - 图片生成请求: 帮我生成图片：以重庆特色元素生成文创产品图片，第1张是纸质和金属书签图片，第2张扇子、第3张明信片、第4张布娃娃、第5张瓷娃娃、第6张手办、第7张挂件文创产品图片。
2025-12-06 15:15:00.881 [SpringApplicationShutdownHook] INFO  o.s.b.w.e.tomcat.GracefulShutdown - Commencing graceful shutdown. Waiting for active requests to complete
2025-12-06 15:15:00.910 [tomcat-shutdown] INFO  o.s.b.w.e.tomcat.GracefulShutdown - Graceful shutdown complete
