2025-11-11 00:04:47.740 [SpringApplicationShutdownHook] INFO  o.s.b.w.e.tomcat.GracefulShutdown - Commencing graceful shutdown. Waiting for active requests to complete
2025-11-11 00:04:48.096 [tomcat-shutdown] INFO  o.s.b.w.e.tomcat.GracefulShutdown - Graceful shutdown complete
2025-11-11 16:07:59.887 [main] INFO  o.s.t.c.s.AnnotationConfigContextLoaderUtils - Could not detect default configuration classes for test class [com.sau.ChatCompletionsTest]: ChatCompletionsTest does not declare any static, non-private, non-final, nested classes annotated with @Configuration.
2025-11-11 16:08:00.004 [main] INFO  o.s.b.t.c.SpringBootTestContextBootstrapper - Found @SpringBootConfiguration com.sau.ECommerceImageSystemApplication for test class com.sau.ChatCompletionsTest
2025-11-11 16:08:00.402 [background-preinit] INFO  o.h.validator.internal.util.Version - HV000001: Hibernate Validator 8.0.3.Final
2025-11-11 16:08:00.436 [main] INFO  com.sau.ChatCompletionsTest - Starting ChatCompletionsTest using Java 17.0.13 with PID 24768 (started by 77639 in D:\Java\e-commerce-image-project\e-commerce-image-system)
2025-11-11 16:08:00.437 [main] INFO  com.sau.ChatCompletionsTest - No active profile set, falling back to 1 default profile: "default"
2025-11-11 16:08:01.166 [main] INFO  o.s.d.r.c.RepositoryConfigurationDelegate - Multiple Spring Data modules found, entering strict repository configuration mode
2025-11-11 16:08:01.169 [main] INFO  o.s.d.r.c.RepositoryConfigurationDelegate - Bootstrapping Spring Data Redis repositories in DEFAULT mode.
2025-11-11 16:08:01.201 [main] INFO  o.s.d.r.c.RepositoryConfigurationDelegate - Finished Spring Data repository scanning in 16 ms. Found 0 Redis repository interfaces.
2025-11-11 16:08:04.255 [main] INFO  com.sau.ChatCompletionsTest - Started ChatCompletionsTest in 4.093 seconds (process running for 5.297)
2025-11-11 16:09:59.580 [main] INFO  o.s.t.c.s.AnnotationConfigContextLoaderUtils - Could not detect default configuration classes for test class [com.sau.ChatCompletionsTest]: ChatCompletionsTest does not declare any static, non-private, non-final, nested classes annotated with @Configuration.
2025-11-11 16:09:59.678 [main] INFO  o.s.b.t.c.SpringBootTestContextBootstrapper - Found @SpringBootConfiguration com.sau.ECommerceImageSystemApplication for test class com.sau.ChatCompletionsTest
2025-11-11 16:10:00.021 [background-preinit] INFO  o.h.validator.internal.util.Version - HV000001: Hibernate Validator 8.0.3.Final
2025-11-11 16:10:00.046 [main] INFO  com.sau.ChatCompletionsTest - Starting ChatCompletionsTest using Java 17.0.13 with PID 11040 (started by 77639 in D:\Java\e-commerce-image-project\e-commerce-image-system)
2025-11-11 16:10:00.047 [main] INFO  com.sau.ChatCompletionsTest - No active profile set, falling back to 1 default profile: "default"
2025-11-11 16:10:00.699 [main] INFO  o.s.d.r.c.RepositoryConfigurationDelegate - Multiple Spring Data modules found, entering strict repository configuration mode
2025-11-11 16:10:00.701 [main] INFO  o.s.d.r.c.RepositoryConfigurationDelegate - Bootstrapping Spring Data Redis repositories in DEFAULT mode.
2025-11-11 16:10:00.728 [main] INFO  o.s.d.r.c.RepositoryConfigurationDelegate - Finished Spring Data repository scanning in 12 ms. Found 0 Redis repository interfaces.
2025-11-11 16:10:03.592 [main] INFO  com.sau.ChatCompletionsTest - Started ChatCompletionsTest in 3.792 seconds (process running for 4.826)
2025-11-11 17:44:07.704 [main] INFO  o.s.t.c.s.AnnotationConfigContextLoaderUtils - Could not detect default configuration classes for test class [com.sau.ChatCompletionsTest]: ChatCompletionsTest does not declare any static, non-private, non-final, nested classes annotated with @Configuration.
2025-11-11 17:44:07.812 [main] INFO  o.s.b.t.c.SpringBootTestContextBootstrapper - Found @SpringBootConfiguration com.sau.ECommerceImageSystemApplication for test class com.sau.ChatCompletionsTest
2025-11-11 17:44:08.194 [background-preinit] INFO  o.h.validator.internal.util.Version - HV000001: Hibernate Validator 8.0.3.Final
2025-11-11 17:44:08.224 [main] INFO  com.sau.ChatCompletionsTest - Starting ChatCompletionsTest using Java 17.0.13 with PID 26384 (started by 77639 in D:\Java\e-commerce-image-project\e-commerce-image-system)
2025-11-11 17:44:08.225 [main] INFO  com.sau.ChatCompletionsTest - No active profile set, falling back to 1 default profile: "default"
2025-11-11 17:44:08.941 [main] INFO  o.s.d.r.c.RepositoryConfigurationDelegate - Multiple Spring Data modules found, entering strict repository configuration mode
2025-11-11 17:44:08.945 [main] INFO  o.s.d.r.c.RepositoryConfigurationDelegate - Bootstrapping Spring Data Redis repositories in DEFAULT mode.
2025-11-11 17:44:08.979 [main] INFO  o.s.d.r.c.RepositoryConfigurationDelegate - Finished Spring Data repository scanning in 16 ms. Found 0 Redis repository interfaces.
2025-11-11 17:44:12.152 [main] INFO  com.sau.ChatCompletionsTest - Started ChatCompletionsTest in 4.196 seconds (process running for 5.302)
2025-11-11 17:44:18.789 [background-preinit] INFO  o.h.validator.internal.util.Version - HV000001: Hibernate Validator 8.0.3.Final
2025-11-11 17:44:18.820 [main] INFO  c.s.ECommerceImageSystemApplication - Starting ECommerceImageSystemApplication using Java 17.0.13 with PID 25720 (D:\Java\e-commerce-image-project\e-commerce-image-system\target\classes started by 77639 in D:\Java\e-commerce-image-project)
2025-11-11 17:44:18.820 [main] INFO  c.s.ECommerceImageSystemApplication - No active profile set, falling back to 1 default profile: "default"
2025-11-11 17:44:19.340 [main] INFO  o.s.d.r.c.RepositoryConfigurationDelegate - Multiple Spring Data modules found, entering strict repository configuration mode
2025-11-11 17:44:19.342 [main] INFO  o.s.d.r.c.RepositoryConfigurationDelegate - Bootstrapping Spring Data Redis repositories in DEFAULT mode.
2025-11-11 17:44:19.364 [main] INFO  o.s.d.r.c.RepositoryConfigurationDelegate - Finished Spring Data repository scanning in 11 ms. Found 0 Redis repository interfaces.
2025-11-11 17:44:19.916 [main] INFO  o.s.b.w.e.tomcat.TomcatWebServer - Tomcat initialized with port 8080 (http)
2025-11-11 17:44:19.927 [main] INFO  o.a.coyote.http11.Http11NioProtocol - Initializing ProtocolHandler ["http-nio-8080"]
2025-11-11 17:44:19.928 [main] INFO  o.a.catalina.core.StandardService - Starting service [Tomcat]
2025-11-11 17:44:19.929 [main] INFO  o.a.catalina.core.StandardEngine - Starting Servlet engine: [Apache Tomcat/10.1.46]
2025-11-11 17:44:19.999 [main] INFO  o.a.c.c.C.[Tomcat].[localhost].[/] - Initializing Spring embedded WebApplicationContext
2025-11-11 17:44:19.999 [main] INFO  o.s.b.w.s.c.ServletWebServerApplicationContext - Root WebApplicationContext: initialization completed in 1155 ms
2025-11-11 17:44:20.944 [main] INFO  o.a.coyote.http11.Http11NioProtocol - Starting ProtocolHandler ["http-nio-8080"]
2025-11-11 17:44:20.957 [main] INFO  o.s.b.w.e.tomcat.TomcatWebServer - Tomcat started on port 8080 (http) with context path '/'
2025-11-11 17:44:20.963 [main] INFO  c.s.ECommerceImageSystemApplication - Started ECommerceImageSystemApplication in 2.409 seconds (process running for 2.967)
2025-11-11 17:44:44.201 [http-nio-8080-exec-1] INFO  o.a.c.c.C.[Tomcat].[localhost].[/] - Initializing Spring DispatcherServlet 'dispatcherServlet'
2025-11-11 17:44:44.201 [http-nio-8080-exec-1] INFO  o.s.web.servlet.DispatcherServlet - Initializing Servlet 'dispatcherServlet'
2025-11-11 17:44:44.202 [http-nio-8080-exec-1] INFO  o.s.web.servlet.DispatcherServlet - Completed initialization in 1 ms
2025-11-11 17:44:44.216 [http-nio-8080-exec-1] INFO  com.sau.filter.JwtTokenFilter - JWT认证过滤器开始执行
2025-11-11 17:44:44.217 [http-nio-8080-exec-1] INFO  com.sau.filter.JwtTokenFilter - 请求路径：/login
2025-11-11 17:44:44.286 [http-nio-8080-exec-1] INFO  com.sau.controller.LoginController - 登录请求: 账号=zhaojinyu, rememberMe=true
2025-11-11 17:44:44.303 [http-nio-8080-exec-1] INFO  com.zaxxer.hikari.HikariDataSource - HikariPool-1 - Starting...
2025-11-11 17:44:44.562 [http-nio-8080-exec-1] INFO  com.zaxxer.hikari.pool.HikariPool - HikariPool-1 - Added connection com.mysql.cj.jdbc.ConnectionImpl@3802a4e5
2025-11-11 17:44:44.565 [http-nio-8080-exec-1] INFO  com.zaxxer.hikari.HikariDataSource - HikariPool-1 - Start completed.
2025-11-11 17:44:44.892 [http-nio-8080-exec-1] INFO  c.sau.service.impl.AuthServiceImpl - 登录成功，用户信息: User(id=1, name=赵瑾瑜, username=zhaojinyu, account=null, password=$2a$12$kFEfURVVsiK7ulY7UvnreegZkQGJFSIzBIUno1dtEq9rHr3.LzREK, email=88888@qq.com, phone=18866668888, image=https://java-ai-sau.oss-cn-beijing.aliyuncs.com/2025/04/312b700a-e1c7-42bf-aa23-5db8dc7121a6.jpg, status=1, userType=0, createTime=null, updateTime=null)
2025-11-11 17:44:45.082 [http-nio-8080-exec-1] INFO  c.sau.service.impl.AuthServiceImpl - 生成accessToken：eyJhbGciOiJIUzI1NiJ9.eyJ1c2VySWQiOjEsInVzZXJuYW1lIjoiemhhb2ppbnl1IiwiZXhwIjoxNzYyODU1MTg1fQ.b1vYZiqfwjzefl7SfSs6W4GIPGjqPMh-X9KqQj_uO5o
2025-11-11 17:44:45.436 [http-nio-8080-exec-1] INFO  com.sau.utils.RedisTokenUtils - 保存accessToken到Redis: access_token:1=eyJhbGciOiJIUzI1NiJ9.eyJ1c2VySWQiOjEsInVzZXJuYW1lIjoiemhhb2ppbnl1IiwiZXhwIjoxNzYyODU1MTg1fQ.b1vYZiqfwjzefl7SfSs6W4GIPGjqPMh-X9KqQj_uO5o
2025-11-11 17:44:45.436 [http-nio-8080-exec-1] INFO  c.sau.service.impl.AuthServiceImpl - 生成refreshToken：eyJhbGciOiJIUzI1NiJ9.eyJ1c2VySWQiOjEsInVzZXJuYW1lIjoiemhhb2ppbnl1IiwiZXhwIjoxNzYzNDU5MDg1fQ.PkT_Za_Da6biCVRtYO_Zijq2d7CfAor-l696CBOy2oI
2025-11-11 17:44:45.436 [http-nio-8080-exec-1] INFO  com.sau.utils.RedisTokenUtils - 保存refreshToken到Redis: refresh_token:1=eyJhbGciOiJIUzI1NiJ9.eyJ1c2VySWQiOjEsInVzZXJuYW1lIjoiemhhb2ppbnl1IiwiZXhwIjoxNzYzNDU5MDg1fQ.PkT_Za_Da6biCVRtYO_Zijq2d7CfAor-l696CBOy2oI
2025-11-11 17:44:45.438 [http-nio-8080-exec-1] INFO  com.sau.controller.LoginController - 设置refreshToken到Cookie: eyJhbGciOiJIUzI1NiJ9.eyJ1c2VySWQiOjEsInVzZXJuYW1lIjoiemhhb2ppbnl1IiwiZXhwIjoxNzYzNDU5MDg1fQ.PkT_Za_Da6biCVRtYO_Zijq2d7CfAor-l696CBOy2oI
2025-11-11 17:44:45.441 [http-nio-8080-exec-1] INFO  com.sau.aop.OperationLogAspect - 记录操作日志: OperateLog(id=null, operateUserId=null, operateTime=2025-11-11T17:44:45.441290900, className=com.sau.controller.LoginController, methodName=login, methodParams=[LoginDTO(account=zhaojinyu, password=123456, rememberMe=true), org.springframework.web.context.request.async.StandardServletAsyncWebRequest$LifecycleHttpServletResponse@b4dac10], returnValue=Result(code=1, msg=null, data=LoginVO(username=zhaojinyu, avatar=https://java-ai-sau.oss-cn-beijing.aliyuncs.com/2025/04/312b700a-e1c7-42bf-aa23-5db8dc7121a6.jpg, token=eyJhbGciOiJIUzI1NiJ9.eyJ1c2VySWQiOjEsInVzZXJuYW1lIjoiemhhb2ppbnl1IiwiZXhwIjoxNzYyODU1MTg1fQ.b1vYZiqfwjzefl7SfSs6W4GIPGjqPMh-X9KqQj_uO5o)), costTime=1154)
2025-11-11 17:46:57.347 [http-nio-8080-exec-2] INFO  com.sau.filter.JwtTokenFilter - JWT认证过滤器开始执行
2025-11-11 17:46:57.347 [http-nio-8080-exec-2] INFO  com.sau.filter.JwtTokenFilter - 请求路径：/generateVideo
2025-11-11 17:46:57.348 [http-nio-8080-exec-2] INFO  com.sau.filter.JwtTokenFilter - 从请求头中获取Authorization：Bearer eyJhbGciOiJIUzI1NiJ9.eyJ1c2VySWQiOjEsInVzZXJuYW1lIjoiemhhb2ppbnl1IiwiZXhwIjoxNzYyODU1MTg1fQ.b1vYZiqfwjzefl7SfSs6W4GIPGjqPMh-X9KqQj_uO5o
2025-11-11 17:46:57.357 [http-nio-8080-exec-2] INFO  com.sau.filter.JwtTokenFilter - 解析成功：claims:{userId=1, username=zhaojinyu, exp=1762855185}
2025-11-11 17:46:57.359 [http-nio-8080-exec-2] INFO  com.sau.filter.JwtTokenFilter - 将当前用户ID保存在ThreadLocal中：1
2025-11-11 17:46:57.359 [http-nio-8080-exec-2] INFO  com.sau.filter.JwtTokenFilter - 校验成功
2025-11-11 17:46:57.430 [http-nio-8080-exec-2] INFO  c.s.s.third.VideoGenerationService - ----- 创建任务请求 -----
2025-11-11 17:46:58.294 [http-nio-8080-exec-2] INFO  c.s.s.third.VideoGenerationService - 任务ID：cgt-20251111174657-nhrq5
2025-11-11 17:46:58.295 [http-nio-8080-exec-2] INFO  c.s.s.third.VideoGenerationService - ----- 轮询查询任务状态 -----
2025-11-11 17:46:58.349 [http-nio-8080-exec-2] INFO  c.s.s.third.VideoGenerationService - 当前状态: running, 10s内再次尝试...
2025-11-11 17:47:08.358 [http-nio-8080-exec-2] INFO  c.s.s.third.VideoGenerationService - ----- 删除任务请求 -----
2025-11-11 17:47:08.629 [http-nio-8080-exec-2] ERROR c.s.s.third.VideoGenerationService - 删除任务异常：ArkHttpException{statusCode=409, message='Cannot delete task `cgt-20251111174657-nhrq5` because it is currently running. Request id: 021762854427583f7fc14d83698f7854317b3862089d217fbc8aa', code='InvalidAction.RunningTaskDeletion', param='', type='Conflict', requestId='20251111054708ayKugDhs8dn2jcgsQNTN'}
2025-11-11 17:47:08.778 [http-nio-8080-exec-2] INFO  c.s.s.third.VideoGenerationService - 当前状态: running, 10s内再次尝试...
2025-11-11 17:47:18.784 [http-nio-8080-exec-2] INFO  c.s.s.third.VideoGenerationService - ----- 删除任务请求 -----
2025-11-11 17:47:19.051 [http-nio-8080-exec-2] ERROR c.s.s.third.VideoGenerationService - 删除任务异常：ArkHttpException{statusCode=409, message='Cannot delete task `cgt-20251111174657-nhrq5` because it is currently running. Request id: 021762854438008e69418056205ce81d973ba378da5a286cc73c0', code='InvalidAction.RunningTaskDeletion', param='', type='Conflict', requestId='20251111054718fYLGKiioe1deiw4WkgBS'}
2025-11-11 17:47:19.184 [http-nio-8080-exec-2] INFO  c.s.s.third.VideoGenerationService - 当前状态: running, 10s内再次尝试...
2025-11-11 17:47:29.185 [http-nio-8080-exec-2] INFO  c.s.s.third.VideoGenerationService - ----- 删除任务请求 -----
2025-11-11 17:47:29.441 [http-nio-8080-exec-2] ERROR c.s.s.third.VideoGenerationService - 删除任务异常：ArkHttpException{statusCode=409, message='Cannot delete task `cgt-20251111174657-nhrq5` because it is currently running. Request id: 0217628544484109e37bd9714fa325a144f80ed4093445adb85f4', code='InvalidAction.RunningTaskDeletion', param='', type='Conflict', requestId='20251111054729djLKwA6n5rBIoqdJNNI1'}
2025-11-11 17:47:29.579 [http-nio-8080-exec-2] INFO  c.s.s.third.VideoGenerationService - 当前状态: running, 10s内再次尝试...
2025-11-11 17:47:39.586 [http-nio-8080-exec-2] INFO  c.s.s.third.VideoGenerationService - ----- 删除任务请求 -----
2025-11-11 17:47:39.815 [http-nio-8080-exec-2] ERROR c.s.s.third.VideoGenerationService - 删除任务异常：ArkHttpException{statusCode=409, message='Cannot delete task `cgt-20251111174657-nhrq5` because it is currently running. Request id: 021762854458786d294186aa1a9422d9073323bbcd038e120b104', code='InvalidAction.RunningTaskDeletion', param='', type='Conflict', requestId='202511110547395XHNq3EkoG6KbJAURlvx'}
2025-11-11 17:47:39.974 [http-nio-8080-exec-2] INFO  c.s.s.third.VideoGenerationService - 当前状态: running, 10s内再次尝试...
2025-11-11 17:47:49.976 [http-nio-8080-exec-2] INFO  c.s.s.third.VideoGenerationService - ----- 删除任务请求 -----
2025-11-11 17:47:50.201 [http-nio-8080-exec-2] ERROR c.s.s.third.VideoGenerationService - 删除任务异常：ArkHttpException{statusCode=409, message='Cannot delete task `cgt-20251111174657-nhrq5` because it is currently running. Request id: 02176285446917786539f3e5800b574be04587be999fcfd90ee37', code='InvalidAction.RunningTaskDeletion', param='', type='Conflict', requestId='20251111054749UjqY3zio6yHvfug9ws70'}
2025-11-11 17:47:50.320 [http-nio-8080-exec-2] INFO  c.s.s.third.VideoGenerationService - 当前状态: running, 10s内再次尝试...
2025-11-11 17:48:00.325 [http-nio-8080-exec-2] INFO  c.s.s.third.VideoGenerationService - ----- 删除任务请求 -----
2025-11-11 17:48:00.576 [http-nio-8080-exec-2] ERROR c.s.s.third.VideoGenerationService - 删除任务异常：ArkHttpException{statusCode=409, message='Cannot delete task `cgt-20251111174657-nhrq5` because it is currently running. Request id: 021762854479541538d75fb7e81ae74446c9473ccc937eead6d85', code='InvalidAction.RunningTaskDeletion', param='', type='Conflict', requestId='20251111054800cGpITLUarldPZawgSw7v'}
2025-11-11 17:48:00.711 [http-nio-8080-exec-2] INFO  c.s.s.third.VideoGenerationService - 当前状态: running, 10s内再次尝试...
2025-11-11 17:48:10.726 [http-nio-8080-exec-2] INFO  c.s.s.third.VideoGenerationService - ----- 删除任务请求 -----
2025-11-11 17:48:10.993 [http-nio-8080-exec-2] ERROR c.s.s.third.VideoGenerationService - 删除任务异常：ArkHttpException{statusCode=409, message='Cannot delete task `cgt-20251111174657-nhrq5` because it is currently running. Request id: 021762854489961ca20d6f17610f6c1bb9162b8ad73ab3757a21c', code='InvalidAction.RunningTaskDeletion', param='', type='Conflict', requestId='202511110548106VZqWXMqyC6cC6NBTvaM'}
2025-11-11 17:48:11.141 [http-nio-8080-exec-2] INFO  c.s.s.third.VideoGenerationService - 当前状态: running, 10s内再次尝试...
2025-11-11 17:48:21.145 [http-nio-8080-exec-2] INFO  c.s.s.third.VideoGenerationService - ----- 删除任务请求 -----
2025-11-11 17:48:21.377 [http-nio-8080-exec-2] INFO  c.s.s.third.VideoGenerationService - 删除任务结果：com.volcengine.ark.runtime.model.content.generation.DeleteContentGenerationTaskResponse@1ec63f08
2025-11-11 17:48:21.507 [http-nio-8080-exec-2] INFO  c.s.s.third.VideoGenerationService - ----- 删除任务请求 -----
2025-11-11 17:48:21.579 [http-nio-8080-exec-2] ERROR c.s.s.third.VideoGenerationService - 删除任务异常：ArkHttpException{statusCode=404, message='The specified resource `cgt-20251111174657-nhrq5` is not found. Request id: 021762854500528fd00f870b517310ba7886e3f13440aaa7966ba', code='ResourceNotFound', param='', type='NotFound', requestId='20251111054821YbTHBC4pqU9nkqnEHmfL'}
2025-11-11 17:48:21.584 [http-nio-8080-exec-2] ERROR c.s.exception.GlobalExceptionHandler - 运行时异常: 
com.volcengine.ark.runtime.exception.ArkHttpException: ArkHttpException{statusCode=404, message='The specified resource `cgt-20251111174657-nhrq5` is not found. Request id: 021762854500470fd00f870b517310ba7886e3f13440aaae6a3da', code='ResourceNotFound', param='', type='NotFound', requestId='20251111054821STokXWqr1WjJ2mrdzfPA'}
	at com.volcengine.ark.runtime.service.ArkService.execute(ArkService.java:164)
	at com.volcengine.ark.runtime.service.ArkService.getContentGenerationTask(ArkService.java:321)
	at com.sau.service.third.VideoGenerationService.generateVideo(VideoGenerationService.java:112)
	at com.sau.controller.VideoGenerationController.generateVideo(VideoGenerationController.java:30)
	at java.base/jdk.internal.reflect.NativeMethodAccessorImpl.invoke0(Native Method)
	at java.base/jdk.internal.reflect.NativeMethodAccessorImpl.invoke(NativeMethodAccessorImpl.java:77)
	at java.base/jdk.internal.reflect.DelegatingMethodAccessorImpl.invoke(DelegatingMethodAccessorImpl.java:43)
	at java.base/java.lang.reflect.Method.invoke(Method.java:569)
	at org.springframework.web.method.support.InvocableHandlerMethod.doInvoke(InvocableHandlerMethod.java:258)
	at org.springframework.web.method.support.InvocableHandlerMethod.invokeForRequest(InvocableHandlerMethod.java:191)
	at org.springframework.web.servlet.mvc.method.annotation.ServletInvocableHandlerMethod.invokeAndHandle(ServletInvocableHandlerMethod.java:118)
	at org.springframework.web.servlet.mvc.method.annotation.RequestMappingHandlerAdapter.invokeHandlerMethod(RequestMappingHandlerAdapter.java:991)
	at org.springframework.web.servlet.mvc.method.annotation.RequestMappingHandlerAdapter.handleInternal(RequestMappingHandlerAdapter.java:896)
	at org.springframework.web.servlet.mvc.method.AbstractHandlerMethodAdapter.handle(AbstractHandlerMethodAdapter.java:87)
	at org.springframework.web.servlet.DispatcherServlet.doDispatch(DispatcherServlet.java:1089)
	at org.springframework.web.servlet.DispatcherServlet.doService(DispatcherServlet.java:979)
	at org.springframework.web.servlet.FrameworkServlet.processRequest(FrameworkServlet.java:1014)
	at org.springframework.web.servlet.FrameworkServlet.doPost(FrameworkServlet.java:914)
	at jakarta.servlet.http.HttpServlet.service(HttpServlet.java:590)
	at org.springframework.web.servlet.FrameworkServlet.service(FrameworkServlet.java:885)
	at jakarta.servlet.http.HttpServlet.service(HttpServlet.java:658)
	at org.apache.catalina.core.ApplicationFilterChain.internalDoFilter(ApplicationFilterChain.java:195)
	at org.apache.catalina.core.ApplicationFilterChain.doFilter(ApplicationFilterChain.java:140)
	at org.apache.tomcat.websocket.server.WsFilter.doFilter(WsFilter.java:51)
	at org.apache.catalina.core.ApplicationFilterChain.internalDoFilter(ApplicationFilterChain.java:164)
	at org.apache.catalina.core.ApplicationFilterChain.doFilter(ApplicationFilterChain.java:140)
	at org.springframework.web.filter.OncePerRequestFilter.doFilter(OncePerRequestFilter.java:110)
	at org.apache.catalina.core.ApplicationFilterChain.internalDoFilter(ApplicationFilterChain.java:164)
	at org.apache.catalina.core.ApplicationFilterChain.doFilter(ApplicationFilterChain.java:140)
	at org.springframework.web.filter.CompositeFilter$VirtualFilterChain.doFilter(CompositeFilter.java:108)
	at org.springframework.web.filter.CompositeFilter$VirtualFilterChain.doFilter(CompositeFilter.java:108)
	at org.springframework.security.web.FilterChainProxy.lambda$doFilterInternal$3(FilterChainProxy.java:231)
	at org.springframework.security.web.FilterChainProxy$VirtualFilterChain.doFilter(FilterChainProxy.java:365)
	at org.springframework.security.web.access.intercept.AuthorizationFilter.doFilter(AuthorizationFilter.java:101)
	at org.springframework.security.web.FilterChainProxy$VirtualFilterChain.doFilter(FilterChainProxy.java:374)
	at org.springframework.security.web.access.ExceptionTranslationFilter.doFilter(ExceptionTranslationFilter.java:125)
	at org.springframework.security.web.access.ExceptionTranslationFilter.doFilter(ExceptionTranslationFilter.java:119)
	at org.springframework.security.web.FilterChainProxy$VirtualFilterChain.doFilter(FilterChainProxy.java:374)
	at org.springframework.security.web.session.SessionManagementFilter.doFilter(SessionManagementFilter.java:131)
	at org.springframework.security.web.session.SessionManagementFilter.doFilter(SessionManagementFilter.java:85)
	at org.springframework.security.web.FilterChainProxy$VirtualFilterChain.doFilter(FilterChainProxy.java:374)
	at org.springframework.security.web.authentication.AnonymousAuthenticationFilter.doFilter(AnonymousAuthenticationFilter.java:100)
	at org.springframework.security.web.FilterChainProxy$VirtualFilterChain.doFilter(FilterChainProxy.java:374)
	at org.springframework.security.web.servletapi.SecurityContextHolderAwareRequestFilter.doFilter(SecurityContextHolderAwareRequestFilter.java:179)
	at org.springframework.security.web.FilterChainProxy$VirtualFilterChain.doFilter(FilterChainProxy.java:374)
	at org.springframework.security.web.savedrequest.RequestCacheAwareFilter.doFilter(RequestCacheAwareFilter.java:63)
	at org.springframework.security.web.FilterChainProxy$VirtualFilterChain.doFilter(FilterChainProxy.java:374)
	at com.sau.filter.JwtTokenFilter.doFilterInternal(JwtTokenFilter.java:105)
	at org.springframework.web.filter.OncePerRequestFilter.doFilter(OncePerRequestFilter.java:116)
	at org.springframework.security.web.FilterChainProxy$VirtualFilterChain.doFilter(FilterChainProxy.java:374)
	at org.springframework.security.web.header.HeaderWriterFilter.doHeadersAfter(HeaderWriterFilter.java:90)
	at org.springframework.security.web.header.HeaderWriterFilter.doFilterInternal(HeaderWriterFilter.java:75)
	at org.springframework.web.filter.OncePerRequestFilter.doFilter(OncePerRequestFilter.java:116)
	at org.springframework.security.web.FilterChainProxy$VirtualFilterChain.doFilter(FilterChainProxy.java:374)
	at org.springframework.security.web.context.SecurityContextHolderFilter.doFilter(SecurityContextHolderFilter.java:82)
	at org.springframework.security.web.context.SecurityContextHolderFilter.doFilter(SecurityContextHolderFilter.java:69)
	at org.springframework.security.web.FilterChainProxy$VirtualFilterChain.doFilter(FilterChainProxy.java:374)
	at org.springframework.security.web.context.request.async.WebAsyncManagerIntegrationFilter.doFilterInternal(WebAsyncManagerIntegrationFilter.java:62)
	at org.springframework.web.filter.OncePerRequestFilter.doFilter(OncePerRequestFilter.java:116)
	at org.springframework.security.web.FilterChainProxy$VirtualFilterChain.doFilter(FilterChainProxy.java:374)
	at org.springframework.security.web.session.DisableEncodeUrlFilter.doFilterInternal(DisableEncodeUrlFilter.java:42)
	at org.springframework.web.filter.OncePerRequestFilter.doFilter(OncePerRequestFilter.java:116)
	at org.springframework.security.web.FilterChainProxy$VirtualFilterChain.doFilter(FilterChainProxy.java:374)
	at org.springframework.security.web.FilterChainProxy.doFilterInternal(FilterChainProxy.java:233)
	at org.springframework.security.web.FilterChainProxy.doFilter(FilterChainProxy.java:191)
	at org.springframework.web.filter.CompositeFilter$VirtualFilterChain.doFilter(CompositeFilter.java:113)
	at org.springframework.web.filter.ServletRequestPathFilter.doFilter(ServletRequestPathFilter.java:52)
	at org.springframework.web.filter.CompositeFilter$VirtualFilterChain.doFilter(CompositeFilter.java:113)
	at org.springframework.web.filter.CompositeFilter.doFilter(CompositeFilter.java:74)
	at org.springframework.security.config.annotation.web.configuration.WebSecurityConfiguration$CompositeFilterChainProxy.doFilter(WebSecurityConfiguration.java:319)
	at org.springframework.web.filter.CompositeFilter$VirtualFilterChain.doFilter(CompositeFilter.java:113)
	at org.springframework.web.servlet.handler.HandlerMappingIntrospector.lambda$createCacheFilter$4(HandlerMappingIntrospector.java:267)
	at org.springframework.web.filter.CompositeFilter$VirtualFilterChain.doFilter(CompositeFilter.java:113)
	at org.springframework.web.filter.CompositeFilter.doFilter(CompositeFilter.java:74)
	at org.springframework.security.config.annotation.web.configuration.WebMvcSecurityConfiguration$CompositeFilterChainProxy.doFilter(WebMvcSecurityConfiguration.java:240)
	at org.springframework.web.filter.DelegatingFilterProxy.invokeDelegate(DelegatingFilterProxy.java:362)
	at org.springframework.web.filter.DelegatingFilterProxy.doFilter(DelegatingFilterProxy.java:278)
	at org.apache.catalina.core.ApplicationFilterChain.internalDoFilter(ApplicationFilterChain.java:164)
	at org.apache.catalina.core.ApplicationFilterChain.doFilter(ApplicationFilterChain.java:140)
	at org.springframework.web.filter.RequestContextFilter.doFilterInternal(RequestContextFilter.java:100)
	at org.springframework.web.filter.OncePerRequestFilter.doFilter(OncePerRequestFilter.java:116)
	at org.apache.catalina.core.ApplicationFilterChain.internalDoFilter(ApplicationFilterChain.java:164)
	at org.apache.catalina.core.ApplicationFilterChain.doFilter(ApplicationFilterChain.java:140)
	at org.springframework.web.filter.FormContentFilter.doFilterInternal(FormContentFilter.java:93)
	at org.springframework.web.filter.OncePerRequestFilter.doFilter(OncePerRequestFilter.java:116)
	at org.apache.catalina.core.ApplicationFilterChain.internalDoFilter(ApplicationFilterChain.java:164)
	at org.apache.catalina.core.ApplicationFilterChain.doFilter(ApplicationFilterChain.java:140)
	at org.springframework.web.filter.CharacterEncodingFilter.doFilterInternal(CharacterEncodingFilter.java:201)
	at org.springframework.web.filter.OncePerRequestFilter.doFilter(OncePerRequestFilter.java:116)
	at org.apache.catalina.core.ApplicationFilterChain.internalDoFilter(ApplicationFilterChain.java:164)
	at org.apache.catalina.core.ApplicationFilterChain.doFilter(ApplicationFilterChain.java:140)
	at org.apache.catalina.core.StandardWrapperValve.invoke(StandardWrapperValve.java:167)
	at org.apache.catalina.core.StandardContextValve.invoke(StandardContextValve.java:90)
	at org.apache.catalina.authenticator.AuthenticatorBase.invoke(AuthenticatorBase.java:483)
	at org.apache.catalina.core.StandardHostValve.invoke(StandardHostValve.java:116)
	at org.apache.catalina.valves.ErrorReportValve.invoke(ErrorReportValve.java:93)
	at org.apache.catalina.core.StandardEngineValve.invoke(StandardEngineValve.java:74)
	at org.apache.catalina.connector.CoyoteAdapter.service(CoyoteAdapter.java:344)
	at org.apache.coyote.http11.Http11Processor.service(Http11Processor.java:398)
	at org.apache.coyote.AbstractProcessorLight.process(AbstractProcessorLight.java:63)
	at org.apache.coyote.AbstractProtocol$ConnectionHandler.process(AbstractProtocol.java:903)
	at org.apache.tomcat.util.net.NioEndpoint$SocketProcessor.doRun(NioEndpoint.java:1776)
	at org.apache.tomcat.util.net.SocketProcessorBase.run(SocketProcessorBase.java:52)
	at org.apache.tomcat.util.threads.ThreadPoolExecutor.runWorker(ThreadPoolExecutor.java:975)
	at org.apache.tomcat.util.threads.ThreadPoolExecutor$Worker.run(ThreadPoolExecutor.java:493)
	at org.apache.tomcat.util.threads.TaskThread$WrappingRunnable.run(TaskThread.java:63)
	at java.base/java.lang.Thread.run(Thread.java:840)
Caused by: retrofit2.adapter.rxjava2.HttpException: HTTP 404 
	at retrofit2.adapter.rxjava2.BodyObservable$BodyObserver.onNext(BodyObservable.java:57)
	at retrofit2.adapter.rxjava2.BodyObservable$BodyObserver.onNext(BodyObservable.java:38)
	at retrofit2.adapter.rxjava2.CallExecuteObservable.subscribeActual(CallExecuteObservable.java:48)
	at io.reactivex.Observable.subscribe(Observable.java:10151)
	at retrofit2.adapter.rxjava2.BodyObservable.subscribeActual(BodyObservable.java:35)
	at io.reactivex.Observable.subscribe(Observable.java:10151)
	at io.reactivex.internal.operators.observable.ObservableSingleSingle.subscribeActual(ObservableSingleSingle.java:35)
	at io.reactivex.Single.subscribe(Single.java:2517)
	at io.reactivex.Single.blockingGet(Single.java:2001)
	at com.volcengine.ark.runtime.service.ArkService.execute(ArkService.java:147)
	... 106 common frames omitted
2025-11-11 17:51:02.290 [SpringApplicationShutdownHook] INFO  o.s.b.w.e.tomcat.GracefulShutdown - Commencing graceful shutdown. Waiting for active requests to complete
2025-11-11 17:51:02.633 [tomcat-shutdown] INFO  o.s.b.w.e.tomcat.GracefulShutdown - Graceful shutdown complete
2025-11-11 17:51:02.645 [SpringApplicationShutdownHook] INFO  com.zaxxer.hikari.HikariDataSource - HikariPool-1 - Shutdown initiated...
2025-11-11 17:51:02.649 [SpringApplicationShutdownHook] INFO  com.zaxxer.hikari.HikariDataSource - HikariPool-1 - Shutdown completed.
2025-11-11 17:51:05.964 [background-preinit] INFO  o.h.validator.internal.util.Version - HV000001: Hibernate Validator 8.0.3.Final
2025-11-11 17:51:05.997 [main] INFO  c.s.ECommerceImageSystemApplication - Starting ECommerceImageSystemApplication using Java 17.0.13 with PID 28408 (D:\Java\e-commerce-image-project\e-commerce-image-system\target\classes started by 77639 in D:\Java\e-commerce-image-project)
2025-11-11 17:51:05.997 [main] INFO  c.s.ECommerceImageSystemApplication - No active profile set, falling back to 1 default profile: "default"
2025-11-11 17:51:06.508 [main] INFO  o.s.d.r.c.RepositoryConfigurationDelegate - Multiple Spring Data modules found, entering strict repository configuration mode
2025-11-11 17:51:06.510 [main] INFO  o.s.d.r.c.RepositoryConfigurationDelegate - Bootstrapping Spring Data Redis repositories in DEFAULT mode.
2025-11-11 17:51:06.533 [main] INFO  o.s.d.r.c.RepositoryConfigurationDelegate - Finished Spring Data repository scanning in 11 ms. Found 0 Redis repository interfaces.
2025-11-11 17:51:07.064 [main] INFO  o.s.b.w.e.tomcat.TomcatWebServer - Tomcat initialized with port 8080 (http)
2025-11-11 17:51:07.073 [main] INFO  o.a.coyote.http11.Http11NioProtocol - Initializing ProtocolHandler ["http-nio-8080"]
2025-11-11 17:51:07.074 [main] INFO  o.a.catalina.core.StandardService - Starting service [Tomcat]
2025-11-11 17:51:07.074 [main] INFO  o.a.catalina.core.StandardEngine - Starting Servlet engine: [Apache Tomcat/10.1.46]
2025-11-11 17:51:07.142 [main] INFO  o.a.c.c.C.[Tomcat].[localhost].[/] - Initializing Spring embedded WebApplicationContext
2025-11-11 17:51:07.142 [main] INFO  o.s.b.w.s.c.ServletWebServerApplicationContext - Root WebApplicationContext: initialization completed in 1119 ms
2025-11-11 17:51:08.079 [main] INFO  o.a.coyote.http11.Http11NioProtocol - Starting ProtocolHandler ["http-nio-8080"]
2025-11-11 17:51:08.092 [main] INFO  o.s.b.w.e.tomcat.TomcatWebServer - Tomcat started on port 8080 (http) with context path '/'
2025-11-11 17:51:08.099 [main] INFO  c.s.ECommerceImageSystemApplication - Started ECommerceImageSystemApplication in 2.367 seconds (process running for 2.905)
2025-11-11 17:51:18.096 [http-nio-8080-exec-1] INFO  o.a.c.c.C.[Tomcat].[localhost].[/] - Initializing Spring DispatcherServlet 'dispatcherServlet'
2025-11-11 17:51:18.097 [http-nio-8080-exec-1] INFO  o.s.web.servlet.DispatcherServlet - Initializing Servlet 'dispatcherServlet'
2025-11-11 17:51:18.098 [http-nio-8080-exec-1] INFO  o.s.web.servlet.DispatcherServlet - Completed initialization in 1 ms
2025-11-11 17:51:18.111 [http-nio-8080-exec-1] INFO  com.sau.filter.JwtTokenFilter - JWT认证过滤器开始执行
2025-11-11 17:51:18.111 [http-nio-8080-exec-1] INFO  com.sau.filter.JwtTokenFilter - 请求路径：/generateVideo
2025-11-11 17:51:18.111 [http-nio-8080-exec-1] INFO  com.sau.filter.JwtTokenFilter - 从请求头中获取Authorization：Bearer eyJhbGciOiJIUzI1NiJ9.eyJ1c2VySWQiOjEsInVzZXJuYW1lIjoiemhhb2ppbnl1IiwiZXhwIjoxNzYyODU1MTg1fQ.b1vYZiqfwjzefl7SfSs6W4GIPGjqPMh-X9KqQj_uO5o
2025-11-11 17:51:18.311 [http-nio-8080-exec-1] INFO  com.sau.filter.JwtTokenFilter - 解析成功：claims:{userId=1, username=zhaojinyu, exp=1762855185}
2025-11-11 17:51:18.647 [http-nio-8080-exec-1] INFO  com.sau.filter.JwtTokenFilter - 将当前用户ID保存在ThreadLocal中：1
2025-11-11 17:51:18.648 [http-nio-8080-exec-1] INFO  com.sau.filter.JwtTokenFilter - 校验成功
2025-11-11 17:51:18.782 [http-nio-8080-exec-1] INFO  c.s.s.third.VideoGenerationService - ----- 创建任务请求 -----
2025-11-11 17:51:19.271 [http-nio-8080-exec-1] INFO  c.s.s.third.VideoGenerationService - 任务ID：cgt-20251111175118-p6jnm
2025-11-11 17:51:19.272 [http-nio-8080-exec-1] INFO  c.s.s.third.VideoGenerationService - ----- 轮询查询任务状态 -----
2025-11-11 17:51:19.338 [http-nio-8080-exec-1] INFO  c.s.s.third.VideoGenerationService - 当前状态: running, 10s内再次尝试...
2025-11-11 17:51:29.565 [http-nio-8080-exec-1] INFO  c.s.s.third.VideoGenerationService - 当前状态: running, 10s内再次尝试...
2025-11-11 17:51:39.832 [http-nio-8080-exec-1] INFO  c.s.s.third.VideoGenerationService - 当前状态: running, 10s内再次尝试...
2025-11-11 17:51:50.145 [http-nio-8080-exec-1] INFO  c.s.s.third.VideoGenerationService - 当前状态: running, 10s内再次尝试...
2025-11-11 17:52:00.384 [http-nio-8080-exec-1] INFO  c.s.s.third.VideoGenerationService - 当前状态: running, 10s内再次尝试...
2025-11-11 17:52:10.663 [http-nio-8080-exec-1] INFO  c.s.s.third.VideoGenerationService - 当前状态: running, 10s内再次尝试...
2025-11-11 17:52:20.915 [http-nio-8080-exec-1] INFO  c.s.s.third.VideoGenerationService - 当前状态: running, 10s内再次尝试...
2025-11-11 17:52:31.132 [http-nio-8080-exec-1] INFO  c.s.s.third.VideoGenerationService - 任务成功：GetContentGenerationTaskResponse{id='cgt-20251111175118-p6jnm', model='doubao-seedance-1-0-pro-250528', status='succeeded', error='null', content=Content{videoUrl='https://ark-content-generation-cn-beijing.tos-cn-beijing.volces.com/doubao-seedance-1-0-pro/02176285467830100000000000000000000ffffac183380a0bc37.mp4?X-Tos-Algorithm=TOS4-HMAC-SHA256&X-Tos-Credential=AKLTYWJkZTExNjA1ZDUyNDc3YzhjNTM5OGIyNjBhNDcyOTQ%2F20251111%2Fcn-beijing%2Ftos%2Frequest&X-Tos-Date=20251111T095222Z&X-Tos-Expires=86400&X-Tos-Signature=8985ec4b5f57e8b8d125b3cad31d569e5a6f33579cc340e80a5442ae41f998a7&X-Tos-SignedHeaders=host', lastFrameUrl='null'}, usage=Usage{completionTokens=246840}, createdAt=1762854678, updatedAt=1762854742, seed=87131, revisedPrompt=null}
2025-11-11 17:53:06.111 [http-nio-8080-exec-2] INFO  com.sau.filter.JwtTokenFilter - JWT认证过滤器开始执行
2025-11-11 17:53:06.111 [http-nio-8080-exec-2] INFO  com.sau.filter.JwtTokenFilter - 请求路径：/refresh-token
2025-11-11 17:53:06.113 [http-nio-8080-exec-2] ERROR c.s.exception.GlobalExceptionHandler - 系统异常: 
org.springframework.web.HttpRequestMethodNotSupportedException: Request method 'POST' is not supported
	at org.springframework.web.servlet.mvc.method.RequestMappingInfoHandlerMapping.handleNoMatch(RequestMappingInfoHandlerMapping.java:267)
	at org.springframework.web.servlet.handler.AbstractHandlerMethodMapping.lookupHandlerMethod(AbstractHandlerMethodMapping.java:441)
	at org.springframework.web.servlet.handler.AbstractHandlerMethodMapping.getHandlerInternal(AbstractHandlerMethodMapping.java:382)
	at org.springframework.web.servlet.mvc.method.RequestMappingInfoHandlerMapping.getHandlerInternal(RequestMappingInfoHandlerMapping.java:127)
	at org.springframework.web.servlet.mvc.method.RequestMappingInfoHandlerMapping.getHandlerInternal(RequestMappingInfoHandlerMapping.java:68)
	at org.springframework.web.servlet.handler.AbstractHandlerMapping.getHandler(AbstractHandlerMapping.java:509)
	at org.springframework.web.servlet.DispatcherServlet.getHandler(DispatcherServlet.java:1284)
	at org.springframework.web.servlet.DispatcherServlet.doDispatch(DispatcherServlet.java:1065)
	at org.springframework.web.servlet.DispatcherServlet.doService(DispatcherServlet.java:979)
	at org.springframework.web.servlet.FrameworkServlet.processRequest(FrameworkServlet.java:1014)
	at org.springframework.web.servlet.FrameworkServlet.doPost(FrameworkServlet.java:914)
	at jakarta.servlet.http.HttpServlet.service(HttpServlet.java:590)
	at org.springframework.web.servlet.FrameworkServlet.service(FrameworkServlet.java:885)
	at jakarta.servlet.http.HttpServlet.service(HttpServlet.java:658)
	at org.apache.catalina.core.ApplicationFilterChain.internalDoFilter(ApplicationFilterChain.java:195)
	at org.apache.catalina.core.ApplicationFilterChain.doFilter(ApplicationFilterChain.java:140)
	at org.apache.tomcat.websocket.server.WsFilter.doFilter(WsFilter.java:51)
	at org.apache.catalina.core.ApplicationFilterChain.internalDoFilter(ApplicationFilterChain.java:164)
	at org.apache.catalina.core.ApplicationFilterChain.doFilter(ApplicationFilterChain.java:140)
	at org.springframework.web.filter.OncePerRequestFilter.doFilter(OncePerRequestFilter.java:110)
	at org.apache.catalina.core.ApplicationFilterChain.internalDoFilter(ApplicationFilterChain.java:164)
	at org.apache.catalina.core.ApplicationFilterChain.doFilter(ApplicationFilterChain.java:140)
	at org.springframework.web.filter.CompositeFilter$VirtualFilterChain.doFilter(CompositeFilter.java:108)
	at org.springframework.web.filter.CompositeFilter$VirtualFilterChain.doFilter(CompositeFilter.java:108)
	at org.springframework.security.web.FilterChainProxy.lambda$doFilterInternal$3(FilterChainProxy.java:231)
	at org.springframework.security.web.FilterChainProxy$VirtualFilterChain.doFilter(FilterChainProxy.java:365)
	at org.springframework.security.web.access.intercept.AuthorizationFilter.doFilter(AuthorizationFilter.java:101)
	at org.springframework.security.web.FilterChainProxy$VirtualFilterChain.doFilter(FilterChainProxy.java:374)
	at org.springframework.security.web.access.ExceptionTranslationFilter.doFilter(ExceptionTranslationFilter.java:125)
	at org.springframework.security.web.access.ExceptionTranslationFilter.doFilter(ExceptionTranslationFilter.java:119)
	at org.springframework.security.web.FilterChainProxy$VirtualFilterChain.doFilter(FilterChainProxy.java:374)
	at org.springframework.security.web.session.SessionManagementFilter.doFilter(SessionManagementFilter.java:131)
	at org.springframework.security.web.session.SessionManagementFilter.doFilter(SessionManagementFilter.java:85)
	at org.springframework.security.web.FilterChainProxy$VirtualFilterChain.doFilter(FilterChainProxy.java:374)
	at org.springframework.security.web.authentication.AnonymousAuthenticationFilter.doFilter(AnonymousAuthenticationFilter.java:100)
	at org.springframework.security.web.FilterChainProxy$VirtualFilterChain.doFilter(FilterChainProxy.java:374)
	at org.springframework.security.web.servletapi.SecurityContextHolderAwareRequestFilter.doFilter(SecurityContextHolderAwareRequestFilter.java:179)
	at org.springframework.security.web.FilterChainProxy$VirtualFilterChain.doFilter(FilterChainProxy.java:374)
	at org.springframework.security.web.savedrequest.RequestCacheAwareFilter.doFilter(RequestCacheAwareFilter.java:63)
	at org.springframework.security.web.FilterChainProxy$VirtualFilterChain.doFilter(FilterChainProxy.java:374)
	at com.sau.filter.JwtTokenFilter.doFilterInternal(JwtTokenFilter.java:57)
	at org.springframework.web.filter.OncePerRequestFilter.doFilter(OncePerRequestFilter.java:116)
	at org.springframework.security.web.FilterChainProxy$VirtualFilterChain.doFilter(FilterChainProxy.java:374)
	at org.springframework.security.web.header.HeaderWriterFilter.doHeadersAfter(HeaderWriterFilter.java:90)
	at org.springframework.security.web.header.HeaderWriterFilter.doFilterInternal(HeaderWriterFilter.java:75)
	at org.springframework.web.filter.OncePerRequestFilter.doFilter(OncePerRequestFilter.java:116)
	at org.springframework.security.web.FilterChainProxy$VirtualFilterChain.doFilter(FilterChainProxy.java:374)
	at org.springframework.security.web.context.SecurityContextHolderFilter.doFilter(SecurityContextHolderFilter.java:82)
	at org.springframework.security.web.context.SecurityContextHolderFilter.doFilter(SecurityContextHolderFilter.java:69)
	at org.springframework.security.web.FilterChainProxy$VirtualFilterChain.doFilter(FilterChainProxy.java:374)
	at org.springframework.security.web.context.request.async.WebAsyncManagerIntegrationFilter.doFilterInternal(WebAsyncManagerIntegrationFilter.java:62)
	at org.springframework.web.filter.OncePerRequestFilter.doFilter(OncePerRequestFilter.java:116)
	at org.springframework.security.web.FilterChainProxy$VirtualFilterChain.doFilter(FilterChainProxy.java:374)
	at org.springframework.security.web.session.DisableEncodeUrlFilter.doFilterInternal(DisableEncodeUrlFilter.java:42)
	at org.springframework.web.filter.OncePerRequestFilter.doFilter(OncePerRequestFilter.java:116)
	at org.springframework.security.web.FilterChainProxy$VirtualFilterChain.doFilter(FilterChainProxy.java:374)
	at org.springframework.security.web.FilterChainProxy.doFilterInternal(FilterChainProxy.java:233)
	at org.springframework.security.web.FilterChainProxy.doFilter(FilterChainProxy.java:191)
	at org.springframework.web.filter.CompositeFilter$VirtualFilterChain.doFilter(CompositeFilter.java:113)
	at org.springframework.web.filter.ServletRequestPathFilter.doFilter(ServletRequestPathFilter.java:52)
	at org.springframework.web.filter.CompositeFilter$VirtualFilterChain.doFilter(CompositeFilter.java:113)
	at org.springframework.web.filter.CompositeFilter.doFilter(CompositeFilter.java:74)
	at org.springframework.security.config.annotation.web.configuration.WebSecurityConfiguration$CompositeFilterChainProxy.doFilter(WebSecurityConfiguration.java:319)
	at org.springframework.web.filter.CompositeFilter$VirtualFilterChain.doFilter(CompositeFilter.java:113)
	at org.springframework.web.servlet.handler.HandlerMappingIntrospector.lambda$createCacheFilter$4(HandlerMappingIntrospector.java:267)
	at org.springframework.web.filter.CompositeFilter$VirtualFilterChain.doFilter(CompositeFilter.java:113)
	at org.springframework.web.filter.CompositeFilter.doFilter(CompositeFilter.java:74)
	at org.springframework.security.config.annotation.web.configuration.WebMvcSecurityConfiguration$CompositeFilterChainProxy.doFilter(WebMvcSecurityConfiguration.java:240)
	at org.springframework.web.filter.DelegatingFilterProxy.invokeDelegate(DelegatingFilterProxy.java:362)
	at org.springframework.web.filter.DelegatingFilterProxy.doFilter(DelegatingFilterProxy.java:278)
	at org.apache.catalina.core.ApplicationFilterChain.internalDoFilter(ApplicationFilterChain.java:164)
	at org.apache.catalina.core.ApplicationFilterChain.doFilter(ApplicationFilterChain.java:140)
	at org.springframework.web.filter.RequestContextFilter.doFilterInternal(RequestContextFilter.java:100)
	at org.springframework.web.filter.OncePerRequestFilter.doFilter(OncePerRequestFilter.java:116)
	at org.apache.catalina.core.ApplicationFilterChain.internalDoFilter(ApplicationFilterChain.java:164)
	at org.apache.catalina.core.ApplicationFilterChain.doFilter(ApplicationFilterChain.java:140)
	at org.springframework.web.filter.FormContentFilter.doFilterInternal(FormContentFilter.java:93)
	at org.springframework.web.filter.OncePerRequestFilter.doFilter(OncePerRequestFilter.java:116)
	at org.apache.catalina.core.ApplicationFilterChain.internalDoFilter(ApplicationFilterChain.java:164)
	at org.apache.catalina.core.ApplicationFilterChain.doFilter(ApplicationFilterChain.java:140)
	at org.springframework.web.filter.CharacterEncodingFilter.doFilterInternal(CharacterEncodingFilter.java:201)
	at org.springframework.web.filter.OncePerRequestFilter.doFilter(OncePerRequestFilter.java:116)
	at org.apache.catalina.core.ApplicationFilterChain.internalDoFilter(ApplicationFilterChain.java:164)
	at org.apache.catalina.core.ApplicationFilterChain.doFilter(ApplicationFilterChain.java:140)
	at org.apache.catalina.core.StandardWrapperValve.invoke(StandardWrapperValve.java:167)
	at org.apache.catalina.core.StandardContextValve.invoke(StandardContextValve.java:90)
	at org.apache.catalina.authenticator.AuthenticatorBase.invoke(AuthenticatorBase.java:483)
	at org.apache.catalina.core.StandardHostValve.invoke(StandardHostValve.java:116)
	at org.apache.catalina.valves.ErrorReportValve.invoke(ErrorReportValve.java:93)
	at org.apache.catalina.core.StandardEngineValve.invoke(StandardEngineValve.java:74)
	at org.apache.catalina.connector.CoyoteAdapter.service(CoyoteAdapter.java:344)
	at org.apache.coyote.http11.Http11Processor.service(Http11Processor.java:398)
	at org.apache.coyote.AbstractProcessorLight.process(AbstractProcessorLight.java:63)
	at org.apache.coyote.AbstractProtocol$ConnectionHandler.process(AbstractProtocol.java:903)
	at org.apache.tomcat.util.net.NioEndpoint$SocketProcessor.doRun(NioEndpoint.java:1776)
	at org.apache.tomcat.util.net.SocketProcessorBase.run(SocketProcessorBase.java:52)
	at org.apache.tomcat.util.threads.ThreadPoolExecutor.runWorker(ThreadPoolExecutor.java:975)
	at org.apache.tomcat.util.threads.ThreadPoolExecutor$Worker.run(ThreadPoolExecutor.java:493)
	at org.apache.tomcat.util.threads.TaskThread$WrappingRunnable.run(TaskThread.java:63)
	at java.base/java.lang.Thread.run(Thread.java:840)
2025-11-11 17:54:16.499 [http-nio-8080-exec-5] INFO  com.sau.filter.JwtTokenFilter - JWT认证过滤器开始执行
2025-11-11 17:54:16.499 [http-nio-8080-exec-5] INFO  com.sau.filter.JwtTokenFilter - 请求路径：/refresh-token
2025-11-11 17:54:16.502 [http-nio-8080-exec-5] INFO  c.sau.service.impl.AuthServiceImpl - 获取Cookie中的refreshToken：eyJhbGciOiJIUzI1NiJ9.eyJ1c2VySWQiOjEsInVzZXJuYW1lIjoiemhhb2ppbnl1IiwiZXhwIjoxNzYzNDU5MDg1fQ.PkT_Za_Da6biCVRtYO_Zijq2d7CfAor-l696CBOy2oI
2025-11-11 17:54:16.504 [http-nio-8080-exec-5] INFO  c.sau.service.impl.AuthServiceImpl - 获取Redis存储的refreshToken：eyJhbGciOiJIUzI1NiJ9.eyJ1c2VySWQiOjEsInVzZXJuYW1lIjoiemhhb2ppbnl1IiwiZXhwIjoxNzYzNDU5MDg1fQ.PkT_Za_Da6biCVRtYO_Zijq2d7CfAor-l696CBOy2oI
2025-11-11 17:54:16.504 [http-nio-8080-exec-5] INFO  c.sau.service.impl.AuthServiceImpl - 验证refreshToken成功
2025-11-11 17:54:16.504 [http-nio-8080-exec-5] WARN  c.sau.service.impl.AuthServiceImpl - 用户accessToken还未失效，请勿重复申请
2025-11-11 17:54:51.866 [http-nio-8080-exec-7] INFO  com.sau.filter.JwtTokenFilter - JWT认证过滤器开始执行
2025-11-11 17:54:51.866 [http-nio-8080-exec-7] INFO  com.sau.filter.JwtTokenFilter - 请求路径：/user/hasUsername
2025-11-11 17:54:51.866 [http-nio-8080-exec-7] INFO  com.sau.filter.JwtTokenFilter - 从请求头中获取Authorization：Bearer eyJhbGciOiJIUzI1NiJ9.eyJ1c2VySWQiOjEsInVzZXJuYW1lIjoiemhhb2ppbnl1IiwiZXhwIjoxNzYyODU1MTg1fQ.b1vYZiqfwjzefl7SfSs6W4GIPGjqPMh-X9KqQj_uO5o
2025-11-11 17:54:51.867 [http-nio-8080-exec-7] INFO  com.sau.filter.JwtTokenFilter - 解析成功：claims:{userId=1, username=zhaojinyu, exp=1762855185}
2025-11-11 17:54:51.868 [http-nio-8080-exec-7] INFO  com.sau.filter.JwtTokenFilter - 将当前用户ID保存在ThreadLocal中：1
2025-11-11 17:54:51.868 [http-nio-8080-exec-7] INFO  com.sau.filter.JwtTokenFilter - 校验成功
2025-11-11 17:54:51.875 [http-nio-8080-exec-7] INFO  com.sau.controller.UserController - 判断用户名是否存在: zhaojinyu
2025-11-11 17:54:51.890 [http-nio-8080-exec-7] INFO  com.zaxxer.hikari.HikariDataSource - HikariPool-1 - Starting...
2025-11-11 17:54:52.008 [http-nio-8080-exec-7] INFO  com.zaxxer.hikari.pool.HikariPool - HikariPool-1 - Added connection com.mysql.cj.jdbc.ConnectionImpl@6aa2ec8e
2025-11-11 17:54:52.009 [http-nio-8080-exec-7] INFO  com.zaxxer.hikari.HikariDataSource - HikariPool-1 - Start completed.
2025-11-11 18:44:54.258 [http-nio-8080-exec-10] INFO  com.sau.filter.JwtTokenFilter - JWT认证过滤器开始执行
2025-11-11 18:44:54.258 [http-nio-8080-exec-10] INFO  com.sau.filter.JwtTokenFilter - 请求路径：/user/hasEmail
2025-11-11 18:44:54.258 [http-nio-8080-exec-10] INFO  com.sau.filter.JwtTokenFilter - 从请求头中获取Authorization：Bearer eyJhbGciOiJIUzI1NiJ9.eyJ1c2VySWQiOjEsInVzZXJuYW1lIjoiemhhb2ppbnl1IiwiZXhwIjoxNzYyODU1MTg1fQ.b1vYZiqfwjzefl7SfSs6W4GIPGjqPMh-X9KqQj_uO5o
2025-11-11 18:44:54.260 [http-nio-8080-exec-10] ERROR com.sau.filter.JwtTokenFilter - 认证失败：未登录或令牌无效
2025-11-11 18:45:19.303 [http-nio-8080-exec-3] INFO  com.sau.filter.JwtTokenFilter - JWT认证过滤器开始执行
2025-11-11 18:45:19.303 [http-nio-8080-exec-3] INFO  com.sau.filter.JwtTokenFilter - 请求路径：/user/hasEmail
2025-11-11 18:45:19.303 [http-nio-8080-exec-3] INFO  com.sau.filter.JwtTokenFilter - 从请求头中获取Authorization：Bearer eyJhbGciOiJIUzI1NiJ9.eyJ1c2VySWQiOjEsInVzZXJuYW1lIjoiemhhb2ppbnl1IiwiZXhwIjoxNzYyODU1MTg1fQ.b1vYZiqfwjzefl7SfSs6W4GIPGjqPMh-X9KqQj_uO5o
2025-11-11 18:45:19.304 [http-nio-8080-exec-3] ERROR com.sau.filter.JwtTokenFilter - 认证失败：未登录或令牌无效
2025-11-11 18:45:25.925 [http-nio-8080-exec-1] INFO  com.sau.filter.JwtTokenFilter - JWT认证过滤器开始执行
2025-11-11 18:45:25.925 [http-nio-8080-exec-1] INFO  com.sau.filter.JwtTokenFilter - 请求路径：/login
2025-11-11 18:45:25.941 [http-nio-8080-exec-1] INFO  com.sau.controller.LoginController - 登录请求: 账号=zhaojinyu, rememberMe=true
2025-11-11 18:45:26.199 [http-nio-8080-exec-1] INFO  c.sau.service.impl.AuthServiceImpl - 登录成功，用户信息: User(id=1, name=赵瑾瑜, username=zhaojinyu, account=null, password=$2a$12$kFEfURVVsiK7ulY7UvnreegZkQGJFSIzBIUno1dtEq9rHr3.LzREK, email=88888@qq.com, phone=18866668888, image=https://java-ai-sau.oss-cn-beijing.aliyuncs.com/2025/04/312b700a-e1c7-42bf-aa23-5db8dc7121a6.jpg, status=1, userType=0, createTime=null, updateTime=null)
2025-11-11 18:45:26.219 [http-nio-8080-exec-1] INFO  c.sau.service.impl.AuthServiceImpl - 生成accessToken：eyJhbGciOiJIUzI1NiJ9.eyJ1c2VySWQiOjEsInVzZXJuYW1lIjoiemhhb2ppbnl1IiwiZXhwIjoxNzYyODU4ODI2fQ.0hYO2Q3PaNFdj8g0Yx5_-LP17uNslkvCP1KUZ8qkqaE
2025-11-11 18:45:26.228 [http-nio-8080-exec-1] INFO  com.sau.utils.RedisTokenUtils - 保存accessToken到Redis: access_token:1=eyJhbGciOiJIUzI1NiJ9.eyJ1c2VySWQiOjEsInVzZXJuYW1lIjoiemhhb2ppbnl1IiwiZXhwIjoxNzYyODU4ODI2fQ.0hYO2Q3PaNFdj8g0Yx5_-LP17uNslkvCP1KUZ8qkqaE
2025-11-11 18:45:26.229 [http-nio-8080-exec-1] INFO  c.sau.service.impl.AuthServiceImpl - 生成refreshToken：eyJhbGciOiJIUzI1NiJ9.eyJ1c2VySWQiOjEsInVzZXJuYW1lIjoiemhhb2ppbnl1IiwiZXhwIjoxNzYzNDYyNzI2fQ.B-k1syO_iHEh3a-OqiQdyulBTVbF7hXdBzkG2tSIqXc
2025-11-11 18:45:26.230 [http-nio-8080-exec-1] INFO  com.sau.utils.RedisTokenUtils - 保存refreshToken到Redis: refresh_token:1=eyJhbGciOiJIUzI1NiJ9.eyJ1c2VySWQiOjEsInVzZXJuYW1lIjoiemhhb2ppbnl1IiwiZXhwIjoxNzYzNDYyNzI2fQ.B-k1syO_iHEh3a-OqiQdyulBTVbF7hXdBzkG2tSIqXc
2025-11-11 18:45:26.230 [http-nio-8080-exec-1] INFO  com.sau.controller.LoginController - 设置refreshToken到Cookie: eyJhbGciOiJIUzI1NiJ9.eyJ1c2VySWQiOjEsInVzZXJuYW1lIjoiemhhb2ppbnl1IiwiZXhwIjoxNzYzNDYyNzI2fQ.B-k1syO_iHEh3a-OqiQdyulBTVbF7hXdBzkG2tSIqXc
2025-11-11 18:45:26.234 [http-nio-8080-exec-1] INFO  com.sau.aop.OperationLogAspect - 记录操作日志: OperateLog(id=null, operateUserId=null, operateTime=2025-11-11T18:45:26.233845400, className=com.sau.controller.LoginController, methodName=login, methodParams=[LoginDTO(account=zhaojinyu, password=123456, rememberMe=true), org.springframework.web.context.request.async.StandardServletAsyncWebRequest$LifecycleHttpServletResponse@2351c7ca], returnValue=Result(code=1, msg=null, data=LoginVO(username=zhaojinyu, avatar=https://java-ai-sau.oss-cn-beijing.aliyuncs.com/2025/04/312b700a-e1c7-42bf-aa23-5db8dc7121a6.jpg, token=eyJhbGciOiJIUzI1NiJ9.eyJ1c2VySWQiOjEsInVzZXJuYW1lIjoiemhhb2ppbnl1IiwiZXhwIjoxNzYyODU4ODI2fQ.0hYO2Q3PaNFdj8g0Yx5_-LP17uNslkvCP1KUZ8qkqaE)), costTime=292)
2025-11-11 18:46:02.407 [http-nio-8080-exec-2] INFO  com.sau.filter.JwtTokenFilter - JWT认证过滤器开始执行
2025-11-11 18:46:02.407 [http-nio-8080-exec-2] INFO  com.sau.filter.JwtTokenFilter - 请求路径：/user/hasEmail
2025-11-11 18:46:02.407 [http-nio-8080-exec-2] INFO  com.sau.filter.JwtTokenFilter - 从请求头中获取Authorization：Bearer eyJhbGciOiJIUzI1NiJ9.eyJ1c2VySWQiOjEsInVzZXJuYW1lIjoiemhhb2ppbnl1IiwiZXhwIjoxNzYyODU4ODI2fQ.0hYO2Q3PaNFdj8g0Yx5_-LP17uNslkvCP1KUZ8qkqaE
2025-11-11 18:46:02.408 [http-nio-8080-exec-2] INFO  com.sau.filter.JwtTokenFilter - 解析成功：claims:{userId=1, username=zhaojinyu, exp=1762858826}
2025-11-11 18:46:02.409 [http-nio-8080-exec-2] INFO  com.sau.filter.JwtTokenFilter - 将当前用户ID保存在ThreadLocal中：1
2025-11-11 18:46:02.409 [http-nio-8080-exec-2] INFO  com.sau.filter.JwtTokenFilter - 校验成功
2025-11-11 18:46:02.410 [http-nio-8080-exec-2] INFO  com.sau.controller.UserController - 判断邮箱是否存在: 776393086@qq.com
2025-11-11 18:48:53.938 [SpringApplicationShutdownHook] INFO  o.s.b.w.e.tomcat.GracefulShutdown - Commencing graceful shutdown. Waiting for active requests to complete
2025-11-11 18:48:54.744 [tomcat-shutdown] INFO  o.s.b.w.e.tomcat.GracefulShutdown - Graceful shutdown complete
2025-11-11 18:48:54.758 [SpringApplicationShutdownHook] INFO  com.zaxxer.hikari.HikariDataSource - HikariPool-1 - Shutdown initiated...
2025-11-11 18:48:54.761 [SpringApplicationShutdownHook] INFO  com.zaxxer.hikari.HikariDataSource - HikariPool-1 - Shutdown completed.
2025-11-11 19:09:37.848 [background-preinit] INFO  o.h.validator.internal.util.Version - HV000001: Hibernate Validator 8.0.3.Final
2025-11-11 19:09:37.881 [main] INFO  c.s.ECommerceImageSystemApplication - Starting ECommerceImageSystemApplication using Java 17.0.13 with PID 9784 (D:\Java\e-commerce-image-project\e-commerce-image-system\target\classes started by 77639 in D:\Java\e-commerce-image-project)
2025-11-11 19:09:37.882 [main] INFO  c.s.ECommerceImageSystemApplication - No active profile set, falling back to 1 default profile: "default"
2025-11-11 19:09:38.403 [main] INFO  o.s.d.r.c.RepositoryConfigurationDelegate - Multiple Spring Data modules found, entering strict repository configuration mode
2025-11-11 19:09:38.405 [main] INFO  o.s.d.r.c.RepositoryConfigurationDelegate - Bootstrapping Spring Data Redis repositories in DEFAULT mode.
2025-11-11 19:09:38.429 [main] INFO  o.s.d.r.c.RepositoryConfigurationDelegate - Finished Spring Data repository scanning in 11 ms. Found 0 Redis repository interfaces.
2025-11-11 19:09:38.981 [main] INFO  o.s.b.w.e.tomcat.TomcatWebServer - Tomcat initialized with port 8080 (http)
2025-11-11 19:09:38.991 [main] INFO  o.a.coyote.http11.Http11NioProtocol - Initializing ProtocolHandler ["http-nio-8080"]
2025-11-11 19:09:38.992 [main] INFO  o.a.catalina.core.StandardService - Starting service [Tomcat]
2025-11-11 19:09:38.992 [main] INFO  o.a.catalina.core.StandardEngine - Starting Servlet engine: [Apache Tomcat/10.1.46]
2025-11-11 19:09:39.062 [main] INFO  o.a.c.c.C.[Tomcat].[localhost].[/] - Initializing Spring embedded WebApplicationContext
2025-11-11 19:09:39.062 [main] INFO  o.s.b.w.s.c.ServletWebServerApplicationContext - Root WebApplicationContext: initialization completed in 1156 ms
2025-11-11 19:09:40.010 [main] INFO  o.a.coyote.http11.Http11NioProtocol - Starting ProtocolHandler ["http-nio-8080"]
2025-11-11 19:09:40.025 [main] INFO  o.s.b.w.e.tomcat.TomcatWebServer - Tomcat started on port 8080 (http) with context path '/'
2025-11-11 19:09:40.032 [main] INFO  c.s.ECommerceImageSystemApplication - Started ECommerceImageSystemApplication in 2.416 seconds (process running for 2.993)
2025-11-11 19:10:40.849 [http-nio-8080-exec-1] INFO  o.a.c.c.C.[Tomcat].[localhost].[/] - Initializing Spring DispatcherServlet 'dispatcherServlet'
2025-11-11 19:10:40.849 [http-nio-8080-exec-1] INFO  o.s.web.servlet.DispatcherServlet - Initializing Servlet 'dispatcherServlet'
2025-11-11 19:10:40.850 [http-nio-8080-exec-1] INFO  o.s.web.servlet.DispatcherServlet - Completed initialization in 1 ms
2025-11-11 19:10:40.865 [http-nio-8080-exec-1] INFO  com.sau.filter.JwtTokenFilter - JWT认证过滤器开始执行
2025-11-11 19:10:40.865 [http-nio-8080-exec-1] INFO  com.sau.filter.JwtTokenFilter - 请求路径：/login
2025-11-11 19:10:40.938 [http-nio-8080-exec-1] INFO  com.sau.controller.LoginController - 登录请求: 账号=zhaojinyu, rememberMe=false
2025-11-11 19:10:40.955 [http-nio-8080-exec-1] INFO  com.zaxxer.hikari.HikariDataSource - HikariPool-1 - Starting...
2025-11-11 19:10:41.212 [http-nio-8080-exec-1] INFO  com.zaxxer.hikari.pool.HikariPool - HikariPool-1 - Added connection com.mysql.cj.jdbc.ConnectionImpl@5ecb8d4
2025-11-11 19:10:41.214 [http-nio-8080-exec-1] INFO  com.zaxxer.hikari.HikariDataSource - HikariPool-1 - Start completed.
2025-11-11 19:10:41.531 [http-nio-8080-exec-1] INFO  c.sau.service.impl.AuthServiceImpl - 登录成功，用户信息: User(id=1, name=赵瑾瑜, username=zhaojinyu, account=null, password=$2a$12$kFEfURVVsiK7ulY7UvnreegZkQGJFSIzBIUno1dtEq9rHr3.LzREK, email=88888@qq.com, phone=18866668888, image=https://java-ai-sau.oss-cn-beijing.aliyuncs.com/2025/04/312b700a-e1c7-42bf-aa23-5db8dc7121a6.jpg, status=1, userType=0, createTime=null, updateTime=null)
2025-11-11 19:10:41.714 [http-nio-8080-exec-1] INFO  c.sau.service.impl.AuthServiceImpl - 生成accessToken：eyJhbGciOiJIUzI1NiJ9.eyJ1c2VySWQiOjEsInVzZXJuYW1lIjoiemhhb2ppbnl1IiwiZXhwIjoxNzYyODYwMzQxfQ.07ZdDTjIe2BIJ1oMT6tMLiN-Jw819MZT9QDA_yAN8tk
2025-11-11 19:10:42.061 [http-nio-8080-exec-1] INFO  com.sau.utils.RedisTokenUtils - 保存accessToken到Redis: access_token:1=eyJhbGciOiJIUzI1NiJ9.eyJ1c2VySWQiOjEsInVzZXJuYW1lIjoiemhhb2ppbnl1IiwiZXhwIjoxNzYyODYwMzQxfQ.07ZdDTjIe2BIJ1oMT6tMLiN-Jw819MZT9QDA_yAN8tk
2025-11-11 19:10:42.061 [http-nio-8080-exec-1] INFO  c.sau.service.impl.AuthServiceImpl - 生成refreshToken：eyJhbGciOiJIUzI1NiJ9.eyJ1c2VySWQiOjEsInVzZXJuYW1lIjoiemhhb2ppbnl1IiwiZXhwIjoxNzYyOTQ1ODQyfQ.UTNnKIP0vC-pxp_vWAeRrZhd0Jtm8IiQH1Cv2LxjEAA
2025-11-11 19:10:42.062 [http-nio-8080-exec-1] INFO  com.sau.utils.RedisTokenUtils - 保存refreshToken到Redis: refresh_token:1=eyJhbGciOiJIUzI1NiJ9.eyJ1c2VySWQiOjEsInVzZXJuYW1lIjoiemhhb2ppbnl1IiwiZXhwIjoxNzYyOTQ1ODQyfQ.UTNnKIP0vC-pxp_vWAeRrZhd0Jtm8IiQH1Cv2LxjEAA
2025-11-11 19:10:42.062 [http-nio-8080-exec-1] INFO  com.sau.controller.LoginController - 设置refreshToken到Cookie: eyJhbGciOiJIUzI1NiJ9.eyJ1c2VySWQiOjEsInVzZXJuYW1lIjoiemhhb2ppbnl1IiwiZXhwIjoxNzYyOTQ1ODQyfQ.UTNnKIP0vC-pxp_vWAeRrZhd0Jtm8IiQH1Cv2LxjEAA
2025-11-11 19:10:42.066 [http-nio-8080-exec-1] INFO  com.sau.aop.OperationLogAspect - 记录操作日志: OperateLog(id=null, operateUserId=null, operateTime=2025-11-11T19:10:42.065173700, className=com.sau.controller.LoginController, methodName=login, methodParams=[LoginDTO(account=zhaojinyu, password=123456, rememberMe=false), org.springframework.web.context.request.async.StandardServletAsyncWebRequest$LifecycleHttpServletResponse@daf834c], returnValue=Result(code=1, msg=null, data=LoginVO(username=zhaojinyu, avatar=https://java-ai-sau.oss-cn-beijing.aliyuncs.com/2025/04/312b700a-e1c7-42bf-aa23-5db8dc7121a6.jpg, token=eyJhbGciOiJIUzI1NiJ9.eyJ1c2VySWQiOjEsInVzZXJuYW1lIjoiemhhb2ppbnl1IiwiZXhwIjoxNzYyODYwMzQxfQ.07ZdDTjIe2BIJ1oMT6tMLiN-Jw819MZT9QDA_yAN8tk)), costTime=1127)
2025-11-11 19:11:12.841 [http-nio-8080-exec-3] INFO  com.sau.filter.JwtTokenFilter - JWT认证过滤器开始执行
2025-11-11 19:11:12.842 [http-nio-8080-exec-3] INFO  com.sau.filter.JwtTokenFilter - 请求路径：/generateImage
2025-11-11 19:11:12.843 [http-nio-8080-exec-3] INFO  com.sau.filter.JwtTokenFilter - 从请求头中获取Authorization：Bearer eyJhbGciOiJIUzI1NiJ9.eyJ1c2VySWQiOjEsInVzZXJuYW1lIjoiemhhb2ppbnl1IiwiZXhwIjoxNzYyODYwMzQxfQ.07ZdDTjIe2BIJ1oMT6tMLiN-Jw819MZT9QDA_yAN8tk
2025-11-11 19:11:12.853 [http-nio-8080-exec-3] INFO  com.sau.filter.JwtTokenFilter - 解析成功：claims:{userId=1, username=zhaojinyu, exp=1762860341}
2025-11-11 19:11:12.856 [http-nio-8080-exec-3] INFO  com.sau.filter.JwtTokenFilter - 将当前用户ID保存在ThreadLocal中：1
2025-11-11 19:11:12.856 [http-nio-8080-exec-3] INFO  com.sau.filter.JwtTokenFilter - 校验成功
2025-11-11 19:11:12.941 [http-nio-8080-exec-3] INFO  c.s.s.third.ImageGenerationService - 图片生成请求: 《我的世界》山水画
2025-11-11 19:14:35.389 [SpringApplicationShutdownHook] INFO  o.s.b.w.e.tomcat.GracefulShutdown - Commencing graceful shutdown. Waiting for active requests to complete
2025-11-11 19:14:35.718 [tomcat-shutdown] INFO  o.s.b.w.e.tomcat.GracefulShutdown - Graceful shutdown complete
2025-11-11 19:14:35.731 [SpringApplicationShutdownHook] INFO  com.zaxxer.hikari.HikariDataSource - HikariPool-1 - Shutdown initiated...
2025-11-11 19:14:35.734 [SpringApplicationShutdownHook] INFO  com.zaxxer.hikari.HikariDataSource - HikariPool-1 - Shutdown completed.
