2025-10-24 10:10:00.043 [main] INFO  o.s.t.c.s.AnnotationConfigContextLoaderUtils - Could not detect default configuration classes for test class [com.sau.ChatCompletionsTest]: ChatCompletionsTest does not declare any static, non-private, non-final, nested classes annotated with @Configuration.
2025-10-24 10:10:00.152 [main] INFO  o.s.b.t.c.SpringBootTestContextBootstrapper - Found @SpringBootConfiguration com.sau.ECommerceImageSystemApplication for test class com.sau.ChatCompletionsTest
2025-10-24 10:10:00.541 [background-preinit] INFO  o.h.validator.internal.util.Version - HV000001: Hibernate Validator 8.0.3.Final
2025-10-24 10:10:00.573 [main] INFO  com.sau.ChatCompletionsTest - Starting ChatCompletionsTest using Java 17.0.13 with PID 20188 (started by 77639 in D:\Java\e-commerce-image-project\e-commerce-image-system)
2025-10-24 10:10:00.574 [main] INFO  com.sau.ChatCompletionsTest - No active profile set, falling back to 1 default profile: "default"
2025-10-24 10:10:01.330 [main] INFO  o.s.d.r.c.RepositoryConfigurationDelegate - Multiple Spring Data modules found, entering strict repository configuration mode
2025-10-24 10:10:01.332 [main] INFO  o.s.d.r.c.RepositoryConfigurationDelegate - Bootstrapping Spring Data Redis repositories in DEFAULT mode.
2025-10-24 10:10:01.366 [main] INFO  o.s.d.r.c.RepositoryConfigurationDelegate - Finished Spring Data repository scanning in 12 ms. Found 0 Redis repository interfaces.
2025-10-24 10:10:04.619 [main] INFO  com.sau.ChatCompletionsTest - Started ChatCompletionsTest in 4.315 seconds (process running for 5.634)
2025-10-24 10:21:27.995 [main] INFO  o.s.t.c.s.AnnotationConfigContextLoaderUtils - Could not detect default configuration classes for test class [com.sau.ChatCompletionsTest]: ChatCompletionsTest does not declare any static, non-private, non-final, nested classes annotated with @Configuration.
2025-10-24 10:21:28.095 [main] INFO  o.s.b.t.c.SpringBootTestContextBootstrapper - Found @SpringBootConfiguration com.sau.ECommerceImageSystemApplication for test class com.sau.ChatCompletionsTest
2025-10-24 10:21:28.429 [background-preinit] INFO  o.h.validator.internal.util.Version - HV000001: Hibernate Validator 8.0.3.Final
2025-10-24 10:21:28.458 [main] INFO  com.sau.ChatCompletionsTest - Starting ChatCompletionsTest using Java 17.0.13 with PID 13456 (started by 77639 in D:\Java\e-commerce-image-project\e-commerce-image-system)
2025-10-24 10:21:28.459 [main] INFO  com.sau.ChatCompletionsTest - No active profile set, falling back to 1 default profile: "default"
2025-10-24 10:21:29.074 [main] INFO  o.s.d.r.c.RepositoryConfigurationDelegate - Multiple Spring Data modules found, entering strict repository configuration mode
2025-10-24 10:21:29.076 [main] INFO  o.s.d.r.c.RepositoryConfigurationDelegate - Bootstrapping Spring Data Redis repositories in DEFAULT mode.
2025-10-24 10:21:29.105 [main] INFO  o.s.d.r.c.RepositoryConfigurationDelegate - Finished Spring Data repository scanning in 11 ms. Found 0 Redis repository interfaces.
2025-10-24 10:21:31.968 [main] INFO  com.sau.ChatCompletionsTest - Started ChatCompletionsTest in 3.753 seconds (process running for 4.827)
2025-10-24 10:39:24.389 [main] INFO  o.s.t.c.s.AnnotationConfigContextLoaderUtils - Could not detect default configuration classes for test class [com.sau.ChatCompletionsTest]: ChatCompletionsTest does not declare any static, non-private, non-final, nested classes annotated with @Configuration.
2025-10-24 10:39:24.487 [main] INFO  o.s.b.t.c.SpringBootTestContextBootstrapper - Found @SpringBootConfiguration com.sau.ECommerceImageSystemApplication for test class com.sau.ChatCompletionsTest
2025-10-24 10:39:24.825 [background-preinit] INFO  o.h.validator.internal.util.Version - HV000001: Hibernate Validator 8.0.3.Final
2025-10-24 10:39:24.854 [main] INFO  com.sau.ChatCompletionsTest - Starting ChatCompletionsTest using Java 17.0.13 with PID 22024 (started by 77639 in D:\Java\e-commerce-image-project\e-commerce-image-system)
2025-10-24 10:39:24.854 [main] INFO  com.sau.ChatCompletionsTest - No active profile set, falling back to 1 default profile: "default"
2025-10-24 10:39:25.516 [main] INFO  o.s.d.r.c.RepositoryConfigurationDelegate - Multiple Spring Data modules found, entering strict repository configuration mode
2025-10-24 10:39:25.518 [main] INFO  o.s.d.r.c.RepositoryConfigurationDelegate - Bootstrapping Spring Data Redis repositories in DEFAULT mode.
2025-10-24 10:39:25.544 [main] INFO  o.s.d.r.c.RepositoryConfigurationDelegate - Finished Spring Data repository scanning in 12 ms. Found 0 Redis repository interfaces.
2025-10-24 10:39:28.679 [main] INFO  com.sau.ChatCompletionsTest - Started ChatCompletionsTest in 4.07 seconds (process running for 5.147)
2025-10-24 10:39:55.512 [main] INFO  o.s.t.c.s.AnnotationConfigContextLoaderUtils - Could not detect default configuration classes for test class [com.sau.ChatCompletionsTest]: ChatCompletionsTest does not declare any static, non-private, non-final, nested classes annotated with @Configuration.
2025-10-24 10:39:55.609 [main] INFO  o.s.b.t.c.SpringBootTestContextBootstrapper - Found @SpringBootConfiguration com.sau.ECommerceImageSystemApplication for test class com.sau.ChatCompletionsTest
2025-10-24 10:39:55.974 [background-preinit] INFO  o.h.validator.internal.util.Version - HV000001: Hibernate Validator 8.0.3.Final
2025-10-24 10:39:56.003 [main] INFO  com.sau.ChatCompletionsTest - Starting ChatCompletionsTest using Java 17.0.13 with PID 12836 (started by 77639 in D:\Java\e-commerce-image-project\e-commerce-image-system)
2025-10-24 10:39:56.004 [main] INFO  com.sau.ChatCompletionsTest - No active profile set, falling back to 1 default profile: "default"
2025-10-24 10:39:56.641 [main] INFO  o.s.d.r.c.RepositoryConfigurationDelegate - Multiple Spring Data modules found, entering strict repository configuration mode
2025-10-24 10:39:56.644 [main] INFO  o.s.d.r.c.RepositoryConfigurationDelegate - Bootstrapping Spring Data Redis repositories in DEFAULT mode.
2025-10-24 10:39:56.670 [main] INFO  o.s.d.r.c.RepositoryConfigurationDelegate - Finished Spring Data repository scanning in 10 ms. Found 0 Redis repository interfaces.
2025-10-24 10:39:59.483 [main] INFO  com.sau.ChatCompletionsTest - Started ChatCompletionsTest in 3.748 seconds (process running for 4.781)
2025-10-24 10:53:50.903 [main] INFO  o.s.t.c.s.AnnotationConfigContextLoaderUtils - Could not detect default configuration classes for test class [com.sau.ChatCompletionsTest]: ChatCompletionsTest does not declare any static, non-private, non-final, nested classes annotated with @Configuration.
2025-10-24 10:53:50.995 [main] INFO  o.s.b.t.c.SpringBootTestContextBootstrapper - Found @SpringBootConfiguration com.sau.ECommerceImageSystemApplication for test class com.sau.ChatCompletionsTest
2025-10-24 10:53:51.346 [background-preinit] INFO  o.h.validator.internal.util.Version - HV000001: Hibernate Validator 8.0.3.Final
2025-10-24 10:53:51.377 [main] INFO  com.sau.ChatCompletionsTest - Starting ChatCompletionsTest using Java 17.0.13 with PID 10984 (started by 77639 in D:\Java\e-commerce-image-project\e-commerce-image-system)
2025-10-24 10:53:51.378 [main] INFO  com.sau.ChatCompletionsTest - No active profile set, falling back to 1 default profile: "default"
2025-10-24 10:53:52.162 [main] INFO  o.s.d.r.c.RepositoryConfigurationDelegate - Multiple Spring Data modules found, entering strict repository configuration mode
2025-10-24 10:53:52.168 [main] INFO  o.s.d.r.c.RepositoryConfigurationDelegate - Bootstrapping Spring Data Redis repositories in DEFAULT mode.
2025-10-24 10:53:52.195 [main] INFO  o.s.d.r.c.RepositoryConfigurationDelegate - Finished Spring Data repository scanning in 11 ms. Found 0 Redis repository interfaces.
2025-10-24 10:53:54.975 [main] INFO  com.sau.ChatCompletionsTest - Started ChatCompletionsTest in 3.848 seconds (process running for 4.9)
2025-10-24 19:15:53.171 [main] INFO  o.s.t.c.s.AnnotationConfigContextLoaderUtils - Could not detect default configuration classes for test class [com.sau.ChatCompletionsTest]: ChatCompletionsTest does not declare any static, non-private, non-final, nested classes annotated with @Configuration.
2025-10-24 19:15:53.286 [main] INFO  o.s.b.t.c.SpringBootTestContextBootstrapper - Found @SpringBootConfiguration com.sau.ECommerceImageSystemApplication for test class com.sau.ChatCompletionsTest
2025-10-24 19:15:53.706 [background-preinit] INFO  o.h.validator.internal.util.Version - HV000001: Hibernate Validator 8.0.3.Final
2025-10-24 19:15:53.745 [main] INFO  com.sau.ChatCompletionsTest - Starting ChatCompletionsTest using Java 17.0.13 with PID 16852 (started by 77639 in D:\Java\e-commerce-image-project\e-commerce-image-system)
2025-10-24 19:15:53.745 [main] INFO  com.sau.ChatCompletionsTest - No active profile set, falling back to 1 default profile: "default"
2025-10-24 19:15:54.511 [main] INFO  o.s.d.r.c.RepositoryConfigurationDelegate - Multiple Spring Data modules found, entering strict repository configuration mode
2025-10-24 19:15:54.515 [main] INFO  o.s.d.r.c.RepositoryConfigurationDelegate - Bootstrapping Spring Data Redis repositories in DEFAULT mode.
2025-10-24 19:15:54.546 [main] INFO  o.s.d.r.c.RepositoryConfigurationDelegate - Finished Spring Data repository scanning in 13 ms. Found 0 Redis repository interfaces.
2025-10-24 19:15:58.103 [main] INFO  com.sau.ChatCompletionsTest - Started ChatCompletionsTest in 4.649 seconds (process running for 5.997)
2025-10-24 22:54:41.506 [main] INFO  o.s.t.c.s.AnnotationConfigContextLoaderUtils - Could not detect default configuration classes for test class [com.sau.ChatCompletionsTest]: ChatCompletionsTest does not declare any static, non-private, non-final, nested classes annotated with @Configuration.
2025-10-24 22:54:41.620 [main] INFO  o.s.b.t.c.SpringBootTestContextBootstrapper - Found @SpringBootConfiguration com.sau.ECommerceImageSystemApplication for test class com.sau.ChatCompletionsTest
2025-10-24 22:54:42.010 [background-preinit] INFO  o.h.validator.internal.util.Version - HV000001: Hibernate Validator 8.0.3.Final
2025-10-24 22:54:42.051 [main] INFO  com.sau.ChatCompletionsTest - Starting ChatCompletionsTest using Java 17.0.13 with PID 19844 (started by 77639 in D:\Java\e-commerce-image-project\e-commerce-image-system)
2025-10-24 22:54:42.051 [main] INFO  com.sau.ChatCompletionsTest - No active profile set, falling back to 1 default profile: "default"
2025-10-24 22:54:42.776 [main] INFO  o.s.d.r.c.RepositoryConfigurationDelegate - Multiple Spring Data modules found, entering strict repository configuration mode
2025-10-24 22:54:42.779 [main] INFO  o.s.d.r.c.RepositoryConfigurationDelegate - Bootstrapping Spring Data Redis repositories in DEFAULT mode.
2025-10-24 22:54:42.809 [main] INFO  o.s.d.r.c.RepositoryConfigurationDelegate - Finished Spring Data repository scanning in 13 ms. Found 0 Redis repository interfaces.
2025-10-24 22:54:45.847 [main] INFO  com.sau.ChatCompletionsTest - Started ChatCompletionsTest in 4.066 seconds (process running for 5.387)
