2025-11-07 00:19:27.221 [SpringApplicationShutdownHook] INFO  o.s.b.w.e.tomcat.GracefulShutdown - Commencing graceful shutdown. Waiting for active requests to complete
2025-11-07 00:19:27.543 [tomcat-shutdown] INFO  o.s.b.w.e.tomcat.GracefulShutdown - Graceful shutdown complete
2025-11-07 00:19:31.788 [background-preinit] INFO  o.h.validator.internal.util.Version - HV000001: Hibernate Validator 8.0.3.Final
2025-11-07 00:19:31.820 [main] INFO  c.s.ECommerceImageSystemApplication - Starting ECommerceImageSystemApplication using Java 17.0.13 with PID 2044 (D:\Java\e-commerce-image-project\e-commerce-image-system\target\classes started by 77639 in D:\Java\e-commerce-image-project)
2025-11-07 00:19:31.828 [main] INFO  c.s.ECommerceImageSystemApplication - No active profile set, falling back to 1 default profile: "default"
2025-11-07 00:19:32.318 [main] INFO  o.s.d.r.c.RepositoryConfigurationDelegate - Multiple Spring Data modules found, entering strict repository configuration mode
2025-11-07 00:19:32.320 [main] INFO  o.s.d.r.c.RepositoryConfigurationDelegate - Bootstrapping Spring Data Redis repositories in DEFAULT mode.
2025-11-07 00:19:32.342 [main] INFO  o.s.d.r.c.RepositoryConfigurationDelegate - Finished Spring Data repository scanning in 11 ms. Found 0 Redis repository interfaces.
2025-11-07 00:19:32.856 [main] INFO  o.s.b.w.e.tomcat.TomcatWebServer - Tomcat initialized with port 8080 (http)
2025-11-07 00:19:32.864 [main] INFO  o.a.coyote.http11.Http11NioProtocol - Initializing ProtocolHandler ["http-nio-8080"]
2025-11-07 00:19:32.865 [main] INFO  o.a.catalina.core.StandardService - Starting service [Tomcat]
2025-11-07 00:19:32.865 [main] INFO  o.a.catalina.core.StandardEngine - Starting Servlet engine: [Apache Tomcat/10.1.46]
2025-11-07 00:19:32.928 [main] INFO  o.a.c.c.C.[Tomcat].[localhost].[/] - Initializing Spring embedded WebApplicationContext
2025-11-07 00:19:32.929 [main] INFO  o.s.b.w.s.c.ServletWebServerApplicationContext - Root WebApplicationContext: initialization completed in 1075 ms
2025-11-07 00:19:33.847 [main] INFO  o.a.coyote.http11.Http11NioProtocol - Starting ProtocolHandler ["http-nio-8080"]
2025-11-07 00:19:33.860 [main] INFO  o.s.b.w.e.tomcat.TomcatWebServer - Tomcat started on port 8080 (http) with context path '/'
2025-11-07 00:19:33.868 [main] INFO  c.s.ECommerceImageSystemApplication - Started ECommerceImageSystemApplication in 2.304 seconds (process running for 2.826)
2025-11-07 00:19:52.074 [http-nio-8080-exec-1] INFO  o.a.c.c.C.[Tomcat].[localhost].[/] - Initializing Spring DispatcherServlet 'dispatcherServlet'
2025-11-07 00:19:52.074 [http-nio-8080-exec-1] INFO  o.s.web.servlet.DispatcherServlet - Initializing Servlet 'dispatcherServlet'
2025-11-07 00:19:52.075 [http-nio-8080-exec-1] INFO  o.s.web.servlet.DispatcherServlet - Completed initialization in 1 ms
2025-11-07 00:19:52.089 [http-nio-8080-exec-1] INFO  com.sau.filter.JwtTokenFilter - JWT认证过滤器开始执行
2025-11-07 00:19:52.089 [http-nio-8080-exec-1] INFO  com.sau.filter.JwtTokenFilter - 请求路径：/login
2025-11-07 00:19:52.158 [http-nio-8080-exec-1] INFO  com.sau.controller.LoginController - 登录请求: 账号=zhaojinyu, rememberMe=true
2025-11-07 00:19:52.172 [http-nio-8080-exec-1] INFO  com.zaxxer.hikari.HikariDataSource - HikariPool-1 - Starting...
2025-11-07 00:19:52.449 [http-nio-8080-exec-1] INFO  com.zaxxer.hikari.pool.HikariPool - HikariPool-1 - Added connection com.mysql.cj.jdbc.ConnectionImpl@53752588
2025-11-07 00:19:52.450 [http-nio-8080-exec-1] INFO  com.zaxxer.hikari.HikariDataSource - HikariPool-1 - Start completed.
2025-11-07 00:19:52.768 [http-nio-8080-exec-1] INFO  c.sau.service.impl.AuthServiceImpl - 登录成功，用户信息: User(id=1, name=赵瑾瑜, username=zhaojinyu, account=null, password=$2a$12$kFEfURVVsiK7ulY7UvnreegZkQGJFSIzBIUno1dtEq9rHr3.LzREK, email=88888@qq.com, phone=18866668888, image=https://java-ai-sau.oss-cn-beijing.aliyuncs.com/2025/04/312b700a-e1c7-42bf-aa23-5db8dc7121a6.jpg, status=1, userType=0, createTime=null, updateTime=null)
2025-11-07 00:19:52.954 [http-nio-8080-exec-1] INFO  c.sau.service.impl.AuthServiceImpl - 生成accessToken：eyJhbGciOiJIUzI1NiJ9.eyJ1c2VySWQiOjEsInVzZXJuYW1lIjoiemhhb2ppbnl1IiwiZXhwIjoxNzYyNDQ2ODkyfQ.N8V1CwNtwqFEavf1PFnleYzVpqEKJuGMA0K9jo3TNk0
2025-11-07 00:19:52.954 [http-nio-8080-exec-1] INFO  c.sau.service.impl.AuthServiceImpl - 生成refreshToken：eyJhbGciOiJIUzI1NiJ9.eyJ1c2VySWQiOjEsInVzZXJuYW1lIjoiemhhb2ppbnl1IiwiZXhwIjoxNzYzMDUwNzkyfQ.WS_cvcSSw3HEtqI6CkYltbXF-z03q1jfyLb5knP_qgQ
2025-11-07 00:19:53.287 [http-nio-8080-exec-1] INFO  com.sau.utils.RedisTokenUtils - 保存refreshToken到Redis: refresh_token:1=eyJhbGciOiJIUzI1NiJ9.eyJ1c2VySWQiOjEsInVzZXJuYW1lIjoiemhhb2ppbnl1IiwiZXhwIjoxNzYzMDUwNzkyfQ.WS_cvcSSw3HEtqI6CkYltbXF-z03q1jfyLb5knP_qgQ
2025-11-07 00:19:53.287 [http-nio-8080-exec-1] INFO  com.sau.controller.LoginController - 设置refreshToken到Cookie: eyJhbGciOiJIUzI1NiJ9.eyJ1c2VySWQiOjEsInVzZXJuYW1lIjoiemhhb2ppbnl1IiwiZXhwIjoxNzYzMDUwNzkyfQ.WS_cvcSSw3HEtqI6CkYltbXF-z03q1jfyLb5knP_qgQ
2025-11-07 00:19:53.291 [http-nio-8080-exec-1] INFO  com.sau.aop.OperationLogAspect - 记录操作日志: OperateLog(id=null, operateUserId=null, operateTime=2025-11-07T00:19:53.290931300, className=com.sau.controller.LoginController, methodName=login, methodParams=[LoginDTO(account=zhaojinyu, password=123456, rememberMe=true), org.springframework.web.context.request.async.StandardServletAsyncWebRequest$LifecycleHttpServletResponse@45a0e4d8], returnValue=Result(code=1, msg=null, data=LoginVO(username=zhaojinyu, avatar=https://java-ai-sau.oss-cn-beijing.aliyuncs.com/2025/04/312b700a-e1c7-42bf-aa23-5db8dc7121a6.jpg, token=eyJhbGciOiJIUzI1NiJ9.eyJ1c2VySWQiOjEsInVzZXJuYW1lIjoiemhhb2ppbnl1IiwiZXhwIjoxNzYyNDQ2ODkyfQ.N8V1CwNtwqFEavf1PFnleYzVpqEKJuGMA0K9jo3TNk0)), costTime=1132)
2025-11-07 00:21:24.924 [http-nio-8080-exec-5] INFO  com.sau.filter.JwtTokenFilter - JWT认证过滤器开始执行
2025-11-07 00:21:24.924 [http-nio-8080-exec-5] INFO  com.sau.filter.JwtTokenFilter - 请求路径：/refresh-token
2025-11-07 00:21:24.925 [http-nio-8080-exec-5] INFO  c.sau.service.impl.AuthServiceImpl - 获取Cookie中的refreshToken：eyJhbGciOiJIUzI1NiJ9.eyJ1c2VySWQiOjEsInVzZXJuYW1lIjoiemhhb2ppbnl1IiwiZXhwIjoxNzYzMDUwNzkyfQ.WS_cvcSSw3HEtqI6CkYltbXF-z03q1jfyLb5knP_qgQ
2025-11-07 00:21:24.938 [http-nio-8080-exec-5] INFO  c.sau.service.impl.AuthServiceImpl - 获取Redis存储的refreshToken：eyJhbGciOiJIUzI1NiJ9.eyJ1c2VySWQiOjEsInVzZXJuYW1lIjoiemhhb2ppbnl1IiwiZXhwIjoxNzYzMDUwNzkyfQ.WS_cvcSSw3HEtqI6CkYltbXF-z03q1jfyLb5knP_qgQ
2025-11-07 00:21:24.938 [http-nio-8080-exec-5] INFO  c.sau.service.impl.AuthServiceImpl - 验证refreshToken成功
2025-11-07 00:21:24.938 [http-nio-8080-exec-5] INFO  c.sau.service.impl.AuthServiceImpl - 生成新的refreshToken：eyJhbGciOiJIUzI1NiJ9.eyJ1c2VySWQiOjEsInVzZXJuYW1lIjoiemhhb2ppbnl1IiwiZXhwIjoxNzYzMDUwODg0fQ.8IZsK_H_gv3La4DNo63G1fXYZPnPwn783yQI7gOOUxo
2025-11-07 00:22:01.174 [http-nio-8080-exec-6] INFO  com.sau.filter.JwtTokenFilter - JWT认证过滤器开始执行
2025-11-07 00:22:01.175 [http-nio-8080-exec-6] INFO  com.sau.filter.JwtTokenFilter - 请求路径：/refresh-token
2025-11-07 00:22:01.176 [http-nio-8080-exec-6] INFO  c.sau.service.impl.AuthServiceImpl - 获取Cookie中的refreshToken：eyJhbGciOiJIUzI1NiJ9.eyJ1c2VySWQiOjEsInVzZXJuYW1lIjoiemhhb2ppbnl1IiwiZXhwIjoxNzYzMDUwNzkyfQ.WS_cvcSSw3HEtqI6CkYltbXF-z03q1jfyLb5knP_qgQ
2025-11-07 00:22:01.178 [http-nio-8080-exec-6] INFO  c.sau.service.impl.AuthServiceImpl - 获取Redis存储的refreshToken：eyJhbGciOiJIUzI1NiJ9.eyJ1c2VySWQiOjEsInVzZXJuYW1lIjoiemhhb2ppbnl1IiwiZXhwIjoxNzYzMDUwNzkyfQ.WS_cvcSSw3HEtqI6CkYltbXF-z03q1jfyLb5knP_qgQ
2025-11-07 00:22:01.179 [http-nio-8080-exec-6] INFO  c.sau.service.impl.AuthServiceImpl - 验证refreshToken成功
2025-11-07 00:22:01.179 [http-nio-8080-exec-6] INFO  c.sau.service.impl.AuthServiceImpl - 生成新的refreshToken：eyJhbGciOiJIUzI1NiJ9.eyJ1c2VySWQiOjEsInVzZXJuYW1lIjoiemhhb2ppbnl1IiwiZXhwIjoxNzYzMDUwOTIxfQ.W0_GepJComT-VROxsmVS5qeCUEGaxN9eHmx4G--xuB0
2025-11-07 00:24:38.035 [SpringApplicationShutdownHook] INFO  o.s.b.w.e.tomcat.GracefulShutdown - Commencing graceful shutdown. Waiting for active requests to complete
2025-11-07 00:24:38.381 [tomcat-shutdown] INFO  o.s.b.w.e.tomcat.GracefulShutdown - Graceful shutdown complete
2025-11-07 00:24:38.394 [SpringApplicationShutdownHook] INFO  com.zaxxer.hikari.HikariDataSource - HikariPool-1 - Shutdown initiated...
2025-11-07 00:24:38.400 [SpringApplicationShutdownHook] INFO  com.zaxxer.hikari.HikariDataSource - HikariPool-1 - Shutdown completed.
2025-11-07 00:24:41.692 [background-preinit] INFO  o.h.validator.internal.util.Version - HV000001: Hibernate Validator 8.0.3.Final
2025-11-07 00:24:41.723 [main] INFO  c.s.ECommerceImageSystemApplication - Starting ECommerceImageSystemApplication using Java 17.0.13 with PID 26412 (D:\Java\e-commerce-image-project\e-commerce-image-system\target\classes started by 77639 in D:\Java\e-commerce-image-project)
2025-11-07 00:24:41.723 [main] INFO  c.s.ECommerceImageSystemApplication - No active profile set, falling back to 1 default profile: "default"
2025-11-07 00:24:42.249 [main] INFO  o.s.d.r.c.RepositoryConfigurationDelegate - Multiple Spring Data modules found, entering strict repository configuration mode
2025-11-07 00:24:42.251 [main] INFO  o.s.d.r.c.RepositoryConfigurationDelegate - Bootstrapping Spring Data Redis repositories in DEFAULT mode.
2025-11-07 00:24:42.274 [main] INFO  o.s.d.r.c.RepositoryConfigurationDelegate - Finished Spring Data repository scanning in 12 ms. Found 0 Redis repository interfaces.
2025-11-07 00:24:42.794 [main] INFO  o.s.b.w.e.tomcat.TomcatWebServer - Tomcat initialized with port 8080 (http)
2025-11-07 00:24:42.803 [main] INFO  o.a.coyote.http11.Http11NioProtocol - Initializing ProtocolHandler ["http-nio-8080"]
2025-11-07 00:24:42.804 [main] INFO  o.a.catalina.core.StandardService - Starting service [Tomcat]
2025-11-07 00:24:42.804 [main] INFO  o.a.catalina.core.StandardEngine - Starting Servlet engine: [Apache Tomcat/10.1.46]
2025-11-07 00:24:42.873 [main] INFO  o.a.c.c.C.[Tomcat].[localhost].[/] - Initializing Spring embedded WebApplicationContext
2025-11-07 00:24:42.873 [main] INFO  o.s.b.w.s.c.ServletWebServerApplicationContext - Root WebApplicationContext: initialization completed in 1126 ms
2025-11-07 00:24:43.808 [main] INFO  o.a.coyote.http11.Http11NioProtocol - Starting ProtocolHandler ["http-nio-8080"]
2025-11-07 00:24:43.821 [main] INFO  o.s.b.w.e.tomcat.TomcatWebServer - Tomcat started on port 8080 (http) with context path '/'
2025-11-07 00:24:43.829 [main] INFO  c.s.ECommerceImageSystemApplication - Started ECommerceImageSystemApplication in 2.367 seconds (process running for 2.891)
2025-11-07 00:25:15.865 [http-nio-8080-exec-1] INFO  o.a.c.c.C.[Tomcat].[localhost].[/] - Initializing Spring DispatcherServlet 'dispatcherServlet'
2025-11-07 00:25:15.866 [http-nio-8080-exec-1] INFO  o.s.web.servlet.DispatcherServlet - Initializing Servlet 'dispatcherServlet'
2025-11-07 00:25:15.867 [http-nio-8080-exec-1] INFO  o.s.web.servlet.DispatcherServlet - Completed initialization in 1 ms
2025-11-07 00:25:15.883 [http-nio-8080-exec-1] INFO  com.sau.filter.JwtTokenFilter - JWT认证过滤器开始执行
2025-11-07 00:25:15.883 [http-nio-8080-exec-1] INFO  com.sau.filter.JwtTokenFilter - 请求路径：/refresh-token
2025-11-07 00:25:15.897 [http-nio-8080-exec-1] INFO  c.sau.service.impl.AuthServiceImpl - 获取Cookie中的refreshToken：eyJhbGciOiJIUzI1NiJ9.eyJ1c2VySWQiOjEsInVzZXJuYW1lIjoiemhhb2ppbnl1IiwiZXhwIjoxNzYzMDUwNzkyfQ.WS_cvcSSw3HEtqI6CkYltbXF-z03q1jfyLb5knP_qgQ
2025-11-07 00:25:16.438 [http-nio-8080-exec-1] INFO  c.sau.service.impl.AuthServiceImpl - 获取Redis存储的refreshToken：eyJhbGciOiJIUzI1NiJ9.eyJ1c2VySWQiOjEsInVzZXJuYW1lIjoiemhhb2ppbnl1IiwiZXhwIjoxNzYzMDUwNzkyfQ.WS_cvcSSw3HEtqI6CkYltbXF-z03q1jfyLb5knP_qgQ
2025-11-07 00:25:16.438 [http-nio-8080-exec-1] INFO  c.sau.service.impl.AuthServiceImpl - 验证refreshToken成功
2025-11-07 00:25:16.462 [http-nio-8080-exec-1] INFO  c.sau.service.impl.AuthServiceImpl - 生成新的accessToken：eyJhbGciOiJIUzI1NiJ9.eyJ1c2VySWQiOjEsInVzZXJuYW1lIjoiemhhb2ppbnl1IiwiZXhwIjoxNzYzMDUxMTE2fQ.p37NNdLBb0n0VSoPpryXFrO9EziFiAJkFP-OW0seyjs
2025-11-07 01:20:04.053 [SpringApplicationShutdownHook] INFO  o.s.b.w.e.tomcat.GracefulShutdown - Commencing graceful shutdown. Waiting for active requests to complete
2025-11-07 01:20:04.408 [tomcat-shutdown] INFO  o.s.b.w.e.tomcat.GracefulShutdown - Graceful shutdown complete
2025-11-07 01:20:08.415 [background-preinit] INFO  o.h.validator.internal.util.Version - HV000001: Hibernate Validator 8.0.3.Final
2025-11-07 01:20:08.449 [main] INFO  c.s.ECommerceImageSystemApplication - Starting ECommerceImageSystemApplication using Java 17.0.13 with PID 11220 (D:\Java\e-commerce-image-project\e-commerce-image-system\target\classes started by 77639 in D:\Java\e-commerce-image-project)
2025-11-07 01:20:08.450 [main] INFO  c.s.ECommerceImageSystemApplication - No active profile set, falling back to 1 default profile: "default"
2025-11-07 01:20:08.972 [main] INFO  o.s.d.r.c.RepositoryConfigurationDelegate - Multiple Spring Data modules found, entering strict repository configuration mode
2025-11-07 01:20:08.973 [main] INFO  o.s.d.r.c.RepositoryConfigurationDelegate - Bootstrapping Spring Data Redis repositories in DEFAULT mode.
2025-11-07 01:20:08.995 [main] INFO  o.s.d.r.c.RepositoryConfigurationDelegate - Finished Spring Data repository scanning in 10 ms. Found 0 Redis repository interfaces.
2025-11-07 01:20:09.520 [main] INFO  o.s.b.w.e.tomcat.TomcatWebServer - Tomcat initialized with port 8080 (http)
2025-11-07 01:20:09.528 [main] INFO  o.a.coyote.http11.Http11NioProtocol - Initializing ProtocolHandler ["http-nio-8080"]
2025-11-07 01:20:09.531 [main] INFO  o.a.catalina.core.StandardService - Starting service [Tomcat]
2025-11-07 01:20:09.531 [main] INFO  o.a.catalina.core.StandardEngine - Starting Servlet engine: [Apache Tomcat/10.1.46]
2025-11-07 01:20:09.594 [main] INFO  o.a.c.c.C.[Tomcat].[localhost].[/] - Initializing Spring embedded WebApplicationContext
2025-11-07 01:20:09.594 [main] INFO  o.s.b.w.s.c.ServletWebServerApplicationContext - Root WebApplicationContext: initialization completed in 1120 ms
2025-11-07 01:20:10.532 [main] INFO  o.a.coyote.http11.Http11NioProtocol - Starting ProtocolHandler ["http-nio-8080"]
2025-11-07 01:20:10.544 [main] INFO  o.s.b.w.e.tomcat.TomcatWebServer - Tomcat started on port 8080 (http) with context path '/'
2025-11-07 01:20:10.551 [main] INFO  c.s.ECommerceImageSystemApplication - Started ECommerceImageSystemApplication in 2.369 seconds (process running for 2.91)
2025-11-07 01:20:21.863 [http-nio-8080-exec-3] INFO  o.a.c.c.C.[Tomcat].[localhost].[/] - Initializing Spring DispatcherServlet 'dispatcherServlet'
2025-11-07 01:20:21.863 [http-nio-8080-exec-3] INFO  o.s.web.servlet.DispatcherServlet - Initializing Servlet 'dispatcherServlet'
2025-11-07 01:20:21.864 [http-nio-8080-exec-3] INFO  o.s.web.servlet.DispatcherServlet - Completed initialization in 1 ms
2025-11-07 01:20:21.878 [http-nio-8080-exec-3] INFO  com.sau.filter.JwtTokenFilter - JWT认证过滤器开始执行
2025-11-07 01:20:21.878 [http-nio-8080-exec-3] INFO  com.sau.filter.JwtTokenFilter - 请求路径：/user/hasUsername
2025-11-07 01:20:21.878 [http-nio-8080-exec-3] INFO  com.sau.filter.JwtTokenFilter - 从请求头中获取Authorization：Bearer eyJhbGci123456OiJIUzI1NiJ9.eyJ1c2VySWQiOjEsInVzZXJuYW1lIjoiemhhb2ppbnl1IiwiZXhwIjoxNzYyNDQ2ODkyfQ.N8V1CwNtwqFEavf1PFnleYzVpqEKJuGMA0K9jo3TNk0
2025-11-07 01:20:21.908 [http-nio-8080-exec-3] INFO  com.sau.filter.JwtTokenFilter - 解析失败：未登录或令牌无效
2025-11-07 01:21:41.287 [http-nio-8080-exec-5] INFO  com.sau.filter.JwtTokenFilter - JWT认证过滤器开始执行
2025-11-07 01:21:41.287 [http-nio-8080-exec-5] INFO  com.sau.filter.JwtTokenFilter - 请求路径：/login
2025-11-07 01:21:41.346 [http-nio-8080-exec-5] INFO  com.sau.controller.LoginController - 登录请求: 账号=zhaojinyu, rememberMe=true
2025-11-07 01:21:41.360 [http-nio-8080-exec-5] INFO  com.zaxxer.hikari.HikariDataSource - HikariPool-1 - Starting...
2025-11-07 01:21:41.570 [http-nio-8080-exec-5] INFO  com.zaxxer.hikari.pool.HikariPool - HikariPool-1 - Added connection com.mysql.cj.jdbc.ConnectionImpl@322ad27e
2025-11-07 01:21:41.572 [http-nio-8080-exec-5] INFO  com.zaxxer.hikari.HikariDataSource - HikariPool-1 - Start completed.
2025-11-07 01:21:41.884 [http-nio-8080-exec-5] INFO  c.sau.service.impl.AuthServiceImpl - 登录成功，用户信息: User(id=1, name=赵瑾瑜, username=zhaojinyu, account=null, password=$2a$12$kFEfURVVsiK7ulY7UvnreegZkQGJFSIzBIUno1dtEq9rHr3.LzREK, email=88888@qq.com, phone=18866668888, image=https://java-ai-sau.oss-cn-beijing.aliyuncs.com/2025/04/312b700a-e1c7-42bf-aa23-5db8dc7121a6.jpg, status=1, userType=0, createTime=null, updateTime=null)
2025-11-07 01:21:42.043 [http-nio-8080-exec-5] INFO  c.sau.service.impl.AuthServiceImpl - 生成accessToken：eyJhbGciOiJIUzI1NiJ9.eyJ1c2VySWQiOjEsInVzZXJuYW1lIjoiemhhb2ppbnl1IiwiZXhwIjoxNzYyNDUwNjAyfQ.u-1UFupgXZ_6gvdiZKWrgzoMjJixktElhAq2svn3IMk
2025-11-07 01:21:42.368 [http-nio-8080-exec-5] INFO  com.sau.utils.RedisTokenUtils - 保存refreshToken到Redis: refresh_token:1=eyJhbGciOiJIUzI1NiJ9.eyJ1c2VySWQiOjEsInVzZXJuYW1lIjoiemhhb2ppbnl1IiwiZXhwIjoxNzYyNDUwNjAyfQ.u-1UFupgXZ_6gvdiZKWrgzoMjJixktElhAq2svn3IMk
2025-11-07 01:21:42.368 [http-nio-8080-exec-5] INFO  c.sau.service.impl.AuthServiceImpl - 生成refreshToken：eyJhbGciOiJIUzI1NiJ9.eyJ1c2VySWQiOjEsInVzZXJuYW1lIjoiemhhb2ppbnl1IiwiZXhwIjoxNzYzMDU0NTAyfQ.HBeFOu8VE9MHtXd5KqKuTj8J-MjrxxzI8Q5H4vDWqrM
2025-11-07 01:21:42.369 [http-nio-8080-exec-5] INFO  com.sau.utils.RedisTokenUtils - 保存refreshToken到Redis: refresh_token:1=eyJhbGciOiJIUzI1NiJ9.eyJ1c2VySWQiOjEsInVzZXJuYW1lIjoiemhhb2ppbnl1IiwiZXhwIjoxNzYzMDU0NTAyfQ.HBeFOu8VE9MHtXd5KqKuTj8J-MjrxxzI8Q5H4vDWqrM
2025-11-07 01:21:42.369 [http-nio-8080-exec-5] INFO  com.sau.controller.LoginController - 设置refreshToken到Cookie: eyJhbGciOiJIUzI1NiJ9.eyJ1c2VySWQiOjEsInVzZXJuYW1lIjoiemhhb2ppbnl1IiwiZXhwIjoxNzYzMDU0NTAyfQ.HBeFOu8VE9MHtXd5KqKuTj8J-MjrxxzI8Q5H4vDWqrM
2025-11-07 01:21:42.372 [http-nio-8080-exec-5] INFO  com.sau.aop.OperationLogAspect - 记录操作日志: OperateLog(id=null, operateUserId=null, operateTime=2025-11-07T01:21:42.371759900, className=com.sau.controller.LoginController, methodName=login, methodParams=[LoginDTO(account=zhaojinyu, password=123456, rememberMe=true), org.springframework.web.context.request.async.StandardServletAsyncWebRequest$LifecycleHttpServletResponse@43282204], returnValue=Result(code=1, msg=null, data=LoginVO(username=zhaojinyu, avatar=https://java-ai-sau.oss-cn-beijing.aliyuncs.com/2025/04/312b700a-e1c7-42bf-aa23-5db8dc7121a6.jpg, token=eyJhbGciOiJIUzI1NiJ9.eyJ1c2VySWQiOjEsInVzZXJuYW1lIjoiemhhb2ppbnl1IiwiZXhwIjoxNzYyNDUwNjAyfQ.u-1UFupgXZ_6gvdiZKWrgzoMjJixktElhAq2svn3IMk)), costTime=1025)
2025-11-07 01:23:29.628 [SpringApplicationShutdownHook] INFO  o.s.b.w.e.tomcat.GracefulShutdown - Commencing graceful shutdown. Waiting for active requests to complete
2025-11-07 01:23:29.976 [tomcat-shutdown] INFO  o.s.b.w.e.tomcat.GracefulShutdown - Graceful shutdown complete
2025-11-07 01:23:29.985 [SpringApplicationShutdownHook] INFO  com.zaxxer.hikari.HikariDataSource - HikariPool-1 - Shutdown initiated...
2025-11-07 01:23:29.989 [SpringApplicationShutdownHook] INFO  com.zaxxer.hikari.HikariDataSource - HikariPool-1 - Shutdown completed.
2025-11-07 01:23:33.359 [background-preinit] INFO  o.h.validator.internal.util.Version - HV000001: Hibernate Validator 8.0.3.Final
2025-11-07 01:23:33.392 [main] INFO  c.s.ECommerceImageSystemApplication - Starting ECommerceImageSystemApplication using Java 17.0.13 with PID 21356 (D:\Java\e-commerce-image-project\e-commerce-image-system\target\classes started by 77639 in D:\Java\e-commerce-image-project)
2025-11-07 01:23:33.393 [main] INFO  c.s.ECommerceImageSystemApplication - No active profile set, falling back to 1 default profile: "default"
2025-11-07 01:23:33.905 [main] INFO  o.s.d.r.c.RepositoryConfigurationDelegate - Multiple Spring Data modules found, entering strict repository configuration mode
2025-11-07 01:23:33.907 [main] INFO  o.s.d.r.c.RepositoryConfigurationDelegate - Bootstrapping Spring Data Redis repositories in DEFAULT mode.
2025-11-07 01:23:33.929 [main] INFO  o.s.d.r.c.RepositoryConfigurationDelegate - Finished Spring Data repository scanning in 11 ms. Found 0 Redis repository interfaces.
2025-11-07 01:23:34.470 [main] INFO  o.s.b.w.e.tomcat.TomcatWebServer - Tomcat initialized with port 8080 (http)
2025-11-07 01:23:34.479 [main] INFO  o.a.coyote.http11.Http11NioProtocol - Initializing ProtocolHandler ["http-nio-8080"]
2025-11-07 01:23:34.481 [main] INFO  o.a.catalina.core.StandardService - Starting service [Tomcat]
2025-11-07 01:23:34.481 [main] INFO  o.a.catalina.core.StandardEngine - Starting Servlet engine: [Apache Tomcat/10.1.46]
2025-11-07 01:23:34.546 [main] INFO  o.a.c.c.C.[Tomcat].[localhost].[/] - Initializing Spring embedded WebApplicationContext
2025-11-07 01:23:34.546 [main] INFO  o.s.b.w.s.c.ServletWebServerApplicationContext - Root WebApplicationContext: initialization completed in 1128 ms
2025-11-07 01:23:35.514 [main] INFO  o.a.coyote.http11.Http11NioProtocol - Starting ProtocolHandler ["http-nio-8080"]
2025-11-07 01:23:35.528 [main] INFO  o.s.b.w.e.tomcat.TomcatWebServer - Tomcat started on port 8080 (http) with context path '/'
2025-11-07 01:23:35.535 [main] INFO  c.s.ECommerceImageSystemApplication - Started ECommerceImageSystemApplication in 2.415 seconds (process running for 2.973)
2025-11-07 01:23:40.176 [http-nio-8080-exec-5] INFO  o.a.c.c.C.[Tomcat].[localhost].[/] - Initializing Spring DispatcherServlet 'dispatcherServlet'
2025-11-07 01:23:40.176 [http-nio-8080-exec-5] INFO  o.s.web.servlet.DispatcherServlet - Initializing Servlet 'dispatcherServlet'
2025-11-07 01:23:40.177 [http-nio-8080-exec-5] INFO  o.s.web.servlet.DispatcherServlet - Completed initialization in 0 ms
2025-11-07 01:23:40.193 [http-nio-8080-exec-5] INFO  com.sau.filter.JwtTokenFilter - JWT认证过滤器开始执行
2025-11-07 01:23:40.193 [http-nio-8080-exec-5] INFO  com.sau.filter.JwtTokenFilter - 请求路径：/login
2025-11-07 01:23:40.264 [http-nio-8080-exec-5] INFO  com.sau.controller.LoginController - 登录请求: 账号=zhaojinyu, rememberMe=true
2025-11-07 01:23:40.278 [http-nio-8080-exec-5] INFO  com.zaxxer.hikari.HikariDataSource - HikariPool-1 - Starting...
2025-11-07 01:23:40.494 [http-nio-8080-exec-5] INFO  com.zaxxer.hikari.pool.HikariPool - HikariPool-1 - Added connection com.mysql.cj.jdbc.ConnectionImpl@22de618f
2025-11-07 01:23:40.496 [http-nio-8080-exec-5] INFO  com.zaxxer.hikari.HikariDataSource - HikariPool-1 - Start completed.
2025-11-07 01:23:40.814 [http-nio-8080-exec-5] INFO  c.sau.service.impl.AuthServiceImpl - 登录成功，用户信息: User(id=1, name=赵瑾瑜, username=zhaojinyu, account=null, password=$2a$12$kFEfURVVsiK7ulY7UvnreegZkQGJFSIzBIUno1dtEq9rHr3.LzREK, email=88888@qq.com, phone=18866668888, image=https://java-ai-sau.oss-cn-beijing.aliyuncs.com/2025/04/312b700a-e1c7-42bf-aa23-5db8dc7121a6.jpg, status=1, userType=0, createTime=null, updateTime=null)
2025-11-07 01:23:40.985 [http-nio-8080-exec-5] INFO  c.sau.service.impl.AuthServiceImpl - 生成accessToken：eyJhbGciOiJIUzI1NiJ9.eyJ1c2VySWQiOjEsInVzZXJuYW1lIjoiemhhb2ppbnl1IiwiZXhwIjoxNzYyNDUwNzIwfQ.Cs6HvOB_DAHfgr3ZnEFO0K1660RtMzSaEGnEmj1wh38
2025-11-07 01:23:41.311 [http-nio-8080-exec-5] INFO  com.sau.utils.RedisTokenUtils - 保存accessToken到Redis: access_token:1=eyJhbGciOiJIUzI1NiJ9.eyJ1c2VySWQiOjEsInVzZXJuYW1lIjoiemhhb2ppbnl1IiwiZXhwIjoxNzYyNDUwNzIwfQ.Cs6HvOB_DAHfgr3ZnEFO0K1660RtMzSaEGnEmj1wh38
2025-11-07 01:23:41.311 [http-nio-8080-exec-5] INFO  c.sau.service.impl.AuthServiceImpl - 生成refreshToken：eyJhbGciOiJIUzI1NiJ9.eyJ1c2VySWQiOjEsInVzZXJuYW1lIjoiemhhb2ppbnl1IiwiZXhwIjoxNzYzMDU0NjIxfQ.CsIKjda_OAqcF0EvsQdZRHaxaMUHq2RcmK17BZ5nybs
2025-11-07 01:23:41.312 [http-nio-8080-exec-5] INFO  com.sau.utils.RedisTokenUtils - 保存refreshToken到Redis: refresh_token:1=eyJhbGciOiJIUzI1NiJ9.eyJ1c2VySWQiOjEsInVzZXJuYW1lIjoiemhhb2ppbnl1IiwiZXhwIjoxNzYzMDU0NjIxfQ.CsIKjda_OAqcF0EvsQdZRHaxaMUHq2RcmK17BZ5nybs
2025-11-07 01:23:41.312 [http-nio-8080-exec-5] INFO  com.sau.controller.LoginController - 设置refreshToken到Cookie: eyJhbGciOiJIUzI1NiJ9.eyJ1c2VySWQiOjEsInVzZXJuYW1lIjoiemhhb2ppbnl1IiwiZXhwIjoxNzYzMDU0NjIxfQ.CsIKjda_OAqcF0EvsQdZRHaxaMUHq2RcmK17BZ5nybs
2025-11-07 01:23:41.315 [http-nio-8080-exec-5] INFO  com.sau.aop.OperationLogAspect - 记录操作日志: OperateLog(id=null, operateUserId=null, operateTime=2025-11-07T01:23:41.314762600, className=com.sau.controller.LoginController, methodName=login, methodParams=[LoginDTO(account=zhaojinyu, password=123456, rememberMe=true), org.springframework.web.context.request.async.StandardServletAsyncWebRequest$LifecycleHttpServletResponse@13d336aa], returnValue=Result(code=1, msg=null, data=LoginVO(username=zhaojinyu, avatar=https://java-ai-sau.oss-cn-beijing.aliyuncs.com/2025/04/312b700a-e1c7-42bf-aa23-5db8dc7121a6.jpg, token=eyJhbGciOiJIUzI1NiJ9.eyJ1c2VySWQiOjEsInVzZXJuYW1lIjoiemhhb2ppbnl1IiwiZXhwIjoxNzYyNDUwNzIwfQ.Cs6HvOB_DAHfgr3ZnEFO0K1660RtMzSaEGnEmj1wh38)), costTime=1050)
2025-11-07 01:26:13.958 [http-nio-8080-exec-3] INFO  com.sau.filter.JwtTokenFilter - JWT认证过滤器开始执行
2025-11-07 01:26:13.959 [http-nio-8080-exec-3] INFO  com.sau.filter.JwtTokenFilter - 请求路径：/user/hasUsername
2025-11-07 01:26:13.959 [http-nio-8080-exec-3] INFO  com.sau.filter.JwtTokenFilter - 从请求头中获取Authorization：Bearer eyJhbGci123456OiJIUzI1NiJ9.eyJ1c2VySWQiOjEsInVzZXJuYW1lIjoiemhhb2ppbnl1IiwiZXhwIjoxNzYyNDQ2ODkyfQ.N8V1CwNtwqFEavf1PFnleYzVpqEKJuGMA0K9jo3TNk0
2025-11-07 01:26:13.967 [http-nio-8080-exec-3] INFO  com.sau.filter.JwtTokenFilter - 解析失败：未登录或令牌无效
2025-11-07 01:26:45.823 [http-nio-8080-exec-6] INFO  com.sau.filter.JwtTokenFilter - JWT认证过滤器开始执行
2025-11-07 01:26:45.823 [http-nio-8080-exec-6] INFO  com.sau.filter.JwtTokenFilter - 请求路径：/user/hasUsername
2025-11-07 01:26:45.823 [http-nio-8080-exec-6] INFO  com.sau.filter.JwtTokenFilter - 从请求头中获取Authorization：Bearer eyJhbGciOiJIUzI1NiJ9.eyJ1c2VySWQiOjEsInVzZXJuYW1lIjoiemhhb2ppbnl1IiwiZXhwIjoxNzYyNDUwNzIwfQ.Cs6HvOB_DAHfgr3ZnEFO0K1660RtMzSaEGnEmj1wh38
2025-11-07 01:26:45.825 [http-nio-8080-exec-6] INFO  com.sau.filter.JwtTokenFilter - 解析成功：claims:{userId=1, username=zhaojinyu, exp=1762450720}
2025-11-07 01:26:45.828 [http-nio-8080-exec-6] INFO  com.sau.filter.JwtTokenFilter - 将当前用户ID保存在ThreadLocal中：1
2025-11-07 01:26:45.828 [http-nio-8080-exec-6] INFO  com.sau.filter.JwtTokenFilter - 校验成功
2025-11-07 01:26:45.835 [http-nio-8080-exec-6] INFO  com.sau.controller.UserController - 判断用户名是否存在: zhaojinyu
2025-11-07 01:27:42.002 [http-nio-8080-exec-7] INFO  com.sau.filter.JwtTokenFilter - JWT认证过滤器开始执行
2025-11-07 01:27:42.002 [http-nio-8080-exec-7] INFO  com.sau.filter.JwtTokenFilter - 请求路径：/logout
2025-11-07 01:27:42.002 [http-nio-8080-exec-7] INFO  com.sau.filter.JwtTokenFilter - 从请求头中获取Authorization：Bearer eyJhbGciOiJIUzI1NiJ9.eyJ1c2VySWQiOjEsInVzZXJuYW1lIjoiemhhb2ppbnl1IiwiZXhwIjoxNzYyNDUwNzIwfQ.Cs6HvOB_DAHfgr3ZnEFO0K1660RtMzSaEGnEmj1wh38
2025-11-07 01:27:42.003 [http-nio-8080-exec-7] INFO  com.sau.filter.JwtTokenFilter - 解析成功：claims:{userId=1, username=zhaojinyu, exp=1762450720}
2025-11-07 01:27:42.004 [http-nio-8080-exec-7] INFO  com.sau.filter.JwtTokenFilter - 将当前用户ID保存在ThreadLocal中：1
2025-11-07 01:27:42.004 [http-nio-8080-exec-7] INFO  com.sau.filter.JwtTokenFilter - 校验成功
2025-11-07 01:27:42.005 [http-nio-8080-exec-7] INFO  com.sau.controller.LoginController - 退出登录请求
2025-11-07 01:27:42.007 [http-nio-8080-exec-7] INFO  c.sau.service.impl.AuthServiceImpl - 删除Redis中存储的accessToken成功
2025-11-07 01:27:42.008 [http-nio-8080-exec-7] INFO  c.sau.service.impl.AuthServiceImpl - 删除Redis中存储的refreshToken成功
2025-11-07 01:27:42.008 [http-nio-8080-exec-7] INFO  com.sau.controller.LoginController - 退出登录成功
2025-11-07 01:28:08.487 [http-nio-8080-exec-8] INFO  com.sau.filter.JwtTokenFilter - JWT认证过滤器开始执行
2025-11-07 01:28:08.487 [http-nio-8080-exec-8] INFO  com.sau.filter.JwtTokenFilter - 请求路径：/user/hasUsername
2025-11-07 01:28:08.487 [http-nio-8080-exec-8] INFO  com.sau.filter.JwtTokenFilter - 从请求头中获取Authorization：Bearer eyJhbGciOiJIUzI1NiJ9.eyJ1c2VySWQiOjEsInVzZXJuYW1lIjoiemhhb2ppbnl1IiwiZXhwIjoxNzYyNDUwNzIwfQ.Cs6HvOB_DAHfgr3ZnEFO0K1660RtMzSaEGnEmj1wh38
2025-11-07 01:28:08.488 [http-nio-8080-exec-8] INFO  com.sau.filter.JwtTokenFilter - 解析成功：claims:{userId=1, username=zhaojinyu, exp=1762450720}
2025-11-07 01:28:08.490 [http-nio-8080-exec-8] INFO  com.sau.filter.JwtTokenFilter - 当前accessToken未在Redis中
2025-11-07 01:28:55.732 [http-nio-8080-exec-10] INFO  com.sau.filter.JwtTokenFilter - JWT认证过滤器开始执行
2025-11-07 01:28:55.732 [http-nio-8080-exec-10] INFO  com.sau.filter.JwtTokenFilter - 请求路径：/login
2025-11-07 01:28:55.733 [http-nio-8080-exec-10] INFO  com.sau.controller.LoginController - 登录请求: 账号=zhaojinyu, rememberMe=true
2025-11-07 01:28:55.991 [http-nio-8080-exec-10] INFO  c.sau.service.impl.AuthServiceImpl - 登录成功，用户信息: User(id=1, name=赵瑾瑜, username=zhaojinyu, account=null, password=$2a$12$kFEfURVVsiK7ulY7UvnreegZkQGJFSIzBIUno1dtEq9rHr3.LzREK, email=88888@qq.com, phone=18866668888, image=https://java-ai-sau.oss-cn-beijing.aliyuncs.com/2025/04/312b700a-e1c7-42bf-aa23-5db8dc7121a6.jpg, status=1, userType=0, createTime=null, updateTime=null)
2025-11-07 01:28:55.992 [http-nio-8080-exec-10] INFO  c.sau.service.impl.AuthServiceImpl - 生成accessToken：eyJhbGciOiJIUzI1NiJ9.eyJ1c2VySWQiOjEsInVzZXJuYW1lIjoiemhhb2ppbnl1IiwiZXhwIjoxNzYyNDUxMDM1fQ.iJ-RiR0JcIWmnF7d9fIwk3ktNEPic3hG9PN1cl9Xu_4
2025-11-07 01:28:55.993 [http-nio-8080-exec-10] INFO  com.sau.utils.RedisTokenUtils - 保存accessToken到Redis: access_token:1=eyJhbGciOiJIUzI1NiJ9.eyJ1c2VySWQiOjEsInVzZXJuYW1lIjoiemhhb2ppbnl1IiwiZXhwIjoxNzYyNDUxMDM1fQ.iJ-RiR0JcIWmnF7d9fIwk3ktNEPic3hG9PN1cl9Xu_4
2025-11-07 01:28:55.993 [http-nio-8080-exec-10] INFO  c.sau.service.impl.AuthServiceImpl - 生成refreshToken：eyJhbGciOiJIUzI1NiJ9.eyJ1c2VySWQiOjEsInVzZXJuYW1lIjoiemhhb2ppbnl1IiwiZXhwIjoxNzYzMDU0OTM1fQ.MUzcSuAqKWiu82AdWPenSvW30RqNRK8_xJn4zPUhXhY
2025-11-07 01:28:55.994 [http-nio-8080-exec-10] INFO  com.sau.utils.RedisTokenUtils - 保存refreshToken到Redis: refresh_token:1=eyJhbGciOiJIUzI1NiJ9.eyJ1c2VySWQiOjEsInVzZXJuYW1lIjoiemhhb2ppbnl1IiwiZXhwIjoxNzYzMDU0OTM1fQ.MUzcSuAqKWiu82AdWPenSvW30RqNRK8_xJn4zPUhXhY
2025-11-07 01:28:55.994 [http-nio-8080-exec-10] INFO  com.sau.controller.LoginController - 设置refreshToken到Cookie: eyJhbGciOiJIUzI1NiJ9.eyJ1c2VySWQiOjEsInVzZXJuYW1lIjoiemhhb2ppbnl1IiwiZXhwIjoxNzYzMDU0OTM1fQ.MUzcSuAqKWiu82AdWPenSvW30RqNRK8_xJn4zPUhXhY
2025-11-07 01:28:55.994 [http-nio-8080-exec-10] INFO  com.sau.aop.OperationLogAspect - 记录操作日志: OperateLog(id=null, operateUserId=null, operateTime=2025-11-07T01:28:55.994249500, className=com.sau.controller.LoginController, methodName=login, methodParams=[LoginDTO(account=zhaojinyu, password=123456, rememberMe=true), org.springframework.web.context.request.async.StandardServletAsyncWebRequest$LifecycleHttpServletResponse@38411d6b], returnValue=Result(code=1, msg=null, data=LoginVO(username=zhaojinyu, avatar=https://java-ai-sau.oss-cn-beijing.aliyuncs.com/2025/04/312b700a-e1c7-42bf-aa23-5db8dc7121a6.jpg, token=eyJhbGciOiJIUzI1NiJ9.eyJ1c2VySWQiOjEsInVzZXJuYW1lIjoiemhhb2ppbnl1IiwiZXhwIjoxNzYyNDUxMDM1fQ.iJ-RiR0JcIWmnF7d9fIwk3ktNEPic3hG9PN1cl9Xu_4)), costTime=261)
2025-11-07 01:29:28.255 [http-nio-8080-exec-9] INFO  com.sau.filter.JwtTokenFilter - JWT认证过滤器开始执行
2025-11-07 01:29:28.256 [http-nio-8080-exec-9] INFO  com.sau.filter.JwtTokenFilter - 请求路径：/user/hasUsername
2025-11-07 01:29:28.256 [http-nio-8080-exec-9] INFO  com.sau.filter.JwtTokenFilter - 从请求头中获取Authorization：Bearer eyJhbGciOiJIUzI1NiJ9.eyJ1c2VySWQiOjEsInVzZXJuYW1lIjoiemhhb2ppbnl1IiwiZXhwIjoxNzYyNDUxMDM1fQ.iJ-RiR0JcIWmnF7d9fIwk3ktNEPic3hG9PN1cl9Xu_4
2025-11-07 01:29:28.257 [http-nio-8080-exec-9] INFO  com.sau.filter.JwtTokenFilter - 解析成功：claims:{userId=1, username=zhaojinyu, exp=1762451035}
2025-11-07 01:29:28.258 [http-nio-8080-exec-9] INFO  com.sau.filter.JwtTokenFilter - 将当前用户ID保存在ThreadLocal中：1
2025-11-07 01:29:28.258 [http-nio-8080-exec-9] INFO  com.sau.filter.JwtTokenFilter - 校验成功
2025-11-07 01:29:28.258 [http-nio-8080-exec-9] INFO  com.sau.controller.UserController - 判断用户名是否存在: zhaojinyu
2025-11-07 01:29:39.656 [http-nio-8080-exec-1] INFO  com.sau.filter.JwtTokenFilter - JWT认证过滤器开始执行
2025-11-07 01:29:39.657 [http-nio-8080-exec-1] INFO  com.sau.filter.JwtTokenFilter - 请求路径：/refresh-token
2025-11-07 01:29:39.657 [http-nio-8080-exec-1] INFO  c.sau.service.impl.AuthServiceImpl - 获取Cookie中的refreshToken：eyJhbGciOiJIUzI1NiJ9.eyJ1c2VySWQiOjEsInVzZXJuYW1lIjoiemhhb2ppbnl1IiwiZXhwIjoxNzYzMDU0OTM1fQ.MUzcSuAqKWiu82AdWPenSvW30RqNRK8_xJn4zPUhXhY
2025-11-07 01:29:39.659 [http-nio-8080-exec-1] INFO  c.sau.service.impl.AuthServiceImpl - 获取Redis存储的refreshToken：eyJhbGciOiJIUzI1NiJ9.eyJ1c2VySWQiOjEsInVzZXJuYW1lIjoiemhhb2ppbnl1IiwiZXhwIjoxNzYzMDU0OTM1fQ.MUzcSuAqKWiu82AdWPenSvW30RqNRK8_xJn4zPUhXhY
2025-11-07 01:29:39.659 [http-nio-8080-exec-1] INFO  c.sau.service.impl.AuthServiceImpl - 验证refreshToken成功
2025-11-07 01:29:39.660 [http-nio-8080-exec-1] WARN  c.sau.service.impl.AuthServiceImpl - 用户accessToken还未失效，请勿重复申请
2025-11-07 01:30:52.293 [http-nio-8080-exec-4] INFO  com.sau.filter.JwtTokenFilter - JWT认证过滤器开始执行
2025-11-07 01:30:52.293 [http-nio-8080-exec-4] INFO  com.sau.filter.JwtTokenFilter - 请求路径：/refresh-token
2025-11-07 01:30:58.660 [SpringApplicationShutdownHook] INFO  o.s.b.w.e.tomcat.GracefulShutdown - Commencing graceful shutdown. Waiting for active requests to complete
2025-11-07 01:30:58.984 [tomcat-shutdown] INFO  o.s.b.w.e.tomcat.GracefulShutdown - Graceful shutdown complete
2025-11-07 01:30:58.997 [SpringApplicationShutdownHook] INFO  com.zaxxer.hikari.HikariDataSource - HikariPool-1 - Shutdown initiated...
2025-11-07 01:30:59.002 [SpringApplicationShutdownHook] INFO  com.zaxxer.hikari.HikariDataSource - HikariPool-1 - Shutdown completed.
2025-11-07 01:31:04.150 [background-preinit] INFO  o.h.validator.internal.util.Version - HV000001: Hibernate Validator 8.0.3.Final
2025-11-07 01:31:04.180 [main] INFO  c.s.ECommerceImageSystemApplication - Starting ECommerceImageSystemApplication using Java 17.0.13 with PID 16100 (D:\Java\e-commerce-image-project\e-commerce-image-system\target\classes started by 77639 in D:\Java\e-commerce-image-project)
2025-11-07 01:31:04.181 [main] INFO  c.s.ECommerceImageSystemApplication - No active profile set, falling back to 1 default profile: "default"
2025-11-07 01:31:04.682 [main] INFO  o.s.d.r.c.RepositoryConfigurationDelegate - Multiple Spring Data modules found, entering strict repository configuration mode
2025-11-07 01:31:04.684 [main] INFO  o.s.d.r.c.RepositoryConfigurationDelegate - Bootstrapping Spring Data Redis repositories in DEFAULT mode.
2025-11-07 01:31:04.709 [main] INFO  o.s.d.r.c.RepositoryConfigurationDelegate - Finished Spring Data repository scanning in 13 ms. Found 0 Redis repository interfaces.
2025-11-07 01:31:05.244 [main] INFO  o.s.b.w.e.tomcat.TomcatWebServer - Tomcat initialized with port 8080 (http)
2025-11-07 01:31:05.253 [main] INFO  o.a.coyote.http11.Http11NioProtocol - Initializing ProtocolHandler ["http-nio-8080"]
2025-11-07 01:31:05.254 [main] INFO  o.a.catalina.core.StandardService - Starting service [Tomcat]
2025-11-07 01:31:05.254 [main] INFO  o.a.catalina.core.StandardEngine - Starting Servlet engine: [Apache Tomcat/10.1.46]
2025-11-07 01:31:05.325 [main] INFO  o.a.c.c.C.[Tomcat].[localhost].[/] - Initializing Spring embedded WebApplicationContext
2025-11-07 01:31:05.325 [main] INFO  o.s.b.w.s.c.ServletWebServerApplicationContext - Root WebApplicationContext: initialization completed in 1121 ms
2025-11-07 01:31:06.263 [main] INFO  o.a.coyote.http11.Http11NioProtocol - Starting ProtocolHandler ["http-nio-8080"]
2025-11-07 01:31:06.276 [main] INFO  o.s.b.w.e.tomcat.TomcatWebServer - Tomcat started on port 8080 (http) with context path '/'
2025-11-07 01:31:06.283 [main] INFO  c.s.ECommerceImageSystemApplication - Started ECommerceImageSystemApplication in 2.362 seconds (process running for 2.886)
2025-11-07 01:31:10.432 [http-nio-8080-exec-2] INFO  o.a.c.c.C.[Tomcat].[localhost].[/] - Initializing Spring DispatcherServlet 'dispatcherServlet'
2025-11-07 01:31:10.432 [http-nio-8080-exec-2] INFO  o.s.web.servlet.DispatcherServlet - Initializing Servlet 'dispatcherServlet'
2025-11-07 01:31:10.433 [http-nio-8080-exec-2] INFO  o.s.web.servlet.DispatcherServlet - Completed initialization in 1 ms
2025-11-07 01:31:10.451 [http-nio-8080-exec-2] INFO  com.sau.filter.JwtTokenFilter - JWT认证过滤器开始执行
2025-11-07 01:31:10.452 [http-nio-8080-exec-2] INFO  com.sau.filter.JwtTokenFilter - 请求路径：/refresh-token
2025-11-07 01:32:00.895 [SpringApplicationShutdownHook] INFO  o.s.b.w.e.tomcat.GracefulShutdown - Commencing graceful shutdown. Waiting for active requests to complete
2025-11-07 01:32:01.238 [tomcat-shutdown] INFO  o.s.b.w.e.tomcat.GracefulShutdown - Graceful shutdown complete
2025-11-07 01:36:39.749 [background-preinit] INFO  o.h.validator.internal.util.Version - HV000001: Hibernate Validator 8.0.3.Final
2025-11-07 01:36:39.782 [main] INFO  c.s.ECommerceImageSystemApplication - Starting ECommerceImageSystemApplication using Java 17.0.13 with PID 6272 (D:\Java\e-commerce-image-project\e-commerce-image-system\target\classes started by 77639 in D:\Java\e-commerce-image-project)
2025-11-07 01:36:39.783 [main] INFO  c.s.ECommerceImageSystemApplication - No active profile set, falling back to 1 default profile: "default"
2025-11-07 01:36:40.313 [main] INFO  o.s.d.r.c.RepositoryConfigurationDelegate - Multiple Spring Data modules found, entering strict repository configuration mode
2025-11-07 01:36:40.314 [main] INFO  o.s.d.r.c.RepositoryConfigurationDelegate - Bootstrapping Spring Data Redis repositories in DEFAULT mode.
2025-11-07 01:36:40.337 [main] INFO  o.s.d.r.c.RepositoryConfigurationDelegate - Finished Spring Data repository scanning in 11 ms. Found 0 Redis repository interfaces.
2025-11-07 01:36:40.867 [main] INFO  o.s.b.w.e.tomcat.TomcatWebServer - Tomcat initialized with port 8080 (http)
2025-11-07 01:36:40.876 [main] INFO  o.a.coyote.http11.Http11NioProtocol - Initializing ProtocolHandler ["http-nio-8080"]
2025-11-07 01:36:40.877 [main] INFO  o.a.catalina.core.StandardService - Starting service [Tomcat]
2025-11-07 01:36:40.877 [main] INFO  o.a.catalina.core.StandardEngine - Starting Servlet engine: [Apache Tomcat/10.1.46]
2025-11-07 01:36:40.940 [main] INFO  o.a.c.c.C.[Tomcat].[localhost].[/] - Initializing Spring embedded WebApplicationContext
2025-11-07 01:36:40.940 [main] INFO  o.s.b.w.s.c.ServletWebServerApplicationContext - Root WebApplicationContext: initialization completed in 1132 ms
2025-11-07 01:36:41.886 [main] INFO  o.a.coyote.http11.Http11NioProtocol - Starting ProtocolHandler ["http-nio-8080"]
2025-11-07 01:36:41.899 [main] INFO  o.s.b.w.e.tomcat.TomcatWebServer - Tomcat started on port 8080 (http) with context path '/'
2025-11-07 01:36:41.905 [main] INFO  c.s.ECommerceImageSystemApplication - Started ECommerceImageSystemApplication in 2.38 seconds (process running for 2.9)
2025-11-07 01:38:06.476 [SpringApplicationShutdownHook] INFO  o.s.b.w.e.tomcat.GracefulShutdown - Commencing graceful shutdown. Waiting for active requests to complete
2025-11-07 01:38:06.841 [tomcat-shutdown] INFO  o.s.b.w.e.tomcat.GracefulShutdown - Graceful shutdown complete
2025-11-07 01:38:27.644 [background-preinit] INFO  o.h.validator.internal.util.Version - HV000001: Hibernate Validator 8.0.3.Final
2025-11-07 01:38:27.676 [main] INFO  c.s.ECommerceImageSystemApplication - Starting ECommerceImageSystemApplication using Java 17.0.13 with PID 1504 (D:\Java\e-commerce-image-project\e-commerce-image-system\target\classes started by 77639 in D:\Java\e-commerce-image-project)
2025-11-07 01:38:27.677 [main] INFO  c.s.ECommerceImageSystemApplication - No active profile set, falling back to 1 default profile: "default"
2025-11-07 01:38:28.172 [main] INFO  o.s.d.r.c.RepositoryConfigurationDelegate - Multiple Spring Data modules found, entering strict repository configuration mode
2025-11-07 01:38:28.174 [main] INFO  o.s.d.r.c.RepositoryConfigurationDelegate - Bootstrapping Spring Data Redis repositories in DEFAULT mode.
2025-11-07 01:38:28.199 [main] INFO  o.s.d.r.c.RepositoryConfigurationDelegate - Finished Spring Data repository scanning in 11 ms. Found 0 Redis repository interfaces.
2025-11-07 01:38:28.746 [main] INFO  o.s.b.w.e.tomcat.TomcatWebServer - Tomcat initialized with port 8080 (http)
2025-11-07 01:38:28.754 [main] INFO  o.a.coyote.http11.Http11NioProtocol - Initializing ProtocolHandler ["http-nio-8080"]
2025-11-07 01:38:28.755 [main] INFO  o.a.catalina.core.StandardService - Starting service [Tomcat]
2025-11-07 01:38:28.755 [main] INFO  o.a.catalina.core.StandardEngine - Starting Servlet engine: [Apache Tomcat/10.1.46]
2025-11-07 01:38:28.823 [main] INFO  o.a.c.c.C.[Tomcat].[localhost].[/] - Initializing Spring embedded WebApplicationContext
2025-11-07 01:38:28.823 [main] INFO  o.s.b.w.s.c.ServletWebServerApplicationContext - Root WebApplicationContext: initialization completed in 1121 ms
2025-11-07 01:38:29.765 [main] INFO  o.a.coyote.http11.Http11NioProtocol - Starting ProtocolHandler ["http-nio-8080"]
2025-11-07 01:38:29.778 [main] INFO  o.s.b.w.e.tomcat.TomcatWebServer - Tomcat started on port 8080 (http) with context path '/'
2025-11-07 01:38:29.786 [main] INFO  c.s.ECommerceImageSystemApplication - Started ECommerceImageSystemApplication in 2.374 seconds (process running for 2.906)
2025-11-07 01:38:34.392 [http-nio-8080-exec-2] INFO  o.a.c.c.C.[Tomcat].[localhost].[/] - Initializing Spring DispatcherServlet 'dispatcherServlet'
2025-11-07 01:38:34.392 [http-nio-8080-exec-2] INFO  o.s.web.servlet.DispatcherServlet - Initializing Servlet 'dispatcherServlet'
2025-11-07 01:38:34.394 [http-nio-8080-exec-2] INFO  o.s.web.servlet.DispatcherServlet - Completed initialization in 1 ms
2025-11-07 01:38:34.408 [http-nio-8080-exec-2] INFO  com.sau.filter.JwtTokenFilter - JWT认证过滤器开始执行
2025-11-07 01:38:34.408 [http-nio-8080-exec-2] INFO  com.sau.filter.JwtTokenFilter - 请求路径：/refresh-token
2025-11-07 01:38:34.421 [http-nio-8080-exec-2] WARN  com.sau.controller.LoginController - Cookie中的refreshToken不存在
2025-11-07 01:39:10.253 [http-nio-8080-exec-3] INFO  com.sau.filter.JwtTokenFilter - JWT认证过滤器开始执行
2025-11-07 01:39:10.253 [http-nio-8080-exec-3] INFO  com.sau.filter.JwtTokenFilter - 请求路径：/user/hasUsername
2025-11-07 01:39:10.253 [http-nio-8080-exec-3] INFO  com.sau.filter.JwtTokenFilter - 从请求头中获取Authorization：Bearer eyJhbGciOiJIUzI1NiJ9.eyJ1c2VySWQiOjEsInVzZXJuYW1lIjoiemhhb2ppbnl1IiwiZXhwIjoxNzYyNDUxMDM1fQ.iJ-RiR0JcIWmnF7d9fIwk3ktNEPic3hG9PN1cl9Xu_4
2025-11-07 01:39:10.439 [http-nio-8080-exec-3] INFO  com.sau.filter.JwtTokenFilter - 解析成功：claims:{userId=1, username=zhaojinyu, exp=1762451035}
2025-11-07 01:39:10.765 [http-nio-8080-exec-3] INFO  com.sau.filter.JwtTokenFilter - 将当前用户ID保存在ThreadLocal中：1
2025-11-07 01:39:10.766 [http-nio-8080-exec-3] INFO  com.sau.filter.JwtTokenFilter - 校验成功
2025-11-07 01:39:10.774 [http-nio-8080-exec-3] INFO  com.sau.controller.UserController - 判断用户名是否存在: zhaojinyu
2025-11-07 01:39:10.787 [http-nio-8080-exec-3] INFO  com.zaxxer.hikari.HikariDataSource - HikariPool-1 - Starting...
2025-11-07 01:39:10.977 [http-nio-8080-exec-3] INFO  com.zaxxer.hikari.pool.HikariPool - HikariPool-1 - Added connection com.mysql.cj.jdbc.ConnectionImpl@750cdcfd
2025-11-07 01:39:10.979 [http-nio-8080-exec-3] INFO  com.zaxxer.hikari.HikariDataSource - HikariPool-1 - Start completed.
2025-11-07 01:41:37.237 [http-nio-8080-exec-8] INFO  com.sau.filter.JwtTokenFilter - JWT认证过滤器开始执行
2025-11-07 01:41:37.238 [http-nio-8080-exec-8] INFO  com.sau.filter.JwtTokenFilter - 请求路径：/user/hasUsername
2025-11-07 01:41:37.238 [http-nio-8080-exec-8] INFO  com.sau.filter.JwtTokenFilter - 从请求头中获取Authorization：Bearer eyJhbGciOiJIUzI1NiJ9.eyJ1c2VySWQiOjEsInVzZXJuYW1lIjoiemhhb2ppbnl1IiwiZXhwIjoxNzYyNDUxMDM1fQ.iJ-RiR0JcIWmnF7d9fIwk3ktNEPic3hG9PN1cl9Xu_4
2025-11-07 01:41:37.239 [http-nio-8080-exec-8] INFO  com.sau.filter.JwtTokenFilter - 解析成功：claims:{userId=1, username=zhaojinyu, exp=1762451035}
2025-11-07 01:41:37.240 [http-nio-8080-exec-8] INFO  com.sau.filter.JwtTokenFilter - 将当前用户ID保存在ThreadLocal中：1
2025-11-07 01:41:37.240 [http-nio-8080-exec-8] INFO  com.sau.filter.JwtTokenFilter - 校验成功
2025-11-07 01:41:37.241 [http-nio-8080-exec-8] INFO  com.sau.controller.UserController - 判断用户名是否存在: zhaojinyu
2025-11-07 01:41:44.617 [http-nio-8080-exec-7] INFO  com.sau.filter.JwtTokenFilter - JWT认证过滤器开始执行
2025-11-07 01:41:44.618 [http-nio-8080-exec-7] INFO  com.sau.filter.JwtTokenFilter - 请求路径：/logout
2025-11-07 01:41:44.618 [http-nio-8080-exec-7] INFO  com.sau.filter.JwtTokenFilter - 从请求头中获取Authorization：Bearer eyJhbGciOiJIUzI1NiJ9.eyJ1c2VySWQiOjEsInVzZXJuYW1lIjoiemhhb2ppbnl1IiwiZXhwIjoxNzYyNDUxMDM1fQ.iJ-RiR0JcIWmnF7d9fIwk3ktNEPic3hG9PN1cl9Xu_4
2025-11-07 01:41:44.618 [http-nio-8080-exec-7] INFO  com.sau.filter.JwtTokenFilter - 解析成功：claims:{userId=1, username=zhaojinyu, exp=1762451035}
2025-11-07 01:41:44.619 [http-nio-8080-exec-7] INFO  com.sau.filter.JwtTokenFilter - 将当前用户ID保存在ThreadLocal中：1
2025-11-07 01:41:44.619 [http-nio-8080-exec-7] INFO  com.sau.filter.JwtTokenFilter - 校验成功
2025-11-07 01:41:44.620 [http-nio-8080-exec-7] INFO  com.sau.controller.LoginController - 退出登录请求
2025-11-07 01:41:44.622 [http-nio-8080-exec-7] INFO  c.sau.service.impl.AuthServiceImpl - 删除Redis中存储的accessToken成功
2025-11-07 01:41:44.623 [http-nio-8080-exec-7] INFO  com.sau.controller.LoginController - 退出登录成功
2025-11-07 01:41:58.907 [http-nio-8080-exec-6] INFO  com.sau.filter.JwtTokenFilter - JWT认证过滤器开始执行
2025-11-07 01:41:58.909 [http-nio-8080-exec-6] INFO  com.sau.filter.JwtTokenFilter - 请求路径：/user/hasUsername
2025-11-07 01:41:58.909 [http-nio-8080-exec-6] INFO  com.sau.filter.JwtTokenFilter - 从请求头中获取Authorization：Bearer eyJhbGciOiJIUzI1NiJ9.eyJ1c2VySWQiOjEsInVzZXJuYW1lIjoiemhhb2ppbnl1IiwiZXhwIjoxNzYyNDUxMDM1fQ.iJ-RiR0JcIWmnF7d9fIwk3ktNEPic3hG9PN1cl9Xu_4
2025-11-07 01:41:58.909 [http-nio-8080-exec-6] INFO  com.sau.filter.JwtTokenFilter - 解析成功：claims:{userId=1, username=zhaojinyu, exp=1762451035}
2025-11-07 01:41:58.910 [http-nio-8080-exec-6] WARN  com.sau.filter.JwtTokenFilter - 当前accessToken未在Redis中
2025-11-07 01:43:30.339 [SpringApplicationShutdownHook] INFO  o.s.b.w.e.tomcat.GracefulShutdown - Commencing graceful shutdown. Waiting for active requests to complete
2025-11-07 01:43:30.684 [tomcat-shutdown] INFO  o.s.b.w.e.tomcat.GracefulShutdown - Graceful shutdown complete
2025-11-07 01:43:30.693 [SpringApplicationShutdownHook] INFO  com.zaxxer.hikari.HikariDataSource - HikariPool-1 - Shutdown initiated...
2025-11-07 01:43:30.697 [SpringApplicationShutdownHook] INFO  com.zaxxer.hikari.HikariDataSource - HikariPool-1 - Shutdown completed.
2025-11-07 01:43:33.903 [background-preinit] INFO  o.h.validator.internal.util.Version - HV000001: Hibernate Validator 8.0.3.Final
2025-11-07 01:43:33.934 [main] INFO  c.s.ECommerceImageSystemApplication - Starting ECommerceImageSystemApplication using Java 17.0.13 with PID 2912 (D:\Java\e-commerce-image-project\e-commerce-image-system\target\classes started by 77639 in D:\Java\e-commerce-image-project)
2025-11-07 01:43:33.935 [main] INFO  c.s.ECommerceImageSystemApplication - No active profile set, falling back to 1 default profile: "default"
2025-11-07 01:43:34.451 [main] INFO  o.s.d.r.c.RepositoryConfigurationDelegate - Multiple Spring Data modules found, entering strict repository configuration mode
2025-11-07 01:43:34.453 [main] INFO  o.s.d.r.c.RepositoryConfigurationDelegate - Bootstrapping Spring Data Redis repositories in DEFAULT mode.
2025-11-07 01:43:34.477 [main] INFO  o.s.d.r.c.RepositoryConfigurationDelegate - Finished Spring Data repository scanning in 13 ms. Found 0 Redis repository interfaces.
2025-11-07 01:43:35.005 [main] INFO  o.s.b.w.e.tomcat.TomcatWebServer - Tomcat initialized with port 8080 (http)
2025-11-07 01:43:35.013 [main] INFO  o.a.coyote.http11.Http11NioProtocol - Initializing ProtocolHandler ["http-nio-8080"]
2025-11-07 01:43:35.014 [main] INFO  o.a.catalina.core.StandardService - Starting service [Tomcat]
2025-11-07 01:43:35.014 [main] INFO  o.a.catalina.core.StandardEngine - Starting Servlet engine: [Apache Tomcat/10.1.46]
2025-11-07 01:43:35.090 [main] INFO  o.a.c.c.C.[Tomcat].[localhost].[/] - Initializing Spring embedded WebApplicationContext
2025-11-07 01:43:35.092 [main] INFO  o.s.b.w.s.c.ServletWebServerApplicationContext - Root WebApplicationContext: initialization completed in 1132 ms
2025-11-07 01:43:36.038 [main] INFO  o.a.coyote.http11.Http11NioProtocol - Starting ProtocolHandler ["http-nio-8080"]
2025-11-07 01:43:36.052 [main] INFO  o.s.b.w.e.tomcat.TomcatWebServer - Tomcat started on port 8080 (http) with context path '/'
2025-11-07 01:43:36.059 [main] INFO  c.s.ECommerceImageSystemApplication - Started ECommerceImageSystemApplication in 2.391 seconds (process running for 2.917)
2025-11-07 01:43:55.532 [http-nio-8080-exec-7] INFO  o.a.c.c.C.[Tomcat].[localhost].[/] - Initializing Spring DispatcherServlet 'dispatcherServlet'
2025-11-07 01:43:55.532 [http-nio-8080-exec-7] INFO  o.s.web.servlet.DispatcherServlet - Initializing Servlet 'dispatcherServlet'
2025-11-07 01:43:55.533 [http-nio-8080-exec-7] INFO  o.s.web.servlet.DispatcherServlet - Completed initialization in 1 ms
2025-11-07 01:43:55.548 [http-nio-8080-exec-7] INFO  com.sau.filter.JwtTokenFilter - JWT认证过滤器开始执行
2025-11-07 01:43:55.549 [http-nio-8080-exec-7] INFO  com.sau.filter.JwtTokenFilter - 请求路径：/user/hasUsername
2025-11-07 01:43:55.549 [http-nio-8080-exec-7] INFO  com.sau.filter.JwtTokenFilter - 从请求头中获取Authorization：Bearer eyJhbGciOiJIUzI1NiJ9.eyJ1c2VySWQiOjEsInVzZXJuYW1lIjoiemhhb2ppbnl1IiwiZXhwIjoxNzYyNDUxMDM1fQ.iJ-RiR0JcIWmnF7d9fIwk3ktNEPic3hG9PN1cl9Xu_4
2025-11-07 01:43:55.752 [http-nio-8080-exec-7] ERROR com.sau.filter.JwtTokenFilter - 解析失败：未登录或令牌无效
2025-11-07 01:45:34.137 [SpringApplicationShutdownHook] INFO  o.s.b.w.e.tomcat.GracefulShutdown - Commencing graceful shutdown. Waiting for active requests to complete
2025-11-07 01:45:34.472 [tomcat-shutdown] INFO  o.s.b.w.e.tomcat.GracefulShutdown - Graceful shutdown complete
2025-11-07 01:45:37.681 [background-preinit] INFO  o.h.validator.internal.util.Version - HV000001: Hibernate Validator 8.0.3.Final
2025-11-07 01:45:37.713 [main] INFO  c.s.ECommerceImageSystemApplication - Starting ECommerceImageSystemApplication using Java 17.0.13 with PID 29456 (D:\Java\e-commerce-image-project\e-commerce-image-system\target\classes started by 77639 in D:\Java\e-commerce-image-project)
2025-11-07 01:45:37.714 [main] INFO  c.s.ECommerceImageSystemApplication - No active profile set, falling back to 1 default profile: "default"
2025-11-07 01:45:38.223 [main] INFO  o.s.d.r.c.RepositoryConfigurationDelegate - Multiple Spring Data modules found, entering strict repository configuration mode
2025-11-07 01:45:38.225 [main] INFO  o.s.d.r.c.RepositoryConfigurationDelegate - Bootstrapping Spring Data Redis repositories in DEFAULT mode.
2025-11-07 01:45:38.247 [main] INFO  o.s.d.r.c.RepositoryConfigurationDelegate - Finished Spring Data repository scanning in 10 ms. Found 0 Redis repository interfaces.
2025-11-07 01:45:38.773 [main] INFO  o.s.b.w.e.tomcat.TomcatWebServer - Tomcat initialized with port 8080 (http)
2025-11-07 01:45:38.781 [main] INFO  o.a.coyote.http11.Http11NioProtocol - Initializing ProtocolHandler ["http-nio-8080"]
2025-11-07 01:45:38.783 [main] INFO  o.a.catalina.core.StandardService - Starting service [Tomcat]
2025-11-07 01:45:38.783 [main] INFO  o.a.catalina.core.StandardEngine - Starting Servlet engine: [Apache Tomcat/10.1.46]
2025-11-07 01:45:38.848 [main] INFO  o.a.c.c.C.[Tomcat].[localhost].[/] - Initializing Spring embedded WebApplicationContext
2025-11-07 01:45:38.848 [main] INFO  o.s.b.w.s.c.ServletWebServerApplicationContext - Root WebApplicationContext: initialization completed in 1109 ms
2025-11-07 01:45:39.776 [main] INFO  o.a.coyote.http11.Http11NioProtocol - Starting ProtocolHandler ["http-nio-8080"]
2025-11-07 01:45:39.790 [main] INFO  o.s.b.w.e.tomcat.TomcatWebServer - Tomcat started on port 8080 (http) with context path '/'
2025-11-07 01:45:39.798 [main] INFO  c.s.ECommerceImageSystemApplication - Started ECommerceImageSystemApplication in 2.344 seconds (process running for 2.869)
2025-11-07 01:45:52.303 [http-nio-8080-exec-2] INFO  o.a.c.c.C.[Tomcat].[localhost].[/] - Initializing Spring DispatcherServlet 'dispatcherServlet'
2025-11-07 01:45:52.303 [http-nio-8080-exec-2] INFO  o.s.web.servlet.DispatcherServlet - Initializing Servlet 'dispatcherServlet'
2025-11-07 01:45:52.304 [http-nio-8080-exec-2] INFO  o.s.web.servlet.DispatcherServlet - Completed initialization in 1 ms
2025-11-07 01:45:52.318 [http-nio-8080-exec-2] INFO  com.sau.filter.JwtTokenFilter - JWT认证过滤器开始执行
2025-11-07 01:45:52.318 [http-nio-8080-exec-2] INFO  com.sau.filter.JwtTokenFilter - 请求路径：/login
2025-11-07 01:45:52.392 [http-nio-8080-exec-2] INFO  com.sau.controller.LoginController - 登录请求: 账号=zhaojinyu, rememberMe=true
2025-11-07 01:45:52.406 [http-nio-8080-exec-2] INFO  com.zaxxer.hikari.HikariDataSource - HikariPool-1 - Starting...
2025-11-07 01:45:52.617 [http-nio-8080-exec-2] INFO  com.zaxxer.hikari.pool.HikariPool - HikariPool-1 - Added connection com.mysql.cj.jdbc.ConnectionImpl@16633ad2
2025-11-07 01:45:52.619 [http-nio-8080-exec-2] INFO  com.zaxxer.hikari.HikariDataSource - HikariPool-1 - Start completed.
2025-11-07 01:45:52.934 [http-nio-8080-exec-2] INFO  c.sau.service.impl.AuthServiceImpl - 登录成功，用户信息: User(id=1, name=赵瑾瑜, username=zhaojinyu, account=null, password=$2a$12$kFEfURVVsiK7ulY7UvnreegZkQGJFSIzBIUno1dtEq9rHr3.LzREK, email=88888@qq.com, phone=18866668888, image=https://java-ai-sau.oss-cn-beijing.aliyuncs.com/2025/04/312b700a-e1c7-42bf-aa23-5db8dc7121a6.jpg, status=1, userType=0, createTime=null, updateTime=null)
2025-11-07 01:45:53.105 [http-nio-8080-exec-2] INFO  c.sau.service.impl.AuthServiceImpl - 生成accessToken：eyJhbGciOiJIUzI1NiJ9.eyJ1c2VySWQiOjEsInVzZXJuYW1lIjoiemhhb2ppbnl1IiwiZXhwIjoxNzYyNDUyMDUzfQ.ZHbmUd-XmJfuB0SA37o0xwLrf8OfTw9qUAKjN-hjwBY
2025-11-07 01:45:53.445 [http-nio-8080-exec-2] INFO  com.sau.utils.RedisTokenUtils - 保存accessToken到Redis: access_token:1=eyJhbGciOiJIUzI1NiJ9.eyJ1c2VySWQiOjEsInVzZXJuYW1lIjoiemhhb2ppbnl1IiwiZXhwIjoxNzYyNDUyMDUzfQ.ZHbmUd-XmJfuB0SA37o0xwLrf8OfTw9qUAKjN-hjwBY
2025-11-07 01:45:53.445 [http-nio-8080-exec-2] INFO  c.sau.service.impl.AuthServiceImpl - 生成refreshToken：eyJhbGciOiJIUzI1NiJ9.eyJ1c2VySWQiOjEsInVzZXJuYW1lIjoiemhhb2ppbnl1IiwiZXhwIjoxNzYzMDU1OTUzfQ.rB7OI3G-lGISFPc6FqoSdZjCcq_F-8lANOTBH9vxN6s
2025-11-07 01:45:53.446 [http-nio-8080-exec-2] INFO  com.sau.utils.RedisTokenUtils - 保存refreshToken到Redis: refresh_token:1=eyJhbGciOiJIUzI1NiJ9.eyJ1c2VySWQiOjEsInVzZXJuYW1lIjoiemhhb2ppbnl1IiwiZXhwIjoxNzYzMDU1OTUzfQ.rB7OI3G-lGISFPc6FqoSdZjCcq_F-8lANOTBH9vxN6s
2025-11-07 01:45:53.446 [http-nio-8080-exec-2] INFO  com.sau.controller.LoginController - 设置refreshToken到Cookie: eyJhbGciOiJIUzI1NiJ9.eyJ1c2VySWQiOjEsInVzZXJuYW1lIjoiemhhb2ppbnl1IiwiZXhwIjoxNzYzMDU1OTUzfQ.rB7OI3G-lGISFPc6FqoSdZjCcq_F-8lANOTBH9vxN6s
2025-11-07 01:45:53.449 [http-nio-8080-exec-2] INFO  com.sau.aop.OperationLogAspect - 记录操作日志: OperateLog(id=null, operateUserId=null, operateTime=2025-11-07T01:45:53.448275100, className=com.sau.controller.LoginController, methodName=login, methodParams=[LoginDTO(account=zhaojinyu, password=123456, rememberMe=true), org.springframework.web.context.request.async.StandardServletAsyncWebRequest$LifecycleHttpServletResponse@77681c37], returnValue=Result(code=1, msg=null, data=LoginVO(username=zhaojinyu, avatar=https://java-ai-sau.oss-cn-beijing.aliyuncs.com/2025/04/312b700a-e1c7-42bf-aa23-5db8dc7121a6.jpg, token=eyJhbGciOiJIUzI1NiJ9.eyJ1c2VySWQiOjEsInVzZXJuYW1lIjoiemhhb2ppbnl1IiwiZXhwIjoxNzYyNDUyMDUzfQ.ZHbmUd-XmJfuB0SA37o0xwLrf8OfTw9qUAKjN-hjwBY)), costTime=1056)
2025-11-07 01:47:02.329 [http-nio-8080-exec-5] INFO  com.sau.filter.JwtTokenFilter - JWT认证过滤器开始执行
2025-11-07 01:47:02.329 [http-nio-8080-exec-5] INFO  com.sau.filter.JwtTokenFilter - 请求路径：/user/hasUsername
2025-11-07 01:47:02.330 [http-nio-8080-exec-5] INFO  com.sau.filter.JwtTokenFilter - 从请求头中获取Authorization：Bearer eyJhbGciOiJIUzI1NiJ9.eyJ1c2VySWQiOjEsInVzZXJuYW1lIjoiemhhb2ppbnl1IiwiZXhwIjoxNzYyNDUxMDM1fQ.iJ-RiR0JcIWmnF7d9fIwk3ktNEPic3hG9PN1cl9Xu_4
2025-11-07 01:47:02.339 [http-nio-8080-exec-5] ERROR com.sau.filter.JwtTokenFilter - 认证失败：未登录或令牌无效
2025-11-07 01:47:40.491 [http-nio-8080-exec-6] INFO  com.sau.filter.JwtTokenFilter - JWT认证过滤器开始执行
2025-11-07 01:47:40.491 [http-nio-8080-exec-6] INFO  com.sau.filter.JwtTokenFilter - 请求路径：/user/hasUsername
2025-11-07 01:47:40.491 [http-nio-8080-exec-6] INFO  com.sau.filter.JwtTokenFilter - 从请求头中获取Authorization：Bearer eyJhbGciOiJIUzI1NiJ9.eyJ1c2VySWQiOjEsInVzZXJuYW1lIjoiemhhb2ppbnl1IiwiZXhwIjoxNzYyNDUyMDUzfQ.ZHbmUd-XmJfuB0SA37o0xwLrf8OfTw9qUAKjN-hjwBY
2025-11-07 01:47:40.491 [http-nio-8080-exec-6] INFO  com.sau.filter.JwtTokenFilter - 解析成功：claims:{userId=1, username=zhaojinyu, exp=1762452053}
2025-11-07 01:47:40.494 [http-nio-8080-exec-6] INFO  com.sau.filter.JwtTokenFilter - 将当前用户ID保存在ThreadLocal中：1
2025-11-07 01:47:40.494 [http-nio-8080-exec-6] INFO  com.sau.filter.JwtTokenFilter - 校验成功
2025-11-07 01:47:40.499 [http-nio-8080-exec-6] INFO  com.sau.controller.UserController - 判断用户名是否存在: zhaojinyu
2025-11-07 01:48:38.804 [http-nio-8080-exec-7] INFO  com.sau.filter.JwtTokenFilter - JWT认证过滤器开始执行
2025-11-07 01:48:38.804 [http-nio-8080-exec-7] INFO  com.sau.filter.JwtTokenFilter - 请求路径：/user/hasUsername
2025-11-07 01:48:38.805 [http-nio-8080-exec-7] INFO  com.sau.filter.JwtTokenFilter - 从请求头中获取Authorization：Bearer eyJhbGciOiJIUzI1NiJ9.eyJ1c2VySWQiOjEsInVzZXJuYW1lIjoiemhhb2ppbnl1IiwiZXhwIjoxNzYyNDUyMDUzfQ.ZHbmUd-XmJfuB0SA37o0xwLrf8OfTw9qUAKjN-hjwBY
2025-11-07 01:48:38.805 [http-nio-8080-exec-7] INFO  com.sau.filter.JwtTokenFilter - 解析成功：claims:{userId=1, username=zhaojinyu, exp=1762452053}
2025-11-07 01:48:38.806 [http-nio-8080-exec-7] INFO  com.sau.filter.JwtTokenFilter - 将当前用户ID保存在ThreadLocal中：1
2025-11-07 01:48:38.806 [http-nio-8080-exec-7] INFO  com.sau.filter.JwtTokenFilter - 校验成功
2025-11-07 01:48:38.807 [http-nio-8080-exec-7] INFO  com.sau.controller.UserController - 判断用户名是否存在: zhaojinyu
2025-11-07 01:49:00.362 [http-nio-8080-exec-9] INFO  com.sau.filter.JwtTokenFilter - JWT认证过滤器开始执行
2025-11-07 01:49:00.362 [http-nio-8080-exec-9] INFO  com.sau.filter.JwtTokenFilter - 请求路径：/user/hasUsername
2025-11-07 01:49:00.362 [http-nio-8080-exec-9] INFO  com.sau.filter.JwtTokenFilter - 从请求头中获取Authorization：Bearer eyJhbGciOiJIUzI1NiJ9.eyJ1c2VySWQiOjEsInVzZXJuYW1lIjoiemhhb2ppbnl1IiwiZXhwIjoxNzYyNDUyMDUzfQ.ZHbmUd-XmJfuB0SA37o0xwLrf8OfTw9qUAKjN-hjwBY
2025-11-07 01:49:00.362 [http-nio-8080-exec-9] INFO  com.sau.filter.JwtTokenFilter - 解析成功：claims:{userId=1, username=zhaojinyu, exp=1762452053}
2025-11-07 01:49:00.363 [http-nio-8080-exec-9] WARN  com.sau.filter.JwtTokenFilter - 当前accessToken未在Redis中,认证校验失败
2025-11-07 01:49:24.156 [http-nio-8080-exec-10] INFO  com.sau.filter.JwtTokenFilter - JWT认证过滤器开始执行
2025-11-07 01:49:24.156 [http-nio-8080-exec-10] INFO  com.sau.filter.JwtTokenFilter - 请求路径：/logout
2025-11-07 01:49:24.156 [http-nio-8080-exec-10] INFO  com.sau.filter.JwtTokenFilter - 从请求头中获取Authorization：Bearer eyJhbGciOiJIUzI1NiJ9.eyJ1c2VySWQiOjEsInVzZXJuYW1lIjoiemhhb2ppbnl1IiwiZXhwIjoxNzYyNDUyMDUzfQ.ZHbmUd-XmJfuB0SA37o0xwLrf8OfTw9qUAKjN-hjwBY
2025-11-07 01:49:24.157 [http-nio-8080-exec-10] INFO  com.sau.filter.JwtTokenFilter - 解析成功：claims:{userId=1, username=zhaojinyu, exp=1762452053}
2025-11-07 01:49:24.158 [http-nio-8080-exec-10] WARN  com.sau.filter.JwtTokenFilter - 当前accessToken未在Redis中,认证校验失败
2025-11-07 01:49:36.939 [http-nio-8080-exec-8] INFO  com.sau.filter.JwtTokenFilter - JWT认证过滤器开始执行
2025-11-07 01:49:36.939 [http-nio-8080-exec-8] INFO  com.sau.filter.JwtTokenFilter - 请求路径：/login
2025-11-07 01:49:36.940 [http-nio-8080-exec-8] INFO  com.sau.controller.LoginController - 登录请求: 账号=zhaojinyu, rememberMe=true
2025-11-07 01:49:37.196 [http-nio-8080-exec-8] INFO  c.sau.service.impl.AuthServiceImpl - 登录成功，用户信息: User(id=1, name=赵瑾瑜, username=zhaojinyu, account=null, password=$2a$12$kFEfURVVsiK7ulY7UvnreegZkQGJFSIzBIUno1dtEq9rHr3.LzREK, email=88888@qq.com, phone=18866668888, image=https://java-ai-sau.oss-cn-beijing.aliyuncs.com/2025/04/312b700a-e1c7-42bf-aa23-5db8dc7121a6.jpg, status=1, userType=0, createTime=null, updateTime=null)
2025-11-07 01:49:37.198 [http-nio-8080-exec-8] INFO  c.sau.service.impl.AuthServiceImpl - 生成accessToken：eyJhbGciOiJIUzI1NiJ9.eyJ1c2VySWQiOjEsInVzZXJuYW1lIjoiemhhb2ppbnl1IiwiZXhwIjoxNzYyNDUyMjc3fQ.S8tJ_MuzABjZgoiw4qrytw3IkVtKbXAErO8MuOFvIo4
2025-11-07 01:49:37.200 [http-nio-8080-exec-8] INFO  com.sau.utils.RedisTokenUtils - 保存accessToken到Redis: access_token:1=eyJhbGciOiJIUzI1NiJ9.eyJ1c2VySWQiOjEsInVzZXJuYW1lIjoiemhhb2ppbnl1IiwiZXhwIjoxNzYyNDUyMjc3fQ.S8tJ_MuzABjZgoiw4qrytw3IkVtKbXAErO8MuOFvIo4
2025-11-07 01:49:37.200 [http-nio-8080-exec-8] INFO  c.sau.service.impl.AuthServiceImpl - 生成refreshToken：eyJhbGciOiJIUzI1NiJ9.eyJ1c2VySWQiOjEsInVzZXJuYW1lIjoiemhhb2ppbnl1IiwiZXhwIjoxNzYzMDU2MTc3fQ.JeKF5i3ZUUWm7gK_8yakv20V9uXb7Hq0lYv1AXS6Elg
2025-11-07 01:49:37.201 [http-nio-8080-exec-8] INFO  com.sau.utils.RedisTokenUtils - 保存refreshToken到Redis: refresh_token:1=eyJhbGciOiJIUzI1NiJ9.eyJ1c2VySWQiOjEsInVzZXJuYW1lIjoiemhhb2ppbnl1IiwiZXhwIjoxNzYzMDU2MTc3fQ.JeKF5i3ZUUWm7gK_8yakv20V9uXb7Hq0lYv1AXS6Elg
2025-11-07 01:49:37.201 [http-nio-8080-exec-8] INFO  com.sau.controller.LoginController - 设置refreshToken到Cookie: eyJhbGciOiJIUzI1NiJ9.eyJ1c2VySWQiOjEsInVzZXJuYW1lIjoiemhhb2ppbnl1IiwiZXhwIjoxNzYzMDU2MTc3fQ.JeKF5i3ZUUWm7gK_8yakv20V9uXb7Hq0lYv1AXS6Elg
2025-11-07 01:49:37.201 [http-nio-8080-exec-8] INFO  com.sau.aop.OperationLogAspect - 记录操作日志: OperateLog(id=null, operateUserId=null, operateTime=2025-11-07T01:49:37.201194700, className=com.sau.controller.LoginController, methodName=login, methodParams=[LoginDTO(account=zhaojinyu, password=123456, rememberMe=true), org.springframework.web.context.request.async.StandardServletAsyncWebRequest$LifecycleHttpServletResponse@1a62cb40], returnValue=Result(code=1, msg=null, data=LoginVO(username=zhaojinyu, avatar=https://java-ai-sau.oss-cn-beijing.aliyuncs.com/2025/04/312b700a-e1c7-42bf-aa23-5db8dc7121a6.jpg, token=eyJhbGciOiJIUzI1NiJ9.eyJ1c2VySWQiOjEsInVzZXJuYW1lIjoiemhhb2ppbnl1IiwiZXhwIjoxNzYyNDUyMjc3fQ.S8tJ_MuzABjZgoiw4qrytw3IkVtKbXAErO8MuOFvIo4)), costTime=261)
2025-11-07 01:49:59.485 [http-nio-8080-exec-1] INFO  com.sau.filter.JwtTokenFilter - JWT认证过滤器开始执行
2025-11-07 01:49:59.485 [http-nio-8080-exec-1] INFO  com.sau.filter.JwtTokenFilter - 请求路径：/login
2025-11-07 01:49:59.486 [http-nio-8080-exec-1] INFO  com.sau.controller.LoginController - 登录请求: 账号=zhaojinyu, rememberMe=true
2025-11-07 01:49:59.744 [http-nio-8080-exec-1] INFO  c.sau.service.impl.AuthServiceImpl - 登录成功，用户信息: User(id=1, name=赵瑾瑜, username=zhaojinyu, account=null, password=$2a$12$kFEfURVVsiK7ulY7UvnreegZkQGJFSIzBIUno1dtEq9rHr3.LzREK, email=88888@qq.com, phone=18866668888, image=https://java-ai-sau.oss-cn-beijing.aliyuncs.com/2025/04/312b700a-e1c7-42bf-aa23-5db8dc7121a6.jpg, status=1, userType=0, createTime=null, updateTime=null)
2025-11-07 01:49:59.744 [http-nio-8080-exec-1] INFO  c.sau.service.impl.AuthServiceImpl - 生成accessToken：eyJhbGciOiJIUzI1NiJ9.eyJ1c2VySWQiOjEsInVzZXJuYW1lIjoiemhhb2ppbnl1IiwiZXhwIjoxNzYyNDUyMjk5fQ.5L4FzCmKjRnaoy0PIcLZInyyDHtzo2TeQ_sBo8dVm-g
2025-11-07 01:49:59.745 [http-nio-8080-exec-1] INFO  com.sau.utils.RedisTokenUtils - 保存accessToken到Redis: access_token:1=eyJhbGciOiJIUzI1NiJ9.eyJ1c2VySWQiOjEsInVzZXJuYW1lIjoiemhhb2ppbnl1IiwiZXhwIjoxNzYyNDUyMjk5fQ.5L4FzCmKjRnaoy0PIcLZInyyDHtzo2TeQ_sBo8dVm-g
2025-11-07 01:49:59.746 [http-nio-8080-exec-1] INFO  c.sau.service.impl.AuthServiceImpl - 生成refreshToken：eyJhbGciOiJIUzI1NiJ9.eyJ1c2VySWQiOjEsInVzZXJuYW1lIjoiemhhb2ppbnl1IiwiZXhwIjoxNzYzMDU2MTk5fQ.EwePHvxSvGIXO0WwM7_I-m4as5-cYB-ZtwyuSRMRIbg
2025-11-07 01:49:59.747 [http-nio-8080-exec-1] INFO  com.sau.utils.RedisTokenUtils - 保存refreshToken到Redis: refresh_token:1=eyJhbGciOiJIUzI1NiJ9.eyJ1c2VySWQiOjEsInVzZXJuYW1lIjoiemhhb2ppbnl1IiwiZXhwIjoxNzYzMDU2MTk5fQ.EwePHvxSvGIXO0WwM7_I-m4as5-cYB-ZtwyuSRMRIbg
2025-11-07 01:49:59.747 [http-nio-8080-exec-1] INFO  com.sau.controller.LoginController - 设置refreshToken到Cookie: eyJhbGciOiJIUzI1NiJ9.eyJ1c2VySWQiOjEsInVzZXJuYW1lIjoiemhhb2ppbnl1IiwiZXhwIjoxNzYzMDU2MTk5fQ.EwePHvxSvGIXO0WwM7_I-m4as5-cYB-ZtwyuSRMRIbg
2025-11-07 01:49:59.747 [http-nio-8080-exec-1] INFO  com.sau.aop.OperationLogAspect - 记录操作日志: OperateLog(id=null, operateUserId=null, operateTime=2025-11-07T01:49:59.747183900, className=com.sau.controller.LoginController, methodName=login, methodParams=[LoginDTO(account=zhaojinyu, password=123456, rememberMe=true), org.springframework.web.context.request.async.StandardServletAsyncWebRequest$LifecycleHttpServletResponse@901eb0a], returnValue=Result(code=1, msg=null, data=LoginVO(username=zhaojinyu, avatar=https://java-ai-sau.oss-cn-beijing.aliyuncs.com/2025/04/312b700a-e1c7-42bf-aa23-5db8dc7121a6.jpg, token=eyJhbGciOiJIUzI1NiJ9.eyJ1c2VySWQiOjEsInVzZXJuYW1lIjoiemhhb2ppbnl1IiwiZXhwIjoxNzYyNDUyMjk5fQ.5L4FzCmKjRnaoy0PIcLZInyyDHtzo2TeQ_sBo8dVm-g)), costTime=261)
2025-11-07 01:50:14.258 [http-nio-8080-exec-2] INFO  com.sau.filter.JwtTokenFilter - JWT认证过滤器开始执行
2025-11-07 01:50:14.258 [http-nio-8080-exec-2] INFO  com.sau.filter.JwtTokenFilter - 请求路径：/user/hasUsername
2025-11-07 01:50:14.258 [http-nio-8080-exec-2] INFO  com.sau.filter.JwtTokenFilter - 从请求头中获取Authorization：Bearer eyJhbGciOiJIUzI1NiJ9.eyJ1c2VySWQiOjEsInVzZXJuYW1lIjoiemhhb2ppbnl1IiwiZXhwIjoxNzYyNDUyMjc3fQ.S8tJ_MuzABjZgoiw4qrytw3IkVtKbXAErO8MuOFvIo4
2025-11-07 01:50:14.259 [http-nio-8080-exec-2] INFO  com.sau.filter.JwtTokenFilter - 解析成功：claims:{userId=1, username=zhaojinyu, exp=1762452277}
2025-11-07 01:50:14.260 [http-nio-8080-exec-2] INFO  com.sau.filter.JwtTokenFilter - 将当前用户ID保存在ThreadLocal中：1
2025-11-07 01:50:14.260 [http-nio-8080-exec-2] INFO  com.sau.filter.JwtTokenFilter - 校验成功
2025-11-07 01:50:14.260 [http-nio-8080-exec-2] INFO  com.sau.controller.UserController - 判断用户名是否存在: zhaojinyu
2025-11-07 01:51:50.233 [http-nio-8080-exec-5] INFO  com.sau.filter.JwtTokenFilter - JWT认证过滤器开始执行
2025-11-07 01:51:50.233 [http-nio-8080-exec-5] INFO  com.sau.filter.JwtTokenFilter - 请求路径：/refresh-token
2025-11-07 01:51:50.234 [http-nio-8080-exec-5] INFO  c.sau.service.impl.AuthServiceImpl - 获取Cookie中的refreshToken：eyJhbGciOiJIUzI1NiJ9.eyJ1c2VySWQiOjEsInVzZXJuYW1lIjoiemhhb2ppbnl1IiwiZXhwIjoxNzYzMDU2MTk5fQ.EwePHvxSvGIXO0WwM7_I-m4as5-cYB-ZtwyuSRMRIbg
2025-11-07 01:51:50.235 [http-nio-8080-exec-5] INFO  c.sau.service.impl.AuthServiceImpl - 获取Redis存储的refreshToken：eyJhbGciOiJIUzI1NiJ9.eyJ1c2VySWQiOjEsInVzZXJuYW1lIjoiemhhb2ppbnl1IiwiZXhwIjoxNzYzMDU2MTk5fQ.EwePHvxSvGIXO0WwM7_I-m4as5-cYB-ZtwyuSRMRIbg
2025-11-07 01:51:50.235 [http-nio-8080-exec-5] INFO  c.sau.service.impl.AuthServiceImpl - 验证refreshToken成功
2025-11-07 01:51:50.236 [http-nio-8080-exec-5] WARN  c.sau.service.impl.AuthServiceImpl - 用户accessToken还未失效，请勿重复申请
2025-11-07 01:52:00.319 [http-nio-8080-exec-6] INFO  com.sau.filter.JwtTokenFilter - JWT认证过滤器开始执行
2025-11-07 01:52:00.319 [http-nio-8080-exec-6] INFO  com.sau.filter.JwtTokenFilter - 请求路径：/logout
2025-11-07 01:52:00.319 [http-nio-8080-exec-6] INFO  com.sau.filter.JwtTokenFilter - 从请求头中获取Authorization：Bearer eyJhbGciOiJIUzI1NiJ9.eyJ1c2VySWQiOjEsInVzZXJuYW1lIjoiemhhb2ppbnl1IiwiZXhwIjoxNzYyNDUyMjc3fQ.S8tJ_MuzABjZgoiw4qrytw3IkVtKbXAErO8MuOFvIo4
2025-11-07 01:52:00.320 [http-nio-8080-exec-6] INFO  com.sau.filter.JwtTokenFilter - 解析成功：claims:{userId=1, username=zhaojinyu, exp=1762452277}
2025-11-07 01:52:00.321 [http-nio-8080-exec-6] INFO  com.sau.filter.JwtTokenFilter - 将当前用户ID保存在ThreadLocal中：1
2025-11-07 01:52:00.321 [http-nio-8080-exec-6] INFO  com.sau.filter.JwtTokenFilter - 校验成功
2025-11-07 01:52:00.322 [http-nio-8080-exec-6] INFO  com.sau.controller.LoginController - 退出登录请求
2025-11-07 01:52:00.323 [http-nio-8080-exec-6] INFO  c.sau.service.impl.AuthServiceImpl - 删除Redis中存储的accessToken成功
2025-11-07 01:52:00.325 [http-nio-8080-exec-6] INFO  c.sau.service.impl.AuthServiceImpl - 删除Redis中存储的refreshToken成功
2025-11-07 01:52:00.326 [http-nio-8080-exec-6] INFO  com.sau.controller.LoginController - 退出登录成功
2025-11-07 01:52:14.346 [http-nio-8080-exec-7] INFO  com.sau.filter.JwtTokenFilter - JWT认证过滤器开始执行
2025-11-07 01:52:14.346 [http-nio-8080-exec-7] INFO  com.sau.filter.JwtTokenFilter - 请求路径：/refresh-token
2025-11-07 01:52:14.348 [http-nio-8080-exec-7] WARN  com.sau.controller.LoginController - Cookie中的refreshToken不存在
2025-11-07 01:52:21.449 [SpringApplicationShutdownHook] INFO  o.s.b.w.e.tomcat.GracefulShutdown - Commencing graceful shutdown. Waiting for active requests to complete
2025-11-07 01:52:21.794 [tomcat-shutdown] INFO  o.s.b.w.e.tomcat.GracefulShutdown - Graceful shutdown complete
2025-11-07 01:52:21.804 [SpringApplicationShutdownHook] INFO  com.zaxxer.hikari.HikariDataSource - HikariPool-1 - Shutdown initiated...
2025-11-07 01:52:21.808 [SpringApplicationShutdownHook] INFO  com.zaxxer.hikari.HikariDataSource - HikariPool-1 - Shutdown completed.
