2025-10-30 00:05:54.400 [http-nio-8080-exec-5] INFO  com.sau.controller.LoginController - 登录请求: 账号=ABCDEF, rememberMe=false
2025-10-30 00:05:54.428 [http-nio-8080-exec-5] INFO  com.zaxxer.hikari.HikariDataSource - HikariPool-1 - Starting...
2025-10-30 00:05:54.855 [http-nio-8080-exec-5] INFO  com.zaxxer.hikari.pool.HikariPool - HikariPool-1 - Added connection com.mysql.cj.jdbc.ConnectionImpl@70dfe02a
2025-10-30 00:05:54.855 [http-nio-8080-exec-5] INFO  com.zaxxer.hikari.HikariDataSource - HikariPool-1 - Start completed.
2025-10-30 00:05:55.467 [http-nio-8080-exec-5] INFO  c.sau.service.impl.UserServiceImpl - 登录成功，用户信息: User(id=10, name=ABCDEF, username=ABCDEF, account=null, password=$2a$12$N4OImRGSCw0792z3ughLk.kdCvSmE7J2xc.1dblfjMVNuQOi3BqZ6, email=776393086@qq.com, phone=null, image=null, status=1, userType=0, createTime=2025-10-27T21:43:53, updateTime=null)
2025-10-30 00:05:55.491 [http-nio-8080-exec-5] INFO  com.sau.aop.OperationLogAspect - 记录操作日志: OperateLog(id=null, operateUserId=10, operateTime=2025-10-30T00:05:55.491644400, className=com.sau.controller.LoginController, methodName=login, methodParams=[LoginDTO(account=ABCDEF, password=123456A, rememberMe=false), org.springframework.web.context.request.async.StandardServletAsyncWebRequest$LifecycleHttpServletResponse@29f379df], returnValue=Result(code=1, msg=success, data=LoginVO(username=ABCDEF, avatar=null, token=eyJhbGciOiJIUzI1NiJ9.eyJpZCI6MTAsInVzZXJuYW1lIjoiQUJDREVGIiwiZXhwIjoxNzYxNzYxMTU1fQ.MlCMNJ1oN6FWsCHeEWjJkVg8mbkgn6Dv7Ee47oPnJvM)), costTime=1091)
2025-10-30 00:06:35.425 [http-nio-8080-exec-4] INFO  c.s.s.third.ImageGenerationService - 图片生成请求: 生成一副《我的世界》图片
2025-10-30 00:06:56.472 [http-nio-8080-exec-4] INFO  c.s.s.third.ImageGenerationService - 图片生成结果: ImagesResponse{model='doubao-seedream-4-0-250828'created=1761754015data=[Image{url=https://ark-content-generation-v2-cn-beijing.tos-cn-beijing.volces.com/doubao-seedream-4-0/021761753994718ea47116d27a02dc158efe8f359add651a2f170_0.jpeg?X-Tos-Algorithm=TOS4-HMAC-SHA256&X-Tos-Credential=AKLTYWJkZTExNjA1ZDUyNDc3YzhjNTM5OGIyNjBhNDcyOTQ%2F20251029%2Fcn-beijing%2Ftos%2Frequest&X-Tos-Date=20251029T160655Z&X-Tos-Expires=86400&X-Tos-Signature=17a1bc59d44ad63991a2ffe5f2004d84db7bc82aedd8e68b1904ad521b7f2195&X-Tos-SignedHeaders=host&x-tos-process=image%2Fwatermark%2Cimage_YXNzZXRzL3dhdGVybWFyay5wbmc_eC10b3MtcHJvY2Vzcz1pbWFnZS9yZXNpemUsUF85b64Json=nullsize=5504x3040}]usage=Usage{generatedImages=1}error=null}
2025-10-30 00:06:56.473 [http-nio-8080-exec-4] INFO  com.sau.aop.OperationLogAspect - 记录操作日志: OperateLog(id=null, operateUserId=10, operateTime=2025-10-30T00:06:56.473489600, className=com.sau.controller.ImageGenerationController, methodName=generateImage, methodParams=[ImageGenerationDTO(prompt=生成一副《我的世界》图片, referenceImages=null)], returnValue=Result(code=1, msg=success, data=ImageGenerationVO(model=doubao-seedream-4-0-250828, created=1761754015, data=[Image(url=https://ark-content-generation-v2-cn-beijing.tos-cn-beijing.volces.com/doubao-seedream-4-0/021761753994718ea47116d27a02dc158efe8f359add651a2f170_0.jpeg?X-Tos-Algorithm=TOS4-HMAC-SHA256&X-Tos-Credential=AKLTYWJkZTExNjA1ZDUyNDc3YzhjNTM5OGIyNjBhNDcyOTQ%2F20251029%2Fcn-beijing%2Ftos%2Frequest&X-Tos-Date=20251029T160655Z&X-Tos-Expires=86400&X-Tos-Signature=17a1bc59d44ad63991a2ffe5f2004d84db7bc82aedd8e68b1904ad521b7f2195&X-Tos-SignedHeaders=host&x-tos-process=image%2Fwatermark%2Cimage_YXNzZXRzL3dhdGVybWFyay5wbmc_eC10b3MtcHJvY2Vzcz1pbWFnZS9yZXNpemUsUF85, size=5504x3040)], generatedImages=1)), costTime=21181)
2025-10-30 00:08:34.494 [SpringApplicationShutdownHook] INFO  o.s.b.w.e.tomcat.GracefulShutdown - Commencing graceful shutdown. Waiting for active requests to complete
2025-10-30 00:08:34.847 [tomcat-shutdown] INFO  o.s.b.w.e.tomcat.GracefulShutdown - Graceful shutdown complete
2025-10-30 00:08:34.865 [SpringApplicationShutdownHook] INFO  com.zaxxer.hikari.HikariDataSource - HikariPool-1 - Shutdown initiated...
2025-10-30 00:08:34.869 [SpringApplicationShutdownHook] INFO  com.zaxxer.hikari.HikariDataSource - HikariPool-1 - Shutdown completed.
2025-10-30 16:42:29.254 [background-preinit] INFO  o.h.validator.internal.util.Version - HV000001: Hibernate Validator 8.0.3.Final
2025-10-30 16:42:29.295 [main] INFO  c.s.ECommerceImageSystemApplication - Starting ECommerceImageSystemApplication using Java 17.0.13 with PID 3156 (D:\Java\e-commerce-image-project\e-commerce-image-system\target\classes started by 77639 in D:\Java\e-commerce-image-project)
2025-10-30 16:42:29.296 [main] INFO  c.s.ECommerceImageSystemApplication - No active profile set, falling back to 1 default profile: "default"
2025-10-30 16:42:29.860 [main] INFO  o.s.d.r.c.RepositoryConfigurationDelegate - Multiple Spring Data modules found, entering strict repository configuration mode
2025-10-30 16:42:29.862 [main] INFO  o.s.d.r.c.RepositoryConfigurationDelegate - Bootstrapping Spring Data Redis repositories in DEFAULT mode.
2025-10-30 16:42:29.889 [main] INFO  o.s.d.r.c.RepositoryConfigurationDelegate - Finished Spring Data repository scanning in 10 ms. Found 0 Redis repository interfaces.
2025-10-30 16:42:30.499 [main] INFO  o.s.b.w.e.tomcat.TomcatWebServer - Tomcat initialized with port 8080 (http)
2025-10-30 16:42:30.508 [main] INFO  o.a.coyote.http11.Http11NioProtocol - Initializing ProtocolHandler ["http-nio-8080"]
2025-10-30 16:42:30.510 [main] INFO  o.a.catalina.core.StandardService - Starting service [Tomcat]
2025-10-30 16:42:30.510 [main] INFO  o.a.catalina.core.StandardEngine - Starting Servlet engine: [Apache Tomcat/10.1.46]
2025-10-30 16:42:30.586 [main] INFO  o.a.c.c.C.[Tomcat].[localhost].[/] - Initializing Spring embedded WebApplicationContext
2025-10-30 16:42:30.587 [main] INFO  o.s.b.w.s.c.ServletWebServerApplicationContext - Root WebApplicationContext: initialization completed in 1261 ms
2025-10-30 16:42:31.608 [main] INFO  o.a.coyote.http11.Http11NioProtocol - Starting ProtocolHandler ["http-nio-8080"]
2025-10-30 16:42:31.621 [main] INFO  o.s.b.w.e.tomcat.TomcatWebServer - Tomcat started on port 8080 (http) with context path '/'
2025-10-30 16:42:31.628 [main] INFO  c.s.ECommerceImageSystemApplication - Started ECommerceImageSystemApplication in 2.693 seconds (process running for 3.394)
2025-10-30 16:53:18.596 [http-nio-8080-exec-1] INFO  o.a.c.c.C.[Tomcat].[localhost].[/] - Initializing Spring DispatcherServlet 'dispatcherServlet'
2025-10-30 16:53:18.596 [http-nio-8080-exec-1] INFO  o.s.web.servlet.DispatcherServlet - Initializing Servlet 'dispatcherServlet'
2025-10-30 16:53:18.601 [http-nio-8080-exec-1] INFO  o.s.web.servlet.DispatcherServlet - Completed initialization in 5 ms
2025-10-30 16:53:18.643 [http-nio-8080-exec-2] WARN  o.s.w.s.m.s.DefaultHandlerExceptionResolver - Resolved [org.springframework.web.HttpRequestMethodNotSupportedException: Request method 'GET' is not supported]
2025-10-30 16:53:34.993 [http-nio-8080-exec-6] WARN  o.s.w.s.m.s.DefaultHandlerExceptionResolver - Resolved [org.springframework.web.HttpRequestMethodNotSupportedException: Request method 'GET' is not supported]
2025-10-30 16:59:10.788 [SpringApplicationShutdownHook] INFO  o.s.b.w.e.tomcat.GracefulShutdown - Commencing graceful shutdown. Waiting for active requests to complete
2025-10-30 16:59:11.104 [tomcat-shutdown] INFO  o.s.b.w.e.tomcat.GracefulShutdown - Graceful shutdown complete
2025-10-30 16:59:14.820 [background-preinit] INFO  o.h.validator.internal.util.Version - HV000001: Hibernate Validator 8.0.3.Final
2025-10-30 16:59:14.852 [main] INFO  c.s.ECommerceImageSystemApplication - Starting ECommerceImageSystemApplication using Java 17.0.13 with PID 19944 (D:\Java\e-commerce-image-project\e-commerce-image-system\target\classes started by 77639 in D:\Java\e-commerce-image-project)
2025-10-30 16:59:14.853 [main] INFO  c.s.ECommerceImageSystemApplication - No active profile set, falling back to 1 default profile: "default"
2025-10-30 16:59:15.383 [main] INFO  o.s.d.r.c.RepositoryConfigurationDelegate - Multiple Spring Data modules found, entering strict repository configuration mode
2025-10-30 16:59:15.385 [main] INFO  o.s.d.r.c.RepositoryConfigurationDelegate - Bootstrapping Spring Data Redis repositories in DEFAULT mode.
2025-10-30 16:59:15.408 [main] INFO  o.s.d.r.c.RepositoryConfigurationDelegate - Finished Spring Data repository scanning in 10 ms. Found 0 Redis repository interfaces.
2025-10-30 16:59:15.939 [main] INFO  o.s.b.w.e.tomcat.TomcatWebServer - Tomcat initialized with port 8080 (http)
2025-10-30 16:59:15.948 [main] INFO  o.a.coyote.http11.Http11NioProtocol - Initializing ProtocolHandler ["http-nio-8080"]
2025-10-30 16:59:15.949 [main] INFO  o.a.catalina.core.StandardService - Starting service [Tomcat]
2025-10-30 16:59:15.950 [main] INFO  o.a.catalina.core.StandardEngine - Starting Servlet engine: [Apache Tomcat/10.1.46]
2025-10-30 16:59:16.017 [main] INFO  o.a.c.c.C.[Tomcat].[localhost].[/] - Initializing Spring embedded WebApplicationContext
2025-10-30 16:59:16.017 [main] INFO  o.s.b.w.s.c.ServletWebServerApplicationContext - Root WebApplicationContext: initialization completed in 1140 ms
2025-10-30 16:59:16.924 [main] INFO  o.a.coyote.http11.Http11NioProtocol - Starting ProtocolHandler ["http-nio-8080"]
2025-10-30 16:59:16.936 [main] INFO  o.s.b.w.e.tomcat.TomcatWebServer - Tomcat started on port 8080 (http) with context path '/'
2025-10-30 16:59:16.943 [main] INFO  c.s.ECommerceImageSystemApplication - Started ECommerceImageSystemApplication in 2.394 seconds (process running for 2.938)
2025-10-30 16:59:31.907 [http-nio-8080-exec-1] INFO  o.a.c.c.C.[Tomcat].[localhost].[/] - Initializing Spring DispatcherServlet 'dispatcherServlet'
2025-10-30 16:59:31.908 [http-nio-8080-exec-1] INFO  o.s.web.servlet.DispatcherServlet - Initializing Servlet 'dispatcherServlet'
2025-10-30 16:59:31.909 [http-nio-8080-exec-1] INFO  o.s.web.servlet.DispatcherServlet - Completed initialization in 1 ms
2025-10-30 16:59:31.982 [http-nio-8080-exec-2] WARN  o.s.w.s.m.s.DefaultHandlerExceptionResolver - Resolved [org.springframework.web.HttpRequestMethodNotSupportedException: Request method 'GET' is not supported]
2025-10-30 17:03:21.957 [http-nio-8080-exec-7] WARN  o.s.w.s.m.s.DefaultHandlerExceptionResolver - Resolved [org.springframework.web.HttpRequestMethodNotSupportedException: Request method 'GET' is not supported]
2025-10-30 17:03:22.530 [http-nio-8080-exec-8] WARN  o.s.w.s.m.s.DefaultHandlerExceptionResolver - Resolved [org.springframework.web.HttpRequestMethodNotSupportedException: Request method 'GET' is not supported]
2025-10-30 17:03:22.686 [http-nio-8080-exec-10] WARN  o.s.w.s.m.s.DefaultHandlerExceptionResolver - Resolved [org.springframework.web.HttpRequestMethodNotSupportedException: Request method 'GET' is not supported]
2025-10-30 17:03:22.841 [http-nio-8080-exec-2] WARN  o.s.w.s.m.s.DefaultHandlerExceptionResolver - Resolved [org.springframework.web.HttpRequestMethodNotSupportedException: Request method 'GET' is not supported]
2025-10-30 17:03:22.981 [http-nio-8080-exec-5] WARN  o.s.w.s.m.s.DefaultHandlerExceptionResolver - Resolved [org.springframework.web.HttpRequestMethodNotSupportedException: Request method 'GET' is not supported]
2025-10-30 17:03:23.275 [http-nio-8080-exec-7] WARN  o.s.w.s.m.s.DefaultHandlerExceptionResolver - Resolved [org.springframework.web.HttpRequestMethodNotSupportedException: Request method 'GET' is not supported]
2025-10-30 17:03:23.416 [http-nio-8080-exec-8] WARN  o.s.w.s.m.s.DefaultHandlerExceptionResolver - Resolved [org.springframework.web.HttpRequestMethodNotSupportedException: Request method 'GET' is not supported]
2025-10-30 17:03:23.561 [http-nio-8080-exec-10] WARN  o.s.w.s.m.s.DefaultHandlerExceptionResolver - Resolved [org.springframework.web.HttpRequestMethodNotSupportedException: Request method 'GET' is not supported]
2025-10-30 17:03:30.194 [http-nio-8080-exec-2] WARN  o.s.w.s.m.s.DefaultHandlerExceptionResolver - Resolved [org.springframework.web.HttpRequestMethodNotSupportedException: Request method 'GET' is not supported]
2025-10-30 17:03:30.367 [http-nio-8080-exec-5] WARN  o.s.w.s.m.s.DefaultHandlerExceptionResolver - Resolved [org.springframework.web.HttpRequestMethodNotSupportedException: Request method 'GET' is not supported]
2025-10-30 17:03:30.559 [http-nio-8080-exec-7] WARN  o.s.w.s.m.s.DefaultHandlerExceptionResolver - Resolved [org.springframework.web.HttpRequestMethodNotSupportedException: Request method 'GET' is not supported]
2025-10-30 17:03:30.727 [http-nio-8080-exec-8] WARN  o.s.w.s.m.s.DefaultHandlerExceptionResolver - Resolved [org.springframework.web.HttpRequestMethodNotSupportedException: Request method 'GET' is not supported]
2025-10-30 17:03:37.441 [http-nio-8080-exec-1] WARN  o.s.w.s.m.s.DefaultHandlerExceptionResolver - Resolved [org.springframework.web.HttpRequestMethodNotSupportedException: Request method 'GET' is not supported]
2025-10-30 17:03:45.828 [http-nio-8080-exec-5] WARN  o.s.w.s.m.s.DefaultHandlerExceptionResolver - Resolved [org.springframework.web.HttpRequestMethodNotSupportedException: Request method 'GET' is not supported]
2025-10-30 17:03:55.032 [SpringApplicationShutdownHook] INFO  o.s.b.w.e.tomcat.GracefulShutdown - Commencing graceful shutdown. Waiting for active requests to complete
2025-10-30 17:03:55.360 [tomcat-shutdown] INFO  o.s.b.w.e.tomcat.GracefulShutdown - Graceful shutdown complete
2025-10-30 17:03:58.542 [background-preinit] INFO  o.h.validator.internal.util.Version - HV000001: Hibernate Validator 8.0.3.Final
2025-10-30 17:03:58.574 [main] INFO  c.s.ECommerceImageSystemApplication - Starting ECommerceImageSystemApplication using Java 17.0.13 with PID 24072 (D:\Java\e-commerce-image-project\e-commerce-image-system\target\classes started by 77639 in D:\Java\e-commerce-image-project)
2025-10-30 17:03:58.574 [main] INFO  c.s.ECommerceImageSystemApplication - No active profile set, falling back to 1 default profile: "default"
2025-10-30 17:03:59.066 [main] INFO  o.s.d.r.c.RepositoryConfigurationDelegate - Multiple Spring Data modules found, entering strict repository configuration mode
2025-10-30 17:03:59.069 [main] INFO  o.s.d.r.c.RepositoryConfigurationDelegate - Bootstrapping Spring Data Redis repositories in DEFAULT mode.
2025-10-30 17:03:59.091 [main] INFO  o.s.d.r.c.RepositoryConfigurationDelegate - Finished Spring Data repository scanning in 9 ms. Found 0 Redis repository interfaces.
2025-10-30 17:03:59.609 [main] INFO  o.s.b.w.e.tomcat.TomcatWebServer - Tomcat initialized with port 8080 (http)
2025-10-30 17:03:59.617 [main] INFO  o.a.coyote.http11.Http11NioProtocol - Initializing ProtocolHandler ["http-nio-8080"]
2025-10-30 17:03:59.618 [main] INFO  o.a.catalina.core.StandardService - Starting service [Tomcat]
2025-10-30 17:03:59.618 [main] INFO  o.a.catalina.core.StandardEngine - Starting Servlet engine: [Apache Tomcat/10.1.46]
2025-10-30 17:03:59.681 [main] INFO  o.a.c.c.C.[Tomcat].[localhost].[/] - Initializing Spring embedded WebApplicationContext
2025-10-30 17:03:59.682 [main] INFO  o.s.b.w.s.c.ServletWebServerApplicationContext - Root WebApplicationContext: initialization completed in 1081 ms
2025-10-30 17:04:00.585 [main] INFO  o.a.coyote.http11.Http11NioProtocol - Starting ProtocolHandler ["http-nio-8080"]
2025-10-30 17:04:00.598 [main] INFO  o.s.b.w.e.tomcat.TomcatWebServer - Tomcat started on port 8080 (http) with context path '/'
2025-10-30 17:04:00.605 [main] INFO  c.s.ECommerceImageSystemApplication - Started ECommerceImageSystemApplication in 2.286 seconds (process running for 2.831)
2025-10-30 17:04:08.846 [http-nio-8080-exec-1] INFO  o.a.c.c.C.[Tomcat].[localhost].[/] - Initializing Spring DispatcherServlet 'dispatcherServlet'
2025-10-30 17:04:08.846 [http-nio-8080-exec-1] INFO  o.s.web.servlet.DispatcherServlet - Initializing Servlet 'dispatcherServlet'
2025-10-30 17:04:08.846 [http-nio-8080-exec-1] INFO  o.s.web.servlet.DispatcherServlet - Completed initialization in 0 ms
2025-10-30 17:10:27.083 [SpringApplicationShutdownHook] INFO  o.s.b.w.e.tomcat.GracefulShutdown - Commencing graceful shutdown. Waiting for active requests to complete
2025-10-30 17:10:27.952 [tomcat-shutdown] INFO  o.s.b.w.e.tomcat.GracefulShutdown - Graceful shutdown complete
2025-10-30 22:11:47.885 [background-preinit] INFO  o.h.validator.internal.util.Version - HV000001: Hibernate Validator 8.0.3.Final
2025-10-30 22:11:47.924 [main] INFO  c.s.ECommerceImageSystemApplication - Starting ECommerceImageSystemApplication using Java 17.0.13 with PID 22832 (D:\Java\e-commerce-image-project\e-commerce-image-system\target\classes started by 77639 in D:\Java\e-commerce-image-project)
2025-10-30 22:11:47.924 [main] INFO  c.s.ECommerceImageSystemApplication - No active profile set, falling back to 1 default profile: "default"
2025-10-30 22:11:48.527 [main] INFO  o.s.d.r.c.RepositoryConfigurationDelegate - Multiple Spring Data modules found, entering strict repository configuration mode
2025-10-30 22:11:48.530 [main] INFO  o.s.d.r.c.RepositoryConfigurationDelegate - Bootstrapping Spring Data Redis repositories in DEFAULT mode.
2025-10-30 22:11:48.557 [main] INFO  o.s.d.r.c.RepositoryConfigurationDelegate - Finished Spring Data repository scanning in 10 ms. Found 0 Redis repository interfaces.
2025-10-30 22:11:49.145 [main] INFO  o.s.b.w.e.tomcat.TomcatWebServer - Tomcat initialized with port 8080 (http)
2025-10-30 22:11:49.164 [main] INFO  o.a.coyote.http11.Http11NioProtocol - Initializing ProtocolHandler ["http-nio-8080"]
2025-10-30 22:11:49.164 [main] INFO  o.a.catalina.core.StandardService - Starting service [Tomcat]
2025-10-30 22:11:49.164 [main] INFO  o.a.catalina.core.StandardEngine - Starting Servlet engine: [Apache Tomcat/10.1.46]
2025-10-30 22:11:49.240 [main] INFO  o.a.c.c.C.[Tomcat].[localhost].[/] - Initializing Spring embedded WebApplicationContext
2025-10-30 22:11:49.241 [main] INFO  o.s.b.w.s.c.ServletWebServerApplicationContext - Root WebApplicationContext: initialization completed in 1285 ms
2025-10-30 22:11:50.214 [main] INFO  o.a.coyote.http11.Http11NioProtocol - Starting ProtocolHandler ["http-nio-8080"]
2025-10-30 22:11:50.230 [main] INFO  o.s.b.w.e.tomcat.TomcatWebServer - Tomcat started on port 8080 (http) with context path '/'
2025-10-30 22:11:50.230 [main] INFO  c.s.ECommerceImageSystemApplication - Started ECommerceImageSystemApplication in 2.626 seconds (process running for 3.271)
2025-10-30 22:17:48.423 [http-nio-8080-exec-1] INFO  o.a.c.c.C.[Tomcat].[localhost].[/] - Initializing Spring DispatcherServlet 'dispatcherServlet'
2025-10-30 22:17:48.423 [http-nio-8080-exec-1] INFO  o.s.web.servlet.DispatcherServlet - Initializing Servlet 'dispatcherServlet'
2025-10-30 22:17:48.424 [http-nio-8080-exec-1] INFO  o.s.web.servlet.DispatcherServlet - Completed initialization in 1 ms
2025-10-30 22:17:48.513 [http-nio-8080-exec-1] WARN  o.s.w.s.m.s.DefaultHandlerExceptionResolver - Resolved [org.springframework.http.converter.HttpMessageNotReadableException: JSON parse error: Unexpected token (START_OBJECT), expected START_ARRAY: need Array value to contain `As.WRAPPER_ARRAY` type information for class com.sau.pojo.DTO.LoginDTO]
2025-10-30 22:22:20.004 [SpringApplicationShutdownHook] INFO  o.s.b.w.e.tomcat.GracefulShutdown - Commencing graceful shutdown. Waiting for active requests to complete
2025-10-30 22:22:20.323 [tomcat-shutdown] INFO  o.s.b.w.e.tomcat.GracefulShutdown - Graceful shutdown complete
2025-10-30 22:22:23.776 [background-preinit] INFO  o.h.validator.internal.util.Version - HV000001: Hibernate Validator 8.0.3.Final
2025-10-30 22:22:23.810 [main] INFO  c.s.ECommerceImageSystemApplication - Starting ECommerceImageSystemApplication using Java 17.0.13 with PID 11932 (D:\Java\e-commerce-image-project\e-commerce-image-system\target\classes started by 77639 in D:\Java\e-commerce-image-project)
2025-10-30 22:22:23.811 [main] INFO  c.s.ECommerceImageSystemApplication - No active profile set, falling back to 1 default profile: "default"
2025-10-30 22:22:24.359 [main] INFO  o.s.d.r.c.RepositoryConfigurationDelegate - Multiple Spring Data modules found, entering strict repository configuration mode
2025-10-30 22:22:24.360 [main] INFO  o.s.d.r.c.RepositoryConfigurationDelegate - Bootstrapping Spring Data Redis repositories in DEFAULT mode.
2025-10-30 22:22:24.382 [main] INFO  o.s.d.r.c.RepositoryConfigurationDelegate - Finished Spring Data repository scanning in 10 ms. Found 0 Redis repository interfaces.
2025-10-30 22:22:24.898 [main] INFO  o.s.b.w.e.tomcat.TomcatWebServer - Tomcat initialized with port 8080 (http)
2025-10-30 22:22:24.906 [main] INFO  o.a.coyote.http11.Http11NioProtocol - Initializing ProtocolHandler ["http-nio-8080"]
2025-10-30 22:22:24.907 [main] INFO  o.a.catalina.core.StandardService - Starting service [Tomcat]
2025-10-30 22:22:24.907 [main] INFO  o.a.catalina.core.StandardEngine - Starting Servlet engine: [Apache Tomcat/10.1.46]
2025-10-30 22:22:24.973 [main] INFO  o.a.c.c.C.[Tomcat].[localhost].[/] - Initializing Spring embedded WebApplicationContext
2025-10-30 22:22:24.973 [main] INFO  o.s.b.w.s.c.ServletWebServerApplicationContext - Root WebApplicationContext: initialization completed in 1137 ms
2025-10-30 22:22:25.909 [main] INFO  o.a.coyote.http11.Http11NioProtocol - Starting ProtocolHandler ["http-nio-8080"]
2025-10-30 22:22:25.920 [main] INFO  o.s.b.w.e.tomcat.TomcatWebServer - Tomcat started on port 8080 (http) with context path '/'
2025-10-30 22:22:25.927 [main] INFO  c.s.ECommerceImageSystemApplication - Started ECommerceImageSystemApplication in 2.386 seconds (process running for 2.932)
2025-10-30 22:22:31.263 [http-nio-8080-exec-2] INFO  o.a.c.c.C.[Tomcat].[localhost].[/] - Initializing Spring DispatcherServlet 'dispatcherServlet'
2025-10-30 22:22:31.263 [http-nio-8080-exec-2] INFO  o.s.web.servlet.DispatcherServlet - Initializing Servlet 'dispatcherServlet'
2025-10-30 22:22:31.264 [http-nio-8080-exec-2] INFO  o.s.web.servlet.DispatcherServlet - Completed initialization in 1 ms
2025-10-30 22:22:31.355 [http-nio-8080-exec-2] INFO  com.sau.controller.LoginController - 登录请求: 账号=zhaojinyu, rememberMe=false
2025-10-30 22:22:31.373 [http-nio-8080-exec-2] INFO  com.zaxxer.hikari.HikariDataSource - HikariPool-1 - Starting...
2025-10-30 22:22:31.645 [http-nio-8080-exec-2] INFO  com.zaxxer.hikari.pool.HikariPool - HikariPool-1 - Added connection com.mysql.cj.jdbc.ConnectionImpl@2e607230
2025-10-30 22:22:31.646 [http-nio-8080-exec-2] INFO  com.zaxxer.hikari.HikariDataSource - HikariPool-1 - Start completed.
2025-10-30 22:22:31.975 [http-nio-8080-exec-2] INFO  c.sau.service.impl.UserServiceImpl - 登录成功，用户信息: User(id=1, name=赵瑾瑜, username=zhaojinyu, account=null, password=$2a$12$kFEfURVVsiK7ulY7UvnreegZkQGJFSIzBIUno1dtEq9rHr3.LzREK, email=88888@qq.com, phone=18866668888, image=https://java-ai-sau.oss-cn-beijing.aliyuncs.com/2025/04/312b700a-e1c7-42bf-aa23-5db8dc7121a6.jpg, status=1, userType=0, createTime=null, updateTime=null)
2025-10-30 22:22:32.508 [http-nio-8080-exec-2] INFO  com.sau.aop.OperationLogAspect - 记录操作日志: OperateLog(id=null, operateUserId=1, operateTime=2025-10-30T22:22:32.508590400, className=com.sau.controller.LoginController, methodName=login, methodParams=[LoginDTO(account=zhaojinyu, password=123456, rememberMe=false), org.springframework.web.context.request.async.StandardServletAsyncWebRequest$LifecycleHttpServletResponse@232653dd], returnValue=Result(code=1, msg=success, data=LoginVO(username=zhaojinyu, avatar=https://java-ai-sau.oss-cn-beijing.aliyuncs.com/2025/04/312b700a-e1c7-42bf-aa23-5db8dc7121a6.jpg, token=eyJhbGciOiJIUzI1NiJ9.eyJpZCI6MSwidXNlcm5hbWUiOiJ6aGFvamlueXUiLCJleHAiOjE3NjE4NDEzNTJ9.IIsnPZwkvatul_d3vINp9eWfSUyXJKF_n83kJWhEVvs)), costTime=1152)
2025-10-30 22:25:05.763 [SpringApplicationShutdownHook] INFO  o.s.b.w.e.tomcat.GracefulShutdown - Commencing graceful shutdown. Waiting for active requests to complete
2025-10-30 22:25:06.148 [tomcat-shutdown] INFO  o.s.b.w.e.tomcat.GracefulShutdown - Graceful shutdown complete
2025-10-30 22:25:06.173 [SpringApplicationShutdownHook] INFO  com.zaxxer.hikari.HikariDataSource - HikariPool-1 - Shutdown initiated...
2025-10-30 22:25:06.173 [SpringApplicationShutdownHook] INFO  com.zaxxer.hikari.HikariDataSource - HikariPool-1 - Shutdown completed.
2025-10-30 22:25:09.660 [background-preinit] INFO  o.h.validator.internal.util.Version - HV000001: Hibernate Validator 8.0.3.Final
2025-10-30 22:25:09.699 [main] INFO  c.s.ECommerceImageSystemApplication - Starting ECommerceImageSystemApplication using Java 17.0.13 with PID 24232 (D:\Java\e-commerce-image-project\e-commerce-image-system\target\classes started by 77639 in D:\Java\e-commerce-image-project)
2025-10-30 22:25:09.699 [main] INFO  c.s.ECommerceImageSystemApplication - No active profile set, falling back to 1 default profile: "default"
2025-10-30 22:25:10.220 [main] INFO  o.s.d.r.c.RepositoryConfigurationDelegate - Multiple Spring Data modules found, entering strict repository configuration mode
2025-10-30 22:25:10.228 [main] INFO  o.s.d.r.c.RepositoryConfigurationDelegate - Bootstrapping Spring Data Redis repositories in DEFAULT mode.
2025-10-30 22:25:10.250 [main] INFO  o.s.d.r.c.RepositoryConfigurationDelegate - Finished Spring Data repository scanning in 10 ms. Found 0 Redis repository interfaces.
2025-10-30 22:25:10.776 [main] INFO  o.s.b.w.e.tomcat.TomcatWebServer - Tomcat initialized with port 8080 (http)
2025-10-30 22:25:10.776 [main] INFO  o.a.coyote.http11.Http11NioProtocol - Initializing ProtocolHandler ["http-nio-8080"]
2025-10-30 22:25:10.776 [main] INFO  o.a.catalina.core.StandardService - Starting service [Tomcat]
2025-10-30 22:25:10.776 [main] INFO  o.a.catalina.core.StandardEngine - Starting Servlet engine: [Apache Tomcat/10.1.46]
2025-10-30 22:25:10.853 [main] INFO  o.a.c.c.C.[Tomcat].[localhost].[/] - Initializing Spring embedded WebApplicationContext
2025-10-30 22:25:10.853 [main] INFO  o.s.b.w.s.c.ServletWebServerApplicationContext - Root WebApplicationContext: initialization completed in 1133 ms
2025-10-30 22:25:11.801 [main] INFO  o.a.coyote.http11.Http11NioProtocol - Starting ProtocolHandler ["http-nio-8080"]
2025-10-30 22:25:11.816 [main] INFO  o.s.b.w.e.tomcat.TomcatWebServer - Tomcat started on port 8080 (http) with context path '/'
2025-10-30 22:25:11.816 [main] INFO  c.s.ECommerceImageSystemApplication - Started ECommerceImageSystemApplication in 2.414 seconds (process running for 2.976)
2025-10-30 22:25:36.858 [http-nio-8080-exec-1] INFO  o.a.c.c.C.[Tomcat].[localhost].[/] - Initializing Spring DispatcherServlet 'dispatcherServlet'
2025-10-30 22:25:36.858 [http-nio-8080-exec-1] INFO  o.s.web.servlet.DispatcherServlet - Initializing Servlet 'dispatcherServlet'
2025-10-30 22:25:36.863 [http-nio-8080-exec-1] INFO  o.s.web.servlet.DispatcherServlet - Completed initialization in 5 ms
2025-10-30 22:26:04.078 [SpringApplicationShutdownHook] INFO  o.s.b.w.e.tomcat.GracefulShutdown - Commencing graceful shutdown. Waiting for active requests to complete
2025-10-30 22:26:04.422 [tomcat-shutdown] INFO  o.s.b.w.e.tomcat.GracefulShutdown - Graceful shutdown complete
2025-10-30 22:26:07.721 [background-preinit] INFO  o.h.validator.internal.util.Version - HV000001: Hibernate Validator 8.0.3.Final
2025-10-30 22:26:07.751 [main] INFO  c.s.ECommerceImageSystemApplication - Starting ECommerceImageSystemApplication using Java 17.0.13 with PID 23612 (D:\Java\e-commerce-image-project\e-commerce-image-system\target\classes started by 77639 in D:\Java\e-commerce-image-project)
2025-10-30 22:26:07.752 [main] INFO  c.s.ECommerceImageSystemApplication - No active profile set, falling back to 1 default profile: "default"
2025-10-30 22:26:08.255 [main] INFO  o.s.d.r.c.RepositoryConfigurationDelegate - Multiple Spring Data modules found, entering strict repository configuration mode
2025-10-30 22:26:08.257 [main] INFO  o.s.d.r.c.RepositoryConfigurationDelegate - Bootstrapping Spring Data Redis repositories in DEFAULT mode.
2025-10-30 22:26:08.280 [main] INFO  o.s.d.r.c.RepositoryConfigurationDelegate - Finished Spring Data repository scanning in 9 ms. Found 0 Redis repository interfaces.
2025-10-30 22:26:08.806 [main] INFO  o.s.b.w.e.tomcat.TomcatWebServer - Tomcat initialized with port 8080 (http)
2025-10-30 22:26:08.814 [main] INFO  o.a.coyote.http11.Http11NioProtocol - Initializing ProtocolHandler ["http-nio-8080"]
2025-10-30 22:26:08.815 [main] INFO  o.a.catalina.core.StandardService - Starting service [Tomcat]
2025-10-30 22:26:08.816 [main] INFO  o.a.catalina.core.StandardEngine - Starting Servlet engine: [Apache Tomcat/10.1.46]
2025-10-30 22:26:08.886 [main] INFO  o.a.c.c.C.[Tomcat].[localhost].[/] - Initializing Spring embedded WebApplicationContext
2025-10-30 22:26:08.886 [main] INFO  o.s.b.w.s.c.ServletWebServerApplicationContext - Root WebApplicationContext: initialization completed in 1109 ms
2025-10-30 22:26:09.849 [main] INFO  o.a.coyote.http11.Http11NioProtocol - Starting ProtocolHandler ["http-nio-8080"]
2025-10-30 22:26:09.862 [main] INFO  o.s.b.w.e.tomcat.TomcatWebServer - Tomcat started on port 8080 (http) with context path '/'
2025-10-30 22:26:09.869 [main] INFO  c.s.ECommerceImageSystemApplication - Started ECommerceImageSystemApplication in 2.368 seconds (process running for 2.898)
2025-10-30 22:27:01.054 [http-nio-8080-exec-1] INFO  o.a.c.c.C.[Tomcat].[localhost].[/] - Initializing Spring DispatcherServlet 'dispatcherServlet'
2025-10-30 22:27:01.054 [http-nio-8080-exec-1] INFO  o.s.web.servlet.DispatcherServlet - Initializing Servlet 'dispatcherServlet'
2025-10-30 22:27:01.055 [http-nio-8080-exec-1] INFO  o.s.web.servlet.DispatcherServlet - Completed initialization in 1 ms
2025-10-30 22:27:31.424 [SpringApplicationShutdownHook] INFO  o.s.b.w.e.tomcat.GracefulShutdown - Commencing graceful shutdown. Waiting for active requests to complete
2025-10-30 22:27:31.776 [tomcat-shutdown] INFO  o.s.b.w.e.tomcat.GracefulShutdown - Graceful shutdown complete
2025-10-30 22:27:35.352 [background-preinit] INFO  o.h.validator.internal.util.Version - HV000001: Hibernate Validator 8.0.3.Final
2025-10-30 22:27:35.384 [main] INFO  c.s.ECommerceImageSystemApplication - Starting ECommerceImageSystemApplication using Java 17.0.13 with PID 10292 (D:\Java\e-commerce-image-project\e-commerce-image-system\target\classes started by 77639 in D:\Java\e-commerce-image-project)
2025-10-30 22:27:35.385 [main] INFO  c.s.ECommerceImageSystemApplication - No active profile set, falling back to 1 default profile: "default"
2025-10-30 22:27:35.864 [main] INFO  o.s.d.r.c.RepositoryConfigurationDelegate - Multiple Spring Data modules found, entering strict repository configuration mode
2025-10-30 22:27:35.866 [main] INFO  o.s.d.r.c.RepositoryConfigurationDelegate - Bootstrapping Spring Data Redis repositories in DEFAULT mode.
2025-10-30 22:27:35.889 [main] INFO  o.s.d.r.c.RepositoryConfigurationDelegate - Finished Spring Data repository scanning in 9 ms. Found 0 Redis repository interfaces.
2025-10-30 22:27:36.407 [main] INFO  o.s.b.w.e.tomcat.TomcatWebServer - Tomcat initialized with port 8080 (http)
2025-10-30 22:27:36.415 [main] INFO  o.a.coyote.http11.Http11NioProtocol - Initializing ProtocolHandler ["http-nio-8080"]
2025-10-30 22:27:36.416 [main] INFO  o.a.catalina.core.StandardService - Starting service [Tomcat]
2025-10-30 22:27:36.416 [main] INFO  o.a.catalina.core.StandardEngine - Starting Servlet engine: [Apache Tomcat/10.1.46]
2025-10-30 22:27:36.485 [main] INFO  o.a.c.c.C.[Tomcat].[localhost].[/] - Initializing Spring embedded WebApplicationContext
2025-10-30 22:27:36.486 [main] INFO  o.s.b.w.s.c.ServletWebServerApplicationContext - Root WebApplicationContext: initialization completed in 1074 ms
2025-10-30 22:27:37.381 [main] INFO  o.a.coyote.http11.Http11NioProtocol - Starting ProtocolHandler ["http-nio-8080"]
2025-10-30 22:27:37.395 [main] INFO  o.s.b.w.e.tomcat.TomcatWebServer - Tomcat started on port 8080 (http) with context path '/'
2025-10-30 22:27:37.401 [main] INFO  c.s.ECommerceImageSystemApplication - Started ECommerceImageSystemApplication in 2.289 seconds (process running for 2.841)
2025-10-30 22:27:44.613 [http-nio-8080-exec-1] INFO  o.a.c.c.C.[Tomcat].[localhost].[/] - Initializing Spring DispatcherServlet 'dispatcherServlet'
2025-10-30 22:27:44.614 [http-nio-8080-exec-1] INFO  o.s.web.servlet.DispatcherServlet - Initializing Servlet 'dispatcherServlet'
2025-10-30 22:27:44.614 [http-nio-8080-exec-1] INFO  o.s.web.servlet.DispatcherServlet - Completed initialization in 0 ms
2025-10-30 22:28:08.754 [SpringApplicationShutdownHook] INFO  o.s.b.w.e.tomcat.GracefulShutdown - Commencing graceful shutdown. Waiting for active requests to complete
2025-10-30 22:28:09.094 [tomcat-shutdown] INFO  o.s.b.w.e.tomcat.GracefulShutdown - Graceful shutdown complete
2025-10-30 22:28:12.463 [background-preinit] INFO  o.h.validator.internal.util.Version - HV000001: Hibernate Validator 8.0.3.Final
2025-10-30 22:28:12.494 [main] INFO  c.s.ECommerceImageSystemApplication - Starting ECommerceImageSystemApplication using Java 17.0.13 with PID 17804 (D:\Java\e-commerce-image-project\e-commerce-image-system\target\classes started by 77639 in D:\Java\e-commerce-image-project)
2025-10-30 22:28:12.494 [main] INFO  c.s.ECommerceImageSystemApplication - No active profile set, falling back to 1 default profile: "default"
2025-10-30 22:28:12.999 [main] INFO  o.s.d.r.c.RepositoryConfigurationDelegate - Multiple Spring Data modules found, entering strict repository configuration mode
2025-10-30 22:28:13.004 [main] INFO  o.s.d.r.c.RepositoryConfigurationDelegate - Bootstrapping Spring Data Redis repositories in DEFAULT mode.
2025-10-30 22:28:13.027 [main] INFO  o.s.d.r.c.RepositoryConfigurationDelegate - Finished Spring Data repository scanning in 11 ms. Found 0 Redis repository interfaces.
2025-10-30 22:28:13.547 [main] INFO  o.s.b.w.e.tomcat.TomcatWebServer - Tomcat initialized with port 8080 (http)
2025-10-30 22:28:13.557 [main] INFO  o.a.coyote.http11.Http11NioProtocol - Initializing ProtocolHandler ["http-nio-8080"]
2025-10-30 22:28:13.558 [main] INFO  o.a.catalina.core.StandardService - Starting service [Tomcat]
2025-10-30 22:28:13.558 [main] INFO  o.a.catalina.core.StandardEngine - Starting Servlet engine: [Apache Tomcat/10.1.46]
2025-10-30 22:28:13.631 [main] INFO  o.a.c.c.C.[Tomcat].[localhost].[/] - Initializing Spring embedded WebApplicationContext
2025-10-30 22:28:13.631 [main] INFO  o.s.b.w.s.c.ServletWebServerApplicationContext - Root WebApplicationContext: initialization completed in 1105 ms
2025-10-30 22:28:14.590 [main] INFO  o.a.coyote.http11.Http11NioProtocol - Starting ProtocolHandler ["http-nio-8080"]
2025-10-30 22:28:14.602 [main] INFO  o.s.b.w.e.tomcat.TomcatWebServer - Tomcat started on port 8080 (http) with context path '/'
2025-10-30 22:28:14.609 [main] INFO  c.s.ECommerceImageSystemApplication - Started ECommerceImageSystemApplication in 2.384 seconds (process running for 2.92)
2025-10-30 22:28:33.896 [SpringApplicationShutdownHook] INFO  o.s.b.w.e.tomcat.GracefulShutdown - Commencing graceful shutdown. Waiting for active requests to complete
2025-10-30 22:28:34.234 [tomcat-shutdown] INFO  o.s.b.w.e.tomcat.GracefulShutdown - Graceful shutdown complete
2025-10-30 22:28:37.765 [background-preinit] INFO  o.h.validator.internal.util.Version - HV000001: Hibernate Validator 8.0.3.Final
2025-10-30 22:28:37.795 [main] INFO  c.s.ECommerceImageSystemApplication - Starting ECommerceImageSystemApplication using Java 17.0.13 with PID 16960 (D:\Java\e-commerce-image-project\e-commerce-image-system\target\classes started by 77639 in D:\Java\e-commerce-image-project)
2025-10-30 22:28:37.796 [main] INFO  c.s.ECommerceImageSystemApplication - No active profile set, falling back to 1 default profile: "default"
2025-10-30 22:28:38.313 [main] INFO  o.s.d.r.c.RepositoryConfigurationDelegate - Multiple Spring Data modules found, entering strict repository configuration mode
2025-10-30 22:28:38.314 [main] INFO  o.s.d.r.c.RepositoryConfigurationDelegate - Bootstrapping Spring Data Redis repositories in DEFAULT mode.
2025-10-30 22:28:38.337 [main] INFO  o.s.d.r.c.RepositoryConfigurationDelegate - Finished Spring Data repository scanning in 10 ms. Found 0 Redis repository interfaces.
2025-10-30 22:28:38.878 [main] INFO  o.s.b.w.e.tomcat.TomcatWebServer - Tomcat initialized with port 8080 (http)
2025-10-30 22:28:38.887 [main] INFO  o.a.coyote.http11.Http11NioProtocol - Initializing ProtocolHandler ["http-nio-8080"]
2025-10-30 22:28:38.888 [main] INFO  o.a.catalina.core.StandardService - Starting service [Tomcat]
2025-10-30 22:28:38.888 [main] INFO  o.a.catalina.core.StandardEngine - Starting Servlet engine: [Apache Tomcat/10.1.46]
2025-10-30 22:28:38.959 [main] INFO  o.a.c.c.C.[Tomcat].[localhost].[/] - Initializing Spring embedded WebApplicationContext
2025-10-30 22:28:38.959 [main] INFO  o.s.b.w.s.c.ServletWebServerApplicationContext - Root WebApplicationContext: initialization completed in 1137 ms
2025-10-30 22:28:39.909 [main] INFO  o.a.coyote.http11.Http11NioProtocol - Starting ProtocolHandler ["http-nio-8080"]
2025-10-30 22:28:39.925 [main] INFO  o.s.b.w.e.tomcat.TomcatWebServer - Tomcat started on port 8080 (http) with context path '/'
2025-10-30 22:28:39.933 [main] INFO  c.s.ECommerceImageSystemApplication - Started ECommerceImageSystemApplication in 2.405 seconds (process running for 2.933)
2025-10-30 22:29:14.143 [http-nio-8080-exec-1] INFO  o.a.c.c.C.[Tomcat].[localhost].[/] - Initializing Spring DispatcherServlet 'dispatcherServlet'
2025-10-30 22:29:14.143 [http-nio-8080-exec-1] INFO  o.s.web.servlet.DispatcherServlet - Initializing Servlet 'dispatcherServlet'
2025-10-30 22:29:14.144 [http-nio-8080-exec-1] INFO  o.s.web.servlet.DispatcherServlet - Completed initialization in 1 ms
2025-10-30 22:29:14.701 [http-nio-8080-exec-1] INFO  com.sau.controller.LoginController - 退出登录成功
2025-10-30 23:31:17.331 [SpringApplicationShutdownHook] INFO  o.s.b.w.e.tomcat.GracefulShutdown - Commencing graceful shutdown. Waiting for active requests to complete
2025-10-30 23:31:17.367 [tomcat-shutdown] INFO  o.s.b.w.e.tomcat.GracefulShutdown - Graceful shutdown complete
2025-10-30 23:31:21.546 [background-preinit] INFO  o.h.validator.internal.util.Version - HV000001: Hibernate Validator 8.0.3.Final
2025-10-30 23:31:21.581 [main] INFO  c.s.ECommerceImageSystemApplication - Starting ECommerceImageSystemApplication using Java 17.0.13 with PID 12404 (D:\Java\e-commerce-image-project\e-commerce-image-system\target\classes started by 77639 in D:\Java\e-commerce-image-project)
2025-10-30 23:31:21.582 [main] INFO  c.s.ECommerceImageSystemApplication - No active profile set, falling back to 1 default profile: "default"
2025-10-30 23:31:22.178 [main] INFO  o.s.d.r.c.RepositoryConfigurationDelegate - Multiple Spring Data modules found, entering strict repository configuration mode
2025-10-30 23:31:22.181 [main] INFO  o.s.d.r.c.RepositoryConfigurationDelegate - Bootstrapping Spring Data Redis repositories in DEFAULT mode.
2025-10-30 23:31:22.204 [main] INFO  o.s.d.r.c.RepositoryConfigurationDelegate - Finished Spring Data repository scanning in 11 ms. Found 0 Redis repository interfaces.
2025-10-30 23:31:22.722 [main] INFO  o.s.b.w.e.tomcat.TomcatWebServer - Tomcat initialized with port 8080 (http)
2025-10-30 23:31:22.730 [main] INFO  o.a.coyote.http11.Http11NioProtocol - Initializing ProtocolHandler ["http-nio-8080"]
2025-10-30 23:31:22.732 [main] INFO  o.a.catalina.core.StandardService - Starting service [Tomcat]
2025-10-30 23:31:22.732 [main] INFO  o.a.catalina.core.StandardEngine - Starting Servlet engine: [Apache Tomcat/10.1.46]
2025-10-30 23:31:22.813 [main] INFO  o.a.c.c.C.[Tomcat].[localhost].[/] - Initializing Spring embedded WebApplicationContext
2025-10-30 23:31:22.813 [main] INFO  o.s.b.w.s.c.ServletWebServerApplicationContext - Root WebApplicationContext: initialization completed in 1201 ms
2025-10-30 23:31:23.760 [main] INFO  o.a.coyote.http11.Http11NioProtocol - Starting ProtocolHandler ["http-nio-8080"]
2025-10-30 23:31:23.775 [main] INFO  o.s.b.w.e.tomcat.TomcatWebServer - Tomcat started on port 8080 (http) with context path '/'
2025-10-30 23:31:23.784 [main] INFO  c.s.ECommerceImageSystemApplication - Started ECommerceImageSystemApplication in 2.609 seconds (process running for 3.229)
2025-10-30 23:38:02.034 [SpringApplicationShutdownHook] INFO  o.s.b.w.e.tomcat.GracefulShutdown - Commencing graceful shutdown. Waiting for active requests to complete
2025-10-30 23:38:02.076 [tomcat-shutdown] INFO  o.s.b.w.e.tomcat.GracefulShutdown - Graceful shutdown complete
2025-10-30 23:38:03.947 [background-preinit] INFO  o.h.validator.internal.util.Version - HV000001: Hibernate Validator 8.0.3.Final
2025-10-30 23:38:03.980 [main] INFO  c.s.ECommerceImageSystemApplication - Starting ECommerceImageSystemApplication using Java 17.0.13 with PID 25240 (D:\Java\e-commerce-image-project\e-commerce-image-system\target\classes started by 77639 in D:\Java\e-commerce-image-project)
2025-10-30 23:38:03.980 [main] INFO  c.s.ECommerceImageSystemApplication - No active profile set, falling back to 1 default profile: "default"
2025-10-30 23:38:04.483 [main] INFO  o.s.d.r.c.RepositoryConfigurationDelegate - Multiple Spring Data modules found, entering strict repository configuration mode
2025-10-30 23:38:04.485 [main] INFO  o.s.d.r.c.RepositoryConfigurationDelegate - Bootstrapping Spring Data Redis repositories in DEFAULT mode.
2025-10-30 23:38:04.507 [main] INFO  o.s.d.r.c.RepositoryConfigurationDelegate - Finished Spring Data repository scanning in 10 ms. Found 0 Redis repository interfaces.
2025-10-30 23:38:05.035 [main] INFO  o.s.b.w.e.tomcat.TomcatWebServer - Tomcat initialized with port 8080 (http)
2025-10-30 23:38:05.044 [main] INFO  o.a.coyote.http11.Http11NioProtocol - Initializing ProtocolHandler ["http-nio-8080"]
2025-10-30 23:38:05.045 [main] INFO  o.a.catalina.core.StandardService - Starting service [Tomcat]
2025-10-30 23:38:05.045 [main] INFO  o.a.catalina.core.StandardEngine - Starting Servlet engine: [Apache Tomcat/10.1.46]
2025-10-30 23:38:05.118 [main] INFO  o.a.c.c.C.[Tomcat].[localhost].[/] - Initializing Spring embedded WebApplicationContext
2025-10-30 23:38:05.118 [main] INFO  o.s.b.w.s.c.ServletWebServerApplicationContext - Root WebApplicationContext: initialization completed in 1112 ms
2025-10-30 23:38:06.045 [main] INFO  o.a.coyote.http11.Http11NioProtocol - Starting ProtocolHandler ["http-nio-8080"]
2025-10-30 23:38:06.058 [main] INFO  o.s.b.w.e.tomcat.TomcatWebServer - Tomcat started on port 8080 (http) with context path '/'
2025-10-30 23:38:06.064 [main] INFO  c.s.ECommerceImageSystemApplication - Started ECommerceImageSystemApplication in 2.359 seconds (process running for 2.926)
2025-10-30 23:38:13.336 [http-nio-8080-exec-2] INFO  o.a.c.c.C.[Tomcat].[localhost].[/] - Initializing Spring DispatcherServlet 'dispatcherServlet'
2025-10-30 23:38:13.336 [http-nio-8080-exec-2] INFO  o.s.web.servlet.DispatcherServlet - Initializing Servlet 'dispatcherServlet'
2025-10-30 23:38:13.337 [http-nio-8080-exec-2] INFO  o.s.web.servlet.DispatcherServlet - Completed initialization in 1 ms
2025-10-30 23:38:13.417 [http-nio-8080-exec-2] INFO  com.sau.controller.LoginController - 登录请求: 账号=zhaojinyu, rememberMe=false
2025-10-30 23:38:13.432 [http-nio-8080-exec-2] INFO  com.zaxxer.hikari.HikariDataSource - HikariPool-1 - Starting...
2025-10-30 23:38:13.630 [http-nio-8080-exec-2] INFO  com.zaxxer.hikari.pool.HikariPool - HikariPool-1 - Added connection com.mysql.cj.jdbc.ConnectionImpl@11580c89
2025-10-30 23:38:13.631 [http-nio-8080-exec-2] INFO  com.zaxxer.hikari.HikariDataSource - HikariPool-1 - Start completed.
2025-10-30 23:38:13.943 [http-nio-8080-exec-2] INFO  c.sau.service.impl.UserServiceImpl - 登录成功，用户信息: User(id=1, name=赵瑾瑜, username=zhaojinyu, account=null, password=$2a$12$kFEfURVVsiK7ulY7UvnreegZkQGJFSIzBIUno1dtEq9rHr3.LzREK, email=88888@qq.com, phone=18866668888, image=https://java-ai-sau.oss-cn-beijing.aliyuncs.com/2025/04/312b700a-e1c7-42bf-aa23-5db8dc7121a6.jpg, status=1, userType=0, createTime=null, updateTime=null)
2025-10-30 23:38:14.415 [http-nio-8080-exec-2] INFO  com.sau.aop.OperationLogAspect - 记录操作日志: OperateLog(id=null, operateUserId=1, operateTime=2025-10-30T23:38:14.414775500, className=com.sau.controller.LoginController, methodName=login, methodParams=[LoginDTO(account=zhaojinyu, password=123456, rememberMe=false), org.springframework.web.context.request.async.StandardServletAsyncWebRequest$LifecycleHttpServletResponse@1ae4c33d], returnValue=Result(code=1, msg=success, data=LoginVO(username=zhaojinyu, avatar=https://java-ai-sau.oss-cn-beijing.aliyuncs.com/2025/04/312b700a-e1c7-42bf-aa23-5db8dc7121a6.jpg, token=eyJhbGciOiJIUzI1NiJ9.eyJpZCI6MSwidXNlcm5hbWUiOiJ6aGFvamlueXUiLCJleHAiOjE3NjE4Mzk1OTR9.Oo0TKLuPRnCvXAQIShA_DTdTfvEQJJjC_UsDDu7MkbE)), costTime=997)
2025-10-30 23:41:47.400 [http-nio-8080-exec-6] INFO  c.s.s.third.ImageGenerationService - 图片生成请求: 生成一副《我的世界》图片，画面内容为：以一种俯瞰的高度看着几座山环绕着一谭湖水，山上樱花是开了，漫山遍野的樱花十分浪漫
2025-10-30 23:42:02.644 [http-nio-8080-exec-6] INFO  c.s.s.third.ImageGenerationService - 图片生成结果: ImagesResponse{model='doubao-seedream-4-0-250828'created=1761838922data=[Image{url=https://ark-content-generation-v2-cn-beijing.tos-cn-beijing.volces.com/doubao-seedream-4-0/021761838907911ebdc946f2be2eb9a87f08a675dc28385bd5fd2_0.jpeg?X-Tos-Algorithm=TOS4-HMAC-SHA256&X-Tos-Credential=AKLTYWJkZTExNjA1ZDUyNDc3YzhjNTM5OGIyNjBhNDcyOTQ%2F20251030%2Fcn-beijing%2Ftos%2Frequest&X-Tos-Date=20251030T154202Z&X-Tos-Expires=86400&X-Tos-Signature=6cf3823eb311be8addfa0f03b3fe3e8d7de81bcdc2548bb687363add7d066174&X-Tos-SignedHeaders=host&x-tos-process=image%2Fwatermark%2Cimage_YXNzZXRzL3dhdGVybWFyay5wbmc_eC10b3MtcHJvY2Vzcz1pbWFnZS9yZXNpemUsUF83b64Json=nullsize=6240x2656}]usage=Usage{generatedImages=1}error=null}
2025-10-30 23:42:02.645 [http-nio-8080-exec-6] INFO  com.sau.aop.OperationLogAspect - 记录操作日志: OperateLog(id=null, operateUserId=1, operateTime=2025-10-30T23:42:02.645413700, className=com.sau.controller.ImageGenerationController, methodName=generateImage, methodParams=[ImageGenerationDTO(prompt=生成一副《我的世界》图片，画面内容为：以一种俯瞰的高度看着几座山环绕着一谭湖水，山上樱花是开了，漫山遍野的樱花十分浪漫, referenceImages=null)], returnValue=Result(code=1, msg=success, data=ImageGenerationVO(model=doubao-seedream-4-0-250828, created=1761838922, data=[Image(url=https://ark-content-generation-v2-cn-beijing.tos-cn-beijing.volces.com/doubao-seedream-4-0/021761838907911ebdc946f2be2eb9a87f08a675dc28385bd5fd2_0.jpeg?X-Tos-Algorithm=TOS4-HMAC-SHA256&X-Tos-Credential=AKLTYWJkZTExNjA1ZDUyNDc3YzhjNTM5OGIyNjBhNDcyOTQ%2F20251030%2Fcn-beijing%2Ftos%2Frequest&X-Tos-Date=20251030T154202Z&X-Tos-Expires=86400&X-Tos-Signature=6cf3823eb311be8addfa0f03b3fe3e8d7de81bcdc2548bb687363add7d066174&X-Tos-SignedHeaders=host&x-tos-process=image%2Fwatermark%2Cimage_YXNzZXRzL3dhdGVybWFyay5wbmc_eC10b3MtcHJvY2Vzcz1pbWFnZS9yZXNpemUsUF83, size=6240x2656)], generatedImages=1)), costTime=15324)
2025-10-30 23:42:48.877 [http-nio-8080-exec-3] INFO  com.sau.controller.LoginController - 退出登录成功
2025-10-30 23:45:24.719 [SpringApplicationShutdownHook] INFO  o.s.b.w.e.tomcat.GracefulShutdown - Commencing graceful shutdown. Waiting for active requests to complete
2025-10-30 23:45:24.750 [tomcat-shutdown] INFO  o.s.b.w.e.tomcat.GracefulShutdown - Graceful shutdown complete
2025-10-30 23:45:24.766 [SpringApplicationShutdownHook] INFO  com.zaxxer.hikari.HikariDataSource - HikariPool-1 - Shutdown initiated...
2025-10-30 23:45:24.769 [SpringApplicationShutdownHook] INFO  com.zaxxer.hikari.HikariDataSource - HikariPool-1 - Shutdown completed.
